 2022-07-15 08:41:32 | 执行耗时 15 ms 
 SQL 语句：select 1;

 2022-07-15 08:41:32 | 执行耗时 1 ms 
 SQL 语句：select 1;

 2022-07-15 08:41:32 | 执行耗时 0 ms 
 SQL 语句：select 1;

 2022-07-15 08:41:38 | 执行耗时 23 ms 
 SQL 语句：SELECT COUNT(*) FROM sys_role WHERE (status LIKE '%1%');

 2022-07-15 08:41:38 | 执行耗时 2 ms 
 SQL 语句：SELECT id,name,code,remark,created,updated,status FROM sys_role WHERE (status LIKE '%1%') LIMIT 2;

 2022-07-15 08:41:38 | 执行耗时 9 ms 
 SQL 语句：select count(id) 'total', cast(sum(report_status) as unsigned) 'report', cast(sum(audit_status) as unsigned) 'graduation', cast(sum(owe_status) as unsigned) 'owe', cast(sum(book_status) as unsigned) 'book', cast(sum(archives_status) as unsigned) 'archive', cast(sum(dormitory_status) as unsigned) 'dormitory', cast(sum(diploma_status) as unsigned) 'diploma' from levelSchool.tb_student;;

 2022-07-15 08:41:38 | 执行耗时 1 ms 
 SQL 语句：select cast(sum(report_note_status) as unsigned) 'report', cast(sum(audit_note_status) as unsigned) 'graduation', cast(sum(owe_note_status) as unsigned) 'owe', cast(sum(book_note_status) as unsigned) 'book', cast(sum(archives_note_status) as unsigned) 'archive', cast(sum(dormitory_note_status) as unsigned) 'dormitory', cast(sum(diploma_note_status) as unsigned) 'diploma' from levelSchool.tb_student;;

 2022-07-15 08:41:38 | 执行耗时 3 ms 
 SQL 语句：SELECT COUNT(*) FROM sys_user WHERE (status LIKE '%1%');

 2022-07-15 08:41:38 | 执行耗时 1 ms 
 SQL 语句：SELECT id,username,password,avatar,email,city,created,updated,last_login,status FROM sys_user WHERE (status LIKE '%1%') LIMIT 2;

 2022-07-15 08:41:39 | 执行耗时 6 ms 
 SQL 语句：SELECT id,parent_id,name,path,perms,component,type,icon,orderNum,created,updated,status FROM sys_menu WHERE (id IN (3,6,7,8,9));

 2022-07-15 08:41:39 | 执行耗时 4 ms 
 SQL 语句：select id, student_id, student_name, student_class from levelSchool.tb_student where tb_student.student_id like concat('张','%') union all select id, student_id, student_name, student_class from levelSchool.tb_student where tb_student.student_name like concat('张','%');

 2022-07-15 08:41:39 | 执行耗时 1 ms 
 SQL 语句：select id from levelSchool.tb_student where student_id = '163001';

 2022-07-15 08:41:39 | 执行耗时 1 ms 
 SQL 语句：select count(id) 'total', cast(sum(report_status) as unsigned) 'report', cast(sum(audit_status) as unsigned) 'graduation', cast(sum(owe_status) as unsigned) 'owe', cast(sum(book_status) as unsigned) 'book', cast(sum(archives_status) as unsigned) 'archive', cast(sum(dormitory_status) as unsigned) 'dormitory', cast(sum(diploma_status) as unsigned) 'diploma' from levelSchool.tb_student;;

 2022-07-15 08:41:39 | 执行耗时 1 ms 
 SQL 语句：select cast(sum(report_note_status) as unsigned) 'report', cast(sum(audit_note_status) as unsigned) 'graduation', cast(sum(owe_note_status) as unsigned) 'owe', cast(sum(book_note_status) as unsigned) 'book', cast(sum(archives_note_status) as unsigned) 'archive', cast(sum(dormitory_note_status) as unsigned) 'dormitory', cast(sum(diploma_note_status) as unsigned) 'diploma' from levelSchool.tb_student;;

 2022-07-15 08:41:39 | 执行耗时 3 ms 
 SQL 语句：SELECT id,title,content,address,status,type,start_time,end_time,phone,note,img,base_img_path FROM tb_process;

 2022-07-15 08:41:39 | 执行耗时 1 ms 
 SQL 语句：SELECT id,title,content,address,status,type,start_time,end_time,phone,note,img,base_img_path FROM tb_process;

 2022-07-15 08:41:39 | 执行耗时 1 ms 
 SQL 语句：SELECT id,student_id,student_name,student_dep,student_pre,student_class,student_status FROM tb_student;

 2022-07-15 08:41:39 | 执行耗时 2 ms 
 SQL 语句：SELECT id,parent_id,name,path,perms,component,type,status FROM sys_menu;

 2022-07-15 08:41:39 | 执行耗时 1 ms 
 SQL 语句：SELECT id,username,password,avatar,email,city,created,updated,last_login,status FROM sys_user;

 2022-07-15 08:41:39 | 执行耗时 1 ms 
 SQL 语句：SELECT id,name,code,remark,created,updated,status FROM sys_role;

 2022-07-15 08:43:04 | 执行耗时 11 ms 
 SQL 语句：select 1;

 2022-07-15 08:43:04 | 执行耗时 0 ms 
 SQL 语句：select 1;

 2022-07-15 08:43:04 | 执行耗时 0 ms 
 SQL 语句：select 1;

 2022-07-15 08:43:07 | 执行耗时 1 ms 
 SQL 语句：SELECT COUNT(*) FROM sys_role WHERE (status LIKE '%1%');

 2022-07-15 08:43:07 | 执行耗时 1 ms 
 SQL 语句：SELECT id,name,code,remark,created,updated,status FROM sys_role WHERE (status LIKE '%1%') LIMIT 2;

 2022-07-15 08:43:07 | 执行耗时 1 ms 
 SQL 语句：select count(id) 'total', cast(sum(report_status) as unsigned) 'report', cast(sum(audit_status) as unsigned) 'graduation', cast(sum(owe_status) as unsigned) 'owe', cast(sum(book_status) as unsigned) 'book', cast(sum(archives_status) as unsigned) 'archive', cast(sum(dormitory_status) as unsigned) 'dormitory', cast(sum(diploma_status) as unsigned) 'diploma' from levelSchool.tb_student;;

 2022-07-15 08:43:07 | 执行耗时 1 ms 
 SQL 语句：select cast(sum(report_note_status) as unsigned) 'report', cast(sum(audit_note_status) as unsigned) 'graduation', cast(sum(owe_note_status) as unsigned) 'owe', cast(sum(book_note_status) as unsigned) 'book', cast(sum(archives_note_status) as unsigned) 'archive', cast(sum(dormitory_note_status) as unsigned) 'dormitory', cast(sum(diploma_note_status) as unsigned) 'diploma' from levelSchool.tb_student;;

 2022-07-15 08:43:07 | 执行耗时 1 ms 
 SQL 语句：SELECT COUNT(*) FROM sys_user WHERE (status LIKE '%1%');

 2022-07-15 08:43:07 | 执行耗时 1 ms 
 SQL 语句：SELECT id,username,password,avatar,email,city,created,updated,last_login,status FROM sys_user WHERE (status LIKE '%1%') LIMIT 2;

 2022-07-15 08:43:08 | 执行耗时 1 ms 
 SQL 语句：SELECT id,parent_id,name,path,perms,component,type,icon,orderNum,created,updated,status FROM sys_menu WHERE (id IN (3,6,7,8,9));

 2022-07-15 08:43:08 | 执行耗时 1 ms 
 SQL 语句：select id, student_id, student_name, student_class from levelSchool.tb_student where tb_student.student_id like concat('张','%') union all select id, student_id, student_name, student_class from levelSchool.tb_student where tb_student.student_name like concat('张','%');

 2022-07-15 08:43:08 | 执行耗时 0 ms 
 SQL 语句：select id from levelSchool.tb_student where student_id = '163001';

 2022-07-15 08:43:08 | 执行耗时 1 ms 
 SQL 语句：select count(id) 'total', cast(sum(report_status) as unsigned) 'report', cast(sum(audit_status) as unsigned) 'graduation', cast(sum(owe_status) as unsigned) 'owe', cast(sum(book_status) as unsigned) 'book', cast(sum(archives_status) as unsigned) 'archive', cast(sum(dormitory_status) as unsigned) 'dormitory', cast(sum(diploma_status) as unsigned) 'diploma' from levelSchool.tb_student;;

 2022-07-15 08:43:08 | 执行耗时 1 ms 
 SQL 语句：select cast(sum(report_note_status) as unsigned) 'report', cast(sum(audit_note_status) as unsigned) 'graduation', cast(sum(owe_note_status) as unsigned) 'owe', cast(sum(book_note_status) as unsigned) 'book', cast(sum(archives_note_status) as unsigned) 'archive', cast(sum(dormitory_note_status) as unsigned) 'dormitory', cast(sum(diploma_note_status) as unsigned) 'diploma' from levelSchool.tb_student;;

 2022-07-15 08:43:08 | 执行耗时 1 ms 
 SQL 语句：SELECT id,title,content,address,status,type,start_time,end_time,phone,note,img,base_img_path FROM tb_process;

 2022-07-15 08:43:08 | 执行耗时 1 ms 
 SQL 语句：SELECT id,title,content,address,status,type,start_time,end_time,phone,note,img,base_img_path FROM tb_process;

 2022-07-15 08:43:08 | 执行耗时 1 ms 
 SQL 语句：SELECT id,student_id,student_name,student_dep,student_pre,student_class,student_status FROM tb_student;

 2022-07-15 08:43:08 | 执行耗时 1 ms 
 SQL 语句：SELECT id,parent_id,name,path,perms,component,type,status FROM sys_menu;

 2022-07-15 08:43:08 | 执行耗时 1 ms 
 SQL 语句：SELECT id,username,password,avatar,email,city,created,updated,last_login,status FROM sys_user;

 2022-07-15 08:43:08 | 执行耗时 1 ms 
 SQL 语句：SELECT id,name,code,remark,created,updated,status FROM sys_role;

 2022-07-15 08:46:18 | 执行耗时 9 ms 
 SQL 语句：select 1;

 2022-07-15 08:46:18 | 执行耗时 0 ms 
 SQL 语句：select 1;

 2022-07-15 08:46:18 | 执行耗时 0 ms 
 SQL 语句：select 1;

 2022-07-15 08:46:20 | 执行耗时 1 ms 
 SQL 语句：SELECT COUNT(*) FROM sys_role WHERE (status LIKE '%1%');

 2022-07-15 08:46:20 | 执行耗时 1 ms 
 SQL 语句：SELECT id,name,code,remark,created,updated,status FROM sys_role WHERE (status LIKE '%1%') LIMIT 2;

 2022-07-15 08:46:20 | 执行耗时 1 ms 
 SQL 语句：select count(id) 'total', cast(sum(report_status) as unsigned) 'report', cast(sum(audit_status) as unsigned) 'graduation', cast(sum(owe_status) as unsigned) 'owe', cast(sum(book_status) as unsigned) 'book', cast(sum(archives_status) as unsigned) 'archive', cast(sum(dormitory_status) as unsigned) 'dormitory', cast(sum(diploma_status) as unsigned) 'diploma' from levelSchool.tb_student;;

 2022-07-15 08:46:20 | 执行耗时 1 ms 
 SQL 语句：select cast(sum(report_note_status) as unsigned) 'report', cast(sum(audit_note_status) as unsigned) 'graduation', cast(sum(owe_note_status) as unsigned) 'owe', cast(sum(book_note_status) as unsigned) 'book', cast(sum(archives_note_status) as unsigned) 'archive', cast(sum(dormitory_note_status) as unsigned) 'dormitory', cast(sum(diploma_note_status) as unsigned) 'diploma' from levelSchool.tb_student;;

 2022-07-15 08:46:20 | 执行耗时 0 ms 
 SQL 语句：SELECT COUNT(*) FROM sys_user WHERE (status LIKE '%1%');

 2022-07-15 08:46:20 | 执行耗时 1 ms 
 SQL 语句：SELECT id,username,password,avatar,email,city,created,updated,last_login,status FROM sys_user WHERE (status LIKE '%1%') LIMIT 2;

 2022-07-15 08:46:21 | 执行耗时 1 ms 
 SQL 语句：SELECT id,parent_id,name,path,perms,component,type,icon,orderNum,created,updated,status FROM sys_menu WHERE (id IN (3,6,7,8,9));

 2022-07-15 08:46:21 | 执行耗时 1 ms 
 SQL 语句：select id, student_id, student_name, student_class from levelSchool.tb_student where tb_student.student_id like concat('张','%') union all select id, student_id, student_name, student_class from levelSchool.tb_student where tb_student.student_name like concat('张','%');

 2022-07-15 08:46:21 | 执行耗时 0 ms 
 SQL 语句：select id from levelSchool.tb_student where student_id = '163001';

 2022-07-15 08:46:21 | 执行耗时 1 ms 
 SQL 语句：select count(id) 'total', cast(sum(report_status) as unsigned) 'report', cast(sum(audit_status) as unsigned) 'graduation', cast(sum(owe_status) as unsigned) 'owe', cast(sum(book_status) as unsigned) 'book', cast(sum(archives_status) as unsigned) 'archive', cast(sum(dormitory_status) as unsigned) 'dormitory', cast(sum(diploma_status) as unsigned) 'diploma' from levelSchool.tb_student;;

 2022-07-15 08:46:21 | 执行耗时 1 ms 
 SQL 语句：select cast(sum(report_note_status) as unsigned) 'report', cast(sum(audit_note_status) as unsigned) 'graduation', cast(sum(owe_note_status) as unsigned) 'owe', cast(sum(book_note_status) as unsigned) 'book', cast(sum(archives_note_status) as unsigned) 'archive', cast(sum(dormitory_note_status) as unsigned) 'dormitory', cast(sum(diploma_note_status) as unsigned) 'diploma' from levelSchool.tb_student;;

 2022-07-15 08:46:21 | 执行耗时 2 ms 
 SQL 语句：SELECT id,title,content,address,status,type,start_time,end_time,phone,note,img,base_img_path FROM tb_process;

 2022-07-15 08:46:21 | 执行耗时 1 ms 
 SQL 语句：SELECT id,title,content,address,status,type,start_time,end_time,phone,note,img,base_img_path FROM tb_process;

 2022-07-15 08:46:21 | 执行耗时 1 ms 
 SQL 语句：SELECT id,student_id,student_name,student_dep,student_pre,student_class,student_status FROM tb_student;

 2022-07-15 08:46:21 | 执行耗时 1 ms 
 SQL 语句：SELECT id,parent_id,name,path,perms,component,type,status FROM sys_menu;

 2022-07-15 08:46:21 | 执行耗时 1 ms 
 SQL 语句：SELECT id,username,password,avatar,email,city,created,updated,last_login,status FROM sys_user;

 2022-07-15 08:46:21 | 执行耗时 1 ms 
 SQL 语句：SELECT id,name,code,remark,created,updated,status FROM sys_role;

 2022-07-15 08:47:12 | 执行耗时 11 ms 
 SQL 语句：select 1;

 2022-07-15 08:47:13 | 执行耗时 0 ms 
 SQL 语句：select 1;

 2022-07-15 08:47:13 | 执行耗时 0 ms 
 SQL 语句：select 1;

 2022-07-15 08:47:15 | 执行耗时 1 ms 
 SQL 语句：SELECT COUNT(*) FROM sys_role WHERE (status LIKE '%1%');

 2022-07-15 08:47:15 | 执行耗时 1 ms 
 SQL 语句：SELECT id,name,code,remark,created,updated,status FROM sys_role WHERE (status LIKE '%1%') LIMIT 2;

 2022-07-15 08:47:15 | 执行耗时 1 ms 
 SQL 语句：select count(id) 'total', cast(sum(report_status) as unsigned) 'report', cast(sum(audit_status) as unsigned) 'graduation', cast(sum(owe_status) as unsigned) 'owe', cast(sum(book_status) as unsigned) 'book', cast(sum(archives_status) as unsigned) 'archive', cast(sum(dormitory_status) as unsigned) 'dormitory', cast(sum(diploma_status) as unsigned) 'diploma' from levelSchool.tb_student;;

 2022-07-15 08:47:15 | 执行耗时 1 ms 
 SQL 语句：select cast(sum(report_note_status) as unsigned) 'report', cast(sum(audit_note_status) as unsigned) 'graduation', cast(sum(owe_note_status) as unsigned) 'owe', cast(sum(book_note_status) as unsigned) 'book', cast(sum(archives_note_status) as unsigned) 'archive', cast(sum(dormitory_note_status) as unsigned) 'dormitory', cast(sum(diploma_note_status) as unsigned) 'diploma' from levelSchool.tb_student;;

 2022-07-15 08:47:15 | 执行耗时 1 ms 
 SQL 语句：SELECT COUNT(*) FROM sys_user WHERE (status LIKE '%1%');

 2022-07-15 08:47:15 | 执行耗时 1 ms 
 SQL 语句：SELECT id,username,password,avatar,email,city,created,updated,last_login,status FROM sys_user WHERE (status LIKE '%1%') LIMIT 2;

 2022-07-15 08:47:15 | 执行耗时 1 ms 
 SQL 语句：SELECT id,parent_id,name,path,perms,component,type,icon,orderNum,created,updated,status FROM sys_menu WHERE (id IN (3,6,7,8,9));

 2022-07-15 08:47:15 | 执行耗时 1 ms 
 SQL 语句：select id, student_id, student_name, student_class from levelSchool.tb_student where tb_student.student_id like concat('张','%') union all select id, student_id, student_name, student_class from levelSchool.tb_student where tb_student.student_name like concat('张','%');

 2022-07-15 08:47:15 | 执行耗时 0 ms 
 SQL 语句：select id from levelSchool.tb_student where student_id = '163001';

 2022-07-15 08:47:15 | 执行耗时 1 ms 
 SQL 语句：select count(id) 'total', cast(sum(report_status) as unsigned) 'report', cast(sum(audit_status) as unsigned) 'graduation', cast(sum(owe_status) as unsigned) 'owe', cast(sum(book_status) as unsigned) 'book', cast(sum(archives_status) as unsigned) 'archive', cast(sum(dormitory_status) as unsigned) 'dormitory', cast(sum(diploma_status) as unsigned) 'diploma' from levelSchool.tb_student;;

 2022-07-15 08:47:15 | 执行耗时 1 ms 
 SQL 语句：select cast(sum(report_note_status) as unsigned) 'report', cast(sum(audit_note_status) as unsigned) 'graduation', cast(sum(owe_note_status) as unsigned) 'owe', cast(sum(book_note_status) as unsigned) 'book', cast(sum(archives_note_status) as unsigned) 'archive', cast(sum(dormitory_note_status) as unsigned) 'dormitory', cast(sum(diploma_note_status) as unsigned) 'diploma' from levelSchool.tb_student;;

 2022-07-15 08:47:15 | 执行耗时 1 ms 
 SQL 语句：SELECT id,title,content,address,status,type,start_time,end_time,phone,note,img,base_img_path FROM tb_process;

 2022-07-15 08:47:15 | 执行耗时 1 ms 
 SQL 语句：SELECT id,title,content,address,status,type,start_time,end_time,phone,note,img,base_img_path FROM tb_process;

 2022-07-15 08:47:15 | 执行耗时 1 ms 
 SQL 语句：SELECT id,student_id,student_name,student_dep,student_pre,student_class,student_status FROM tb_student;

 2022-07-15 08:47:15 | 执行耗时 1 ms 
 SQL 语句：SELECT id,parent_id,name,path,perms,component,type,status FROM sys_menu;

 2022-07-15 08:47:15 | 执行耗时 1 ms 
 SQL 语句：SELECT id,username,password,avatar,email,city,created,updated,last_login,status FROM sys_user;

 2022-07-15 08:47:15 | 执行耗时 1 ms 
 SQL 语句：SELECT id,name,code,remark,created,updated,status FROM sys_role;

 2022-07-15 09:31:59 | 执行耗时 7 ms 
 SQL 语句：select 1;

 2022-07-15 09:31:59 | 执行耗时 0 ms 
 SQL 语句：select 1;

 2022-07-15 09:31:59 | 执行耗时 0 ms 
 SQL 语句：select 1;

 2022-07-15 09:35:40 | 执行耗时 2 ms 
 SQL 语句：SELECT id,username,password,avatar,email,city,created,updated,last_login,status FROM sys_user WHERE (username = 'admin');

 2022-07-15 09:35:40 | 执行耗时 7 ms 
 SQL 语句：select * from levelSchool.sys_role where id in (select role_id from levelSchool.sys_user_role where user_id=1);

 2022-07-15 09:35:40 | 执行耗时 6 ms 
 SQL 语句：SELECT DISTINCT sm.perms FROM levelSchool.sys_user_role ur left join levelSchool.sys_role_menu rm on ur.role_id = rm.role_id left JOIN levelSchool.sys_menu sm on rm.menu_id = sm.id where sm.perms is not null and ur.user_id=1;

 2022-07-15 09:35:40 | 执行耗时 1 ms 
 SQL 语句：select student_id, student_name, student_dep, student_pre, student_class, if(student_status = 1, '已完成', '未完成') as 'student_status' from levelSchool.tb_student;

 2022-07-15 09:43:03 | 执行耗时 1 ms 
 SQL 语句：SELECT id,username,password,avatar,email,city,created,updated,last_login,status FROM sys_user WHERE (username = 'admin');

 2022-07-15 09:43:03 | 执行耗时 1 ms 
 SQL 语句：select * from levelSchool.sys_role where id in (select role_id from levelSchool.sys_user_role where user_id=1);

 2022-07-15 09:43:03 | 执行耗时 1 ms 
 SQL 语句：SELECT DISTINCT sm.perms FROM levelSchool.sys_user_role ur left join levelSchool.sys_role_menu rm on ur.role_id = rm.role_id left JOIN levelSchool.sys_menu sm on rm.menu_id = sm.id where sm.perms is not null and ur.user_id=1;

 2022-07-15 09:43:03 | 执行耗时 1 ms 
 SQL 语句：SELECT id,title,content,address,status,type,start_time,end_time,phone,note,img,base_img_path FROM tb_process;

 2022-07-15 09:44:14 | 执行耗时 6 ms 
 SQL 语句：select 1;

 2022-07-15 09:44:14 | 执行耗时 0 ms 
 SQL 语句：select 1;

 2022-07-15 09:44:14 | 执行耗时 0 ms 
 SQL 语句：select 1;

 2022-07-15 09:45:09 | 执行耗时 1 ms 
 SQL 语句：SELECT id,username,password,avatar,email,city,created,updated,last_login,status FROM sys_user WHERE (username = 'admin');

 2022-07-15 09:45:09 | 执行耗时 2 ms 
 SQL 语句：select * from levelSchool.sys_role where id in (select role_id from levelSchool.sys_user_role where user_id=1);

 2022-07-15 09:45:09 | 执行耗时 1 ms 
 SQL 语句：SELECT DISTINCT sm.perms FROM levelSchool.sys_user_role ur left join levelSchool.sys_role_menu rm on ur.role_id = rm.role_id left JOIN levelSchool.sys_menu sm on rm.menu_id = sm.id where sm.perms is not null and ur.user_id=1;

 2022-07-15 09:45:09 | 执行耗时 1 ms 
 SQL 语句：select student_id, student_name, student_dep, student_pre, student_class, if(student_status = 1, '已完成', '未完成') as 'student_status' from levelSchool.tb_student;

 2022-07-15 09:46:08 | 执行耗时 6 ms 
 SQL 语句：select 1;

 2022-07-15 09:46:08 | 执行耗时 0 ms 
 SQL 语句：select 1;

 2022-07-15 09:46:08 | 执行耗时 0 ms 
 SQL 语句：select 1;

 2022-07-15 09:46:16 | 执行耗时 2 ms 
 SQL 语句：SELECT id,username,password,avatar,email,city,created,updated,last_login,status FROM sys_user WHERE (username = 'admin');

 2022-07-15 09:46:17 | 执行耗时 1 ms 
 SQL 语句：select * from levelSchool.sys_role where id in (select role_id from levelSchool.sys_user_role where user_id=1);

 2022-07-15 09:46:17 | 执行耗时 1 ms 
 SQL 语句：SELECT DISTINCT sm.perms FROM levelSchool.sys_user_role ur left join levelSchool.sys_role_menu rm on ur.role_id = rm.role_id left JOIN levelSchool.sys_menu sm on rm.menu_id = sm.id where sm.perms is not null and ur.user_id=1;

 2022-07-15 09:46:17 | 执行耗时 1 ms 
 SQL 语句：select student_id, student_name, student_dep, student_pre, student_class, if(student_status = 1, '已完成', '未完成') as 'student_status' from levelSchool.tb_student;

 2022-07-15 09:46:41 | 执行耗时 1 ms 
 SQL 语句：SELECT id,username,password,avatar,email,city,created,updated,last_login,status FROM sys_user WHERE (username = 'admin');

 2022-07-15 09:46:41 | 执行耗时 1 ms 
 SQL 语句：select * from levelSchool.sys_role where id in (select role_id from levelSchool.sys_user_role where user_id=1);

 2022-07-15 09:46:41 | 执行耗时 1 ms 
 SQL 语句：SELECT DISTINCT sm.perms FROM levelSchool.sys_user_role ur left join levelSchool.sys_role_menu rm on ur.role_id = rm.role_id left JOIN levelSchool.sys_menu sm on rm.menu_id = sm.id where sm.perms is not null and ur.user_id=1;

 2022-07-15 09:46:41 | 执行耗时 1 ms 
 SQL 语句：SELECT id,title,content,address,status,type,start_time,end_time,phone,note,img,base_img_path FROM tb_process;

 2022-07-15 09:47:59 | 执行耗时 1 ms 
 SQL 语句：SELECT id,username,password,avatar,email,city,created,updated,last_login,status FROM sys_user WHERE (username = 'admin');

 2022-07-15 09:47:59 | 执行耗时 1 ms 
 SQL 语句：select * from levelSchool.sys_role where id in (select role_id from levelSchool.sys_user_role where user_id=1);

 2022-07-15 09:47:59 | 执行耗时 1 ms 
 SQL 语句：SELECT DISTINCT sm.perms FROM levelSchool.sys_user_role ur left join levelSchool.sys_role_menu rm on ur.role_id = rm.role_id left JOIN levelSchool.sys_menu sm on rm.menu_id = sm.id where sm.perms is not null and ur.user_id=1;

 2022-07-15 09:47:59 | 执行耗时 1 ms 
 SQL 语句：SELECT id,parent_id,name,path,perms,component,type,status FROM sys_menu;

 2022-07-15 09:49:04 | 执行耗时 1 ms 
 SQL 语句：SELECT id,username,password,avatar,email,city,created,updated,last_login,status FROM sys_user WHERE (username = 'admin');

 2022-07-15 09:49:04 | 执行耗时 1 ms 
 SQL 语句：select * from levelSchool.sys_role where id in (select role_id from levelSchool.sys_user_role where user_id=1);

 2022-07-15 09:49:04 | 执行耗时 1 ms 
 SQL 语句：SELECT DISTINCT sm.perms FROM levelSchool.sys_user_role ur left join levelSchool.sys_role_menu rm on ur.role_id = rm.role_id left JOIN levelSchool.sys_menu sm on rm.menu_id = sm.id where sm.perms is not null and ur.user_id=1;

 2022-07-15 09:49:04 | 执行耗时 1 ms 
 SQL 语句：SELECT id,username,password,avatar,email,city,created,updated,last_login,status FROM sys_user;

 2022-07-15 09:55:07 | 执行耗时 0 ms 
 SQL 语句：SELECT id,username,password,avatar,email,city,created,updated,last_login,status FROM sys_user WHERE (username = 'admin');

 2022-07-15 09:55:07 | 执行耗时 0 ms 
 SQL 语句：select * from levelSchool.sys_role where id in (select role_id from levelSchool.sys_user_role where user_id=1);

 2022-07-15 09:55:07 | 执行耗时 0 ms 
 SQL 语句：SELECT DISTINCT sm.perms FROM levelSchool.sys_user_role ur left join levelSchool.sys_role_menu rm on ur.role_id = rm.role_id left JOIN levelSchool.sys_menu sm on rm.menu_id = sm.id where sm.perms is not null and ur.user_id=1;

 2022-07-15 09:55:07 | 执行耗时 1 ms 
 SQL 语句：SELECT id,name,code,remark,created,updated,status FROM sys_role;

 2022-07-15 09:55:27 | 执行耗时 1 ms 
 SQL 语句：SELECT id,username,password,avatar,email,city,created,updated,last_login,status FROM sys_user WHERE (username = 'admin');

 2022-07-15 09:55:27 | 执行耗时 1 ms 
 SQL 语句：select * from levelSchool.sys_role where id in (select role_id from levelSchool.sys_user_role where user_id=1);

 2022-07-15 09:55:27 | 执行耗时 1 ms 
 SQL 语句：SELECT DISTINCT sm.perms FROM levelSchool.sys_user_role ur left join levelSchool.sys_role_menu rm on ur.role_id = rm.role_id left JOIN levelSchool.sys_menu sm on rm.menu_id = sm.id where sm.perms is not null and ur.user_id=1;

 2022-07-15 09:55:27 | 执行耗时 0 ms 
 SQL 语句：select student_id, student_name, student_dep, student_pre, student_class, if(student_status = 1, '已完成', '未完成') as 'student_status' from levelSchool.tb_student;

 2022-07-15 10:10:57 | 执行耗时 0 ms 
 SQL 语句：select 1;

 2022-07-15 10:10:57 | 执行耗时 0 ms 
 SQL 语句：SELECT id,username,password,avatar,email,city,created,updated,last_login,status FROM sys_user WHERE (username = 'admin');

 2022-07-15 10:10:57 | 执行耗时 0 ms 
 SQL 语句：select * from levelSchool.sys_role where id in (select role_id from levelSchool.sys_user_role where user_id=1);

 2022-07-15 10:10:57 | 执行耗时 0 ms 
 SQL 语句：SELECT DISTINCT sm.perms FROM levelSchool.sys_user_role ur left join levelSchool.sys_role_menu rm on ur.role_id = rm.role_id left JOIN levelSchool.sys_menu sm on rm.menu_id = sm.id where sm.perms is not null and ur.user_id=1;

 2022-07-15 10:10:57 | 执行耗时 1 ms 
 SQL 语句：SELECT id,title,content,address,status,type,start_time,end_time,phone,note,img,base_img_path FROM tb_process;

 2022-07-15 10:11:10 | 执行耗时 0 ms 
 SQL 语句：SELECT id,username,password,avatar,email,city,created,updated,last_login,status FROM sys_user WHERE (username = 'admin');

 2022-07-15 10:11:10 | 执行耗时 2 ms 
 SQL 语句：select * from levelSchool.sys_role where id in (select role_id from levelSchool.sys_user_role where user_id=1);

 2022-07-15 10:11:10 | 执行耗时 1 ms 
 SQL 语句：SELECT DISTINCT sm.perms FROM levelSchool.sys_user_role ur left join levelSchool.sys_role_menu rm on ur.role_id = rm.role_id left JOIN levelSchool.sys_menu sm on rm.menu_id = sm.id where sm.perms is not null and ur.user_id=1;

 2022-07-15 10:11:10 | 执行耗时 1 ms 
 SQL 语句：SELECT id,parent_id,name,path,perms,component,type,status FROM sys_menu;

 2022-07-15 10:11:17 | 执行耗时 1 ms 
 SQL 语句：SELECT id,username,password,avatar,email,city,created,updated,last_login,status FROM sys_user WHERE (username = 'admin');

 2022-07-15 10:11:17 | 执行耗时 0 ms 
 SQL 语句：select * from levelSchool.sys_role where id in (select role_id from levelSchool.sys_user_role where user_id=1);

 2022-07-15 10:11:17 | 执行耗时 1 ms 
 SQL 语句：SELECT DISTINCT sm.perms FROM levelSchool.sys_user_role ur left join levelSchool.sys_role_menu rm on ur.role_id = rm.role_id left JOIN levelSchool.sys_menu sm on rm.menu_id = sm.id where sm.perms is not null and ur.user_id=1;

 2022-07-15 10:11:17 | 执行耗时 0 ms 
 SQL 语句：SELECT id,username,password,avatar,email,city,created,updated,last_login,status FROM sys_user;

 2022-07-15 10:11:26 | 执行耗时 0 ms 
 SQL 语句：SELECT id,username,password,avatar,email,city,created,updated,last_login,status FROM sys_user WHERE (username = 'admin');

 2022-07-15 10:11:26 | 执行耗时 0 ms 
 SQL 语句：select * from levelSchool.sys_role where id in (select role_id from levelSchool.sys_user_role where user_id=1);

 2022-07-15 10:11:26 | 执行耗时 0 ms 
 SQL 语句：SELECT DISTINCT sm.perms FROM levelSchool.sys_user_role ur left join levelSchool.sys_role_menu rm on ur.role_id = rm.role_id left JOIN levelSchool.sys_menu sm on rm.menu_id = sm.id where sm.perms is not null and ur.user_id=1;

 2022-07-15 10:11:26 | 执行耗时 0 ms 
 SQL 语句：SELECT id,name,code,remark,created,updated,status FROM sys_role;

 2022-07-15 10:23:01 | 执行耗时 0 ms 
 SQL 语句：select 1;

 2022-07-15 10:23:01 | 执行耗时 0 ms 
 SQL 语句：SELECT id,username,password,avatar,email,city,created,updated,last_login,status FROM sys_user WHERE (username = 'test');

 2022-07-15 10:23:01 | 执行耗时 0 ms 
 SQL 语句：select * from levelSchool.sys_role where id in (select role_id from levelSchool.sys_user_role where user_id=2);

 2022-07-15 10:23:01 | 执行耗时 1 ms 
 SQL 语句：SELECT DISTINCT sm.perms FROM levelSchool.sys_user_role ur left join levelSchool.sys_role_menu rm on ur.role_id = rm.role_id left JOIN levelSchool.sys_menu sm on rm.menu_id = sm.id where sm.perms is not null and ur.user_id=2;

 2022-07-15 11:37:38 | 执行耗时 6 ms 
 SQL 语句：select 1;

 2022-07-15 11:37:38 | 执行耗时 0 ms 
 SQL 语句：select 1;

 2022-07-15 11:37:38 | 执行耗时 0 ms 
 SQL 语句：select 1;

 2022-07-15 11:37:55 | 执行耗时 2 ms 
 SQL 语句：SELECT id,username,password,avatar,email,city,created,updated,last_login,status FROM sys_user WHERE (username = 'admin');

 2022-07-15 11:37:55 | 执行耗时 1 ms 
 SQL 语句：select * from levelSchool.sys_role where id in (select role_id from levelSchool.sys_user_role where user_id=1);

 2022-07-15 11:37:55 | 执行耗时 1 ms 
 SQL 语句：SELECT DISTINCT sm.perms FROM levelSchool.sys_user_role ur left join levelSchool.sys_role_menu rm on ur.role_id = rm.role_id left JOIN levelSchool.sys_menu sm on rm.menu_id = sm.id where sm.perms is not null and ur.user_id=1;

 2022-07-15 11:38:21 | 执行耗时 6 ms 
 SQL 语句：select 1;

 2022-07-15 11:38:21 | 执行耗时 0 ms 
 SQL 语句：select 1;

 2022-07-15 11:38:21 | 执行耗时 0 ms 
 SQL 语句：select 1;

 2022-07-15 11:38:39 | 执行耗时 1 ms 
 SQL 语句：SELECT id,username,password,avatar,email,city,created,updated,last_login,status FROM sys_user WHERE (username = 'admin');

 2022-07-15 11:38:39 | 执行耗时 2 ms 
 SQL 语句：select * from levelSchool.sys_role where id in (select role_id from levelSchool.sys_user_role where user_id=1);

 2022-07-15 11:38:39 | 执行耗时 1 ms 
 SQL 语句：SELECT DISTINCT sm.perms FROM levelSchool.sys_user_role ur left join levelSchool.sys_role_menu rm on ur.role_id = rm.role_id left JOIN levelSchool.sys_menu sm on rm.menu_id = sm.id where sm.perms is not null and ur.user_id=1;

 2022-07-15 11:39:47 | 执行耗时 7 ms 
 SQL 语句：select 1;

 2022-07-15 11:39:47 | 执行耗时 0 ms 
 SQL 语句：select 1;

 2022-07-15 11:39:47 | 执行耗时 0 ms 
 SQL 语句：select 1;

 2022-07-15 11:39:55 | 执行耗时 1 ms 
 SQL 语句：SELECT id,username,password,avatar,email,city,created,updated,last_login,status FROM sys_user WHERE (username = 'admin');

 2022-07-15 11:39:55 | 执行耗时 1 ms 
 SQL 语句：select * from levelSchool.sys_role where id in (select role_id from levelSchool.sys_user_role where user_id=1);

 2022-07-15 11:39:55 | 执行耗时 2 ms 
 SQL 语句：SELECT DISTINCT sm.perms FROM levelSchool.sys_user_role ur left join levelSchool.sys_role_menu rm on ur.role_id = rm.role_id left JOIN levelSchool.sys_menu sm on rm.menu_id = sm.id where sm.perms is not null and ur.user_id=1;

 2022-07-15 11:40:13 | 执行耗时 6 ms 
 SQL 语句：select 1;

 2022-07-15 11:40:13 | 执行耗时 0 ms 
 SQL 语句：select 1;

 2022-07-15 11:40:13 | 执行耗时 0 ms 
 SQL 语句：select 1;

 2022-07-15 11:40:20 | 执行耗时 2 ms 
 SQL 语句：SELECT id,username,password,avatar,email,city,created,updated,last_login,status FROM sys_user WHERE (username = 'admin');

 2022-07-15 11:40:21 | 执行耗时 1 ms 
 SQL 语句：select * from levelSchool.sys_role where id in (select role_id from levelSchool.sys_user_role where user_id=1);

 2022-07-15 11:40:21 | 执行耗时 2 ms 
 SQL 语句：SELECT DISTINCT sm.perms FROM levelSchool.sys_user_role ur left join levelSchool.sys_role_menu rm on ur.role_id = rm.role_id left JOIN levelSchool.sys_menu sm on rm.menu_id = sm.id where sm.perms is not null and ur.user_id=1;

 2022-07-15 11:41:11 | 执行耗时 6 ms 
 SQL 语句：select 1;

 2022-07-15 11:41:11 | 执行耗时 0 ms 
 SQL 语句：select 1;

 2022-07-15 11:41:11 | 执行耗时 0 ms 
 SQL 语句：select 1;

 2022-07-15 11:41:29 | 执行耗时 13 ms 
 SQL 语句：select 1;

 2022-07-15 11:41:29 | 执行耗时 0 ms 
 SQL 语句：select 1;

 2022-07-15 11:41:29 | 执行耗时 0 ms 
 SQL 语句：select 1;

 2022-07-15 11:41:32 | 执行耗时 8 ms 
 SQL 语句：SELECT COUNT(*) FROM sys_role WHERE (status LIKE '%1%');

 2022-07-15 11:41:32 | 执行耗时 1 ms 
 SQL 语句：SELECT id,name,code,remark,created,updated,status FROM sys_role WHERE (status LIKE '%1%') LIMIT 2;

 2022-07-15 11:41:32 | 执行耗时 7 ms 
 SQL 语句：select count(id) 'total', cast(sum(report_status) as unsigned) 'report', cast(sum(audit_status) as unsigned) 'graduation', cast(sum(owe_status) as unsigned) 'owe', cast(sum(book_status) as unsigned) 'book', cast(sum(archives_status) as unsigned) 'archive', cast(sum(dormitory_status) as unsigned) 'dormitory', cast(sum(diploma_status) as unsigned) 'diploma' from levelSchool.tb_student;;

 2022-07-15 11:41:32 | 执行耗时 1 ms 
 SQL 语句：select cast(sum(report_note_status) as unsigned) 'report', cast(sum(audit_note_status) as unsigned) 'graduation', cast(sum(owe_note_status) as unsigned) 'owe', cast(sum(book_note_status) as unsigned) 'book', cast(sum(archives_note_status) as unsigned) 'archive', cast(sum(dormitory_note_status) as unsigned) 'dormitory', cast(sum(diploma_note_status) as unsigned) 'diploma' from levelSchool.tb_student;;

 2022-07-15 11:41:32 | 执行耗时 1 ms 
 SQL 语句：SELECT COUNT(*) FROM sys_user WHERE (status LIKE '%1%');

 2022-07-15 11:41:32 | 执行耗时 1 ms 
 SQL 语句：SELECT id,username,password,avatar,email,city,created,updated,last_login,status FROM sys_user WHERE (status LIKE '%1%') LIMIT 2;

 2022-07-15 11:41:33 | 执行耗时 3 ms 
 SQL 语句：SELECT id,parent_id,name,path,perms,component,type,icon,orderNum,created,updated,status FROM sys_menu WHERE (id IN (3,6,7,8,9));

 2022-07-15 11:41:33 | 执行耗时 3 ms 
 SQL 语句：select id, student_id, student_name, student_class from levelSchool.tb_student where tb_student.student_id like concat('张','%') union all select id, student_id, student_name, student_class from levelSchool.tb_student where tb_student.student_name like concat('张','%');

 2022-07-15 11:41:33 | 执行耗时 1 ms 
 SQL 语句：select id from levelSchool.tb_student where student_id = '163001';

 2022-07-15 11:41:33 | 执行耗时 1 ms 
 SQL 语句：select count(id) 'total', cast(sum(report_status) as unsigned) 'report', cast(sum(audit_status) as unsigned) 'graduation', cast(sum(owe_status) as unsigned) 'owe', cast(sum(book_status) as unsigned) 'book', cast(sum(archives_status) as unsigned) 'archive', cast(sum(dormitory_status) as unsigned) 'dormitory', cast(sum(diploma_status) as unsigned) 'diploma' from levelSchool.tb_student;;

 2022-07-15 11:41:33 | 执行耗时 1 ms 
 SQL 语句：select cast(sum(report_note_status) as unsigned) 'report', cast(sum(audit_note_status) as unsigned) 'graduation', cast(sum(owe_note_status) as unsigned) 'owe', cast(sum(book_note_status) as unsigned) 'book', cast(sum(archives_note_status) as unsigned) 'archive', cast(sum(dormitory_note_status) as unsigned) 'dormitory', cast(sum(diploma_note_status) as unsigned) 'diploma' from levelSchool.tb_student;;

 2022-07-15 11:41:33 | 执行耗时 1 ms 
 SQL 语句：SELECT id,title,content,address,status,type,start_time,end_time,phone,note,img,base_img_path FROM tb_process;

 2022-07-15 11:41:33 | 执行耗时 1 ms 
 SQL 语句：SELECT id,title,content,address,status,type,start_time,end_time,phone,note,img,base_img_path FROM tb_process;

 2022-07-15 11:41:33 | 执行耗时 1 ms 
 SQL 语句：select student_id, student_name, student_dep, student_pre, student_class, if(student_status = 1, '已完成', '未完成') as 'student_status' from levelSchool.tb_student;

 2022-07-15 11:41:33 | 执行耗时 1 ms 
 SQL 语句：SELECT id,parent_id,name,path,perms,component,type,status FROM sys_menu;

 2022-07-15 11:41:33 | 执行耗时 1 ms 
 SQL 语句：SELECT id,username,password,avatar,email,city,created,updated,last_login,status FROM sys_user;

 2022-07-15 11:41:33 | 执行耗时 1 ms 
 SQL 语句：SELECT id,name,code,remark,created,updated,status FROM sys_role;

 2022-07-15 11:45:08 | 执行耗时 6 ms 
 SQL 语句：select 1;

 2022-07-15 11:45:08 | 执行耗时 0 ms 
 SQL 语句：select 1;

 2022-07-15 11:45:08 | 执行耗时 0 ms 
 SQL 语句：select 1;

 2022-07-15 11:45:48 | 执行耗时 0 ms 
 SQL 语句：select 1;

 2022-07-15 11:45:48 | 执行耗时 0 ms 
 SQL 语句：select 1;

 2022-07-15 11:45:48 | 执行耗时 0 ms 
 SQL 语句：select 1;

 2022-07-15 11:45:51 | 执行耗时 0 ms 
 SQL 语句：select 1;

 2022-07-15 11:45:51 | 执行耗时 0 ms 
 SQL 语句：select 1;

 2022-07-15 11:45:51 | 执行耗时 0 ms 
 SQL 语句：select 1;

 2022-07-15 11:45:53 | 执行耗时 10 ms 
 SQL 语句：select 1;

 2022-07-15 11:45:53 | 执行耗时 0 ms 
 SQL 语句：select 1;

 2022-07-15 11:45:53 | 执行耗时 0 ms 
 SQL 语句：select 1;

 2022-07-15 11:45:55 | 执行耗时 1 ms 
 SQL 语句：SELECT COUNT(*) FROM sys_role WHERE (status LIKE '%1%');

 2022-07-15 11:45:55 | 执行耗时 1 ms 
 SQL 语句：SELECT id,name,code,remark,created,updated,status FROM sys_role WHERE (status LIKE '%1%') LIMIT 2;

 2022-07-15 11:45:56 | 执行耗时 2 ms 
 SQL 语句：select count(id) 'total', cast(sum(report_status) as unsigned) 'report', cast(sum(audit_status) as unsigned) 'graduation', cast(sum(owe_status) as unsigned) 'owe', cast(sum(book_status) as unsigned) 'book', cast(sum(archives_status) as unsigned) 'archive', cast(sum(dormitory_status) as unsigned) 'dormitory', cast(sum(diploma_status) as unsigned) 'diploma' from levelSchool.tb_student;;

 2022-07-15 11:45:56 | 执行耗时 1 ms 
 SQL 语句：select cast(sum(report_note_status) as unsigned) 'report', cast(sum(audit_note_status) as unsigned) 'graduation', cast(sum(owe_note_status) as unsigned) 'owe', cast(sum(book_note_status) as unsigned) 'book', cast(sum(archives_note_status) as unsigned) 'archive', cast(sum(dormitory_note_status) as unsigned) 'dormitory', cast(sum(diploma_note_status) as unsigned) 'diploma' from levelSchool.tb_student;;

 2022-07-15 11:45:56 | 执行耗时 1 ms 
 SQL 语句：SELECT COUNT(*) FROM sys_user WHERE (status LIKE '%1%');

 2022-07-15 11:45:56 | 执行耗时 1 ms 
 SQL 语句：SELECT id,username,password,avatar,email,city,created,updated,last_login,status FROM sys_user WHERE (status LIKE '%1%') LIMIT 2;

 2022-07-15 11:45:56 | 执行耗时 2 ms 
 SQL 语句：SELECT id,parent_id,name,path,perms,component,type,icon,orderNum,created,updated,status FROM sys_menu WHERE (id IN (3,6,7,8,9));

 2022-07-15 11:45:56 | 执行耗时 2 ms 
 SQL 语句：select id, student_id, student_name, student_class from levelSchool.tb_student where tb_student.student_id like concat('张','%') union all select id, student_id, student_name, student_class from levelSchool.tb_student where tb_student.student_name like concat('张','%');

 2022-07-15 11:45:56 | 执行耗时 1 ms 
 SQL 语句：select id from levelSchool.tb_student where student_id = '163001';

 2022-07-15 11:45:56 | 执行耗时 2 ms 
 SQL 语句：select count(id) 'total', cast(sum(report_status) as unsigned) 'report', cast(sum(audit_status) as unsigned) 'graduation', cast(sum(owe_status) as unsigned) 'owe', cast(sum(book_status) as unsigned) 'book', cast(sum(archives_status) as unsigned) 'archive', cast(sum(dormitory_status) as unsigned) 'dormitory', cast(sum(diploma_status) as unsigned) 'diploma' from levelSchool.tb_student;;

 2022-07-15 11:45:56 | 执行耗时 1 ms 
 SQL 语句：select cast(sum(report_note_status) as unsigned) 'report', cast(sum(audit_note_status) as unsigned) 'graduation', cast(sum(owe_note_status) as unsigned) 'owe', cast(sum(book_note_status) as unsigned) 'book', cast(sum(archives_note_status) as unsigned) 'archive', cast(sum(dormitory_note_status) as unsigned) 'dormitory', cast(sum(diploma_note_status) as unsigned) 'diploma' from levelSchool.tb_student;;

 2022-07-15 11:45:56 | 执行耗时 1 ms 
 SQL 语句：SELECT id,title,content,address,status,type,start_time,end_time,phone,note,img,base_img_path FROM tb_process;

 2022-07-15 11:45:56 | 执行耗时 1 ms 
 SQL 语句：SELECT id,title,content,address,status,type,start_time,end_time,phone,note,img,base_img_path FROM tb_process;

 2022-07-15 11:45:56 | 执行耗时 1 ms 
 SQL 语句：select student_id, student_name, student_dep, student_pre, student_class, if(student_status = 1, '已完成', '未完成') as 'student_status' from levelSchool.tb_student;

 2022-07-15 11:45:56 | 执行耗时 1 ms 
 SQL 语句：SELECT id,parent_id,name,path,perms,component,type,status FROM sys_menu;

 2022-07-15 11:45:56 | 执行耗时 1 ms 
 SQL 语句：SELECT id,username,password,avatar,email,city,created,updated,last_login,status FROM sys_user;

 2022-07-15 11:45:56 | 执行耗时 1 ms 
 SQL 语句：SELECT id,name,code,remark,created,updated,status FROM sys_role;

 2022-07-15 13:11:16 | 执行耗时 12 ms 
 SQL 语句：select 1;

 2022-07-15 13:11:16 | 执行耗时 0 ms 
 SQL 语句：select 1;

 2022-07-15 13:11:16 | 执行耗时 0 ms 
 SQL 语句：select 1;

 2022-07-15 13:11:19 | 执行耗时 1 ms 
 SQL 语句：SELECT COUNT(*) FROM sys_role WHERE (status LIKE '%1%');

 2022-07-15 13:11:19 | 执行耗时 1 ms 
 SQL 语句：SELECT id,name,code,remark,created,updated,status FROM sys_role WHERE (status LIKE '%1%') LIMIT 2;

 2022-07-15 13:11:19 | 执行耗时 1 ms 
 SQL 语句：select count(id) 'total', cast(sum(report_status) as unsigned) 'report', cast(sum(audit_status) as unsigned) 'graduation', cast(sum(owe_status) as unsigned) 'owe', cast(sum(book_status) as unsigned) 'book', cast(sum(archives_status) as unsigned) 'archive', cast(sum(dormitory_status) as unsigned) 'dormitory', cast(sum(diploma_status) as unsigned) 'diploma' from levelSchool.tb_student;;

 2022-07-15 13:11:19 | 执行耗时 1 ms 
 SQL 语句：select cast(sum(report_note_status) as unsigned) 'report', cast(sum(audit_note_status) as unsigned) 'graduation', cast(sum(owe_note_status) as unsigned) 'owe', cast(sum(book_note_status) as unsigned) 'book', cast(sum(archives_note_status) as unsigned) 'archive', cast(sum(dormitory_note_status) as unsigned) 'dormitory', cast(sum(diploma_note_status) as unsigned) 'diploma' from levelSchool.tb_student;;

 2022-07-15 13:11:19 | 执行耗时 0 ms 
 SQL 语句：SELECT COUNT(*) FROM sys_user WHERE (status LIKE '%1%');

 2022-07-15 13:11:19 | 执行耗时 1 ms 
 SQL 语句：SELECT id,username,password,avatar,email,city,created,updated,last_login,status FROM sys_user WHERE (status LIKE '%1%') LIMIT 2;

 2022-07-15 13:11:19 | 执行耗时 1 ms 
 SQL 语句：SELECT id,parent_id,name,path,perms,component,type,icon,orderNum,created,updated,status FROM sys_menu WHERE (id IN (3,6,7,8,9));

 2022-07-15 13:11:19 | 执行耗时 1 ms 
 SQL 语句：select id, student_id, student_name, student_class from levelSchool.tb_student where tb_student.student_id like concat('张','%') union all select id, student_id, student_name, student_class from levelSchool.tb_student where tb_student.student_name like concat('张','%');

 2022-07-15 13:11:19 | 执行耗时 0 ms 
 SQL 语句：select id from levelSchool.tb_student where student_id = '163001';

 2022-07-15 13:11:19 | 执行耗时 1 ms 
 SQL 语句：select count(id) 'total', cast(sum(report_status) as unsigned) 'report', cast(sum(audit_status) as unsigned) 'graduation', cast(sum(owe_status) as unsigned) 'owe', cast(sum(book_status) as unsigned) 'book', cast(sum(archives_status) as unsigned) 'archive', cast(sum(dormitory_status) as unsigned) 'dormitory', cast(sum(diploma_status) as unsigned) 'diploma' from levelSchool.tb_student;;

 2022-07-15 13:11:19 | 执行耗时 1 ms 
 SQL 语句：select cast(sum(report_note_status) as unsigned) 'report', cast(sum(audit_note_status) as unsigned) 'graduation', cast(sum(owe_note_status) as unsigned) 'owe', cast(sum(book_note_status) as unsigned) 'book', cast(sum(archives_note_status) as unsigned) 'archive', cast(sum(dormitory_note_status) as unsigned) 'dormitory', cast(sum(diploma_note_status) as unsigned) 'diploma' from levelSchool.tb_student;;

 2022-07-15 13:11:19 | 执行耗时 1 ms 
 SQL 语句：SELECT id,title,content,address,status,type,start_time,end_time,phone,note,img,base_img_path FROM tb_process;

 2022-07-15 13:11:19 | 执行耗时 1 ms 
 SQL 语句：SELECT id,title,content,address,status,type,start_time,end_time,phone,note,img,base_img_path FROM tb_process;

 2022-07-15 13:11:19 | 执行耗时 1 ms 
 SQL 语句：select student_id, student_name, student_dep, student_pre, student_class, if(student_status = 1, '已完成', '未完成') as 'student_status' from levelSchool.tb_student;

 2022-07-15 13:11:19 | 执行耗时 1 ms 
 SQL 语句：SELECT id,parent_id,name,path,perms,component,type,status FROM sys_menu;

 2022-07-15 13:11:19 | 执行耗时 1 ms 
 SQL 语句：SELECT id,username,password,avatar,email,city,created,updated,last_login,status FROM sys_user;

 2022-07-15 13:11:19 | 执行耗时 0 ms 
 SQL 语句：SELECT id,name,code,remark,created,updated,status FROM sys_role;

 2022-07-15 13:18:29 | 执行耗时 10 ms 
 SQL 语句：select 1;

 2022-07-15 13:18:29 | 执行耗时 0 ms 
 SQL 语句：select 1;

 2022-07-15 13:18:29 | 执行耗时 0 ms 
 SQL 语句：select 1;

 2022-07-15 13:18:31 | 执行耗时 1 ms 
 SQL 语句：SELECT COUNT(*) FROM sys_role WHERE (status LIKE '%1%');

 2022-07-15 13:18:31 | 执行耗时 1 ms 
 SQL 语句：SELECT id,name,code,remark,created,updated,status FROM sys_role WHERE (status LIKE '%1%') LIMIT 2;

 2022-07-15 13:18:31 | 执行耗时 1 ms 
 SQL 语句：select count(id) 'total', cast(sum(report_status) as unsigned) 'report', cast(sum(audit_status) as unsigned) 'graduation', cast(sum(owe_status) as unsigned) 'owe', cast(sum(book_status) as unsigned) 'book', cast(sum(archives_status) as unsigned) 'archive', cast(sum(dormitory_status) as unsigned) 'dormitory', cast(sum(diploma_status) as unsigned) 'diploma' from levelSchool.tb_student;;

 2022-07-15 13:18:31 | 执行耗时 0 ms 
 SQL 语句：select cast(sum(report_note_status) as unsigned) 'report', cast(sum(audit_note_status) as unsigned) 'graduation', cast(sum(owe_note_status) as unsigned) 'owe', cast(sum(book_note_status) as unsigned) 'book', cast(sum(archives_note_status) as unsigned) 'archive', cast(sum(dormitory_note_status) as unsigned) 'dormitory', cast(sum(diploma_note_status) as unsigned) 'diploma' from levelSchool.tb_student;;

 2022-07-15 13:18:31 | 执行耗时 0 ms 
 SQL 语句：SELECT COUNT(*) FROM sys_user WHERE (status LIKE '%1%');

 2022-07-15 13:18:31 | 执行耗时 0 ms 
 SQL 语句：SELECT id,username,password,avatar,email,city,created,updated,last_login,status FROM sys_user WHERE (status LIKE '%1%') LIMIT 2;

 2022-07-15 13:18:31 | 执行耗时 1 ms 
 SQL 语句：SELECT id,parent_id,name,path,perms,component,type,icon,orderNum,created,updated,status FROM sys_menu WHERE (id IN (3,6,7,8,9));

 2022-07-15 13:18:31 | 执行耗时 1 ms 
 SQL 语句：select id, student_id, student_name, student_class from levelSchool.tb_student where tb_student.student_id like concat('张','%') union all select id, student_id, student_name, student_class from levelSchool.tb_student where tb_student.student_name like concat('张','%');

 2022-07-15 13:18:31 | 执行耗时 0 ms 
 SQL 语句：select id from levelSchool.tb_student where student_id = '163001';

 2022-07-15 13:18:31 | 执行耗时 0 ms 
 SQL 语句：select count(id) 'total', cast(sum(report_status) as unsigned) 'report', cast(sum(audit_status) as unsigned) 'graduation', cast(sum(owe_status) as unsigned) 'owe', cast(sum(book_status) as unsigned) 'book', cast(sum(archives_status) as unsigned) 'archive', cast(sum(dormitory_status) as unsigned) 'dormitory', cast(sum(diploma_status) as unsigned) 'diploma' from levelSchool.tb_student;;

 2022-07-15 13:18:31 | 执行耗时 1 ms 
 SQL 语句：select cast(sum(report_note_status) as unsigned) 'report', cast(sum(audit_note_status) as unsigned) 'graduation', cast(sum(owe_note_status) as unsigned) 'owe', cast(sum(book_note_status) as unsigned) 'book', cast(sum(archives_note_status) as unsigned) 'archive', cast(sum(dormitory_note_status) as unsigned) 'dormitory', cast(sum(diploma_note_status) as unsigned) 'diploma' from levelSchool.tb_student;;

 2022-07-15 13:18:31 | 执行耗时 1 ms 
 SQL 语句：SELECT id,title,content,address,status,type,start_time,end_time,phone,note,img,base_img_path FROM tb_process;

 2022-07-15 13:18:31 | 执行耗时 1 ms 
 SQL 语句：SELECT id,title,content,address,status,type,start_time,end_time,phone,note,img,base_img_path FROM tb_process;

 2022-07-15 13:18:31 | 执行耗时 1 ms 
 SQL 语句：select student_id, student_name, student_dep, student_pre, student_class, if(student_status = 1, '已完成', '未完成') as 'student_status' from levelSchool.tb_student;

 2022-07-15 13:18:31 | 执行耗时 0 ms 
 SQL 语句：SELECT id,parent_id,name,path,perms,component,type,status FROM sys_menu;

 2022-07-15 13:18:31 | 执行耗时 0 ms 
 SQL 语句：SELECT id,username,password,avatar,email,city,created,updated,last_login,status FROM sys_user;

 2022-07-15 13:18:31 | 执行耗时 0 ms 
 SQL 语句：SELECT id,name,code,remark,created,updated,status FROM sys_role;

 2022-07-15 13:20:49 | 执行耗时 11 ms 
 SQL 语句：select 1;

 2022-07-15 13:20:49 | 执行耗时 0 ms 
 SQL 语句：select 1;

 2022-07-15 13:20:49 | 执行耗时 0 ms 
 SQL 语句：select 1;

 2022-07-15 13:20:51 | 执行耗时 1 ms 
 SQL 语句：SELECT COUNT(*) FROM sys_role WHERE (status LIKE '%1%');

 2022-07-15 13:20:51 | 执行耗时 1 ms 
 SQL 语句：SELECT id,name,code,remark,created,updated,status FROM sys_role WHERE (status LIKE '%1%') LIMIT 2;

 2022-07-15 13:20:51 | 执行耗时 1 ms 
 SQL 语句：select count(id) 'total', cast(sum(report_status) as unsigned) 'report', cast(sum(audit_status) as unsigned) 'graduation', cast(sum(owe_status) as unsigned) 'owe', cast(sum(book_status) as unsigned) 'book', cast(sum(archives_status) as unsigned) 'archive', cast(sum(dormitory_status) as unsigned) 'dormitory', cast(sum(diploma_status) as unsigned) 'diploma' from levelSchool.tb_student;;

 2022-07-15 13:20:51 | 执行耗时 1 ms 
 SQL 语句：select cast(sum(report_note_status) as unsigned) 'report', cast(sum(audit_note_status) as unsigned) 'graduation', cast(sum(owe_note_status) as unsigned) 'owe', cast(sum(book_note_status) as unsigned) 'book', cast(sum(archives_note_status) as unsigned) 'archive', cast(sum(dormitory_note_status) as unsigned) 'dormitory', cast(sum(diploma_note_status) as unsigned) 'diploma' from levelSchool.tb_student;;

 2022-07-15 13:20:51 | 执行耗时 0 ms 
 SQL 语句：SELECT COUNT(*) FROM sys_user WHERE (status LIKE '%1%');

 2022-07-15 13:20:51 | 执行耗时 1 ms 
 SQL 语句：SELECT id,username,password,avatar,email,city,created,updated,last_login,status FROM sys_user WHERE (status LIKE '%1%') LIMIT 2;

 2022-07-15 13:20:52 | 执行耗时 1 ms 
 SQL 语句：SELECT id,parent_id,name,path,perms,component,type,icon,orderNum,created,updated,status FROM sys_menu WHERE (id IN (3,6,7,8,9));

 2022-07-15 13:20:52 | 执行耗时 1 ms 
 SQL 语句：select id, student_id, student_name, student_class from levelSchool.tb_student where tb_student.student_id like concat('张','%') union all select id, student_id, student_name, student_class from levelSchool.tb_student where tb_student.student_name like concat('张','%');

 2022-07-15 13:20:52 | 执行耗时 0 ms 
 SQL 语句：select id from levelSchool.tb_student where student_id = '163001';

 2022-07-15 13:20:52 | 执行耗时 1 ms 
 SQL 语句：select count(id) 'total', cast(sum(report_status) as unsigned) 'report', cast(sum(audit_status) as unsigned) 'graduation', cast(sum(owe_status) as unsigned) 'owe', cast(sum(book_status) as unsigned) 'book', cast(sum(archives_status) as unsigned) 'archive', cast(sum(dormitory_status) as unsigned) 'dormitory', cast(sum(diploma_status) as unsigned) 'diploma' from levelSchool.tb_student;;

 2022-07-15 13:20:52 | 执行耗时 1 ms 
 SQL 语句：select cast(sum(report_note_status) as unsigned) 'report', cast(sum(audit_note_status) as unsigned) 'graduation', cast(sum(owe_note_status) as unsigned) 'owe', cast(sum(book_note_status) as unsigned) 'book', cast(sum(archives_note_status) as unsigned) 'archive', cast(sum(dormitory_note_status) as unsigned) 'dormitory', cast(sum(diploma_note_status) as unsigned) 'diploma' from levelSchool.tb_student;;

 2022-07-15 13:20:52 | 执行耗时 1 ms 
 SQL 语句：SELECT id,title,content,address,status,type,start_time,end_time,phone,note,img,base_img_path FROM tb_process;

 2022-07-15 13:20:52 | 执行耗时 1 ms 
 SQL 语句：SELECT id,title,content,address,status,type,start_time,end_time,phone,note,img,base_img_path FROM tb_process;

 2022-07-15 13:20:52 | 执行耗时 1 ms 
 SQL 语句：select student_id, student_name, student_dep, student_pre, student_class, if(student_status = 1, '已完成', '未完成') as 'student_status' from levelSchool.tb_student;

 2022-07-15 13:20:52 | 执行耗时 1 ms 
 SQL 语句：SELECT id,parent_id,name,path,perms,component,type,status FROM sys_menu;

 2022-07-15 13:20:52 | 执行耗时 1 ms 
 SQL 语句：SELECT id,username,password,avatar,email,city,created,updated,last_login,status FROM sys_user;

 2022-07-15 13:20:52 | 执行耗时 1 ms 
 SQL 语句：SELECT id,name,code,remark,created,updated,status FROM sys_role;

 2022-07-15 14:23:46 | 执行耗时 5 ms 
 SQL 语句：select 1;

 2022-07-15 14:23:46 | 执行耗时 0 ms 
 SQL 语句：select 1;

 2022-07-15 14:23:46 | 执行耗时 0 ms 
 SQL 语句：select 1;

 2022-07-15 14:24:26 | 执行耗时 6 ms 
 SQL 语句：select 1;

 2022-07-15 14:24:26 | 执行耗时 0 ms 
 SQL 语句：select 1;

 2022-07-15 14:24:26 | 执行耗时 0 ms 
 SQL 语句：select 1;

 2022-07-15 14:25:33 | 执行耗时 1 ms 
 SQL 语句：SELECT id,username,password,avatar,email,city,created,updated,last_login,status FROM sys_user WHERE (username = 'admin');

 2022-07-15 14:25:33 | 执行耗时 2 ms 
 SQL 语句：select * from levelSchool.sys_role where id in (select role_id from levelSchool.sys_user_role where user_id=1);

 2022-07-15 14:25:33 | 执行耗时 1 ms 
 SQL 语句：SELECT DISTINCT sm.perms FROM levelSchool.sys_user_role ur left join levelSchool.sys_role_menu rm on ur.role_id = rm.role_id left JOIN levelSchool.sys_menu sm on rm.menu_id = sm.id where sm.perms is not null and ur.user_id=1;

 2022-07-15 14:26:13 | 执行耗时 1 ms 
 SQL 语句：SELECT id,username,password,avatar,email,city,created,updated,last_login,status FROM sys_user WHERE (username = 'admin');

 2022-07-15 14:26:13 | 执行耗时 1 ms 
 SQL 语句：select * from levelSchool.sys_role where id in (select role_id from levelSchool.sys_user_role where user_id=1);

 2022-07-15 14:26:13 | 执行耗时 1 ms 
 SQL 语句：SELECT DISTINCT sm.perms FROM levelSchool.sys_user_role ur left join levelSchool.sys_role_menu rm on ur.role_id = rm.role_id left JOIN levelSchool.sys_menu sm on rm.menu_id = sm.id where sm.perms is not null and ur.user_id=1;

 2022-07-15 15:00:53 | 执行耗时 0 ms 
 SQL 语句：select 1;

 2022-07-15 15:00:53 | 执行耗时 1 ms 
 SQL 语句：SELECT id,username,password,avatar,email,city,created,updated,last_login,status FROM sys_user WHERE (username = 'admin');

 2022-07-15 15:00:53 | 执行耗时 1 ms 
 SQL 语句：select * from levelSchool.sys_role where id in (select role_id from levelSchool.sys_user_role where user_id=1);

 2022-07-15 15:00:53 | 执行耗时 1 ms 
 SQL 语句：SELECT DISTINCT sm.perms FROM levelSchool.sys_user_role ur left join levelSchool.sys_role_menu rm on ur.role_id = rm.role_id left JOIN levelSchool.sys_menu sm on rm.menu_id = sm.id where sm.perms is not null and ur.user_id=1;

 2022-07-15 15:01:30 | 执行耗时 1 ms 
 SQL 语句：SELECT id,username,password,avatar,email,city,created,updated,last_login,status FROM sys_user WHERE (username = 'admin');

 2022-07-15 15:01:30 | 执行耗时 1 ms 
 SQL 语句：select * from levelSchool.sys_role where id in (select role_id from levelSchool.sys_user_role where user_id=1);

 2022-07-15 15:01:30 | 执行耗时 1 ms 
 SQL 语句：SELECT DISTINCT sm.perms FROM levelSchool.sys_user_role ur left join levelSchool.sys_role_menu rm on ur.role_id = rm.role_id left JOIN levelSchool.sys_menu sm on rm.menu_id = sm.id where sm.perms is not null and ur.user_id=1;

 2022-07-15 15:01:30 | 执行耗时 1 ms 
 SQL 语句：select student_id, student_name, student_dep, student_pre, student_class, if(student_status = 1, '已完成', '未完成') as 'student_status' from levelSchool.tb_student;

 2022-07-15 15:08:32 | 执行耗时 10 ms 
 SQL 语句：select 1;

 2022-07-15 15:08:32 | 执行耗时 0 ms 
 SQL 语句：select 1;

 2022-07-15 15:08:32 | 执行耗时 0 ms 
 SQL 语句：select 1;

 2022-07-15 15:08:34 | 执行耗时 0 ms 
 SQL 语句：select 1;

 2022-07-15 15:08:34 | 执行耗时 0 ms 
 SQL 语句：select 1;

 2022-07-15 15:08:34 | 执行耗时 0 ms 
 SQL 语句：select 1;

 2022-07-15 15:08:35 | 执行耗时 0 ms 
 SQL 语句：select 1;

 2022-07-15 15:08:35 | 执行耗时 0 ms 
 SQL 语句：select 1;

 2022-07-15 15:08:35 | 执行耗时 0 ms 
 SQL 语句：select 1;

 2022-07-15 15:08:35 | 执行耗时 0 ms 
 SQL 语句：select 1;

 2022-07-15 15:08:35 | 执行耗时 1 ms 
 SQL 语句：select 1;

 2022-07-15 15:08:35 | 执行耗时 0 ms 
 SQL 语句：select 1;

 2022-07-15 15:08:36 | 执行耗时 0 ms 
 SQL 语句：select 1;

 2022-07-15 15:08:36 | 执行耗时 0 ms 
 SQL 语句：select 1;

 2022-07-15 15:08:36 | 执行耗时 0 ms 
 SQL 语句：select 1;

 2022-07-15 15:08:37 | 执行耗时 0 ms 
 SQL 语句：select 1;

 2022-07-15 15:08:37 | 执行耗时 0 ms 
 SQL 语句：select 1;

 2022-07-15 15:08:37 | 执行耗时 0 ms 
 SQL 语句：select 1;

 2022-07-15 15:08:38 | 执行耗时 0 ms 
 SQL 语句：select 1;

 2022-07-15 15:08:38 | 执行耗时 0 ms 
 SQL 语句：select 1;

 2022-07-15 15:08:38 | 执行耗时 0 ms 
 SQL 语句：select 1;

 2022-07-15 15:08:39 | 执行耗时 0 ms 
 SQL 语句：select 1;

 2022-07-15 15:08:39 | 执行耗时 0 ms 
 SQL 语句：select 1;

 2022-07-15 15:08:39 | 执行耗时 0 ms 
 SQL 语句：select 1;

 2022-07-15 15:08:39 | 执行耗时 0 ms 
 SQL 语句：select 1;

 2022-07-15 15:08:39 | 执行耗时 0 ms 
 SQL 语句：select 1;

 2022-07-15 15:08:39 | 执行耗时 0 ms 
 SQL 语句：select 1;

 2022-07-15 15:08:40 | 执行耗时 0 ms 
 SQL 语句：select 1;

 2022-07-15 15:08:40 | 执行耗时 0 ms 
 SQL 语句：select 1;

 2022-07-15 15:08:40 | 执行耗时 0 ms 
 SQL 语句：select 1;

 2022-07-15 15:08:40 | 执行耗时 0 ms 
 SQL 语句：select 1;

 2022-07-15 15:08:41 | 执行耗时 0 ms 
 SQL 语句：select 1;

 2022-07-15 15:08:41 | 执行耗时 0 ms 
 SQL 语句：select 1;

 2022-07-15 15:08:41 | 执行耗时 0 ms 
 SQL 语句：select 1;

 2022-07-15 15:08:41 | 执行耗时 0 ms 
 SQL 语句：select 1;

 2022-07-15 15:08:41 | 执行耗时 0 ms 
 SQL 语句：select 1;

 2022-07-15 15:08:42 | 执行耗时 0 ms 
 SQL 语句：select 1;

 2022-07-15 15:08:42 | 执行耗时 0 ms 
 SQL 语句：select 1;

 2022-07-15 15:08:42 | 执行耗时 0 ms 
 SQL 语句：select 1;

 2022-07-15 15:08:42 | 执行耗时 0 ms 
 SQL 语句：select 1;

 2022-07-15 15:08:42 | 执行耗时 0 ms 
 SQL 语句：select 1;

 2022-07-15 15:08:42 | 执行耗时 0 ms 
 SQL 语句：select 1;

 2022-07-15 15:08:43 | 执行耗时 0 ms 
 SQL 语句：select 1;

 2022-07-15 15:08:43 | 执行耗时 0 ms 
 SQL 语句：select 1;

 2022-07-15 15:08:43 | 执行耗时 0 ms 
 SQL 语句：select 1;

 2022-07-15 15:08:44 | 执行耗时 0 ms 
 SQL 语句：select 1;

 2022-07-15 15:08:44 | 执行耗时 0 ms 
 SQL 语句：select 1;

 2022-07-15 15:08:44 | 执行耗时 0 ms 
 SQL 语句：select 1;

 2022-07-15 15:08:44 | 执行耗时 0 ms 
 SQL 语句：select 1;

 2022-07-15 15:08:44 | 执行耗时 0 ms 
 SQL 语句：select 1;

 2022-07-15 15:08:44 | 执行耗时 0 ms 
 SQL 语句：select 1;

 2022-07-15 15:12:37 | 执行耗时 11 ms 
 SQL 语句：select 1;

 2022-07-15 15:12:37 | 执行耗时 0 ms 
 SQL 语句：select 1;

 2022-07-15 15:12:37 | 执行耗时 0 ms 
 SQL 语句：select 1;

 2022-07-15 15:12:41 | 执行耗时 2 ms 
 SQL 语句：SELECT COUNT(*) FROM sys_role WHERE (status LIKE '%1%');

 2022-07-15 15:12:41 | 执行耗时 2 ms 
 SQL 语句：SELECT id,name,code,remark,created,updated,status FROM sys_role WHERE (status LIKE '%1%') LIMIT 2;

 2022-07-15 15:12:41 | 执行耗时 2 ms 
 SQL 语句：select count(id) 'total', cast(sum(report_status) as unsigned) 'report', cast(sum(audit_status) as unsigned) 'graduation', cast(sum(owe_status) as unsigned) 'owe', cast(sum(book_status) as unsigned) 'book', cast(sum(archives_status) as unsigned) 'archive', cast(sum(dormitory_status) as unsigned) 'dormitory', cast(sum(diploma_status) as unsigned) 'diploma' from levelSchool.tb_student;;

 2022-07-15 15:12:41 | 执行耗时 2 ms 
 SQL 语句：select cast(sum(report_note_status) as unsigned) 'report', cast(sum(audit_note_status) as unsigned) 'graduation', cast(sum(owe_note_status) as unsigned) 'owe', cast(sum(book_note_status) as unsigned) 'book', cast(sum(archives_note_status) as unsigned) 'archive', cast(sum(dormitory_note_status) as unsigned) 'dormitory', cast(sum(diploma_note_status) as unsigned) 'diploma' from levelSchool.tb_student;;

 2022-07-15 15:12:41 | 执行耗时 1 ms 
 SQL 语句：SELECT COUNT(*) FROM sys_user WHERE (status LIKE '%1%');

 2022-07-15 15:12:41 | 执行耗时 2 ms 
 SQL 语句：SELECT id,username,password,avatar,email,city,created,updated,last_login,status FROM sys_user WHERE (status LIKE '%1%') LIMIT 2;

 2022-07-15 15:12:41 | 执行耗时 1 ms 
 SQL 语句：SELECT id,parent_id,name,path,perms,component,type,icon,orderNum,created,updated,status FROM sys_menu WHERE (id IN (3,6,7,8,9));

 2022-07-15 15:12:41 | 执行耗时 2 ms 
 SQL 语句：select id, student_id, student_name, student_class from levelSchool.tb_student where tb_student.student_id like concat('张','%') union all select id, student_id, student_name, student_class from levelSchool.tb_student where tb_student.student_name like concat('张','%');

 2022-07-15 15:12:41 | 执行耗时 1 ms 
 SQL 语句：select id from levelSchool.tb_student where student_id = '163001';

 2022-07-15 15:12:41 | 执行耗时 1 ms 
 SQL 语句：select count(id) 'total', cast(sum(report_status) as unsigned) 'report', cast(sum(audit_status) as unsigned) 'graduation', cast(sum(owe_status) as unsigned) 'owe', cast(sum(book_status) as unsigned) 'book', cast(sum(archives_status) as unsigned) 'archive', cast(sum(dormitory_status) as unsigned) 'dormitory', cast(sum(diploma_status) as unsigned) 'diploma' from levelSchool.tb_student;;

 2022-07-15 15:12:41 | 执行耗时 1 ms 
 SQL 语句：select cast(sum(report_note_status) as unsigned) 'report', cast(sum(audit_note_status) as unsigned) 'graduation', cast(sum(owe_note_status) as unsigned) 'owe', cast(sum(book_note_status) as unsigned) 'book', cast(sum(archives_note_status) as unsigned) 'archive', cast(sum(dormitory_note_status) as unsigned) 'dormitory', cast(sum(diploma_note_status) as unsigned) 'diploma' from levelSchool.tb_student;;

 2022-07-15 15:12:42 | 执行耗时 2 ms 
 SQL 语句：SELECT id,title,content,address,status,type,start_time,end_time,phone,note,img,base_img_path FROM tb_process;

 2022-07-15 15:12:42 | 执行耗时 1 ms 
 SQL 语句：SELECT id,title,content,address,status,type,start_time,end_time,phone,note,img,base_img_path FROM tb_process;

 2022-07-15 15:12:42 | 执行耗时 1 ms 
 SQL 语句：select student_id, student_name, student_dep, student_pre, student_class, if(student_status = 1, '已完成', '未完成') as 'student_status' from levelSchool.tb_student;

 2022-07-15 15:12:42 | 执行耗时 1 ms 
 SQL 语句：SELECT id,parent_id,name,path,perms,component,type,status FROM sys_menu;

 2022-07-15 15:12:42 | 执行耗时 1 ms 
 SQL 语句：SELECT id,username,password,avatar,email,city,created,updated,last_login,status FROM sys_user;

 2022-07-15 15:12:42 | 执行耗时 1 ms 
 SQL 语句：SELECT id,name,code,remark,created,updated,status FROM sys_role;

 2022-07-15 16:35:02 | 执行耗时 8 ms 
 SQL 语句：select 1;

 2022-07-15 16:35:02 | 执行耗时 0 ms 
 SQL 语句：select 1;

 2022-07-15 16:35:02 | 执行耗时 0 ms 
 SQL 语句：select 1;

 2022-07-15 16:35:04 | 执行耗时 2 ms 
 SQL 语句：SELECT COUNT(*) FROM sys_role WHERE (status LIKE '%1%');

 2022-07-15 16:35:04 | 执行耗时 1 ms 
 SQL 语句：SELECT id,name,code,remark,created,updated,status FROM sys_role WHERE (status LIKE '%1%') LIMIT 2;

 2022-07-15 16:35:04 | 执行耗时 1 ms 
 SQL 语句：select count(id) 'total', cast(sum(report_status) as unsigned) 'report', cast(sum(audit_status) as unsigned) 'graduation', cast(sum(owe_status) as unsigned) 'owe', cast(sum(book_status) as unsigned) 'book', cast(sum(archives_status) as unsigned) 'archive', cast(sum(dormitory_status) as unsigned) 'dormitory', cast(sum(diploma_status) as unsigned) 'diploma' from levelSchool.tb_student;;

 2022-07-15 16:35:04 | 执行耗时 1 ms 
 SQL 语句：select cast(sum(report_note_status) as unsigned) 'report', cast(sum(audit_note_status) as unsigned) 'graduation', cast(sum(owe_note_status) as unsigned) 'owe', cast(sum(book_note_status) as unsigned) 'book', cast(sum(archives_note_status) as unsigned) 'archive', cast(sum(dormitory_note_status) as unsigned) 'dormitory', cast(sum(diploma_note_status) as unsigned) 'diploma' from levelSchool.tb_student;;

 2022-07-15 16:35:04 | 执行耗时 0 ms 
 SQL 语句：SELECT COUNT(*) FROM sys_user WHERE (status LIKE '%1%');

 2022-07-15 16:35:04 | 执行耗时 1 ms 
 SQL 语句：SELECT id,username,password,avatar,email,city,created,updated,last_login,status FROM sys_user WHERE (status LIKE '%1%') LIMIT 2;

 2022-07-15 16:35:04 | 执行耗时 2 ms 
 SQL 语句：SELECT id,parent_id,name,path,perms,component,type,icon,orderNum,created,updated,status FROM sys_menu WHERE (id IN (3,6,7,8,9));

 2022-07-15 16:35:04 | 执行耗时 2 ms 
 SQL 语句：select id, student_id, student_name, student_class from levelSchool.tb_student where tb_student.student_id like concat('张','%') union all select id, student_id, student_name, student_class from levelSchool.tb_student where tb_student.student_name like concat('张','%');

 2022-07-15 16:35:04 | 执行耗时 1 ms 
 SQL 语句：select id from levelSchool.tb_student where student_id = '163001';

 2022-07-15 16:35:04 | 执行耗时 1 ms 
 SQL 语句：select count(id) 'total', cast(sum(report_status) as unsigned) 'report', cast(sum(audit_status) as unsigned) 'graduation', cast(sum(owe_status) as unsigned) 'owe', cast(sum(book_status) as unsigned) 'book', cast(sum(archives_status) as unsigned) 'archive', cast(sum(dormitory_status) as unsigned) 'dormitory', cast(sum(diploma_status) as unsigned) 'diploma' from levelSchool.tb_student;;

 2022-07-15 16:35:04 | 执行耗时 1 ms 
 SQL 语句：select cast(sum(report_note_status) as unsigned) 'report', cast(sum(audit_note_status) as unsigned) 'graduation', cast(sum(owe_note_status) as unsigned) 'owe', cast(sum(book_note_status) as unsigned) 'book', cast(sum(archives_note_status) as unsigned) 'archive', cast(sum(dormitory_note_status) as unsigned) 'dormitory', cast(sum(diploma_note_status) as unsigned) 'diploma' from levelSchool.tb_student;;

 2022-07-15 16:35:04 | 执行耗时 0 ms 
 SQL 语句：SELECT id,title,content,address,status,type,start_time,end_time,phone,note,img,base_img_path FROM tb_process;

 2022-07-15 16:35:04 | 执行耗时 1 ms 
 SQL 语句：SELECT id,title,content,address,status,type,start_time,end_time,phone,note,img,base_img_path FROM tb_process;

 2022-07-15 16:35:04 | 执行耗时 1 ms 
 SQL 语句：select student_id, student_name, student_dep, student_pre, student_class, if(student_status = 1, '已完成', '未完成') as 'student_status' from levelSchool.tb_student;

 2022-07-15 16:35:04 | 执行耗时 1 ms 
 SQL 语句：SELECT id,parent_id,name,path,perms,component,type,status FROM sys_menu;

 2022-07-15 16:35:04 | 执行耗时 0 ms 
 SQL 语句：SELECT id,username,password,avatar,email,city,created,updated,last_login,status FROM sys_user;

 2022-07-15 16:35:04 | 执行耗时 0 ms 
 SQL 语句：SELECT id,name,code,remark,created,updated,status FROM sys_role;

 2022-07-15 16:43:41 | 执行耗时 12 ms 
 SQL 语句：select 1;

 2022-07-15 16:43:41 | 执行耗时 0 ms 
 SQL 语句：select 1;

 2022-07-15 16:43:41 | 执行耗时 0 ms 
 SQL 语句：select 1;

 2022-07-15 16:43:44 | 执行耗时 1 ms 
 SQL 语句：SELECT COUNT(*) FROM sys_role WHERE (status LIKE '%1%');

 2022-07-15 16:43:44 | 执行耗时 1 ms 
 SQL 语句：SELECT id,name,code,remark,created,updated,status FROM sys_role WHERE (status LIKE '%1%') LIMIT 2;

 2022-07-15 16:43:44 | 执行耗时 1 ms 
 SQL 语句：select count(id) 'total', cast(sum(report_status) as unsigned) 'report', cast(sum(audit_status) as unsigned) 'graduation', cast(sum(owe_status) as unsigned) 'owe', cast(sum(book_status) as unsigned) 'book', cast(sum(archives_status) as unsigned) 'archive', cast(sum(dormitory_status) as unsigned) 'dormitory', cast(sum(diploma_status) as unsigned) 'diploma' from levelSchool.tb_student;;

 2022-07-15 16:43:44 | 执行耗时 1 ms 
 SQL 语句：select cast(sum(report_note_status) as unsigned) 'report', cast(sum(audit_note_status) as unsigned) 'graduation', cast(sum(owe_note_status) as unsigned) 'owe', cast(sum(book_note_status) as unsigned) 'book', cast(sum(archives_note_status) as unsigned) 'archive', cast(sum(dormitory_note_status) as unsigned) 'dormitory', cast(sum(diploma_note_status) as unsigned) 'diploma' from levelSchool.tb_student;;

 2022-07-15 16:43:44 | 执行耗时 1 ms 
 SQL 语句：SELECT COUNT(*) FROM sys_user WHERE (status LIKE '%1%');

 2022-07-15 16:43:44 | 执行耗时 1 ms 
 SQL 语句：SELECT id,username,password,avatar,email,city,created,updated,last_login,status FROM sys_user WHERE (status LIKE '%1%') LIMIT 2;

 2022-07-15 16:43:44 | 执行耗时 1 ms 
 SQL 语句：SELECT id,parent_id,name,path,perms,component,type,icon,orderNum,created,updated,status FROM sys_menu WHERE (id IN (3,6,7,8,9));

 2022-07-15 16:43:44 | 执行耗时 2 ms 
 SQL 语句：select id, student_id, student_name, student_class from levelSchool.tb_student where tb_student.student_id like concat('张','%') union all select id, student_id, student_name, student_class from levelSchool.tb_student where tb_student.student_name like concat('张','%');

 2022-07-15 16:43:44 | 执行耗时 1 ms 
 SQL 语句：select id from levelSchool.tb_student where student_id = '163001';

 2022-07-15 16:43:44 | 执行耗时 1 ms 
 SQL 语句：select count(id) 'total', cast(sum(report_status) as unsigned) 'report', cast(sum(audit_status) as unsigned) 'graduation', cast(sum(owe_status) as unsigned) 'owe', cast(sum(book_status) as unsigned) 'book', cast(sum(archives_status) as unsigned) 'archive', cast(sum(dormitory_status) as unsigned) 'dormitory', cast(sum(diploma_status) as unsigned) 'diploma' from levelSchool.tb_student;;

 2022-07-15 16:43:44 | 执行耗时 1 ms 
 SQL 语句：select cast(sum(report_note_status) as unsigned) 'report', cast(sum(audit_note_status) as unsigned) 'graduation', cast(sum(owe_note_status) as unsigned) 'owe', cast(sum(book_note_status) as unsigned) 'book', cast(sum(archives_note_status) as unsigned) 'archive', cast(sum(dormitory_note_status) as unsigned) 'dormitory', cast(sum(diploma_note_status) as unsigned) 'diploma' from levelSchool.tb_student;;

 2022-07-15 16:43:44 | 执行耗时 2 ms 
 SQL 语句：SELECT id,title,content,address,status,type,start_time,end_time,phone,note,img,base_img_path FROM tb_process;

 2022-07-15 16:43:44 | 执行耗时 1 ms 
 SQL 语句：SELECT id,title,content,address,status,type,start_time,end_time,phone,note,img,base_img_path FROM tb_process;

 2022-07-15 16:43:45 | 执行耗时 1 ms 
 SQL 语句：select student_id, student_name, student_dep, student_pre, student_class, if(student_status = 1, '已完成', '未完成') as 'student_status' from levelSchool.tb_student;

 2022-07-15 16:43:45 | 执行耗时 1 ms 
 SQL 语句：SELECT id,parent_id,name,path,perms,component,type,status FROM sys_menu;

 2022-07-15 16:43:45 | 执行耗时 1 ms 
 SQL 语句：SELECT id,username,password,avatar,email,city,created,updated,last_login,status FROM sys_user;

 2022-07-15 16:43:45 | 执行耗时 1 ms 
 SQL 语句：SELECT id,name,code,remark,created,updated,status FROM sys_role;

 2022-07-15 16:45:03 | 执行耗时 11 ms 
 SQL 语句：select 1;

 2022-07-15 16:45:03 | 执行耗时 0 ms 
 SQL 语句：select 1;

 2022-07-15 16:45:03 | 执行耗时 0 ms 
 SQL 语句：select 1;

 2022-07-15 16:45:06 | 执行耗时 1 ms 
 SQL 语句：SELECT COUNT(*) FROM sys_role WHERE (status LIKE '%1%');

 2022-07-15 16:45:06 | 执行耗时 1 ms 
 SQL 语句：SELECT id,name,code,remark,created,updated,status FROM sys_role WHERE (status LIKE '%1%') LIMIT 2;

 2022-07-15 16:45:06 | 执行耗时 1 ms 
 SQL 语句：select count(id) 'total', cast(sum(report_status) as unsigned) 'report', cast(sum(audit_status) as unsigned) 'graduation', cast(sum(owe_status) as unsigned) 'owe', cast(sum(book_status) as unsigned) 'book', cast(sum(archives_status) as unsigned) 'archive', cast(sum(dormitory_status) as unsigned) 'dormitory', cast(sum(diploma_status) as unsigned) 'diploma' from levelSchool.tb_student;;

 2022-07-15 16:45:06 | 执行耗时 1 ms 
 SQL 语句：select cast(sum(report_note_status) as unsigned) 'report', cast(sum(audit_note_status) as unsigned) 'graduation', cast(sum(owe_note_status) as unsigned) 'owe', cast(sum(book_note_status) as unsigned) 'book', cast(sum(archives_note_status) as unsigned) 'archive', cast(sum(dormitory_note_status) as unsigned) 'dormitory', cast(sum(diploma_note_status) as unsigned) 'diploma' from levelSchool.tb_student;;

 2022-07-15 16:45:06 | 执行耗时 0 ms 
 SQL 语句：SELECT COUNT(*) FROM sys_user WHERE (status LIKE '%1%');

 2022-07-15 16:45:06 | 执行耗时 1 ms 
 SQL 语句：SELECT id,username,password,avatar,email,city,created,updated,last_login,status FROM sys_user WHERE (status LIKE '%1%') LIMIT 2;

 2022-07-15 16:45:06 | 执行耗时 1 ms 
 SQL 语句：SELECT id,parent_id,name,path,perms,component,type,icon,orderNum,created,updated,status FROM sys_menu WHERE (id IN (3,6,7,8,9));

 2022-07-15 16:45:06 | 执行耗时 1 ms 
 SQL 语句：select id, student_id, student_name, student_class from levelSchool.tb_student where tb_student.student_id like concat('张','%') union all select id, student_id, student_name, student_class from levelSchool.tb_student where tb_student.student_name like concat('张','%');

 2022-07-15 16:45:06 | 执行耗时 1 ms 
 SQL 语句：select id from levelSchool.tb_student where student_id = '163001';

 2022-07-15 16:45:06 | 执行耗时 1 ms 
 SQL 语句：select count(id) 'total', cast(sum(report_status) as unsigned) 'report', cast(sum(audit_status) as unsigned) 'graduation', cast(sum(owe_status) as unsigned) 'owe', cast(sum(book_status) as unsigned) 'book', cast(sum(archives_status) as unsigned) 'archive', cast(sum(dormitory_status) as unsigned) 'dormitory', cast(sum(diploma_status) as unsigned) 'diploma' from levelSchool.tb_student;;

 2022-07-15 16:45:06 | 执行耗时 1 ms 
 SQL 语句：select cast(sum(report_note_status) as unsigned) 'report', cast(sum(audit_note_status) as unsigned) 'graduation', cast(sum(owe_note_status) as unsigned) 'owe', cast(sum(book_note_status) as unsigned) 'book', cast(sum(archives_note_status) as unsigned) 'archive', cast(sum(dormitory_note_status) as unsigned) 'dormitory', cast(sum(diploma_note_status) as unsigned) 'diploma' from levelSchool.tb_student;;

 2022-07-15 16:45:06 | 执行耗时 1 ms 
 SQL 语句：SELECT id,title,content,address,status,type,start_time,end_time,phone,note,img,base_img_path FROM tb_process;

 2022-07-15 16:45:06 | 执行耗时 1 ms 
 SQL 语句：SELECT id,title,content,address,status,type,start_time,end_time,phone,note,img,base_img_path FROM tb_process;

 2022-07-15 16:45:06 | 执行耗时 1 ms 
 SQL 语句：select student_id, student_name, student_dep, student_pre, student_class, if(student_status = 1, '已完成', '未完成') as 'student_status' from levelSchool.tb_student;

 2022-07-15 16:45:06 | 执行耗时 1 ms 
 SQL 语句：SELECT id,parent_id,name,path,perms,component,type,status FROM sys_menu;

 2022-07-15 16:45:06 | 执行耗时 2 ms 
 SQL 语句：SELECT id,username,password,avatar,email,city,created,updated,last_login,status FROM sys_user;

 2022-07-15 16:45:06 | 执行耗时 1 ms 
 SQL 语句：SELECT id,name,code,remark,created,updated,status FROM sys_role;

 2022-07-15 17:00:21 | 执行耗时 8 ms 
 SQL 语句：select 1;

 2022-07-15 17:00:21 | 执行耗时 0 ms 
 SQL 语句：select 1;

 2022-07-15 17:00:21 | 执行耗时 0 ms 
 SQL 语句：select 1;

 2022-07-15 17:00:23 | 执行耗时 1 ms 
 SQL 语句：SELECT COUNT(*) FROM sys_role WHERE (status LIKE '%1%');

 2022-07-15 17:00:23 | 执行耗时 1 ms 
 SQL 语句：SELECT id,name,code,remark,created,updated,status FROM sys_role WHERE (status LIKE '%1%') LIMIT 2;

 2022-07-15 17:00:23 | 执行耗时 1 ms 
 SQL 语句：select count(id) 'total', cast(sum(report_status) as unsigned) 'report', cast(sum(audit_status) as unsigned) 'graduation', cast(sum(owe_status) as unsigned) 'owe', cast(sum(book_status) as unsigned) 'book', cast(sum(archives_status) as unsigned) 'archive', cast(sum(dormitory_status) as unsigned) 'dormitory', cast(sum(diploma_status) as unsigned) 'diploma' from levelSchool.tb_student;;

 2022-07-15 17:00:23 | 执行耗时 1 ms 
 SQL 语句：select cast(sum(report_note_status) as unsigned) 'report', cast(sum(audit_note_status) as unsigned) 'graduation', cast(sum(owe_note_status) as unsigned) 'owe', cast(sum(book_note_status) as unsigned) 'book', cast(sum(archives_note_status) as unsigned) 'archive', cast(sum(dormitory_note_status) as unsigned) 'dormitory', cast(sum(diploma_note_status) as unsigned) 'diploma' from levelSchool.tb_student;;

 2022-07-15 17:00:23 | 执行耗时 0 ms 
 SQL 语句：SELECT COUNT(*) FROM sys_user WHERE (status LIKE '%1%');

 2022-07-15 17:00:23 | 执行耗时 1 ms 
 SQL 语句：SELECT id,username,password,avatar,email,city,created,updated,last_login,status FROM sys_user WHERE (status LIKE '%1%') LIMIT 2;

 2022-07-15 17:00:23 | 执行耗时 1 ms 
 SQL 语句：SELECT id,parent_id,name,path,perms,component,type,icon,orderNum,created,updated,status FROM sys_menu WHERE (id IN (3,6,7,8,9));

 2022-07-15 17:00:23 | 执行耗时 13 ms 
 SQL 语句：select id, student_id, student_name, student_class from levelSchool.tb_student; where tb_student.student_id like concat('张','%') union all select id, student_id, student_name, student_class from levelSchool.tb_student; where tb_student.student_name like concat('张','%') limit 0,5;;

 2022-07-15 17:00:23 | 执行耗时 0 ms 
 SQL 语句：select id from levelSchool.tb_student where student_id = '163001';

 2022-07-15 17:00:23 | 执行耗时 1 ms 
 SQL 语句：select count(id) 'total', cast(sum(report_status) as unsigned) 'report', cast(sum(audit_status) as unsigned) 'graduation', cast(sum(owe_status) as unsigned) 'owe', cast(sum(book_status) as unsigned) 'book', cast(sum(archives_status) as unsigned) 'archive', cast(sum(dormitory_status) as unsigned) 'dormitory', cast(sum(diploma_status) as unsigned) 'diploma' from levelSchool.tb_student;;

 2022-07-15 17:00:23 | 执行耗时 1 ms 
 SQL 语句：select cast(sum(report_note_status) as unsigned) 'report', cast(sum(audit_note_status) as unsigned) 'graduation', cast(sum(owe_note_status) as unsigned) 'owe', cast(sum(book_note_status) as unsigned) 'book', cast(sum(archives_note_status) as unsigned) 'archive', cast(sum(dormitory_note_status) as unsigned) 'dormitory', cast(sum(diploma_note_status) as unsigned) 'diploma' from levelSchool.tb_student;;

 2022-07-15 17:00:23 | 执行耗时 1 ms 
 SQL 语句：SELECT id,title,content,address,status,type,start_time,end_time,phone,note,img,base_img_path FROM tb_process;

 2022-07-15 17:00:23 | 执行耗时 1 ms 
 SQL 语句：SELECT id,title,content,address,status,type,start_time,end_time,phone,note,img,base_img_path FROM tb_process;

 2022-07-15 17:00:23 | 执行耗时 1 ms 
 SQL 语句：select student_id, student_name, student_dep, student_pre, student_class, if(student_status = 1, '已完成', '未完成') as 'student_status' from levelSchool.tb_student;

 2022-07-15 17:00:23 | 执行耗时 1 ms 
 SQL 语句：SELECT id,parent_id,name,path,perms,component,type,status FROM sys_menu;

 2022-07-15 17:00:23 | 执行耗时 1 ms 
 SQL 语句：SELECT id,username,password,avatar,email,city,created,updated,last_login,status FROM sys_user;

 2022-07-15 17:00:23 | 执行耗时 0 ms 
 SQL 语句：SELECT id,name,code,remark,created,updated,status FROM sys_role;

 2022-07-15 17:01:22 | 执行耗时 9 ms 
 SQL 语句：select 1;

 2022-07-15 17:01:22 | 执行耗时 0 ms 
 SQL 语句：select 1;

 2022-07-15 17:01:22 | 执行耗时 0 ms 
 SQL 语句：select 1;

 2022-07-15 17:01:25 | 执行耗时 1 ms 
 SQL 语句：select id from levelSchool.tb_student where student_id = '163001';

 2022-07-15 17:01:54 | 执行耗时 12 ms 
 SQL 语句：select 1;

 2022-07-15 17:01:54 | 执行耗时 0 ms 
 SQL 语句：select 1;

 2022-07-15 17:01:54 | 执行耗时 0 ms 
 SQL 语句：select 1;

 2022-07-15 17:01:57 | 执行耗时 1 ms 
 SQL 语句：SELECT COUNT(*) FROM sys_role WHERE (status LIKE '%1%');

 2022-07-15 17:01:57 | 执行耗时 1 ms 
 SQL 语句：SELECT id,name,code,remark,created,updated,status FROM sys_role WHERE (status LIKE '%1%') LIMIT 2;

 2022-07-15 17:01:57 | 执行耗时 1 ms 
 SQL 语句：select count(id) 'total', cast(sum(report_status) as unsigned) 'report', cast(sum(audit_status) as unsigned) 'graduation', cast(sum(owe_status) as unsigned) 'owe', cast(sum(book_status) as unsigned) 'book', cast(sum(archives_status) as unsigned) 'archive', cast(sum(dormitory_status) as unsigned) 'dormitory', cast(sum(diploma_status) as unsigned) 'diploma' from levelSchool.tb_student;;

 2022-07-15 17:01:57 | 执行耗时 1 ms 
 SQL 语句：select cast(sum(report_note_status) as unsigned) 'report', cast(sum(audit_note_status) as unsigned) 'graduation', cast(sum(owe_note_status) as unsigned) 'owe', cast(sum(book_note_status) as unsigned) 'book', cast(sum(archives_note_status) as unsigned) 'archive', cast(sum(dormitory_note_status) as unsigned) 'dormitory', cast(sum(diploma_note_status) as unsigned) 'diploma' from levelSchool.tb_student;;

 2022-07-15 17:01:57 | 执行耗时 0 ms 
 SQL 语句：SELECT COUNT(*) FROM sys_user WHERE (status LIKE '%1%');

 2022-07-15 17:01:57 | 执行耗时 1 ms 
 SQL 语句：SELECT id,username,password,avatar,email,city,created,updated,last_login,status FROM sys_user WHERE (status LIKE '%1%') LIMIT 2;

 2022-07-15 17:01:57 | 执行耗时 1 ms 
 SQL 语句：SELECT id,parent_id,name,path,perms,component,type,icon,orderNum,created,updated,status FROM sys_menu WHERE (id IN (3,6,7,8,9));

 2022-07-15 17:01:57 | 执行耗时 10 ms 
 SQL 语句：select id, student_id, student_name, student_class from levelSchool.tb_student; where tb_student.student_id like concat('张','%') union all select id, student_id, student_name, student_class from levelSchool.tb_student; where tb_student.student_name like concat('张','%') limit 0,5;;

 2022-07-15 17:01:57 | 执行耗时 1 ms 
 SQL 语句：select id from levelSchool.tb_student where student_id = '163001';

 2022-07-15 17:01:57 | 执行耗时 1 ms 
 SQL 语句：select count(id) 'total', cast(sum(report_status) as unsigned) 'report', cast(sum(audit_status) as unsigned) 'graduation', cast(sum(owe_status) as unsigned) 'owe', cast(sum(book_status) as unsigned) 'book', cast(sum(archives_status) as unsigned) 'archive', cast(sum(dormitory_status) as unsigned) 'dormitory', cast(sum(diploma_status) as unsigned) 'diploma' from levelSchool.tb_student;;

 2022-07-15 17:01:57 | 执行耗时 1 ms 
 SQL 语句：select cast(sum(report_note_status) as unsigned) 'report', cast(sum(audit_note_status) as unsigned) 'graduation', cast(sum(owe_note_status) as unsigned) 'owe', cast(sum(book_note_status) as unsigned) 'book', cast(sum(archives_note_status) as unsigned) 'archive', cast(sum(dormitory_note_status) as unsigned) 'dormitory', cast(sum(diploma_note_status) as unsigned) 'diploma' from levelSchool.tb_student;;

 2022-07-15 17:01:57 | 执行耗时 2 ms 
 SQL 语句：SELECT id,title,content,address,status,type,start_time,end_time,phone,note,img,base_img_path FROM tb_process;

 2022-07-15 17:01:57 | 执行耗时 1 ms 
 SQL 语句：SELECT id,title,content,address,status,type,start_time,end_time,phone,note,img,base_img_path FROM tb_process;

 2022-07-15 17:01:57 | 执行耗时 1 ms 
 SQL 语句：select student_id, student_name, student_dep, student_pre, student_class, if(student_status = 1, '已完成', '未完成') as 'student_status' from levelSchool.tb_student;

 2022-07-15 17:01:58 | 执行耗时 1 ms 
 SQL 语句：SELECT id,parent_id,name,path,perms,component,type,status FROM sys_menu;

 2022-07-15 17:01:58 | 执行耗时 1 ms 
 SQL 语句：SELECT id,username,password,avatar,email,city,created,updated,last_login,status FROM sys_user;

 2022-07-15 17:01:58 | 执行耗时 1 ms 
 SQL 语句：SELECT id,name,code,remark,created,updated,status FROM sys_role;

 2022-07-15 17:02:27 | 执行耗时 10 ms 
 SQL 语句：select 1;

 2022-07-15 17:02:28 | 执行耗时 0 ms 
 SQL 语句：select 1;

 2022-07-15 17:02:28 | 执行耗时 0 ms 
 SQL 语句：select 1;

 2022-07-15 17:02:31 | 执行耗时 13 ms 
 SQL 语句：select id, student_id, student_name, student_class from levelSchool.tb_student; where tb_student.student_id like concat('张','%') union all select id, student_id, student_name, student_class from levelSchool.tb_student; where tb_student.student_name like concat('张','%') limit 0,5;;

 2022-07-15 17:03:22 | 执行耗时 8 ms 
 SQL 语句：select 1;

 2022-07-15 17:03:22 | 执行耗时 0 ms 
 SQL 语句：select 1;

 2022-07-15 17:03:22 | 执行耗时 0 ms 
 SQL 语句：select 1;

 2022-07-15 17:03:25 | 执行耗时 2 ms 
 SQL 语句：select id, student_id, student_name, student_class from levelSchool.tb_student where tb_student.student_id like concat('张','%') union all select id, student_id, student_name, student_class from levelSchool.tb_student where tb_student.student_name like concat('张','%') limit 0,5;;

 2022-07-15 17:03:47 | 执行耗时 11 ms 
 SQL 语句：select 1;

 2022-07-15 17:03:47 | 执行耗时 0 ms 
 SQL 语句：select 1;

 2022-07-15 17:03:47 | 执行耗时 0 ms 
 SQL 语句：select 1;

 2022-07-15 17:03:49 | 执行耗时 1 ms 
 SQL 语句：SELECT COUNT(*) FROM sys_role WHERE (status LIKE '%1%');

 2022-07-15 17:03:49 | 执行耗时 1 ms 
 SQL 语句：SELECT id,name,code,remark,created,updated,status FROM sys_role WHERE (status LIKE '%1%') LIMIT 2;

 2022-07-15 17:03:49 | 执行耗时 1 ms 
 SQL 语句：select count(id) 'total', cast(sum(report_status) as unsigned) 'report', cast(sum(audit_status) as unsigned) 'graduation', cast(sum(owe_status) as unsigned) 'owe', cast(sum(book_status) as unsigned) 'book', cast(sum(archives_status) as unsigned) 'archive', cast(sum(dormitory_status) as unsigned) 'dormitory', cast(sum(diploma_status) as unsigned) 'diploma' from levelSchool.tb_student;;

 2022-07-15 17:03:49 | 执行耗时 1 ms 
 SQL 语句：select cast(sum(report_note_status) as unsigned) 'report', cast(sum(audit_note_status) as unsigned) 'graduation', cast(sum(owe_note_status) as unsigned) 'owe', cast(sum(book_note_status) as unsigned) 'book', cast(sum(archives_note_status) as unsigned) 'archive', cast(sum(dormitory_note_status) as unsigned) 'dormitory', cast(sum(diploma_note_status) as unsigned) 'diploma' from levelSchool.tb_student;;

 2022-07-15 17:03:49 | 执行耗时 0 ms 
 SQL 语句：SELECT COUNT(*) FROM sys_user WHERE (status LIKE '%1%');

 2022-07-15 17:03:49 | 执行耗时 1 ms 
 SQL 语句：SELECT id,username,password,avatar,email,city,created,updated,last_login,status FROM sys_user WHERE (status LIKE '%1%') LIMIT 2;

 2022-07-15 17:03:49 | 执行耗时 1 ms 
 SQL 语句：SELECT id,parent_id,name,path,perms,component,type,icon,orderNum,created,updated,status FROM sys_menu WHERE (id IN (3,6,7,8,9));

 2022-07-15 17:03:50 | 执行耗时 1 ms 
 SQL 语句：select id, student_id, student_name, student_class from levelSchool.tb_student where tb_student.student_id like concat('张','%') union all select id, student_id, student_name, student_class from levelSchool.tb_student where tb_student.student_name like concat('张','%') limit 0,5;;

 2022-07-15 17:03:50 | 执行耗时 1 ms 
 SQL 语句：select id from levelSchool.tb_student where student_id = '163001';

 2022-07-15 17:03:50 | 执行耗时 1 ms 
 SQL 语句：select count(id) 'total', cast(sum(report_status) as unsigned) 'report', cast(sum(audit_status) as unsigned) 'graduation', cast(sum(owe_status) as unsigned) 'owe', cast(sum(book_status) as unsigned) 'book', cast(sum(archives_status) as unsigned) 'archive', cast(sum(dormitory_status) as unsigned) 'dormitory', cast(sum(diploma_status) as unsigned) 'diploma' from levelSchool.tb_student;;

 2022-07-15 17:03:50 | 执行耗时 1 ms 
 SQL 语句：select cast(sum(report_note_status) as unsigned) 'report', cast(sum(audit_note_status) as unsigned) 'graduation', cast(sum(owe_note_status) as unsigned) 'owe', cast(sum(book_note_status) as unsigned) 'book', cast(sum(archives_note_status) as unsigned) 'archive', cast(sum(dormitory_note_status) as unsigned) 'dormitory', cast(sum(diploma_note_status) as unsigned) 'diploma' from levelSchool.tb_student;;

 2022-07-15 17:03:50 | 执行耗时 1 ms 
 SQL 语句：SELECT id,title,content,address,status,type,start_time,end_time,phone,note,img,base_img_path FROM tb_process;

 2022-07-15 17:03:50 | 执行耗时 1 ms 
 SQL 语句：SELECT id,title,content,address,status,type,start_time,end_time,phone,note,img,base_img_path FROM tb_process;

 2022-07-15 17:03:50 | 执行耗时 1 ms 
 SQL 语句：select student_id, student_name, student_dep, student_pre, student_class, if(student_status = 1, '已完成', '未完成') as 'student_status' from levelSchool.tb_student;

 2022-07-15 17:03:50 | 执行耗时 1 ms 
 SQL 语句：SELECT id,parent_id,name,path,perms,component,type,status FROM sys_menu;

 2022-07-15 17:03:50 | 执行耗时 1 ms 
 SQL 语句：SELECT id,username,password,avatar,email,city,created,updated,last_login,status FROM sys_user;

 2022-07-15 17:03:50 | 执行耗时 1 ms 
 SQL 语句：SELECT id,name,code,remark,created,updated,status FROM sys_role;

