2022-07-18 20:36:13.905  INFO 25471 --- [main] com.txy.graduate.util.FileUtilTest       : Started FileUtilTest in 4.686 seconds (JVM running for 5.972)
2022-07-18 20:36:14.756  INFO 25471 --- [SpringApplicationShutdownHook] c.b.d.d.DynamicRoutingDataSource         : dynamic-datasource start closing ....
2022-07-18 20:36:14.758  INFO 25471 --- [SpringApplicationShutdownHook] com.alibaba.druid.pool.DruidDataSource   : {dataSource-3} closing ...
2022-07-18 20:36:14.763  INFO 25471 --- [SpringApplicationShutdownHook] com.alibaba.druid.pool.DruidDataSource   : {dataSource-3} closed
2022-07-18 20:36:14.763  INFO 25471 --- [SpringApplicationShutdownHook] com.alibaba.druid.pool.DruidDataSource   : {dataSource-1} closing ...
2022-07-18 20:36:14.765  INFO 25471 --- [SpringApplicationShutdownHook] com.alibaba.druid.pool.DruidDataSource   : {dataSource-1} closed
2022-07-18 20:36:14.765  INFO 25471 --- [SpringApplicationShutdownHook] com.alibaba.druid.pool.DruidDataSource   : {dataSource-2} closing ...
2022-07-18 20:36:14.768  INFO 25471 --- [SpringApplicationShutdownHook] com.alibaba.druid.pool.DruidDataSource   : {dataSource-2} closed
2022-07-18 20:36:14.768  INFO 25471 --- [SpringApplicationShutdownHook] c.b.d.d.DynamicRoutingDataSource         : dynamic-datasource all closed success,bye
2022-07-18 20:37:07.294  INFO 26118 --- [main] com.txy.graduate.util.FileUtilTest       : Starting FileUtilTest using Java 17 on manjaro with PID 26118 (started by flyme in /home/flyme/桌面/生产实习/internship_cd/Graduate)
2022-07-18 20:37:07.296  INFO 26118 --- [main] com.txy.graduate.util.FileUtilTest       : The following 1 profile is active: "dev"
2022-07-18 20:37:08.081  INFO 26118 --- [main] .s.d.r.c.RepositoryConfigurationDelegate : Multiple Spring Data modules found, entering strict repository configuration mode!
2022-07-18 20:37:08.084  INFO 26118 --- [main] .s.d.r.c.RepositoryConfigurationDelegate : Bootstrapping Spring Data Redis repositories in DEFAULT mode.
2022-07-18 20:37:08.108  INFO 26118 --- [main] .s.d.r.c.RepositoryConfigurationDelegate : Finished Spring Data repository scanning in 13 ms. Found 0 Redis repository interfaces.
2022-07-18 20:37:08.613  INFO 26118 --- [main] trationDelegate$BeanPostProcessorChecker : Bean 'spring.datasource.dynamic-com.baomidou.dynamic.datasource.spring.boot.autoconfigure.DynamicDataSourceProperties' of type [com.baomidou.dynamic.datasource.spring.boot.autoconfigure.DynamicDataSourceProperties] is not eligible for getting processed by all BeanPostProcessors (for example: not eligible for auto-proxying)
2022-07-18 20:37:08.619  INFO 26118 --- [main] trationDelegate$BeanPostProcessorChecker : Bean 'com.baomidou.dynamic.datasource.spring.boot.autoconfigure.DynamicDataSourceAutoConfiguration' of type [com.baomidou.dynamic.datasource.spring.boot.autoconfigure.DynamicDataSourceAutoConfiguration$$EnhancerBySpringCGLIB$$91fcd857] is not eligible for getting processed by all BeanPostProcessors (for example: not eligible for auto-proxying)
2022-07-18 20:37:08.640  INFO 26118 --- [main] trationDelegate$BeanPostProcessorChecker : Bean 'dsProcessor' of type [com.baomidou.dynamic.datasource.processor.DsHeaderProcessor] is not eligible for getting processed by all BeanPostProcessors (for example: not eligible for auto-proxying)
2022-07-18 20:37:09.417  INFO 26118 --- [main] com.alibaba.druid.pool.DruidDataSource   : {dataSource-1,master} inited
2022-07-18 20:37:09.500  INFO 26118 --- [main] com.alibaba.druid.pool.DruidDataSource   : {dataSource-2,slave_1} inited
2022-07-18 20:37:09.556  INFO 26118 --- [main] com.alibaba.druid.pool.DruidDataSource   : {dataSource-3,slave_2} inited
2022-07-18 20:37:09.557  INFO 26118 --- [main] c.b.d.d.DynamicRoutingDataSource         : dynamic-datasource - add a datasource named [slave_2] success
2022-07-18 20:37:09.558  INFO 26118 --- [main] c.b.d.d.DynamicRoutingDataSource         : dynamic-datasource - add a datasource named [master] success
2022-07-18 20:37:09.558  INFO 26118 --- [main] c.b.d.d.DynamicRoutingDataSource         : dynamic-datasource - add a datasource named [slave_1] success
2022-07-18 20:37:09.558  INFO 26118 --- [main] c.b.d.d.DynamicRoutingDataSource         : dynamic-datasource initial loaded [3] datasource,primary datasource named [master]
2022-07-18 20:37:10.705  INFO 26118 --- [main] o.s.s.web.DefaultSecurityFilterChain     : Will secure any request with [org.springframework.security.web.session.DisableEncodeUrlFilter@15c1b543, org.springframework.security.web.context.request.async.WebAsyncManagerIntegrationFilter@23954300, org.springframework.security.web.context.SecurityContextPersistenceFilter@70e1aa20, org.springframework.security.web.header.HeaderWriterFilter@62f37bfd, org.springframework.web.filter.CorsFilter@6aae82cc, org.springframework.security.web.authentication.logout.LogoutFilter@3835b281, com.txy.graduate.security.filter.CaptcheFilter@7a587e84, org.springframework.security.web.authentication.UsernamePasswordAuthenticationFilter@74e2cfc5, com.txy.graduate.security.filter.JWTFilter@622ba721, org.springframework.security.web.savedrequest.RequestCacheAwareFilter@5b715ea, org.springframework.security.web.servletapi.SecurityContextHolderAwareRequestFilter@dbda472, org.springframework.security.web.authentication.AnonymousAuthenticationFilter@6b2f7527, org.springframework.security.web.session.SessionManagementFilter@5c930fc3, org.springframework.security.web.access.ExceptionTranslationFilter@28295554, org.springframework.security.web.access.intercept.FilterSecurityInterceptor@746fd19b]
2022-07-18 20:37:11.916  INFO 26118 --- [main] com.txy.graduate.util.FileUtilTest       : Started FileUtilTest in 4.949 seconds (JVM running for 6.361)
2022-07-18 20:37:12.524  INFO 26118 --- [SpringApplicationShutdownHook] c.b.d.d.DynamicRoutingDataSource         : dynamic-datasource start closing ....
2022-07-18 20:37:12.526  INFO 26118 --- [SpringApplicationShutdownHook] com.alibaba.druid.pool.DruidDataSource   : {dataSource-3} closing ...
2022-07-18 20:37:12.530  INFO 26118 --- [SpringApplicationShutdownHook] com.alibaba.druid.pool.DruidDataSource   : {dataSource-3} closed
2022-07-18 20:37:12.530  INFO 26118 --- [SpringApplicationShutdownHook] com.alibaba.druid.pool.DruidDataSource   : {dataSource-1} closing ...
2022-07-18 20:37:12.532  INFO 26118 --- [SpringApplicationShutdownHook] com.alibaba.druid.pool.DruidDataSource   : {dataSource-1} closed
2022-07-18 20:37:12.533  INFO 26118 --- [SpringApplicationShutdownHook] com.alibaba.druid.pool.DruidDataSource   : {dataSource-2} closing ...
2022-07-18 20:37:12.535  INFO 26118 --- [SpringApplicationShutdownHook] com.alibaba.druid.pool.DruidDataSource   : {dataSource-2} closed
2022-07-18 20:37:12.535  INFO 26118 --- [SpringApplicationShutdownHook] c.b.d.d.DynamicRoutingDataSource         : dynamic-datasource all closed success,bye
2022-07-18 20:42:24.944  INFO 26471 --- [main] com.txy.graduate.util.FileUtilTest       : Starting FileUtilTest using Java 17 on manjaro with PID 26471 (started by flyme in /home/flyme/桌面/生产实习/internship_cd/Graduate)
2022-07-18 20:42:24.945  INFO 26471 --- [main] com.txy.graduate.util.FileUtilTest       : The following 1 profile is active: "dev"
2022-07-18 20:42:25.856  INFO 26471 --- [main] .s.d.r.c.RepositoryConfigurationDelegate : Multiple Spring Data modules found, entering strict repository configuration mode!
2022-07-18 20:42:25.859  INFO 26471 --- [main] .s.d.r.c.RepositoryConfigurationDelegate : Bootstrapping Spring Data Redis repositories in DEFAULT mode.
2022-07-18 20:42:25.887  INFO 26471 --- [main] .s.d.r.c.RepositoryConfigurationDelegate : Finished Spring Data repository scanning in 15 ms. Found 0 Redis repository interfaces.
2022-07-18 20:42:26.428  INFO 26471 --- [main] trationDelegate$BeanPostProcessorChecker : Bean 'spring.datasource.dynamic-com.baomidou.dynamic.datasource.spring.boot.autoconfigure.DynamicDataSourceProperties' of type [com.baomidou.dynamic.datasource.spring.boot.autoconfigure.DynamicDataSourceProperties] is not eligible for getting processed by all BeanPostProcessors (for example: not eligible for auto-proxying)
2022-07-18 20:42:26.433  INFO 26471 --- [main] trationDelegate$BeanPostProcessorChecker : Bean 'com.baomidou.dynamic.datasource.spring.boot.autoconfigure.DynamicDataSourceAutoConfiguration' of type [com.baomidou.dynamic.datasource.spring.boot.autoconfigure.DynamicDataSourceAutoConfiguration$$EnhancerBySpringCGLIB$$24c1033] is not eligible for getting processed by all BeanPostProcessors (for example: not eligible for auto-proxying)
2022-07-18 20:42:26.452  INFO 26471 --- [main] trationDelegate$BeanPostProcessorChecker : Bean 'dsProcessor' of type [com.baomidou.dynamic.datasource.processor.DsHeaderProcessor] is not eligible for getting processed by all BeanPostProcessors (for example: not eligible for auto-proxying)
2022-07-18 20:42:27.297  INFO 26471 --- [main] com.alibaba.druid.pool.DruidDataSource   : {dataSource-1,master} inited
2022-07-18 20:42:27.377  INFO 26471 --- [main] com.alibaba.druid.pool.DruidDataSource   : {dataSource-2,slave_1} inited
2022-07-18 20:42:27.468  INFO 26471 --- [main] com.alibaba.druid.pool.DruidDataSource   : {dataSource-3,slave_2} inited
2022-07-18 20:42:27.469  INFO 26471 --- [main] c.b.d.d.DynamicRoutingDataSource         : dynamic-datasource - add a datasource named [slave_2] success
2022-07-18 20:42:27.470  INFO 26471 --- [main] c.b.d.d.DynamicRoutingDataSource         : dynamic-datasource - add a datasource named [master] success
2022-07-18 20:42:27.470  INFO 26471 --- [main] c.b.d.d.DynamicRoutingDataSource         : dynamic-datasource - add a datasource named [slave_1] success
2022-07-18 20:42:27.470  INFO 26471 --- [main] c.b.d.d.DynamicRoutingDataSource         : dynamic-datasource initial loaded [3] datasource,primary datasource named [master]
2022-07-18 20:42:28.677  INFO 26471 --- [main] o.s.s.web.DefaultSecurityFilterChain     : Will secure any request with [org.springframework.security.web.session.DisableEncodeUrlFilter@240f2efd, org.springframework.security.web.context.request.async.WebAsyncManagerIntegrationFilter@175957b6, org.springframework.security.web.context.SecurityContextPersistenceFilter@49f6c25e, org.springframework.security.web.header.HeaderWriterFilter@3e55d844, org.springframework.web.filter.CorsFilter@1b7a4930, org.springframework.security.web.authentication.logout.LogoutFilter@740ee00f, com.txy.graduate.security.filter.CaptcheFilter@591a4d25, org.springframework.security.web.authentication.UsernamePasswordAuthenticationFilter@29a1ec65, com.txy.graduate.security.filter.JWTFilter@4bfe83d, org.springframework.security.web.savedrequest.RequestCacheAwareFilter@47ae6c18, org.springframework.security.web.servletapi.SecurityContextHolderAwareRequestFilter@74e2cfc5, org.springframework.security.web.authentication.AnonymousAuthenticationFilter@5906ebfb, org.springframework.security.web.session.SessionManagementFilter@3aeb267, org.springframework.security.web.access.ExceptionTranslationFilter@dbda472, org.springframework.security.web.access.intercept.FilterSecurityInterceptor@4d0b276e]
2022-07-18 20:42:29.703  INFO 26471 --- [main] com.txy.graduate.util.FileUtilTest       : Started FileUtilTest in 5.124 seconds (JVM running for 6.578)
2022-07-18 20:42:30.408  INFO 26471 --- [SpringApplicationShutdownHook] c.b.d.d.DynamicRoutingDataSource         : dynamic-datasource start closing ....
2022-07-18 20:42:30.410  INFO 26471 --- [SpringApplicationShutdownHook] com.alibaba.druid.pool.DruidDataSource   : {dataSource-3} closing ...
2022-07-18 20:42:30.414  INFO 26471 --- [SpringApplicationShutdownHook] com.alibaba.druid.pool.DruidDataSource   : {dataSource-3} closed
2022-07-18 20:42:30.414  INFO 26471 --- [SpringApplicationShutdownHook] com.alibaba.druid.pool.DruidDataSource   : {dataSource-1} closing ...
2022-07-18 20:42:30.416  INFO 26471 --- [SpringApplicationShutdownHook] com.alibaba.druid.pool.DruidDataSource   : {dataSource-1} closed
2022-07-18 20:42:30.416  INFO 26471 --- [SpringApplicationShutdownHook] com.alibaba.druid.pool.DruidDataSource   : {dataSource-2} closing ...
2022-07-18 20:42:30.418  INFO 26471 --- [SpringApplicationShutdownHook] com.alibaba.druid.pool.DruidDataSource   : {dataSource-2} closed
2022-07-18 20:42:30.419  INFO 26471 --- [SpringApplicationShutdownHook] c.b.d.d.DynamicRoutingDataSource         : dynamic-datasource all closed success,bye
2022-07-18 20:54:13.503  INFO 28169 --- [main] com.txy.graduate.util.FileUtilTest       : Starting FileUtilTest using Java 17 on manjaro with PID 28169 (started by flyme in /home/flyme/桌面/生产实习/internship_cd/Graduate)
2022-07-18 20:54:13.504  INFO 28169 --- [main] com.txy.graduate.util.FileUtilTest       : The following 1 profile is active: "dev"
2022-07-18 20:54:14.252  INFO 28169 --- [main] .s.d.r.c.RepositoryConfigurationDelegate : Multiple Spring Data modules found, entering strict repository configuration mode!
2022-07-18 20:54:14.254  INFO 28169 --- [main] .s.d.r.c.RepositoryConfigurationDelegate : Bootstrapping Spring Data Redis repositories in DEFAULT mode.
2022-07-18 20:54:14.280  INFO 28169 --- [main] .s.d.r.c.RepositoryConfigurationDelegate : Finished Spring Data repository scanning in 13 ms. Found 0 Redis repository interfaces.
2022-07-18 20:54:14.802  INFO 28169 --- [main] trationDelegate$BeanPostProcessorChecker : Bean 'spring.datasource.dynamic-com.baomidou.dynamic.datasource.spring.boot.autoconfigure.DynamicDataSourceProperties' of type [com.baomidou.dynamic.datasource.spring.boot.autoconfigure.DynamicDataSourceProperties] is not eligible for getting processed by all BeanPostProcessors (for example: not eligible for auto-proxying)
2022-07-18 20:54:14.808  INFO 28169 --- [main] trationDelegate$BeanPostProcessorChecker : Bean 'com.baomidou.dynamic.datasource.spring.boot.autoconfigure.DynamicDataSourceAutoConfiguration' of type [com.baomidou.dynamic.datasource.spring.boot.autoconfigure.DynamicDataSourceAutoConfiguration$$EnhancerBySpringCGLIB$$f7b3f667] is not eligible for getting processed by all BeanPostProcessors (for example: not eligible for auto-proxying)
2022-07-18 20:54:14.832  INFO 28169 --- [main] trationDelegate$BeanPostProcessorChecker : Bean 'dsProcessor' of type [com.baomidou.dynamic.datasource.processor.DsHeaderProcessor] is not eligible for getting processed by all BeanPostProcessors (for example: not eligible for auto-proxying)
2022-07-18 20:54:15.924  INFO 28169 --- [main] com.alibaba.druid.pool.DruidDataSource   : {dataSource-1,master} inited
2022-07-18 20:54:16.004  INFO 28169 --- [main] com.alibaba.druid.pool.DruidDataSource   : {dataSource-2,slave_1} inited
2022-07-18 20:54:16.073  INFO 28169 --- [main] com.alibaba.druid.pool.DruidDataSource   : {dataSource-3,slave_2} inited
2022-07-18 20:54:16.073  INFO 28169 --- [main] c.b.d.d.DynamicRoutingDataSource         : dynamic-datasource - add a datasource named [slave_2] success
2022-07-18 20:54:16.075  INFO 28169 --- [main] c.b.d.d.DynamicRoutingDataSource         : dynamic-datasource - add a datasource named [master] success
2022-07-18 20:54:16.075  INFO 28169 --- [main] c.b.d.d.DynamicRoutingDataSource         : dynamic-datasource - add a datasource named [slave_1] success
2022-07-18 20:54:16.075  INFO 28169 --- [main] c.b.d.d.DynamicRoutingDataSource         : dynamic-datasource initial loaded [3] datasource,primary datasource named [master]
2022-07-18 20:54:17.446  INFO 28169 --- [main] o.s.s.web.DefaultSecurityFilterChain     : Will secure any request with [org.springframework.security.web.session.DisableEncodeUrlFilter@53df7e67, org.springframework.security.web.context.request.async.WebAsyncManagerIntegrationFilter@3d4b45b, org.springframework.security.web.context.SecurityContextPersistenceFilter@3e12c5de, org.springframework.security.web.header.HeaderWriterFilter@48b09105, org.springframework.web.filter.CorsFilter@4d0b276e, org.springframework.security.web.authentication.logout.LogoutFilter@3dcbbbc, com.txy.graduate.security.filter.CaptcheFilter@31531d0d, org.springframework.security.web.authentication.UsernamePasswordAuthenticationFilter@7e1fb22c, com.txy.graduate.security.filter.JWTFilter@19d76106, org.springframework.security.web.savedrequest.RequestCacheAwareFilter@2b3abeeb, org.springframework.security.web.servletapi.SecurityContextHolderAwareRequestFilter@146fa9c0, org.springframework.security.web.authentication.AnonymousAuthenticationFilter@3f87780b, org.springframework.security.web.session.SessionManagementFilter@dbda472, org.springframework.security.web.access.ExceptionTranslationFilter@60ee7a51, org.springframework.security.web.access.intercept.FilterSecurityInterceptor@7509226c]
2022-07-18 20:54:18.577  INFO 28169 --- [main] com.txy.graduate.util.FileUtilTest       : Started FileUtilTest in 5.394 seconds (JVM running for 6.616)
2022-07-18 20:54:19.385  INFO 28169 --- [SpringApplicationShutdownHook] c.b.d.d.DynamicRoutingDataSource         : dynamic-datasource start closing ....
2022-07-18 20:54:19.389  INFO 28169 --- [SpringApplicationShutdownHook] com.alibaba.druid.pool.DruidDataSource   : {dataSource-3} closing ...
2022-07-18 20:54:19.395  INFO 28169 --- [SpringApplicationShutdownHook] com.alibaba.druid.pool.DruidDataSource   : {dataSource-3} closed
2022-07-18 20:54:19.395  INFO 28169 --- [SpringApplicationShutdownHook] com.alibaba.druid.pool.DruidDataSource   : {dataSource-1} closing ...
2022-07-18 20:54:19.398  INFO 28169 --- [SpringApplicationShutdownHook] com.alibaba.druid.pool.DruidDataSource   : {dataSource-1} closed
2022-07-18 20:54:19.398  INFO 28169 --- [SpringApplicationShutdownHook] com.alibaba.druid.pool.DruidDataSource   : {dataSource-2} closing ...
2022-07-18 20:54:19.401  INFO 28169 --- [SpringApplicationShutdownHook] com.alibaba.druid.pool.DruidDataSource   : {dataSource-2} closed
2022-07-18 20:54:19.401  INFO 28169 --- [SpringApplicationShutdownHook] c.b.d.d.DynamicRoutingDataSource         : dynamic-datasource all closed success,bye
2022-07-18 20:57:35.790  INFO 28860 --- [main] com.txy.graduate.util.FileUtilTest       : Starting FileUtilTest using Java 17 on manjaro with PID 28860 (started by flyme in /home/flyme/桌面/生产实习/internship_cd/Graduate)
2022-07-18 20:57:35.792  INFO 28860 --- [main] com.txy.graduate.util.FileUtilTest       : The following 1 profile is active: "dev"
2022-07-18 20:57:37.007  INFO 28860 --- [main] .s.d.r.c.RepositoryConfigurationDelegate : Multiple Spring Data modules found, entering strict repository configuration mode!
2022-07-18 20:57:37.009  INFO 28860 --- [main] .s.d.r.c.RepositoryConfigurationDelegate : Bootstrapping Spring Data Redis repositories in DEFAULT mode.
2022-07-18 20:57:37.059  INFO 28860 --- [main] .s.d.r.c.RepositoryConfigurationDelegate : Finished Spring Data repository scanning in 26 ms. Found 0 Redis repository interfaces.
2022-07-18 20:57:37.826  INFO 28860 --- [main] trationDelegate$BeanPostProcessorChecker : Bean 'spring.datasource.dynamic-com.baomidou.dynamic.datasource.spring.boot.autoconfigure.DynamicDataSourceProperties' of type [com.baomidou.dynamic.datasource.spring.boot.autoconfigure.DynamicDataSourceProperties] is not eligible for getting processed by all BeanPostProcessors (for example: not eligible for auto-proxying)
2022-07-18 20:57:37.837  INFO 28860 --- [main] trationDelegate$BeanPostProcessorChecker : Bean 'com.baomidou.dynamic.datasource.spring.boot.autoconfigure.DynamicDataSourceAutoConfiguration' of type [com.baomidou.dynamic.datasource.spring.boot.autoconfigure.DynamicDataSourceAutoConfiguration$$EnhancerBySpringCGLIB$$686fc727] is not eligible for getting processed by all BeanPostProcessors (for example: not eligible for auto-proxying)
2022-07-18 20:57:37.872  INFO 28860 --- [main] trationDelegate$BeanPostProcessorChecker : Bean 'dsProcessor' of type [com.baomidou.dynamic.datasource.processor.DsHeaderProcessor] is not eligible for getting processed by all BeanPostProcessors (for example: not eligible for auto-proxying)
2022-07-18 20:57:39.145  INFO 28860 --- [main] com.alibaba.druid.pool.DruidDataSource   : {dataSource-1,master} inited
2022-07-18 20:57:39.228  INFO 28860 --- [main] com.alibaba.druid.pool.DruidDataSource   : {dataSource-2,slave_1} inited
2022-07-18 20:57:39.324  INFO 28860 --- [main] com.alibaba.druid.pool.DruidDataSource   : {dataSource-3,slave_2} inited
2022-07-18 20:57:39.324  INFO 28860 --- [main] c.b.d.d.DynamicRoutingDataSource         : dynamic-datasource - add a datasource named [slave_2] success
2022-07-18 20:57:39.326  INFO 28860 --- [main] c.b.d.d.DynamicRoutingDataSource         : dynamic-datasource - add a datasource named [master] success
2022-07-18 20:57:39.327  INFO 28860 --- [main] c.b.d.d.DynamicRoutingDataSource         : dynamic-datasource - add a datasource named [slave_1] success
2022-07-18 20:57:39.327  INFO 28860 --- [main] c.b.d.d.DynamicRoutingDataSource         : dynamic-datasource initial loaded [3] datasource,primary datasource named [master]
2022-07-18 20:57:40.966  INFO 28860 --- [main] o.s.s.web.DefaultSecurityFilterChain     : Will secure any request with [org.springframework.security.web.session.DisableEncodeUrlFilter@240f2efd, org.springframework.security.web.context.request.async.WebAsyncManagerIntegrationFilter@175957b6, org.springframework.security.web.context.SecurityContextPersistenceFilter@49f6c25e, org.springframework.security.web.header.HeaderWriterFilter@18b45500, org.springframework.web.filter.CorsFilter@1b7a4930, org.springframework.security.web.authentication.logout.LogoutFilter@740ee00f, com.txy.graduate.security.filter.CaptcheFilter@591a4d25, org.springframework.security.web.authentication.UsernamePasswordAuthenticationFilter@29a1ec65, com.txy.graduate.security.filter.JWTFilter@4bfe83d, org.springframework.security.web.savedrequest.RequestCacheAwareFilter@47ae6c18, org.springframework.security.web.servletapi.SecurityContextHolderAwareRequestFilter@74e2cfc5, org.springframework.security.web.authentication.AnonymousAuthenticationFilter@5906ebfb, org.springframework.security.web.session.SessionManagementFilter@3aeb267, org.springframework.security.web.access.ExceptionTranslationFilter@70e1aa20, org.springframework.security.web.access.intercept.FilterSecurityInterceptor@4d0b276e]
2022-07-18 20:57:42.561  INFO 28860 --- [main] com.txy.graduate.util.FileUtilTest       : Started FileUtilTest in 7.229 seconds (JVM running for 8.911)
2022-07-18 20:57:44.004  INFO 28860 --- [SpringApplicationShutdownHook] c.b.d.d.DynamicRoutingDataSource         : dynamic-datasource start closing ....
2022-07-18 20:57:44.008  INFO 28860 --- [SpringApplicationShutdownHook] com.alibaba.druid.pool.DruidDataSource   : {dataSource-3} closing ...
2022-07-18 20:57:44.014  INFO 28860 --- [SpringApplicationShutdownHook] com.alibaba.druid.pool.DruidDataSource   : {dataSource-3} closed
2022-07-18 20:57:44.014  INFO 28860 --- [SpringApplicationShutdownHook] com.alibaba.druid.pool.DruidDataSource   : {dataSource-1} closing ...
2022-07-18 20:57:44.017  INFO 28860 --- [SpringApplicationShutdownHook] com.alibaba.druid.pool.DruidDataSource   : {dataSource-1} closed
2022-07-18 20:57:44.018  INFO 28860 --- [SpringApplicationShutdownHook] com.alibaba.druid.pool.DruidDataSource   : {dataSource-2} closing ...
2022-07-18 20:57:44.021  INFO 28860 --- [SpringApplicationShutdownHook] com.alibaba.druid.pool.DruidDataSource   : {dataSource-2} closed
2022-07-18 20:57:44.021  INFO 28860 --- [SpringApplicationShutdownHook] c.b.d.d.DynamicRoutingDataSource         : dynamic-datasource all closed success,bye
2022-07-18 20:58:11.936  INFO 29484 --- [main] com.txy.graduate.util.FileUtilTest       : Starting FileUtilTest using Java 17 on manjaro with PID 29484 (started by flyme in /home/flyme/桌面/生产实习/internship_cd/Graduate)
2022-07-18 20:58:11.938  INFO 29484 --- [main] com.txy.graduate.util.FileUtilTest       : The following 1 profile is active: "dev"
2022-07-18 20:58:13.025  INFO 29484 --- [main] .s.d.r.c.RepositoryConfigurationDelegate : Multiple Spring Data modules found, entering strict repository configuration mode!
2022-07-18 20:58:13.035  INFO 29484 --- [main] .s.d.r.c.RepositoryConfigurationDelegate : Bootstrapping Spring Data Redis repositories in DEFAULT mode.
2022-07-18 20:58:13.081  INFO 29484 --- [main] .s.d.r.c.RepositoryConfigurationDelegate : Finished Spring Data repository scanning in 27 ms. Found 0 Redis repository interfaces.
2022-07-18 20:58:13.847  INFO 29484 --- [main] trationDelegate$BeanPostProcessorChecker : Bean 'spring.datasource.dynamic-com.baomidou.dynamic.datasource.spring.boot.autoconfigure.DynamicDataSourceProperties' of type [com.baomidou.dynamic.datasource.spring.boot.autoconfigure.DynamicDataSourceProperties] is not eligible for getting processed by all BeanPostProcessors (for example: not eligible for auto-proxying)
2022-07-18 20:58:13.857  INFO 29484 --- [main] trationDelegate$BeanPostProcessorChecker : Bean 'com.baomidou.dynamic.datasource.spring.boot.autoconfigure.DynamicDataSourceAutoConfiguration' of type [com.baomidou.dynamic.datasource.spring.boot.autoconfigure.DynamicDataSourceAutoConfiguration$$EnhancerBySpringCGLIB$$3efa6208] is not eligible for getting processed by all BeanPostProcessors (for example: not eligible for auto-proxying)
2022-07-18 20:58:13.891  INFO 29484 --- [main] trationDelegate$BeanPostProcessorChecker : Bean 'dsProcessor' of type [com.baomidou.dynamic.datasource.processor.DsHeaderProcessor] is not eligible for getting processed by all BeanPostProcessors (for example: not eligible for auto-proxying)
2022-07-18 20:58:14.995  INFO 29484 --- [main] com.alibaba.druid.pool.DruidDataSource   : {dataSource-1,master} inited
2022-07-18 20:58:15.091  INFO 29484 --- [main] com.alibaba.druid.pool.DruidDataSource   : {dataSource-2,slave_1} inited
2022-07-18 20:58:15.195  INFO 29484 --- [main] com.alibaba.druid.pool.DruidDataSource   : {dataSource-3,slave_2} inited
2022-07-18 20:58:15.196  INFO 29484 --- [main] c.b.d.d.DynamicRoutingDataSource         : dynamic-datasource - add a datasource named [slave_2] success
2022-07-18 20:58:15.197  INFO 29484 --- [main] c.b.d.d.DynamicRoutingDataSource         : dynamic-datasource - add a datasource named [master] success
2022-07-18 20:58:15.198  INFO 29484 --- [main] c.b.d.d.DynamicRoutingDataSource         : dynamic-datasource - add a datasource named [slave_1] success
2022-07-18 20:58:15.198  INFO 29484 --- [main] c.b.d.d.DynamicRoutingDataSource         : dynamic-datasource initial loaded [3] datasource,primary datasource named [master]
2022-07-18 20:58:16.736  INFO 29484 --- [main] o.s.s.web.DefaultSecurityFilterChain     : Will secure any request with [org.springframework.security.web.session.DisableEncodeUrlFilter@591a4d25, org.springframework.security.web.context.request.async.WebAsyncManagerIntegrationFilter@4bfe83d, org.springframework.security.web.context.SecurityContextPersistenceFilter@47ae6c18, org.springframework.security.web.header.HeaderWriterFilter@3aeb267, org.springframework.web.filter.CorsFilter@5906ebfb, org.springframework.security.web.authentication.logout.LogoutFilter@2aac6fa7, com.txy.graduate.security.filter.CaptcheFilter@10fc1a22, org.springframework.security.web.authentication.UsernamePasswordAuthenticationFilter@1805ca5c, com.txy.graduate.security.filter.JWTFilter@1b841e7d, org.springframework.security.web.savedrequest.RequestCacheAwareFilter@552cb0d5, org.springframework.security.web.servletapi.SecurityContextHolderAwareRequestFilter@2d8087da, org.springframework.security.web.authentication.AnonymousAuthenticationFilter@6081f330, org.springframework.security.web.session.SessionManagementFilter@62a41279, org.springframework.security.web.access.ExceptionTranslationFilter@568ef502, org.springframework.security.web.access.intercept.FilterSecurityInterceptor@3f87780b]
2022-07-18 20:58:18.075  INFO 29484 --- [main] com.txy.graduate.util.FileUtilTest       : Started FileUtilTest in 6.69 seconds (JVM running for 8.355)
2022-07-18 20:58:19.038  INFO 29484 --- [SpringApplicationShutdownHook] c.b.d.d.DynamicRoutingDataSource         : dynamic-datasource start closing ....
2022-07-18 20:58:19.041  INFO 29484 --- [SpringApplicationShutdownHook] com.alibaba.druid.pool.DruidDataSource   : {dataSource-3} closing ...
2022-07-18 20:58:19.047  INFO 29484 --- [SpringApplicationShutdownHook] com.alibaba.druid.pool.DruidDataSource   : {dataSource-3} closed
2022-07-18 20:58:19.048  INFO 29484 --- [SpringApplicationShutdownHook] com.alibaba.druid.pool.DruidDataSource   : {dataSource-1} closing ...
2022-07-18 20:58:19.052  INFO 29484 --- [SpringApplicationShutdownHook] com.alibaba.druid.pool.DruidDataSource   : {dataSource-1} closed
2022-07-18 20:58:19.052  INFO 29484 --- [SpringApplicationShutdownHook] com.alibaba.druid.pool.DruidDataSource   : {dataSource-2} closing ...
2022-07-18 20:58:19.056  INFO 29484 --- [SpringApplicationShutdownHook] com.alibaba.druid.pool.DruidDataSource   : {dataSource-2} closed
2022-07-18 20:58:19.057  INFO 29484 --- [SpringApplicationShutdownHook] c.b.d.d.DynamicRoutingDataSource         : dynamic-datasource all closed success,bye
2022-07-18 21:04:28.618  INFO 30814 --- [main] com.txy.graduate.util.FileUtilTest       : Starting FileUtilTest using Java 17 on manjaro with PID 30814 (started by flyme in /home/flyme/桌面/生产实习/internship_cd/Graduate)
2022-07-18 21:04:28.620  INFO 30814 --- [main] com.txy.graduate.util.FileUtilTest       : The following 1 profile is active: "dev"
2022-07-18 21:04:30.346  INFO 30814 --- [main] .s.d.r.c.RepositoryConfigurationDelegate : Multiple Spring Data modules found, entering strict repository configuration mode!
2022-07-18 21:04:30.351  INFO 30814 --- [main] .s.d.r.c.RepositoryConfigurationDelegate : Bootstrapping Spring Data Redis repositories in DEFAULT mode.
2022-07-18 21:04:30.416  INFO 30814 --- [main] .s.d.r.c.RepositoryConfigurationDelegate : Finished Spring Data repository scanning in 41 ms. Found 0 Redis repository interfaces.
2022-07-18 21:04:31.632  INFO 30814 --- [main] trationDelegate$BeanPostProcessorChecker : Bean 'spring.datasource.dynamic-com.baomidou.dynamic.datasource.spring.boot.autoconfigure.DynamicDataSourceProperties' of type [com.baomidou.dynamic.datasource.spring.boot.autoconfigure.DynamicDataSourceProperties] is not eligible for getting processed by all BeanPostProcessors (for example: not eligible for auto-proxying)
2022-07-18 21:04:31.644  INFO 30814 --- [main] trationDelegate$BeanPostProcessorChecker : Bean 'com.baomidou.dynamic.datasource.spring.boot.autoconfigure.DynamicDataSourceAutoConfiguration' of type [com.baomidou.dynamic.datasource.spring.boot.autoconfigure.DynamicDataSourceAutoConfiguration$$EnhancerBySpringCGLIB$$1718b34e] is not eligible for getting processed by all BeanPostProcessors (for example: not eligible for auto-proxying)
