2022-07-18 21:04:31.720  INFO 30814 --- [main] trationDelegate$BeanPostProcessorChecker : Bean 'dsProcessor' of type [com.baomidou.dynamic.datasource.processor.DsHeaderProcessor] is not eligible for getting processed by all BeanPostProcessors (for example: not eligible for auto-proxying)
2022-07-18 21:04:33.603  INFO 30814 --- [main] com.alibaba.druid.pool.DruidDataSource   : {dataSource-1,master} inited
2022-07-18 21:04:33.761  INFO 30814 --- [main] com.alibaba.druid.pool.DruidDataSource   : {dataSource-2,slave_1} inited
2022-07-18 21:04:33.877  INFO 30814 --- [main] com.alibaba.druid.pool.DruidDataSource   : {dataSource-3,slave_2} inited
2022-07-18 21:04:33.878  INFO 30814 --- [main] c.b.d.d.DynamicRoutingDataSource         : dynamic-datasource - add a datasource named [slave_2] success
2022-07-18 21:04:33.880  INFO 30814 --- [main] c.b.d.d.DynamicRoutingDataSource         : dynamic-datasource - add a datasource named [master] success
2022-07-18 21:04:33.880  INFO 30814 --- [main] c.b.d.d.DynamicRoutingDataSource         : dynamic-datasource - add a datasource named [slave_1] success
2022-07-18 21:04:33.881  INFO 30814 --- [main] c.b.d.d.DynamicRoutingDataSource         : dynamic-datasource initial loaded [3] datasource,primary datasource named [master]
2022-07-18 21:04:35.811  INFO 30814 --- [main] o.s.s.web.DefaultSecurityFilterChain     : Will secure any request with [org.springframework.security.web.session.DisableEncodeUrlFilter@6604f246, org.springframework.security.web.context.request.async.WebAsyncManagerIntegrationFilter@c1386b4, org.springframework.security.web.context.SecurityContextPersistenceFilter@4822ab4d, org.springframework.security.web.header.HeaderWriterFilter@aa633e6, org.springframework.web.filter.CorsFilter@53d9af1, org.springframework.security.web.authentication.logout.LogoutFilter@3991fe6d, com.txy.graduate.security.filter.CaptcheFilter@c89e263, org.springframework.security.web.authentication.UsernamePasswordAuthenticationFilter@23954300, com.txy.graduate.security.filter.JWTFilter@4d5ea776, org.springframework.security.web.savedrequest.RequestCacheAwareFilter@608eb42e, org.springframework.security.web.servletapi.SecurityContextHolderAwareRequestFilter@554d040d, org.springframework.security.web.authentication.AnonymousAuthenticationFilter@5d68be4f, org.springframework.security.web.session.SessionManagementFilter@185a7dd0, org.springframework.security.web.access.ExceptionTranslationFilter@29a1ec65, org.springframework.security.web.access.intercept.FilterSecurityInterceptor@7f3e9acc]
2022-07-18 21:04:37.486  INFO 30814 --- [main] com.txy.graduate.util.FileUtilTest       : Started FileUtilTest in 9.469 seconds (JVM running for 11.251)
2022-07-18 21:04:38.862  INFO 30814 --- [SpringApplicationShutdownHook] c.b.d.d.DynamicRoutingDataSource         : dynamic-datasource start closing ....
2022-07-18 21:04:38.865  INFO 30814 --- [SpringApplicationShutdownHook] com.alibaba.druid.pool.DruidDataSource   : {dataSource-3} closing ...
2022-07-18 21:04:38.872  INFO 30814 --- [SpringApplicationShutdownHook] com.alibaba.druid.pool.DruidDataSource   : {dataSource-3} closed
2022-07-18 21:04:38.873  INFO 30814 --- [SpringApplicationShutdownHook] com.alibaba.druid.pool.DruidDataSource   : {dataSource-1} closing ...
2022-07-18 21:04:38.876  INFO 30814 --- [SpringApplicationShutdownHook] com.alibaba.druid.pool.DruidDataSource   : {dataSource-1} closed
2022-07-18 21:04:38.876  INFO 30814 --- [SpringApplicationShutdownHook] com.alibaba.druid.pool.DruidDataSource   : {dataSource-2} closing ...
2022-07-18 21:04:38.880  INFO 30814 --- [SpringApplicationShutdownHook] com.alibaba.druid.pool.DruidDataSource   : {dataSource-2} closed
2022-07-18 21:04:38.881  INFO 30814 --- [SpringApplicationShutdownHook] c.b.d.d.DynamicRoutingDataSource         : dynamic-datasource all closed success,bye
2022-07-18 21:08:11.398  INFO 31650 --- [main] com.txy.graduate.util.FileUtilTest       : Starting FileUtilTest using Java 17 on manjaro with PID 31650 (started by flyme in /home/flyme/桌面/生产实习/internship_cd/Graduate)
2022-07-18 21:08:11.400  INFO 31650 --- [main] com.txy.graduate.util.FileUtilTest       : The following 1 profile is active: "dev"
2022-07-18 21:08:13.145  INFO 31650 --- [main] .s.d.r.c.RepositoryConfigurationDelegate : Multiple Spring Data modules found, entering strict repository configuration mode!
2022-07-18 21:08:13.155  INFO 31650 --- [main] .s.d.r.c.RepositoryConfigurationDelegate : Bootstrapping Spring Data Redis repositories in DEFAULT mode.
2022-07-18 21:08:13.210  INFO 31650 --- [main] .s.d.r.c.RepositoryConfigurationDelegate : Finished Spring Data repository scanning in 31 ms. Found 0 Redis repository interfaces.
2022-07-18 21:08:13.967  INFO 31650 --- [main] trationDelegate$BeanPostProcessorChecker : Bean 'spring.datasource.dynamic-com.baomidou.dynamic.datasource.spring.boot.autoconfigure.DynamicDataSourceProperties' of type [com.baomidou.dynamic.datasource.spring.boot.autoconfigure.DynamicDataSourceProperties] is not eligible for getting processed by all BeanPostProcessors (for example: not eligible for auto-proxying)
2022-07-18 21:08:13.973  INFO 31650 --- [main] trationDelegate$BeanPostProcessorChecker : Bean 'com.baomidou.dynamic.datasource.spring.boot.autoconfigure.DynamicDataSourceAutoConfiguration' of type [com.baomidou.dynamic.datasource.spring.boot.autoconfigure.DynamicDataSourceAutoConfiguration$$EnhancerBySpringCGLIB$$7df5acc9] is not eligible for getting processed by all BeanPostProcessors (for example: not eligible for auto-proxying)
2022-07-18 21:08:13.995  INFO 31650 --- [main] trationDelegate$BeanPostProcessorChecker : Bean 'dsProcessor' of type [com.baomidou.dynamic.datasource.processor.DsHeaderProcessor] is not eligible for getting processed by all BeanPostProcessors (for example: not eligible for auto-proxying)
2022-07-18 21:08:14.944  INFO 31650 --- [main] com.alibaba.druid.pool.DruidDataSource   : {dataSource-1,master} inited
2022-07-18 21:08:15.035  INFO 31650 --- [main] com.alibaba.druid.pool.DruidDataSource   : {dataSource-2,slave_1} inited
2022-07-18 21:08:15.131  INFO 31650 --- [main] com.alibaba.druid.pool.DruidDataSource   : {dataSource-3,slave_2} inited
2022-07-18 21:08:15.132  INFO 31650 --- [main] c.b.d.d.DynamicRoutingDataSource         : dynamic-datasource - add a datasource named [slave_2] success
2022-07-18 21:08:15.134  INFO 31650 --- [main] c.b.d.d.DynamicRoutingDataSource         : dynamic-datasource - add a datasource named [master] success
2022-07-18 21:08:15.135  INFO 31650 --- [main] c.b.d.d.DynamicRoutingDataSource         : dynamic-datasource - add a datasource named [slave_1] success
2022-07-18 21:08:15.135  INFO 31650 --- [main] c.b.d.d.DynamicRoutingDataSource         : dynamic-datasource initial loaded [3] datasource,primary datasource named [master]
2022-07-18 21:08:16.618  INFO 31650 --- [main] o.s.s.web.DefaultSecurityFilterChain     : Will secure any request with [org.springframework.security.web.session.DisableEncodeUrlFilter@602c167e, org.springframework.security.web.context.request.async.WebAsyncManagerIntegrationFilter@74c04377, org.springframework.security.web.context.SecurityContextPersistenceFilter@4040ccae, org.springframework.security.web.header.HeaderWriterFilter@7a47f0be, org.springframework.web.filter.CorsFilter@10d49900, org.springframework.security.web.authentication.logout.LogoutFilter@3c46e6f6, com.txy.graduate.security.filter.CaptcheFilter@e645600, org.springframework.security.web.authentication.UsernamePasswordAuthenticationFilter@663622b1, com.txy.graduate.security.filter.JWTFilter@e7b3e54, org.springframework.security.web.savedrequest.RequestCacheAwareFilter@2aac6fa7, org.springframework.security.web.servletapi.SecurityContextHolderAwareRequestFilter@aa633e6, org.springframework.security.web.authentication.AnonymousAuthenticationFilter@78d61f17, org.springframework.security.web.session.SessionManagementFilter@6fdaef04, org.springframework.security.web.access.ExceptionTranslationFilter@3835b281, org.springframework.security.web.access.intercept.FilterSecurityInterceptor@1eda309d]
2022-07-18 21:08:17.912  INFO 31650 --- [main] com.txy.graduate.util.FileUtilTest       : Started FileUtilTest in 7.455 seconds (JVM running for 9.919)
2022-07-18 21:08:18.743  INFO 31650 --- [SpringApplicationShutdownHook] c.b.d.d.DynamicRoutingDataSource         : dynamic-datasource start closing ....
2022-07-18 21:08:18.746  INFO 31650 --- [SpringApplicationShutdownHook] com.alibaba.druid.pool.DruidDataSource   : {dataSource-3} closing ...
2022-07-18 21:08:18.752  INFO 31650 --- [SpringApplicationShutdownHook] com.alibaba.druid.pool.DruidDataSource   : {dataSource-3} closed
2022-07-18 21:08:18.753  INFO 31650 --- [SpringApplicationShutdownHook] com.alibaba.druid.pool.DruidDataSource   : {dataSource-1} closing ...
2022-07-18 21:08:18.755  INFO 31650 --- [SpringApplicationShutdownHook] com.alibaba.druid.pool.DruidDataSource   : {dataSource-1} closed
2022-07-18 21:08:18.755  INFO 31650 --- [SpringApplicationShutdownHook] com.alibaba.druid.pool.DruidDataSource   : {dataSource-2} closing ...
2022-07-18 21:08:18.757  INFO 31650 --- [SpringApplicationShutdownHook] com.alibaba.druid.pool.DruidDataSource   : {dataSource-2} closed
2022-07-18 21:08:18.758  INFO 31650 --- [SpringApplicationShutdownHook] c.b.d.d.DynamicRoutingDataSource         : dynamic-datasource all closed success,bye
2022-07-18 21:21:53.453  INFO 32425 --- [main] com.txy.graduate.util.FileUtilTest       : Starting FileUtilTest using Java 17 on manjaro with PID 32425 (started by flyme in /home/flyme/桌面/生产实习/internship_cd/Graduate)
2022-07-18 21:21:53.456  INFO 32425 --- [main] com.txy.graduate.util.FileUtilTest       : The following 1 profile is active: "dev"
2022-07-18 21:21:54.377  INFO 32425 --- [main] .s.d.r.c.RepositoryConfigurationDelegate : Multiple Spring Data modules found, entering strict repository configuration mode!
2022-07-18 21:21:54.380  INFO 32425 --- [main] .s.d.r.c.RepositoryConfigurationDelegate : Bootstrapping Spring Data Redis repositories in DEFAULT mode.
2022-07-18 21:21:54.422  INFO 32425 --- [main] .s.d.r.c.RepositoryConfigurationDelegate : Finished Spring Data repository scanning in 25 ms. Found 0 Redis repository interfaces.
2022-07-18 21:21:55.154  INFO 32425 --- [main] trationDelegate$BeanPostProcessorChecker : Bean 'spring.datasource.dynamic-com.baomidou.dynamic.datasource.spring.boot.autoconfigure.DynamicDataSourceProperties' of type [com.baomidou.dynamic.datasource.spring.boot.autoconfigure.DynamicDataSourceProperties] is not eligible for getting processed by all BeanPostProcessors (for example: not eligible for auto-proxying)
2022-07-18 21:21:55.160  INFO 32425 --- [main] trationDelegate$BeanPostProcessorChecker : Bean 'com.baomidou.dynamic.datasource.spring.boot.autoconfigure.DynamicDataSourceAutoConfiguration' of type [com.baomidou.dynamic.datasource.spring.boot.autoconfigure.DynamicDataSourceAutoConfiguration$$EnhancerBySpringCGLIB$$f7b3f667] is not eligible for getting processed by all BeanPostProcessors (for example: not eligible for auto-proxying)
2022-07-18 21:21:55.186  INFO 32425 --- [main] trationDelegate$BeanPostProcessorChecker : Bean 'dsProcessor' of type [com.baomidou.dynamic.datasource.processor.DsHeaderProcessor] is not eligible for getting processed by all BeanPostProcessors (for example: not eligible for auto-proxying)
2022-07-18 21:21:56.549  INFO 32425 --- [main] com.alibaba.druid.pool.DruidDataSource   : {dataSource-1,master} inited
2022-07-18 21:21:56.697  INFO 32425 --- [main] com.alibaba.druid.pool.DruidDataSource   : {dataSource-2,slave_1} inited
2022-07-18 21:21:56.823  INFO 32425 --- [main] com.alibaba.druid.pool.DruidDataSource   : {dataSource-3,slave_2} inited
2022-07-18 21:21:56.825  INFO 32425 --- [main] c.b.d.d.DynamicRoutingDataSource         : dynamic-datasource - add a datasource named [slave_2] success
2022-07-18 21:21:56.829  INFO 32425 --- [main] c.b.d.d.DynamicRoutingDataSource         : dynamic-datasource - add a datasource named [master] success
2022-07-18 21:21:56.829  INFO 32425 --- [main] c.b.d.d.DynamicRoutingDataSource         : dynamic-datasource - add a datasource named [slave_1] success
2022-07-18 21:21:56.830  INFO 32425 --- [main] c.b.d.d.DynamicRoutingDataSource         : dynamic-datasource initial loaded [3] datasource,primary datasource named [master]
2022-07-18 21:21:58.685  INFO 32425 --- [main] o.s.s.web.DefaultSecurityFilterChain     : Will secure any request with [org.springframework.security.web.session.DisableEncodeUrlFilter@7a587e84, org.springframework.security.web.context.request.async.WebAsyncManagerIntegrationFilter@622ba721, org.springframework.security.web.context.SecurityContextPersistenceFilter@5b715ea, org.springframework.security.web.header.HeaderWriterFilter@5c930fc3, org.springframework.web.filter.CorsFilter@6b2f7527, org.springframework.security.web.authentication.logout.LogoutFilter@61d6c8c4, com.txy.graduate.security.filter.CaptcheFilter@7509226c, org.springframework.security.web.authentication.UsernamePasswordAuthenticationFilter@2d8087da, com.txy.graduate.security.filter.JWTFilter@4c9cce17, org.springframework.security.web.savedrequest.RequestCacheAwareFilter@18b45500, org.springframework.security.web.servletapi.SecurityContextHolderAwareRequestFilter@568ef502, org.springframework.security.web.authentication.AnonymousAuthenticationFilter@73316a0a, org.springframework.security.web.session.SessionManagementFilter@2447940d, org.springframework.security.web.access.ExceptionTranslationFilter@74a1d60e, org.springframework.security.web.access.intercept.FilterSecurityInterceptor@33f81280]
2022-07-18 21:22:00.161  INFO 32425 --- [main] com.txy.graduate.util.FileUtilTest       : Started FileUtilTest in 7.059 seconds (JVM running for 8.264)
2022-07-18 21:22:01.186  INFO 32425 --- [SpringApplicationShutdownHook] c.b.d.d.DynamicRoutingDataSource         : dynamic-datasource start closing ....
2022-07-18 21:22:01.190  INFO 32425 --- [SpringApplicationShutdownHook] com.alibaba.druid.pool.DruidDataSource   : {dataSource-3} closing ...
2022-07-18 21:22:01.196  INFO 32425 --- [SpringApplicationShutdownHook] com.alibaba.druid.pool.DruidDataSource   : {dataSource-3} closed
2022-07-18 21:22:01.196  INFO 32425 --- [SpringApplicationShutdownHook] com.alibaba.druid.pool.DruidDataSource   : {dataSource-1} closing ...
2022-07-18 21:22:01.201  INFO 32425 --- [SpringApplicationShutdownHook] com.alibaba.druid.pool.DruidDataSource   : {dataSource-1} closed
2022-07-18 21:22:01.201  INFO 32425 --- [SpringApplicationShutdownHook] com.alibaba.druid.pool.DruidDataSource   : {dataSource-2} closing ...
2022-07-18 21:22:01.205  INFO 32425 --- [SpringApplicationShutdownHook] com.alibaba.druid.pool.DruidDataSource   : {dataSource-2} closed
2022-07-18 21:22:01.206  INFO 32425 --- [SpringApplicationShutdownHook] c.b.d.d.DynamicRoutingDataSource         : dynamic-datasource all closed success,bye
2022-07-18 21:23:56.527  INFO 34078 --- [main] com.txy.graduate.util.FileUtilTest       : Starting FileUtilTest using Java 17 on manjaro with PID 34078 (started by flyme in /home/flyme/桌面/生产实习/internship_cd/Graduate)
2022-07-18 21:23:56.529  INFO 34078 --- [main] com.txy.graduate.util.FileUtilTest       : The following 1 profile is active: "dev"
2022-07-18 21:23:57.721  INFO 34078 --- [main] .s.d.r.c.RepositoryConfigurationDelegate : Multiple Spring Data modules found, entering strict repository configuration mode!
2022-07-18 21:23:57.724  INFO 34078 --- [main] .s.d.r.c.RepositoryConfigurationDelegate : Bootstrapping Spring Data Redis repositories in DEFAULT mode.
2022-07-18 21:23:57.769  INFO 34078 --- [main] .s.d.r.c.RepositoryConfigurationDelegate : Finished Spring Data repository scanning in 26 ms. Found 0 Redis repository interfaces.
2022-07-18 21:23:58.550  INFO 34078 --- [main] trationDelegate$BeanPostProcessorChecker : Bean 'spring.datasource.dynamic-com.baomidou.dynamic.datasource.spring.boot.autoconfigure.DynamicDataSourceProperties' of type [com.baomidou.dynamic.datasource.spring.boot.autoconfigure.DynamicDataSourceProperties] is not eligible for getting processed by all BeanPostProcessors (for example: not eligible for auto-proxying)
2022-07-18 21:23:58.561  INFO 34078 --- [main] trationDelegate$BeanPostProcessorChecker : Bean 'com.baomidou.dynamic.datasource.spring.boot.autoconfigure.DynamicDataSourceAutoConfiguration' of type [com.baomidou.dynamic.datasource.spring.boot.autoconfigure.DynamicDataSourceAutoConfiguration$$EnhancerBySpringCGLIB$$1f4899d3] is not eligible for getting processed by all BeanPostProcessors (for example: not eligible for auto-proxying)
2022-07-18 21:23:58.587  INFO 34078 --- [main] trationDelegate$BeanPostProcessorChecker : Bean 'dsProcessor' of type [com.baomidou.dynamic.datasource.processor.DsHeaderProcessor] is not eligible for getting processed by all BeanPostProcessors (for example: not eligible for auto-proxying)
2022-07-18 21:23:59.729  INFO 34078 --- [main] com.alibaba.druid.pool.DruidDataSource   : {dataSource-1,master} inited
2022-07-18 21:23:59.837  INFO 34078 --- [main] com.alibaba.druid.pool.DruidDataSource   : {dataSource-2,slave_1} inited
2022-07-18 21:23:59.916  INFO 34078 --- [main] com.alibaba.druid.pool.DruidDataSource   : {dataSource-3,slave_2} inited
2022-07-18 21:23:59.917  INFO 34078 --- [main] c.b.d.d.DynamicRoutingDataSource         : dynamic-datasource - add a datasource named [slave_2] success
2022-07-18 21:23:59.919  INFO 34078 --- [main] c.b.d.d.DynamicRoutingDataSource         : dynamic-datasource - add a datasource named [master] success
2022-07-18 21:23:59.919  INFO 34078 --- [main] c.b.d.d.DynamicRoutingDataSource         : dynamic-datasource - add a datasource named [slave_1] success
2022-07-18 21:23:59.919  INFO 34078 --- [main] c.b.d.d.DynamicRoutingDataSource         : dynamic-datasource initial loaded [3] datasource,primary datasource named [master]
2022-07-18 21:24:01.617  INFO 34078 --- [main] o.s.s.web.DefaultSecurityFilterChain     : Will secure any request with [org.springframework.security.web.session.DisableEncodeUrlFilter@78d61f17, org.springframework.security.web.context.request.async.WebAsyncManagerIntegrationFilter@4cfe9594, org.springframework.security.web.context.SecurityContextPersistenceFilter@1805ca5c, org.springframework.security.web.header.HeaderWriterFilter@2d8c729f, org.springframework.web.filter.CorsFilter@60861e5d, org.springframework.security.web.authentication.logout.LogoutFilter@1be52113, com.txy.graduate.security.filter.CaptcheFilter@37d81587, org.springframework.security.web.authentication.UsernamePasswordAuthenticationFilter@338270ea, com.txy.graduate.security.filter.JWTFilter@7f3e9acc, org.springframework.security.web.savedrequest.RequestCacheAwareFilter@aa633e6, org.springframework.security.web.servletapi.SecurityContextHolderAwareRequestFilter@25e796fe, org.springframework.security.web.authentication.AnonymousAuthenticationFilter@47d4e28a, org.springframework.security.web.session.SessionManagementFilter@647af13d, org.springframework.security.web.access.ExceptionTranslationFilter@15bb8ed5, org.springframework.security.web.access.intercept.FilterSecurityInterceptor@57167ccb]
2022-07-18 21:24:03.073  INFO 34078 --- [main] com.txy.graduate.util.FileUtilTest       : Started FileUtilTest in 7.028 seconds (JVM running for 8.472)
2022-07-18 21:24:04.281  INFO 34078 --- [SpringApplicationShutdownHook] c.b.d.d.DynamicRoutingDataSource         : dynamic-datasource start closing ....
2022-07-18 21:24:04.284  INFO 34078 --- [SpringApplicationShutdownHook] com.alibaba.druid.pool.DruidDataSource   : {dataSource-3} closing ...
2022-07-18 21:24:04.289  INFO 34078 --- [SpringApplicationShutdownHook] com.alibaba.druid.pool.DruidDataSource   : {dataSource-3} closed
2022-07-18 21:24:04.289  INFO 34078 --- [SpringApplicationShutdownHook] com.alibaba.druid.pool.DruidDataSource   : {dataSource-1} closing ...
2022-07-18 21:24:04.292  INFO 34078 --- [SpringApplicationShutdownHook] com.alibaba.druid.pool.DruidDataSource   : {dataSource-1} closed
2022-07-18 21:24:04.292  INFO 34078 --- [SpringApplicationShutdownHook] com.alibaba.druid.pool.DruidDataSource   : {dataSource-2} closing ...
2022-07-18 21:24:04.294  INFO 34078 --- [SpringApplicationShutdownHook] com.alibaba.druid.pool.DruidDataSource   : {dataSource-2} closed
2022-07-18 21:24:04.295  INFO 34078 --- [SpringApplicationShutdownHook] c.b.d.d.DynamicRoutingDataSource         : dynamic-datasource all closed success,bye
2022-07-18 21:24:33.484  INFO 34688 --- [main] com.txy.graduate.util.FileUtilTest       : Starting FileUtilTest using Java 17 on manjaro with PID 34688 (started by flyme in /home/flyme/桌面/生产实习/internship_cd/Graduate)
2022-07-18 21:24:33.486  INFO 34688 --- [main] com.txy.graduate.util.FileUtilTest       : The following 1 profile is active: "dev"
2022-07-18 21:24:34.723  INFO 34688 --- [main] .s.d.r.c.RepositoryConfigurationDelegate : Multiple Spring Data modules found, entering strict repository configuration mode!
2022-07-18 21:24:34.727  INFO 34688 --- [main] .s.d.r.c.RepositoryConfigurationDelegate : Bootstrapping Spring Data Redis repositories in DEFAULT mode.
2022-07-18 21:24:34.780  INFO 34688 --- [main] .s.d.r.c.RepositoryConfigurationDelegate : Finished Spring Data repository scanning in 29 ms. Found 0 Redis repository interfaces.
2022-07-18 21:24:35.532  INFO 34688 --- [main] trationDelegate$BeanPostProcessorChecker : Bean 'spring.datasource.dynamic-com.baomidou.dynamic.datasource.spring.boot.autoconfigure.DynamicDataSourceProperties' of type [com.baomidou.dynamic.datasource.spring.boot.autoconfigure.DynamicDataSourceProperties] is not eligible for getting processed by all BeanPostProcessors (for example: not eligible for auto-proxying)
2022-07-18 21:24:35.539  INFO 34688 --- [main] trationDelegate$BeanPostProcessorChecker : Bean 'com.baomidou.dynamic.datasource.spring.boot.autoconfigure.DynamicDataSourceAutoConfiguration' of type [com.baomidou.dynamic.datasource.spring.boot.autoconfigure.DynamicDataSourceAutoConfiguration$$EnhancerBySpringCGLIB$$ee34a785] is not eligible for getting processed by all BeanPostProcessors (for example: not eligible for auto-proxying)
2022-07-18 21:24:35.569  INFO 34688 --- [main] trationDelegate$BeanPostProcessorChecker : Bean 'dsProcessor' of type [com.baomidou.dynamic.datasource.processor.DsHeaderProcessor] is not eligible for getting processed by all BeanPostProcessors (for example: not eligible for auto-proxying)
2022-07-18 21:24:36.754  INFO 34688 --- [main] com.alibaba.druid.pool.DruidDataSource   : {dataSource-1,master} inited
2022-07-18 21:24:36.880  INFO 34688 --- [main] com.alibaba.druid.pool.DruidDataSource   : {dataSource-2,slave_1} inited
2022-07-18 21:24:36.983  INFO 34688 --- [main] com.alibaba.druid.pool.DruidDataSource   : {dataSource-3,slave_2} inited
2022-07-18 21:24:36.983  INFO 34688 --- [main] c.b.d.d.DynamicRoutingDataSource         : dynamic-datasource - add a datasource named [slave_2] success
2022-07-18 21:24:36.985  INFO 34688 --- [main] c.b.d.d.DynamicRoutingDataSource         : dynamic-datasource - add a datasource named [master] success
2022-07-18 21:24:36.986  INFO 34688 --- [main] c.b.d.d.DynamicRoutingDataSource         : dynamic-datasource - add a datasource named [slave_1] success
2022-07-18 21:24:36.986  INFO 34688 --- [main] c.b.d.d.DynamicRoutingDataSource         : dynamic-datasource initial loaded [3] datasource,primary datasource named [master]
2022-07-18 21:24:38.726  INFO 34688 --- [main] o.s.s.web.DefaultSecurityFilterChain     : Will secure any request with [org.springframework.security.web.session.DisableEncodeUrlFilter@1b841e7d, org.springframework.security.web.context.request.async.WebAsyncManagerIntegrationFilter@6081f330, org.springframework.security.web.context.SecurityContextPersistenceFilter@61d6c8c4, org.springframework.security.web.header.HeaderWriterFilter@146fa9c0, org.springframework.web.filter.CorsFilter@eb695e8, org.springframework.security.web.authentication.logout.LogoutFilter@1805ca5c, com.txy.graduate.security.filter.CaptcheFilter@7eebb316, org.springframework.security.web.authentication.UsernamePasswordAuthenticationFilter@3cc74fc4, com.txy.graduate.security.filter.JWTFilter@45273d40, org.springframework.security.web.savedrequest.RequestCacheAwareFilter@7a47f0be, org.springframework.security.web.servletapi.SecurityContextHolderAwareRequestFilter@3cacc87, org.springframework.security.web.authentication.AnonymousAuthenticationFilter@2a504ea7, org.springframework.security.web.session.SessionManagementFilter@2e66f1bd, org.springframework.security.web.access.ExceptionTranslationFilter@1f521c69, org.springframework.security.web.access.intercept.FilterSecurityInterceptor@240f2efd]
2022-07-18 21:24:40.165  INFO 34688 --- [main] com.txy.graduate.util.FileUtilTest       : Started FileUtilTest in 7.168 seconds (JVM running for 8.903)
2022-07-18 21:24:41.156  INFO 34688 --- [SpringApplicationShutdownHook] c.b.d.d.DynamicRoutingDataSource         : dynamic-datasource start closing ....
2022-07-18 21:24:41.159  INFO 34688 --- [SpringApplicationShutdownHook] com.alibaba.druid.pool.DruidDataSource   : {dataSource-3} closing ...
2022-07-18 21:24:41.166  INFO 34688 --- [SpringApplicationShutdownHook] com.alibaba.druid.pool.DruidDataSource   : {dataSource-3} closed
2022-07-18 21:24:41.166  INFO 34688 --- [SpringApplicationShutdownHook] com.alibaba.druid.pool.DruidDataSource   : {dataSource-1} closing ...
2022-07-18 21:24:41.169  INFO 34688 --- [SpringApplicationShutdownHook] com.alibaba.druid.pool.DruidDataSource   : {dataSource-1} closed
2022-07-18 21:24:41.170  INFO 34688 --- [SpringApplicationShutdownHook] com.alibaba.druid.pool.DruidDataSource   : {dataSource-2} closing ...
2022-07-18 21:24:41.173  INFO 34688 --- [SpringApplicationShutdownHook] com.alibaba.druid.pool.DruidDataSource   : {dataSource-2} closed
2022-07-18 21:24:41.173  INFO 34688 --- [SpringApplicationShutdownHook] c.b.d.d.DynamicRoutingDataSource         : dynamic-datasource all closed success,bye
2022-07-18 21:25:13.587  INFO 35291 --- [main] com.txy.graduate.util.FileUtilTest       : Starting FileUtilTest using Java 17 on manjaro with PID 35291 (started by flyme in /home/flyme/桌面/生产实习/internship_cd/Graduate)
2022-07-18 21:25:13.590  INFO 35291 --- [main] com.txy.graduate.util.FileUtilTest       : The following 1 profile is active: "dev"
2022-07-18 21:25:14.852  INFO 35291 --- [main] .s.d.r.c.RepositoryConfigurationDelegate : Multiple Spring Data modules found, entering strict repository configuration mode!
2022-07-18 21:25:14.855  INFO 35291 --- [main] .s.d.r.c.RepositoryConfigurationDelegate : Bootstrapping Spring Data Redis repositories in DEFAULT mode.
2022-07-18 21:25:14.895  INFO 35291 --- [main] .s.d.r.c.RepositoryConfigurationDelegate : Finished Spring Data repository scanning in 20 ms. Found 0 Redis repository interfaces.
2022-07-18 21:25:15.820  INFO 35291 --- [main] trationDelegate$BeanPostProcessorChecker : Bean 'spring.datasource.dynamic-com.baomidou.dynamic.datasource.spring.boot.autoconfigure.DynamicDataSourceProperties' of type [com.baomidou.dynamic.datasource.spring.boot.autoconfigure.DynamicDataSourceProperties] is not eligible for getting processed by all BeanPostProcessors (for example: not eligible for auto-proxying)
2022-07-18 21:25:15.828  INFO 35291 --- [main] trationDelegate$BeanPostProcessorChecker : Bean 'com.baomidou.dynamic.datasource.spring.boot.autoconfigure.DynamicDataSourceAutoConfiguration' of type [com.baomidou.dynamic.datasource.spring.boot.autoconfigure.DynamicDataSourceAutoConfiguration$$EnhancerBySpringCGLIB$$ee34a785] is not eligible for getting processed by all BeanPostProcessors (for example: not eligible for auto-proxying)
2022-07-18 21:25:15.868  INFO 35291 --- [main] trationDelegate$BeanPostProcessorChecker : Bean 'dsProcessor' of type [com.baomidou.dynamic.datasource.processor.DsHeaderProcessor] is not eligible for getting processed by all BeanPostProcessors (for example: not eligible for auto-proxying)
2022-07-18 21:25:17.136  INFO 35291 --- [main] com.alibaba.druid.pool.DruidDataSource   : {dataSource-1,master} inited
2022-07-18 21:25:17.266  INFO 35291 --- [main] com.alibaba.druid.pool.DruidDataSource   : {dataSource-2,slave_1} inited
2022-07-18 21:25:17.376  INFO 35291 --- [main] com.alibaba.druid.pool.DruidDataSource   : {dataSource-3,slave_2} inited
2022-07-18 21:25:17.377  INFO 35291 --- [main] c.b.d.d.DynamicRoutingDataSource         : dynamic-datasource - add a datasource named [slave_2] success
2022-07-18 21:25:17.379  INFO 35291 --- [main] c.b.d.d.DynamicRoutingDataSource         : dynamic-datasource - add a datasource named [master] success
2022-07-18 21:25:17.379  INFO 35291 --- [main] c.b.d.d.DynamicRoutingDataSource         : dynamic-datasource - add a datasource named [slave_1] success
2022-07-18 21:25:17.380  INFO 35291 --- [main] c.b.d.d.DynamicRoutingDataSource         : dynamic-datasource initial loaded [3] datasource,primary datasource named [master]
2022-07-18 21:25:19.376  INFO 35291 --- [main] o.s.s.web.DefaultSecurityFilterChain     : Will secure any request with [org.springframework.security.web.session.DisableEncodeUrlFilter@1b841e7d, org.springframework.security.web.context.request.async.WebAsyncManagerIntegrationFilter@6081f330, org.springframework.security.web.context.SecurityContextPersistenceFilter@61d6c8c4, org.springframework.security.web.header.HeaderWriterFilter@146fa9c0, org.springframework.web.filter.CorsFilter@eb695e8, org.springframework.security.web.authentication.logout.LogoutFilter@1805ca5c, com.txy.graduate.security.filter.CaptcheFilter@7eebb316, org.springframework.security.web.authentication.UsernamePasswordAuthenticationFilter@3cc74fc4, com.txy.graduate.security.filter.JWTFilter@45273d40, org.springframework.security.web.savedrequest.RequestCacheAwareFilter@7a47f0be, org.springframework.security.web.servletapi.SecurityContextHolderAwareRequestFilter@3cacc87, org.springframework.security.web.authentication.AnonymousAuthenticationFilter@2a504ea7, org.springframework.security.web.session.SessionManagementFilter@2e66f1bd, org.springframework.security.web.access.ExceptionTranslationFilter@1f521c69, org.springframework.security.web.access.intercept.FilterSecurityInterceptor@240f2efd]
2022-07-18 21:25:20.779  INFO 35291 --- [main] com.txy.graduate.util.FileUtilTest       : Started FileUtilTest in 7.754 seconds (JVM running for 9.522)
2022-07-18 21:25:21.870  INFO 35291 --- [SpringApplicationShutdownHook] c.b.d.d.DynamicRoutingDataSource         : dynamic-datasource start closing ....
2022-07-18 21:25:21.873  INFO 35291 --- [SpringApplicationShutdownHook] com.alibaba.druid.pool.DruidDataSource   : {dataSource-3} closing ...
