2022-07-17 15:46:25.954  INFO 16071 --- [main] c.txy.graduate.mapper.StudentMapperTest  : Starting StudentMapperTest using Java 17 on manjaro with PID 16071 (started by flyme in /home/flyme/桌面/生产实习/internship_cd/Graduate)
2022-07-17 15:46:25.965  INFO 16071 --- [main] c.txy.graduate.mapper.StudentMapperTest  : The following 1 profile is active: "pro"
2022-07-17 15:46:26.947  INFO 16071 --- [main] .s.d.r.c.RepositoryConfigurationDelegate : Multiple Spring Data modules found, entering strict repository configuration mode!
2022-07-17 15:46:26.949  INFO 16071 --- [main] .s.d.r.c.RepositoryConfigurationDelegate : Bootstrapping Spring Data Redis repositories in DEFAULT mode.
2022-07-17 15:46:26.981  INFO 16071 --- [main] .s.d.r.c.RepositoryConfigurationDelegate : Finished Spring Data repository scanning in 16 ms. Found 0 Redis repository interfaces.
2022-07-17 15:46:27.602  INFO 16071 --- [main] c.a.d.s.b.a.DruidDataSourceAutoConfigure : Init DruidDataSource
2022-07-17 15:46:28.406  INFO 16071 --- [main] com.alibaba.druid.pool.DruidDataSource   : {dataSource-1} inited
2022-07-17 15:46:29.778  INFO 16071 --- [main] o.s.s.web.DefaultSecurityFilterChain     : Will secure any request with [org.springframework.security.web.session.DisableEncodeUrlFilter@3aab42d6, org.springframework.security.web.context.request.async.WebAsyncManagerIntegrationFilter@6badb08c, org.springframework.security.web.context.SecurityContextPersistenceFilter@6c6919ff, org.springframework.security.web.header.HeaderWriterFilter@3cf70afa, org.springframework.web.filter.CorsFilter@5939f047, org.springframework.security.web.authentication.logout.LogoutFilter@6d842877, com.txy.graduate.security.filter.CaptcheFilter@17332039, org.springframework.security.web.authentication.UsernamePasswordAuthenticationFilter@4efed0e0, com.txy.graduate.security.filter.JWTFilter@776e7dfb, org.springframework.security.web.savedrequest.RequestCacheAwareFilter@50e8ed74, org.springframework.security.web.servletapi.SecurityContextHolderAwareRequestFilter@c677d7e, org.springframework.security.web.authentication.AnonymousAuthenticationFilter@71418a4a, org.springframework.security.web.session.SessionManagementFilter@6a7aa675, org.springframework.security.web.access.ExceptionTranslationFilter@2a510e0e, org.springframework.security.web.access.intercept.FilterSecurityInterceptor@4e20a985]
2022-07-17 15:46:30.909  INFO 16071 --- [main] c.txy.graduate.mapper.StudentMapperTest  : Started StudentMapperTest in 5.698 seconds (JVM running for 7.991)
2022-07-17 15:46:31.420  INFO 16071 --- [SpringApplicationShutdownHook] com.alibaba.druid.pool.DruidDataSource   : {dataSource-1} closing ...
2022-07-17 15:46:31.424  INFO 16071 --- [SpringApplicationShutdownHook] com.alibaba.druid.pool.DruidDataSource   : {dataSource-1} closed
2022-07-17 16:20:00.438  INFO 16823 --- [main] c.txy.graduate.mapper.StudentMapperTest  : Starting StudentMapperTest using Java 17 on manjaro with PID 16823 (started by flyme in /home/flyme/桌面/生产实习/internship_cd/Graduate)
2022-07-17 16:20:00.440  INFO 16823 --- [main] c.txy.graduate.mapper.StudentMapperTest  : The following 1 profile is active: "pro"
2022-07-17 16:20:01.387  INFO 16823 --- [main] .s.d.r.c.RepositoryConfigurationDelegate : Multiple Spring Data modules found, entering strict repository configuration mode!
2022-07-17 16:20:01.390  INFO 16823 --- [main] .s.d.r.c.RepositoryConfigurationDelegate : Bootstrapping Spring Data Redis repositories in DEFAULT mode.
2022-07-17 16:20:01.430  INFO 16823 --- [main] .s.d.r.c.RepositoryConfigurationDelegate : Finished Spring Data repository scanning in 23 ms. Found 0 Redis repository interfaces.
2022-07-17 16:20:02.156  INFO 16823 --- [main] c.a.d.s.b.a.DruidDataSourceAutoConfigure : Init DruidDataSource
2022-07-17 16:20:03.020  INFO 16823 --- [main] com.alibaba.druid.pool.DruidDataSource   : {dataSource-1} inited
2022-07-17 16:20:04.574  INFO 16823 --- [main] o.s.s.web.DefaultSecurityFilterChain     : Will secure any request with [org.springframework.security.web.session.DisableEncodeUrlFilter@28f8ce2e, org.springframework.security.web.context.request.async.WebAsyncManagerIntegrationFilter@2c0a3826, org.springframework.security.web.context.SecurityContextPersistenceFilter@57b3d869, org.springframework.security.web.header.HeaderWriterFilter@5e055ce1, org.springframework.web.filter.CorsFilter@4af0c50, org.springframework.security.web.authentication.logout.LogoutFilter@4b511e61, com.txy.graduate.security.filter.CaptcheFilter@5ffd35dd, org.springframework.security.web.authentication.UsernamePasswordAuthenticationFilter@1e029a04, com.txy.graduate.security.filter.JWTFilter@311a09b2, org.springframework.security.web.savedrequest.RequestCacheAwareFilter@6be422da, org.springframework.security.web.servletapi.SecurityContextHolderAwareRequestFilter@1b36d248, org.springframework.security.web.authentication.AnonymousAuthenticationFilter@4cacccbf, org.springframework.security.web.session.SessionManagementFilter@3c9ef37b, org.springframework.security.web.access.ExceptionTranslationFilter@24435620, org.springframework.security.web.access.intercept.FilterSecurityInterceptor@36a1fd20]
2022-07-17 16:20:05.833  INFO 16823 --- [main] c.txy.graduate.mapper.StudentMapperTest  : Started StudentMapperTest in 5.811 seconds (JVM running for 6.923)
2022-07-17 16:20:06.392  INFO 16823 --- [SpringApplicationShutdownHook] com.alibaba.druid.pool.DruidDataSource   : {dataSource-1} closing ...
2022-07-17 16:20:06.398  INFO 16823 --- [SpringApplicationShutdownHook] com.alibaba.druid.pool.DruidDataSource   : {dataSource-1} closed
2022-07-17 16:20:53.773  INFO 16928 --- [main] c.txy.graduate.mapper.StudentMapperTest  : Starting StudentMapperTest using Java 17 on manjaro with PID 16928 (started by flyme in /home/flyme/桌面/生产实习/internship_cd/Graduate)
2022-07-17 16:20:53.774  INFO 16928 --- [main] c.txy.graduate.mapper.StudentMapperTest  : The following 1 profile is active: "pro"
2022-07-17 16:20:54.425  INFO 16928 --- [main] .s.d.r.c.RepositoryConfigurationDelegate : Multiple Spring Data modules found, entering strict repository configuration mode!
2022-07-17 16:20:54.427  INFO 16928 --- [main] .s.d.r.c.RepositoryConfigurationDelegate : Bootstrapping Spring Data Redis repositories in DEFAULT mode.
2022-07-17 16:20:54.450  INFO 16928 --- [main] .s.d.r.c.RepositoryConfigurationDelegate : Finished Spring Data repository scanning in 13 ms. Found 0 Redis repository interfaces.
2022-07-17 16:20:54.975  INFO 16928 --- [main] c.a.d.s.b.a.DruidDataSourceAutoConfigure : Init DruidDataSource
2022-07-17 16:20:55.708  INFO 16928 --- [main] com.alibaba.druid.pool.DruidDataSource   : {dataSource-1} inited
2022-07-17 16:20:57.165  INFO 16928 --- [main] o.s.s.web.DefaultSecurityFilterChain     : Will secure any request with [org.springframework.security.web.session.DisableEncodeUrlFilter@14d18029, org.springframework.security.web.context.request.async.WebAsyncManagerIntegrationFilter@6edb1e9c, org.springframework.security.web.context.SecurityContextPersistenceFilter@7c5ac0, org.springframework.security.web.header.HeaderWriterFilter@499c4d61, org.springframework.web.filter.CorsFilter@75d7297d, org.springframework.security.web.authentication.logout.LogoutFilter@65ff4b8c, com.txy.graduate.security.filter.CaptcheFilter@4e20a985, org.springframework.security.web.authentication.UsernamePasswordAuthenticationFilter@351c6341, com.txy.graduate.security.filter.JWTFilter@56e8a8a0, org.springframework.security.web.savedrequest.RequestCacheAwareFilter@66dd04e2, org.springframework.security.web.servletapi.SecurityContextHolderAwareRequestFilter@4b511e61, org.springframework.security.web.authentication.AnonymousAuthenticationFilter@6071631f, org.springframework.security.web.session.SessionManagementFilter@18dbc1b, org.springframework.security.web.access.ExceptionTranslationFilter@225ddf5f, org.springframework.security.web.access.intercept.FilterSecurityInterceptor@57920d6c]
2022-07-17 16:20:58.443  INFO 16928 --- [main] c.txy.graduate.mapper.StudentMapperTest  : Started StudentMapperTest in 4.999 seconds (JVM running for 6.088)
2022-07-17 16:20:59.090  INFO 16928 --- [SpringApplicationShutdownHook] com.alibaba.druid.pool.DruidDataSource   : {dataSource-1} closing ...
2022-07-17 16:20:59.096  INFO 16928 --- [SpringApplicationShutdownHook] com.alibaba.druid.pool.DruidDataSource   : {dataSource-1} closed
2022-07-17 16:28:13.152  INFO 17122 --- [main] c.txy.graduate.mapper.StudentMapperTest  : Starting StudentMapperTest using Java 17 on manjaro with PID 17122 (started by flyme in /home/flyme/桌面/生产实习/internship_cd/Graduate)
2022-07-17 16:28:13.153  INFO 17122 --- [main] c.txy.graduate.mapper.StudentMapperTest  : The following 1 profile is active: "pro"
2022-07-17 16:28:14.131  INFO 17122 --- [main] .s.d.r.c.RepositoryConfigurationDelegate : Multiple Spring Data modules found, entering strict repository configuration mode!
2022-07-17 16:28:14.134  INFO 17122 --- [main] .s.d.r.c.RepositoryConfigurationDelegate : Bootstrapping Spring Data Redis repositories in DEFAULT mode.
2022-07-17 16:28:14.167  INFO 17122 --- [main] .s.d.r.c.RepositoryConfigurationDelegate : Finished Spring Data repository scanning in 18 ms. Found 0 Redis repository interfaces.
2022-07-17 16:28:14.849  INFO 17122 --- [main] c.a.d.s.b.a.DruidDataSourceAutoConfigure : Init DruidDataSource
2022-07-17 16:28:15.678  INFO 17122 --- [main] com.alibaba.druid.pool.DruidDataSource   : {dataSource-1} inited
2022-07-17 16:28:17.186  INFO 17122 --- [main] o.s.s.web.DefaultSecurityFilterChain     : Will secure any request with [org.springframework.security.web.session.DisableEncodeUrlFilter@10e8c7a2, org.springframework.security.web.context.request.async.WebAsyncManagerIntegrationFilter@5d8fd077, org.springframework.security.web.context.SecurityContextPersistenceFilter@5dba3fdc, org.springframework.security.web.header.HeaderWriterFilter@39f68aec, org.springframework.web.filter.CorsFilter@4544ab46, org.springframework.security.web.authentication.logout.LogoutFilter@1c8e2850, com.txy.graduate.security.filter.CaptcheFilter@2052f095, org.springframework.security.web.authentication.UsernamePasswordAuthenticationFilter@399c408c, com.txy.graduate.security.filter.JWTFilter@76d1f6ea, org.springframework.security.web.savedrequest.RequestCacheAwareFilter@6d842877, org.springframework.security.web.servletapi.SecurityContextHolderAwareRequestFilter@4ac0ed65, org.springframework.security.web.authentication.AnonymousAuthenticationFilter@55fe9c2f, org.springframework.security.web.session.SessionManagementFilter@278cb145, org.springframework.security.web.access.ExceptionTranslationFilter@215a0264, org.springframework.security.web.access.intercept.FilterSecurityInterceptor@4ff0706c]
2022-07-17 16:28:18.383  INFO 17122 --- [main] c.txy.graduate.mapper.StudentMapperTest  : Started StudentMapperTest in 5.679 seconds (JVM running for 7.163)
2022-07-17 16:28:18.890  INFO 17122 --- [SpringApplicationShutdownHook] com.alibaba.druid.pool.DruidDataSource   : {dataSource-1} closing ...
2022-07-17 16:28:18.894  INFO 17122 --- [SpringApplicationShutdownHook] com.alibaba.druid.pool.DruidDataSource   : {dataSource-1} closed
2022-07-17 16:40:06.525  INFO 17378 --- [main] c.t.graduate.service.StudentServiceTest  : Starting StudentServiceTest using Java 17 on manjaro with PID 17378 (started by flyme in /home/flyme/桌面/生产实习/internship_cd/Graduate)
2022-07-17 16:40:06.526  INFO 17378 --- [main] c.t.graduate.service.StudentServiceTest  : The following 1 profile is active: "pro"
2022-07-17 16:40:07.207  INFO 17378 --- [main] .s.d.r.c.RepositoryConfigurationDelegate : Multiple Spring Data modules found, entering strict repository configuration mode!
2022-07-17 16:40:07.209  INFO 17378 --- [main] .s.d.r.c.RepositoryConfigurationDelegate : Bootstrapping Spring Data Redis repositories in DEFAULT mode.
2022-07-17 16:40:07.234  INFO 17378 --- [main] .s.d.r.c.RepositoryConfigurationDelegate : Finished Spring Data repository scanning in 14 ms. Found 0 Redis repository interfaces.
2022-07-17 16:40:07.753  INFO 17378 --- [main] c.a.d.s.b.a.DruidDataSourceAutoConfigure : Init DruidDataSource
2022-07-17 16:40:08.359  INFO 17378 --- [main] com.alibaba.druid.pool.DruidDataSource   : {dataSource-1} inited
2022-07-17 16:40:09.430  INFO 17378 --- [main] o.s.s.web.DefaultSecurityFilterChain     : Will secure any request with [org.springframework.security.web.session.DisableEncodeUrlFilter@301d84f6, org.springframework.security.web.context.request.async.WebAsyncManagerIntegrationFilter@6f80cf5, org.springframework.security.web.context.SecurityContextPersistenceFilter@1d654b5f, org.springframework.security.web.header.HeaderWriterFilter@166ddfb7, org.springframework.web.filter.CorsFilter@674ed201, org.springframework.security.web.authentication.logout.LogoutFilter@74eab077, com.txy.graduate.security.filter.CaptcheFilter@4dad2363, org.springframework.security.web.authentication.UsernamePasswordAuthenticationFilter@c677d7e, com.txy.graduate.security.filter.JWTFilter@114b2414, org.springframework.security.web.savedrequest.RequestCacheAwareFilter@7e94de5f, org.springframework.security.web.servletapi.SecurityContextHolderAwareRequestFilter@2a510e0e, org.springframework.security.web.authentication.AnonymousAuthenticationFilter@57920d6c, org.springframework.security.web.session.SessionManagementFilter@51f4439e, org.springframework.security.web.access.ExceptionTranslationFilter@5e055ce1, org.springframework.security.web.access.intercept.FilterSecurityInterceptor@18887028]
2022-07-17 16:40:10.291  INFO 17378 --- [main] c.t.graduate.service.StudentServiceTest  : Started StudentServiceTest in 4.04 seconds (JVM running for 5.028)
2022-07-17 16:40:10.699  INFO 17378 --- [SpringApplicationShutdownHook] com.alibaba.druid.pool.DruidDataSource   : {dataSource-1} closing ...
2022-07-17 16:40:10.703  INFO 17378 --- [SpringApplicationShutdownHook] com.alibaba.druid.pool.DruidDataSource   : {dataSource-1} closed
2022-07-17 16:42:08.358  INFO 17498 --- [main] c.t.graduate.service.StudentServiceTest  : Starting StudentServiceTest using Java 17 on manjaro with PID 17498 (started by flyme in /home/flyme/桌面/生产实习/internship_cd/Graduate)
2022-07-17 16:42:08.360  INFO 17498 --- [main] c.t.graduate.service.StudentServiceTest  : The following 1 profile is active: "pro"
2022-07-17 16:42:09.415  INFO 17498 --- [main] .s.d.r.c.RepositoryConfigurationDelegate : Multiple Spring Data modules found, entering strict repository configuration mode!
2022-07-17 16:42:09.418  INFO 17498 --- [main] .s.d.r.c.RepositoryConfigurationDelegate : Bootstrapping Spring Data Redis repositories in DEFAULT mode.
2022-07-17 16:42:09.448  INFO 17498 --- [main] .s.d.r.c.RepositoryConfigurationDelegate : Finished Spring Data repository scanning in 16 ms. Found 0 Redis repository interfaces.
2022-07-17 16:42:10.148  INFO 17498 --- [main] c.a.d.s.b.a.DruidDataSourceAutoConfigure : Init DruidDataSource
2022-07-17 16:42:10.922  INFO 17498 --- [main] com.alibaba.druid.pool.DruidDataSource   : {dataSource-1} inited
2022-07-17 16:42:12.350  INFO 17498 --- [main] o.s.s.web.DefaultSecurityFilterChain     : Will secure any request with [org.springframework.security.web.session.DisableEncodeUrlFilter@5939f047, org.springframework.security.web.context.request.async.WebAsyncManagerIntegrationFilter@17332039, org.springframework.security.web.context.SecurityContextPersistenceFilter@1e029a04, org.springframework.security.web.header.HeaderWriterFilter@495e8a3, org.springframework.web.filter.CorsFilter@776e7dfb, org.springframework.security.web.authentication.logout.LogoutFilter@3835d3fd, com.txy.graduate.security.filter.CaptcheFilter@71418a4a, org.springframework.security.web.authentication.UsernamePasswordAuthenticationFilter@5c7c75fb, com.txy.graduate.security.filter.JWTFilter@67ecf7ed, org.springframework.security.web.savedrequest.RequestCacheAwareFilter@3063be68, org.springframework.security.web.servletapi.SecurityContextHolderAwareRequestFilter@45832b85, org.springframework.security.web.authentication.AnonymousAuthenticationFilter@69d021c1, org.springframework.security.web.session.SessionManagementFilter@602a3237, org.springframework.security.web.access.ExceptionTranslationFilter@4efe014f, org.springframework.security.web.access.intercept.FilterSecurityInterceptor@6071631f]
2022-07-17 16:42:13.457  INFO 17498 --- [main] c.t.graduate.service.StudentServiceTest  : Started StudentServiceTest in 5.567 seconds (JVM running for 6.826)
2022-07-17 16:42:14.167  INFO 17498 --- [SpringApplicationShutdownHook] com.alibaba.druid.pool.DruidDataSource   : {dataSource-1} closing ...
2022-07-17 16:42:14.173  INFO 17498 --- [SpringApplicationShutdownHook] com.alibaba.druid.pool.DruidDataSource   : {dataSource-1} closed
2022-07-17 16:42:41.462  INFO 17603 --- [main] c.t.graduate.service.StudentServiceTest  : Starting StudentServiceTest using Java 17 on manjaro with PID 17603 (started by flyme in /home/flyme/桌面/生产实习/internship_cd/Graduate)
2022-07-17 16:42:41.464  INFO 17603 --- [main] c.t.graduate.service.StudentServiceTest  : The following 1 profile is active: "pro"
2022-07-17 16:42:42.452  INFO 17603 --- [main] .s.d.r.c.RepositoryConfigurationDelegate : Multiple Spring Data modules found, entering strict repository configuration mode!
2022-07-17 16:42:42.455  INFO 17603 --- [main] .s.d.r.c.RepositoryConfigurationDelegate : Bootstrapping Spring Data Redis repositories in DEFAULT mode.
2022-07-17 16:42:42.488  INFO 17603 --- [main] .s.d.r.c.RepositoryConfigurationDelegate : Finished Spring Data repository scanning in 18 ms. Found 0 Redis repository interfaces.
2022-07-17 16:42:43.200  INFO 17603 --- [main] c.a.d.s.b.a.DruidDataSourceAutoConfigure : Init DruidDataSource
2022-07-17 16:42:43.958  INFO 17603 --- [main] com.alibaba.druid.pool.DruidDataSource   : {dataSource-1} inited
2022-07-17 16:42:45.520  INFO 17603 --- [main] o.s.s.web.DefaultSecurityFilterChain     : Will secure any request with [org.springframework.security.web.session.DisableEncodeUrlFilter@674ed201, org.springframework.security.web.context.request.async.WebAsyncManagerIntegrationFilter@4dad2363, org.springframework.security.web.context.SecurityContextPersistenceFilter@1b36d248, org.springframework.security.web.header.HeaderWriterFilter@57b3d869, org.springframework.web.filter.CorsFilter@114b2414, org.springframework.security.web.authentication.logout.LogoutFilter@3a3bc0da, com.txy.graduate.security.filter.CaptcheFilter@57920d6c, org.springframework.security.web.authentication.UsernamePasswordAuthenticationFilter@45832b85, com.txy.graduate.security.filter.JWTFilter@465d1345, org.springframework.security.web.savedrequest.RequestCacheAwareFilter@74badf19, org.springframework.security.web.servletapi.SecurityContextHolderAwareRequestFilter@4efe014f, org.springframework.security.web.authentication.AnonymousAuthenticationFilter@62cf86d6, org.springframework.security.web.session.SessionManagementFilter@6be422da, org.springframework.security.web.access.ExceptionTranslationFilter@545f0b6, org.springframework.security.web.access.intercept.FilterSecurityInterceptor@2c0a3826]
2022-07-17 16:42:46.694  INFO 17603 --- [main] c.t.graduate.service.StudentServiceTest  : Started StudentServiceTest in 5.69 seconds (JVM running for 7.181)
2022-07-17 16:42:47.244  INFO 17603 --- [SpringApplicationShutdownHook] com.alibaba.druid.pool.DruidDataSource   : {dataSource-1} closing ...
2022-07-17 16:42:47.250  INFO 17603 --- [SpringApplicationShutdownHook] com.alibaba.druid.pool.DruidDataSource   : {dataSource-1} closed
2022-07-17 17:02:28.161  INFO 18039 --- [main] c.txy.graduate.mapper.StudentMapperTest  : Starting StudentMapperTest using Java 17 on manjaro with PID 18039 (started by flyme in /home/flyme/桌面/生产实习/internship_cd/Graduate)
2022-07-17 17:02:28.162  INFO 18039 --- [main] c.txy.graduate.mapper.StudentMapperTest  : The following 1 profile is active: "pro"
2022-07-17 17:02:28.852  INFO 18039 --- [main] .s.d.r.c.RepositoryConfigurationDelegate : Multiple Spring Data modules found, entering strict repository configuration mode!
2022-07-17 17:02:28.854  INFO 18039 --- [main] .s.d.r.c.RepositoryConfigurationDelegate : Bootstrapping Spring Data Redis repositories in DEFAULT mode.
2022-07-17 17:02:28.877  INFO 18039 --- [main] .s.d.r.c.RepositoryConfigurationDelegate : Finished Spring Data repository scanning in 12 ms. Found 0 Redis repository interfaces.
2022-07-17 17:02:29.417  INFO 18039 --- [main] c.a.d.s.b.a.DruidDataSourceAutoConfigure : Init DruidDataSource
2022-07-17 17:02:30.110  INFO 18039 --- [main] com.alibaba.druid.pool.DruidDataSource   : {dataSource-1} inited
2022-07-17 17:02:31.583  INFO 18039 --- [main] o.s.s.web.DefaultSecurityFilterChain     : Will secure any request with [org.springframework.security.web.session.DisableEncodeUrlFilter@6071631f, org.springframework.security.web.context.request.async.WebAsyncManagerIntegrationFilter@2ca132ad, org.springframework.security.web.context.SecurityContextPersistenceFilter@6a7aa675, org.springframework.security.web.header.HeaderWriterFilter@8315e4a, org.springframework.web.filter.CorsFilter@6706da3d, org.springframework.security.web.authentication.logout.LogoutFilter@32069394, com.txy.graduate.security.filter.CaptcheFilter@7438c3d5, org.springframework.security.web.authentication.UsernamePasswordAuthenticationFilter@df6f19b, com.txy.graduate.security.filter.JWTFilter@1fba3fd6, org.springframework.security.web.savedrequest.RequestCacheAwareFilter@4b511e61, org.springframework.security.web.servletapi.SecurityContextHolderAwareRequestFilter@50e8ed74, org.springframework.security.web.authentication.AnonymousAuthenticationFilter@3aab42d6, org.springframework.security.web.session.SessionManagementFilter@7c5ac0, org.springframework.security.web.access.ExceptionTranslationFilter@7e94de5f, org.springframework.security.web.access.intercept.FilterSecurityInterceptor@433b1597]
2022-07-17 17:02:32.662  INFO 18039 --- [main] c.txy.graduate.mapper.StudentMapperTest  : Started StudentMapperTest in 4.814 seconds (JVM running for 5.89)
2022-07-17 17:02:33.252  INFO 18039 --- [SpringApplicationShutdownHook] com.alibaba.druid.pool.DruidDataSource   : {dataSource-1} closing ...
2022-07-17 17:02:33.256  INFO 18039 --- [SpringApplicationShutdownHook] com.alibaba.druid.pool.DruidDataSource   : {dataSource-1} closed
2022-07-17 17:02:54.277  INFO 18134 --- [main] c.txy.graduate.mapper.StudentMapperTest  : Starting StudentMapperTest using Java 17 on manjaro with PID 18134 (started by flyme in /home/flyme/桌面/生产实习/internship_cd/Graduate)
2022-07-17 17:02:54.278  INFO 18134 --- [main] c.txy.graduate.mapper.StudentMapperTest  : The following 1 profile is active: "pro"
2022-07-17 17:02:55.210  INFO 18134 --- [main] .s.d.r.c.RepositoryConfigurationDelegate : Multiple Spring Data modules found, entering strict repository configuration mode!
2022-07-17 17:02:55.213  INFO 18134 --- [main] .s.d.r.c.RepositoryConfigurationDelegate : Bootstrapping Spring Data Redis repositories in DEFAULT mode.
2022-07-17 17:02:55.243  INFO 18134 --- [main] .s.d.r.c.RepositoryConfigurationDelegate : Finished Spring Data repository scanning in 17 ms. Found 0 Redis repository interfaces.
2022-07-17 17:02:55.957  INFO 18134 --- [main] c.a.d.s.b.a.DruidDataSourceAutoConfigure : Init DruidDataSource
2022-07-17 17:02:56.723  INFO 18134 --- [main] com.alibaba.druid.pool.DruidDataSource   : {dataSource-1} inited
2022-07-17 17:02:58.148  INFO 18134 --- [main] o.s.s.web.DefaultSecurityFilterChain     : Will secure any request with [org.springframework.security.web.session.DisableEncodeUrlFilter@75d7297d, org.springframework.security.web.context.request.async.WebAsyncManagerIntegrationFilter@4e20a985, org.springframework.security.web.context.SecurityContextPersistenceFilter@3cf70afa, org.springframework.security.web.header.HeaderWriterFilter@59b3f754, org.springframework.web.filter.CorsFilter@56e8a8a0, org.springframework.security.web.authentication.logout.LogoutFilter@278cb145, com.txy.graduate.security.filter.CaptcheFilter@6071631f, org.springframework.security.web.authentication.UsernamePasswordAuthenticationFilter@70421a08, com.txy.graduate.security.filter.JWTFilter@2ca132ad, org.springframework.security.web.savedrequest.RequestCacheAwareFilter@6a7aa675, org.springframework.security.web.servletapi.SecurityContextHolderAwareRequestFilter@6c6919ff, org.springframework.security.web.authentication.AnonymousAuthenticationFilter@6706da3d, org.springframework.security.web.session.SessionManagementFilter@8315e4a, org.springframework.security.web.access.ExceptionTranslationFilter@291cbe70, org.springframework.security.web.access.intercept.FilterSecurityInterceptor@62cf86d6]
2022-07-17 17:02:59.219  INFO 18134 --- [main] c.txy.graduate.mapper.StudentMapperTest  : Started StudentMapperTest in 5.282 seconds (JVM running for 6.308)
2022-07-17 17:02:59.725  INFO 18134 --- [SpringApplicationShutdownHook] com.alibaba.druid.pool.DruidDataSource   : {dataSource-1} closing ...
2022-07-17 17:02:59.730  INFO 18134 --- [SpringApplicationShutdownHook] com.alibaba.druid.pool.DruidDataSource   : {dataSource-1} closed
2022-07-17 17:05:59.786  INFO 18278 --- [main] c.txy.graduate.mapper.StudentMapperTest  : Starting StudentMapperTest using Java 17 on manjaro with PID 18278 (started by flyme in /home/flyme/桌面/生产实习/internship_cd/Graduate)
2022-07-17 17:05:59.787  INFO 18278 --- [main] c.txy.graduate.mapper.StudentMapperTest  : The following 1 profile is active: "pro"
2022-07-17 17:06:00.816  INFO 18278 --- [main] .s.d.r.c.RepositoryConfigurationDelegate : Multiple Spring Data modules found, entering strict repository configuration mode!
2022-07-17 17:06:00.819  INFO 18278 --- [main] .s.d.r.c.RepositoryConfigurationDelegate : Bootstrapping Spring Data Redis repositories in DEFAULT mode.
2022-07-17 17:06:00.859  INFO 18278 --- [main] .s.d.r.c.RepositoryConfigurationDelegate : Finished Spring Data repository scanning in 23 ms. Found 0 Redis repository interfaces.
2022-07-17 17:06:01.576  INFO 18278 --- [main] c.a.d.s.b.a.DruidDataSourceAutoConfigure : Init DruidDataSource
2022-07-17 17:06:02.347  INFO 18278 --- [main] com.alibaba.druid.pool.DruidDataSource   : {dataSource-1} inited
2022-07-17 17:06:03.720  INFO 18278 --- [main] o.s.s.web.DefaultSecurityFilterChain     : Will secure any request with [org.springframework.security.web.session.DisableEncodeUrlFilter@311a09b2, org.springframework.security.web.context.request.async.WebAsyncManagerIntegrationFilter@4cacccbf, org.springframework.security.web.context.SecurityContextPersistenceFilter@225ddf5f, org.springframework.security.web.header.HeaderWriterFilter@4888425d, org.springframework.web.filter.CorsFilter@301d84f6, org.springframework.security.web.authentication.logout.LogoutFilter@1e029a04, com.txy.graduate.security.filter.CaptcheFilter@6f80cf5, org.springframework.security.web.authentication.UsernamePasswordAuthenticationFilter@3a3bc0da, com.txy.graduate.security.filter.JWTFilter@674ed201, org.springframework.security.web.savedrequest.RequestCacheAwareFilter@575d48db, org.springframework.security.web.servletapi.SecurityContextHolderAwareRequestFilter@59b3f754, org.springframework.security.web.authentication.AnonymousAuthenticationFilter@4dad2363, org.springframework.security.web.session.SessionManagementFilter@5da3f32a, org.springframework.security.web.access.ExceptionTranslationFilter@4a6facb0, org.springframework.security.web.access.intercept.FilterSecurityInterceptor@505a8582]
2022-07-17 17:06:04.918  INFO 18278 --- [main] c.txy.graduate.mapper.StudentMapperTest  : Started StudentMapperTest in 5.569 seconds (JVM running for 6.997)
2022-07-17 17:06:05.613  INFO 18278 --- [SpringApplicationShutdownHook] com.alibaba.druid.pool.DruidDataSource   : {dataSource-1} closing ...
2022-07-17 17:06:05.617  INFO 18278 --- [SpringApplicationShutdownHook] com.alibaba.druid.pool.DruidDataSource   : {dataSource-1} closed
2022-07-17 17:07:00.936  INFO 18370 --- [main] c.txy.graduate.mapper.StudentMapperTest  : Starting StudentMapperTest using Java 17 on manjaro with PID 18370 (started by flyme in /home/flyme/桌面/生产实习/internship_cd/Graduate)
2022-07-17 17:07:00.937  INFO 18370 --- [main] c.txy.graduate.mapper.StudentMapperTest  : The following 1 profile is active: "pro"
2022-07-17 17:07:01.780  INFO 18370 --- [main] .s.d.r.c.RepositoryConfigurationDelegate : Multiple Spring Data modules found, entering strict repository configuration mode!
2022-07-17 17:07:01.782  INFO 18370 --- [main] .s.d.r.c.RepositoryConfigurationDelegate : Bootstrapping Spring Data Redis repositories in DEFAULT mode.
2022-07-17 17:07:01.813  INFO 18370 --- [main] .s.d.r.c.RepositoryConfigurationDelegate : Finished Spring Data repository scanning in 17 ms. Found 0 Redis repository interfaces.
2022-07-17 17:07:02.400  INFO 18370 --- [main] c.a.d.s.b.a.DruidDataSourceAutoConfigure : Init DruidDataSource
2022-07-17 17:07:03.032  INFO 18370 --- [main] com.alibaba.druid.pool.DruidDataSource   : {dataSource-1} inited
2022-07-17 17:07:04.642  INFO 18370 --- [main] o.s.s.web.DefaultSecurityFilterChain     : Will secure any request with [org.springframework.security.web.session.DisableEncodeUrlFilter@4888d1ea, org.springframework.security.web.context.request.async.WebAsyncManagerIntegrationFilter@217b0952, org.springframework.security.web.context.SecurityContextPersistenceFilter@d190639, org.springframework.security.web.header.HeaderWriterFilter@4efed0e0, org.springframework.web.filter.CorsFilter@3fd9e01c, org.springframework.security.web.authentication.logout.LogoutFilter@5ffd35dd, com.txy.graduate.security.filter.CaptcheFilter@36330be8, org.springframework.security.web.authentication.UsernamePasswordAuthenticationFilter@6f80cf5, com.txy.graduate.security.filter.JWTFilter@38ba8b45, org.springframework.security.web.savedrequest.RequestCacheAwareFilter@5ae87de0, org.springframework.security.web.servletapi.SecurityContextHolderAwareRequestFilter@4910afdf, org.springframework.security.web.authentication.AnonymousAuthenticationFilter@41f23499, org.springframework.security.web.session.SessionManagementFilter@729d6ee2, org.springframework.security.web.access.ExceptionTranslationFilter@bea5941, org.springframework.security.web.access.intercept.FilterSecurityInterceptor@264576e4]
2022-07-17 17:07:06.076  INFO 18370 --- [main] c.txy.graduate.mapper.StudentMapperTest  : Started StudentMapperTest in 5.489 seconds (JVM running for 6.595)
2022-07-17 17:07:06.631  INFO 18370 --- [SpringApplicationShutdownHook] com.alibaba.druid.pool.DruidDataSource   : {dataSource-1} closing ...
