2022-07-17 17:07:06.638  INFO 18370 --- [SpringApplicationShutdownHook] com.alibaba.druid.pool.DruidDataSource   : {dataSource-1} closed
2022-07-17 17:30:14.582  INFO 18865 --- [main] c.t.graduate.service.StudentServiceTest  : Starting StudentServiceTest using Java 17 on manjaro with PID 18865 (started by flyme in /home/flyme/桌面/生产实习/internship_cd/Graduate)
2022-07-17 17:30:14.583  INFO 18865 --- [main] c.t.graduate.service.StudentServiceTest  : The following 1 profile is active: "pro"
2022-07-17 17:30:15.289  INFO 18865 --- [main] .s.d.r.c.RepositoryConfigurationDelegate : Multiple Spring Data modules found, entering strict repository configuration mode!
2022-07-17 17:30:15.291  INFO 18865 --- [main] .s.d.r.c.RepositoryConfigurationDelegate : Bootstrapping Spring Data Redis repositories in DEFAULT mode.
2022-07-17 17:30:15.319  INFO 18865 --- [main] .s.d.r.c.RepositoryConfigurationDelegate : Finished Spring Data repository scanning in 16 ms. Found 0 Redis repository interfaces.
2022-07-17 17:30:15.859  INFO 18865 --- [main] c.a.d.s.b.a.DruidDataSourceAutoConfigure : Init DruidDataSource
2022-07-17 17:30:16.442  INFO 18865 --- [main] com.alibaba.druid.pool.DruidDataSource   : {dataSource-1} inited
2022-07-17 17:30:17.857  INFO 18865 --- [main] o.s.s.web.DefaultSecurityFilterChain     : Will secure any request with [org.springframework.security.web.session.DisableEncodeUrlFilter@75d7297d, org.springframework.security.web.context.request.async.WebAsyncManagerIntegrationFilter@4e20a985, org.springframework.security.web.context.SecurityContextPersistenceFilter@3cf70afa, org.springframework.security.web.header.HeaderWriterFilter@59b3f754, org.springframework.web.filter.CorsFilter@56e8a8a0, org.springframework.security.web.authentication.logout.LogoutFilter@278cb145, com.txy.graduate.security.filter.CaptcheFilter@6071631f, org.springframework.security.web.authentication.UsernamePasswordAuthenticationFilter@70421a08, com.txy.graduate.security.filter.JWTFilter@2ca132ad, org.springframework.security.web.savedrequest.RequestCacheAwareFilter@6a7aa675, org.springframework.security.web.servletapi.SecurityContextHolderAwareRequestFilter@6c6919ff, org.springframework.security.web.authentication.AnonymousAuthenticationFilter@6706da3d, org.springframework.security.web.session.SessionManagementFilter@8315e4a, org.springframework.security.web.access.ExceptionTranslationFilter@1d654b5f, org.springframework.security.web.access.intercept.FilterSecurityInterceptor@62cf86d6]
2022-07-17 17:30:18.967  INFO 18865 --- [main] c.t.graduate.service.StudentServiceTest  : Started StudentServiceTest in 4.697 seconds (JVM running for 5.777)
2022-07-17 17:30:19.435  INFO 18865 --- [SpringApplicationShutdownHook] com.alibaba.druid.pool.DruidDataSource   : {dataSource-1} closing ...
2022-07-17 17:30:19.441  INFO 18865 --- [SpringApplicationShutdownHook] com.alibaba.druid.pool.DruidDataSource   : {dataSource-1} closed
2022-07-17 17:30:49.699  INFO 18955 --- [main] c.t.graduate.service.StudentServiceTest  : Starting StudentServiceTest using Java 17 on manjaro with PID 18955 (started by flyme in /home/flyme/桌面/生产实习/internship_cd/Graduate)
2022-07-17 17:30:49.700  INFO 18955 --- [main] c.t.graduate.service.StudentServiceTest  : The following 1 profile is active: "pro"
2022-07-17 17:30:50.412  INFO 18955 --- [main] .s.d.r.c.RepositoryConfigurationDelegate : Multiple Spring Data modules found, entering strict repository configuration mode!
2022-07-17 17:30:50.414  INFO 18955 --- [main] .s.d.r.c.RepositoryConfigurationDelegate : Bootstrapping Spring Data Redis repositories in DEFAULT mode.
2022-07-17 17:30:50.438  INFO 18955 --- [main] .s.d.r.c.RepositoryConfigurationDelegate : Finished Spring Data repository scanning in 13 ms. Found 0 Redis repository interfaces.
2022-07-17 17:30:51.072  INFO 18955 --- [main] c.a.d.s.b.a.DruidDataSourceAutoConfigure : Init DruidDataSource
2022-07-17 17:30:51.869  INFO 18955 --- [main] com.alibaba.druid.pool.DruidDataSource   : {dataSource-1} inited
2022-07-17 17:30:53.295  INFO 18955 --- [main] o.s.s.web.DefaultSecurityFilterChain     : Will secure any request with [org.springframework.security.web.session.DisableEncodeUrlFilter@4e20a985, org.springframework.security.web.context.request.async.WebAsyncManagerIntegrationFilter@56e8a8a0, org.springframework.security.web.context.SecurityContextPersistenceFilter@66dd04e2, org.springframework.security.web.header.HeaderWriterFilter@18dbc1b, org.springframework.web.filter.CorsFilter@6071631f, org.springframework.security.web.authentication.logout.LogoutFilter@2aa0feb2, com.txy.graduate.security.filter.CaptcheFilter@2ca132ad, org.springframework.security.web.authentication.UsernamePasswordAuthenticationFilter@5dba3fdc, com.txy.graduate.security.filter.JWTFilter@6706da3d, org.springframework.security.web.savedrequest.RequestCacheAwareFilter@6eded11a, org.springframework.security.web.servletapi.SecurityContextHolderAwareRequestFilter@5de335cf, org.springframework.security.web.authentication.AnonymousAuthenticationFilter@7438c3d5, org.springframework.security.web.session.SessionManagementFilter@4efe014f, org.springframework.security.web.access.ExceptionTranslationFilter@575d48db, org.springframework.security.web.access.intercept.FilterSecurityInterceptor@2a6c751f]
2022-07-17 17:30:54.401  INFO 18955 --- [main] c.t.graduate.service.StudentServiceTest  : Started StudentServiceTest in 5.031 seconds (JVM running for 6.035)
2022-07-17 17:30:55.104  INFO 18955 --- [SpringApplicationShutdownHook] com.alibaba.druid.pool.DruidDataSource   : {dataSource-1} closing ...
2022-07-17 17:30:55.110  INFO 18955 --- [SpringApplicationShutdownHook] com.alibaba.druid.pool.DruidDataSource   : {dataSource-1} closed
2022-07-17 17:33:18.692  INFO 19088 --- [main] c.t.graduate.service.StudentServiceTest  : Starting StudentServiceTest using Java 17 on manjaro with PID 19088 (started by flyme in /home/flyme/桌面/生产实习/internship_cd/Graduate)
2022-07-17 17:33:18.694  INFO 19088 --- [main] c.t.graduate.service.StudentServiceTest  : The following 1 profile is active: "pro"
2022-07-17 17:33:19.580  INFO 19088 --- [main] .s.d.r.c.RepositoryConfigurationDelegate : Multiple Spring Data modules found, entering strict repository configuration mode!
2022-07-17 17:33:19.582  INFO 19088 --- [main] .s.d.r.c.RepositoryConfigurationDelegate : Bootstrapping Spring Data Redis repositories in DEFAULT mode.
2022-07-17 17:33:19.612  INFO 19088 --- [main] .s.d.r.c.RepositoryConfigurationDelegate : Finished Spring Data repository scanning in 18 ms. Found 0 Redis repository interfaces.
2022-07-17 17:33:20.350  INFO 19088 --- [main] c.a.d.s.b.a.DruidDataSourceAutoConfigure : Init DruidDataSource
2022-07-17 17:33:21.070  INFO 19088 --- [main] com.alibaba.druid.pool.DruidDataSource   : {dataSource-1} inited
2022-07-17 17:33:22.691  INFO 19088 --- [main] o.s.s.web.DefaultSecurityFilterChain     : Will secure any request with [org.springframework.security.web.session.DisableEncodeUrlFilter@12404f9d, org.springframework.security.web.context.request.async.WebAsyncManagerIntegrationFilter@3b42b729, org.springframework.security.web.context.SecurityContextPersistenceFilter@3c98981e, org.springframework.security.web.header.HeaderWriterFilter@2a9f8d47, org.springframework.web.filter.CorsFilter@4c164f81, org.springframework.security.web.authentication.logout.LogoutFilter@563c3aca, com.txy.graduate.security.filter.CaptcheFilter@1bcb8599, org.springframework.security.web.authentication.UsernamePasswordAuthenticationFilter@17a7d6c8, com.txy.graduate.security.filter.JWTFilter@b671dda, org.springframework.security.web.savedrequest.RequestCacheAwareFilter@13d5606c, org.springframework.security.web.servletapi.SecurityContextHolderAwareRequestFilter@b5ff70b, org.springframework.security.web.authentication.AnonymousAuthenticationFilter@25b20860, org.springframework.security.web.session.SessionManagementFilter@1df9f7c6, org.springframework.security.web.access.ExceptionTranslationFilter@6a38e3d1, org.springframework.security.web.access.intercept.FilterSecurityInterceptor@608f310a]
2022-07-17 17:33:24.089  INFO 19088 --- [main] c.t.graduate.service.StudentServiceTest  : Started StudentServiceTest in 5.836 seconds (JVM running for 7.604)
2022-07-17 17:33:24.832  INFO 19088 --- [SpringApplicationShutdownHook] com.alibaba.druid.pool.DruidDataSource   : {dataSource-1} closing ...
2022-07-17 17:33:24.837  INFO 19088 --- [SpringApplicationShutdownHook] com.alibaba.druid.pool.DruidDataSource   : {dataSource-1} closed
2022-07-17 17:52:46.924  INFO 19505 --- [main] c.t.graduate.service.StudentServiceTest  : Starting StudentServiceTest using Java 17 on manjaro with PID 19505 (started by flyme in /home/flyme/桌面/生产实习/internship_cd/Graduate)
2022-07-17 17:52:46.926  INFO 19505 --- [main] c.t.graduate.service.StudentServiceTest  : The following 1 profile is active: "pro"
2022-07-17 17:52:47.853  INFO 19505 --- [main] .s.d.r.c.RepositoryConfigurationDelegate : Multiple Spring Data modules found, entering strict repository configuration mode!
2022-07-17 17:52:47.856  INFO 19505 --- [main] .s.d.r.c.RepositoryConfigurationDelegate : Bootstrapping Spring Data Redis repositories in DEFAULT mode.
2022-07-17 17:52:47.888  INFO 19505 --- [main] .s.d.r.c.RepositoryConfigurationDelegate : Finished Spring Data repository scanning in 17 ms. Found 0 Redis repository interfaces.
2022-07-17 17:52:48.682  INFO 19505 --- [main] c.a.d.s.b.a.DruidDataSourceAutoConfigure : Init DruidDataSource
2022-07-17 17:52:49.614  INFO 19505 --- [main] com.alibaba.druid.pool.DruidDataSource   : {dataSource-1} inited
2022-07-17 17:52:51.260  INFO 19505 --- [main] o.s.s.web.DefaultSecurityFilterChain     : Will secure any request with [org.springframework.security.web.session.DisableEncodeUrlFilter@62cf86d6, org.springframework.security.web.context.request.async.WebAsyncManagerIntegrationFilter@2a6c751f, org.springframework.security.web.context.SecurityContextPersistenceFilter@18dbc1b, org.springframework.security.web.header.HeaderWriterFilter@51468039, org.springframework.web.filter.CorsFilter@6dd2e453, org.springframework.security.web.authentication.logout.LogoutFilter@103478b8, com.txy.graduate.security.filter.CaptcheFilter@433b1597, org.springframework.security.web.authentication.UsernamePasswordAuthenticationFilter@39f68aec, com.txy.graduate.security.filter.JWTFilter@5d5cd210, org.springframework.security.web.savedrequest.RequestCacheAwareFilter@4efe014f, org.springframework.security.web.servletapi.SecurityContextHolderAwareRequestFilter@66dd04e2, org.springframework.security.web.authentication.AnonymousAuthenticationFilter@14d18029, org.springframework.security.web.session.SessionManagementFilter@1b36d248, org.springframework.security.web.access.ExceptionTranslationFilter@5da3f32a, org.springframework.security.web.access.intercept.FilterSecurityInterceptor@301d84f6]
2022-07-17 17:52:52.947  INFO 19505 --- [main] c.t.graduate.service.StudentServiceTest  : Started StudentServiceTest in 6.336 seconds (JVM running for 7.409)
2022-07-17 17:52:53.504  INFO 19505 --- [SpringApplicationShutdownHook] com.alibaba.druid.pool.DruidDataSource   : {dataSource-1} closing ...
2022-07-17 17:52:53.511  INFO 19505 --- [SpringApplicationShutdownHook] com.alibaba.druid.pool.DruidDataSource   : {dataSource-1} closed
2022-07-17 17:53:56.576  INFO 19622 --- [main] c.t.graduate.service.StudentServiceTest  : Starting StudentServiceTest using Java 17 on manjaro with PID 19622 (started by flyme in /home/flyme/桌面/生产实习/internship_cd/Graduate)
2022-07-17 17:53:56.578  INFO 19622 --- [main] c.t.graduate.service.StudentServiceTest  : The following 1 profile is active: "pro"
2022-07-17 17:53:57.628  INFO 19622 --- [main] .s.d.r.c.RepositoryConfigurationDelegate : Multiple Spring Data modules found, entering strict repository configuration mode!
2022-07-17 17:53:57.630  INFO 19622 --- [main] .s.d.r.c.RepositoryConfigurationDelegate : Bootstrapping Spring Data Redis repositories in DEFAULT mode.
2022-07-17 17:53:57.669  INFO 19622 --- [main] .s.d.r.c.RepositoryConfigurationDelegate : Finished Spring Data repository scanning in 21 ms. Found 0 Redis repository interfaces.
2022-07-17 17:53:58.402  INFO 19622 --- [main] c.a.d.s.b.a.DruidDataSourceAutoConfigure : Init DruidDataSource
2022-07-17 17:53:59.162  INFO 19622 --- [main] com.alibaba.druid.pool.DruidDataSource   : {dataSource-1} inited
2022-07-17 17:54:00.590  INFO 19622 --- [main] o.s.s.web.DefaultSecurityFilterChain     : Will secure any request with [org.springframework.security.web.session.DisableEncodeUrlFilter@4cacccbf, org.springframework.security.web.context.request.async.WebAsyncManagerIntegrationFilter@301d84f6, org.springframework.security.web.context.SecurityContextPersistenceFilter@51468039, org.springframework.security.web.header.HeaderWriterFilter@3c8758d1, org.springframework.web.filter.CorsFilter@6f80cf5, org.springframework.security.web.authentication.logout.LogoutFilter@50e8ed74, com.txy.graduate.security.filter.CaptcheFilter@674ed201, org.springframework.security.web.authentication.UsernamePasswordAuthenticationFilter@2d2f09a4, com.txy.graduate.security.filter.JWTFilter@4dad2363, org.springframework.security.web.savedrequest.RequestCacheAwareFilter@1b36d248, org.springframework.security.web.servletapi.SecurityContextHolderAwareRequestFilter@18dbc1b, org.springframework.security.web.authentication.AnonymousAuthenticationFilter@114b2414, org.springframework.security.web.session.SessionManagementFilter@57b3d869, org.springframework.security.web.access.ExceptionTranslationFilter@4feec184, org.springframework.security.web.access.intercept.FilterSecurityInterceptor@57afe44b]
2022-07-17 17:54:01.754  INFO 19622 --- [main] c.t.graduate.service.StudentServiceTest  : Started StudentServiceTest in 5.569 seconds (JVM running for 7.769)
2022-07-17 17:54:02.330  INFO 19622 --- [SpringApplicationShutdownHook] com.alibaba.druid.pool.DruidDataSource   : {dataSource-1} closing ...
2022-07-17 17:54:02.334  INFO 19622 --- [SpringApplicationShutdownHook] com.alibaba.druid.pool.DruidDataSource   : {dataSource-1} closed
2022-07-17 17:54:27.482  INFO 19706 --- [main] c.txy.graduate.mapper.StudentMapperTest  : Starting StudentMapperTest using Java 17 on manjaro with PID 19706 (started by flyme in /home/flyme/桌面/生产实习/internship_cd/Graduate)
2022-07-17 17:54:27.483  INFO 19706 --- [main] c.txy.graduate.mapper.StudentMapperTest  : The following 1 profile is active: "pro"
2022-07-17 17:54:28.329  INFO 19706 --- [main] .s.d.r.c.RepositoryConfigurationDelegate : Multiple Spring Data modules found, entering strict repository configuration mode!
2022-07-17 17:54:28.331  INFO 19706 --- [main] .s.d.r.c.RepositoryConfigurationDelegate : Bootstrapping Spring Data Redis repositories in DEFAULT mode.
2022-07-17 17:54:28.355  INFO 19706 --- [main] .s.d.r.c.RepositoryConfigurationDelegate : Finished Spring Data repository scanning in 13 ms. Found 0 Redis repository interfaces.
2022-07-17 17:54:29.235  INFO 19706 --- [main] c.a.d.s.b.a.DruidDataSourceAutoConfigure : Init DruidDataSource
2022-07-17 17:54:30.160  INFO 19706 --- [main] com.alibaba.druid.pool.DruidDataSource   : {dataSource-1} inited
2022-07-17 17:54:32.137  INFO 19706 --- [main] o.s.s.web.DefaultSecurityFilterChain     : Will secure any request with [org.springframework.security.web.session.DisableEncodeUrlFilter@14d18029, org.springframework.security.web.context.request.async.WebAsyncManagerIntegrationFilter@6edb1e9c, org.springframework.security.web.context.SecurityContextPersistenceFilter@7c5ac0, org.springframework.security.web.header.HeaderWriterFilter@499c4d61, org.springframework.web.filter.CorsFilter@75d7297d, org.springframework.security.web.authentication.logout.LogoutFilter@65ff4b8c, com.txy.graduate.security.filter.CaptcheFilter@4e20a985, org.springframework.security.web.authentication.UsernamePasswordAuthenticationFilter@351c6341, com.txy.graduate.security.filter.JWTFilter@56e8a8a0, org.springframework.security.web.savedrequest.RequestCacheAwareFilter@66dd04e2, org.springframework.security.web.servletapi.SecurityContextHolderAwareRequestFilter@4b511e61, org.springframework.security.web.authentication.AnonymousAuthenticationFilter@6071631f, org.springframework.security.web.session.SessionManagementFilter@18dbc1b, org.springframework.security.web.access.ExceptionTranslationFilter@225ddf5f, org.springframework.security.web.access.intercept.FilterSecurityInterceptor@57920d6c]
2022-07-17 17:54:33.505  INFO 19706 --- [main] c.txy.graduate.mapper.StudentMapperTest  : Started StudentMapperTest in 6.417 seconds (JVM running for 7.525)
2022-07-17 17:54:33.531  INFO 19706 --- [SpringApplicationShutdownHook] com.alibaba.druid.pool.DruidDataSource   : {dataSource-1} closing ...
2022-07-17 17:54:33.539  INFO 19706 --- [SpringApplicationShutdownHook] com.alibaba.druid.pool.DruidDataSource   : {dataSource-1} closed
2022-07-17 17:55:02.362  INFO 19798 --- [main] c.txy.graduate.mapper.StudentMapperTest  : Starting StudentMapperTest using Java 17 on manjaro with PID 19798 (started by flyme in /home/flyme/桌面/生产实习/internship_cd/Graduate)
2022-07-17 17:55:02.364  INFO 19798 --- [main] c.txy.graduate.mapper.StudentMapperTest  : The following 1 profile is active: "pro"
2022-07-17 17:55:03.062  INFO 19798 --- [main] .s.d.r.c.RepositoryConfigurationDelegate : Multiple Spring Data modules found, entering strict repository configuration mode!
2022-07-17 17:55:03.064  INFO 19798 --- [main] .s.d.r.c.RepositoryConfigurationDelegate : Bootstrapping Spring Data Redis repositories in DEFAULT mode.
2022-07-17 17:55:03.088  INFO 19798 --- [main] .s.d.r.c.RepositoryConfigurationDelegate : Finished Spring Data repository scanning in 13 ms. Found 0 Redis repository interfaces.
2022-07-17 17:55:03.735  INFO 19798 --- [main] c.a.d.s.b.a.DruidDataSourceAutoConfigure : Init DruidDataSource
2022-07-17 17:55:04.521  INFO 19798 --- [main] com.alibaba.druid.pool.DruidDataSource   : {dataSource-1} inited
2022-07-17 17:55:05.941  INFO 19798 --- [main] o.s.s.web.DefaultSecurityFilterChain     : Will secure any request with [org.springframework.security.web.session.DisableEncodeUrlFilter@2ca132ad, org.springframework.security.web.context.request.async.WebAsyncManagerIntegrationFilter@6706da3d, org.springframework.security.web.context.SecurityContextPersistenceFilter@6eded11a, org.springframework.security.web.header.HeaderWriterFilter@4efe014f, org.springframework.web.filter.CorsFilter@7438c3d5, org.springframework.security.web.authentication.logout.LogoutFilter@70421a08, com.txy.graduate.security.filter.CaptcheFilter@1fba3fd6, org.springframework.security.web.authentication.UsernamePasswordAuthenticationFilter@6d842877, com.txy.graduate.security.filter.JWTFilter@3aab42d6, org.springframework.security.web.savedrequest.RequestCacheAwareFilter@74a74070, org.springframework.security.web.servletapi.SecurityContextHolderAwareRequestFilter@74eab077, org.springframework.security.web.authentication.AnonymousAuthenticationFilter@6badb08c, org.springframework.security.web.session.SessionManagementFilter@23d978b, org.springframework.security.web.access.ExceptionTranslationFilter@499c4d61, org.springframework.security.web.access.intercept.FilterSecurityInterceptor@5d5cd210]
2022-07-17 17:55:07.078  INFO 19798 --- [main] c.txy.graduate.mapper.StudentMapperTest  : Started StudentMapperTest in 5.02 seconds (JVM running for 6.106)
2022-07-17 17:55:07.671  INFO 19798 --- [SpringApplicationShutdownHook] com.alibaba.druid.pool.DruidDataSource   : {dataSource-1} closing ...
2022-07-17 17:55:07.676  INFO 19798 --- [SpringApplicationShutdownHook] com.alibaba.druid.pool.DruidDataSource   : {dataSource-1} closed
2022-07-17 17:58:17.287  INFO 20148 --- [main] c.txy.graduate.mapper.StudentMapperTest  : Starting StudentMapperTest using Java 17 on manjaro with PID 20148 (started by flyme in /home/flyme/桌面/生产实习/internship_cd/Graduate)
2022-07-17 17:58:17.288  INFO 20148 --- [main] c.txy.graduate.mapper.StudentMapperTest  : The following 1 profile is active: "pro"
2022-07-17 17:58:18.421  INFO 20148 --- [main] .s.d.r.c.RepositoryConfigurationDelegate : Multiple Spring Data modules found, entering strict repository configuration mode!
2022-07-17 17:58:18.423  INFO 20148 --- [main] .s.d.r.c.RepositoryConfigurationDelegate : Bootstrapping Spring Data Redis repositories in DEFAULT mode.
2022-07-17 17:58:18.458  INFO 20148 --- [main] .s.d.r.c.RepositoryConfigurationDelegate : Finished Spring Data repository scanning in 19 ms. Found 0 Redis repository interfaces.
2022-07-17 17:58:19.252  INFO 20148 --- [main] c.a.d.s.b.a.DruidDataSourceAutoConfigure : Init DruidDataSource
2022-07-17 17:58:20.149  INFO 20148 --- [main] com.alibaba.druid.pool.DruidDataSource   : {dataSource-1} inited
2022-07-17 17:58:21.797  INFO 20148 --- [main] o.s.s.web.DefaultSecurityFilterChain     : Will secure any request with [org.springframework.security.web.session.DisableEncodeUrlFilter@4e20a985, org.springframework.security.web.context.request.async.WebAsyncManagerIntegrationFilter@56e8a8a0, org.springframework.security.web.context.SecurityContextPersistenceFilter@66dd04e2, org.springframework.security.web.header.HeaderWriterFilter@74badf19, org.springframework.web.filter.CorsFilter@6071631f, org.springframework.security.web.authentication.logout.LogoutFilter@2aa0feb2, com.txy.graduate.security.filter.CaptcheFilter@2ca132ad, org.springframework.security.web.authentication.UsernamePasswordAuthenticationFilter@5dba3fdc, com.txy.graduate.security.filter.JWTFilter@6706da3d, org.springframework.security.web.savedrequest.RequestCacheAwareFilter@6eded11a, org.springframework.security.web.servletapi.SecurityContextHolderAwareRequestFilter@5de335cf, org.springframework.security.web.authentication.AnonymousAuthenticationFilter@7438c3d5, org.springframework.security.web.session.SessionManagementFilter@2a510e0e, org.springframework.security.web.access.ExceptionTranslationFilter@51468039, org.springframework.security.web.access.intercept.FilterSecurityInterceptor@2a6c751f]
2022-07-17 17:58:23.332  INFO 20148 --- [main] c.txy.graduate.mapper.StudentMapperTest  : Started StudentMapperTest in 6.555 seconds (JVM running for 7.99)
2022-07-17 17:58:23.924  INFO 20148 --- [SpringApplicationShutdownHook] com.alibaba.druid.pool.DruidDataSource   : {dataSource-1} closing ...
2022-07-17 17:58:23.931  INFO 20148 --- [SpringApplicationShutdownHook] com.alibaba.druid.pool.DruidDataSource   : {dataSource-1} closed
2022-07-17 17:59:21.288  INFO 20256 --- [main] c.txy.graduate.mapper.StudentMapperTest  : Starting StudentMapperTest using Java 17 on manjaro with PID 20256 (started by flyme in /home/flyme/桌面/生产实习/internship_cd/Graduate)
2022-07-17 17:59:21.290  INFO 20256 --- [main] c.txy.graduate.mapper.StudentMapperTest  : The following 1 profile is active: "pro"
2022-07-17 17:59:22.413  INFO 20256 --- [main] .s.d.r.c.RepositoryConfigurationDelegate : Multiple Spring Data modules found, entering strict repository configuration mode!
2022-07-17 17:59:22.416  INFO 20256 --- [main] .s.d.r.c.RepositoryConfigurationDelegate : Bootstrapping Spring Data Redis repositories in DEFAULT mode.
2022-07-17 17:59:22.461  INFO 20256 --- [main] .s.d.r.c.RepositoryConfigurationDelegate : Finished Spring Data repository scanning in 26 ms. Found 0 Redis repository interfaces.
2022-07-17 17:59:23.276  INFO 20256 --- [main] c.a.d.s.b.a.DruidDataSourceAutoConfigure : Init DruidDataSource
2022-07-17 17:59:24.104  INFO 20256 --- [main] com.alibaba.druid.pool.DruidDataSource   : {dataSource-1} inited
2022-07-17 17:59:25.758  INFO 20256 --- [main] o.s.s.web.DefaultSecurityFilterChain     : Will secure any request with [org.springframework.security.web.session.DisableEncodeUrlFilter@311a09b2, org.springframework.security.web.context.request.async.WebAsyncManagerIntegrationFilter@4cacccbf, org.springframework.security.web.context.SecurityContextPersistenceFilter@225ddf5f, org.springframework.security.web.header.HeaderWriterFilter@4888425d, org.springframework.web.filter.CorsFilter@301d84f6, org.springframework.security.web.authentication.logout.LogoutFilter@1e029a04, com.txy.graduate.security.filter.CaptcheFilter@6f80cf5, org.springframework.security.web.authentication.UsernamePasswordAuthenticationFilter@3a3bc0da, com.txy.graduate.security.filter.JWTFilter@674ed201, org.springframework.security.web.savedrequest.RequestCacheAwareFilter@575d48db, org.springframework.security.web.servletapi.SecurityContextHolderAwareRequestFilter@59b3f754, org.springframework.security.web.authentication.AnonymousAuthenticationFilter@4dad2363, org.springframework.security.web.session.SessionManagementFilter@5da3f32a, org.springframework.security.web.access.ExceptionTranslationFilter@4a6facb0, org.springframework.security.web.access.intercept.FilterSecurityInterceptor@505a8582]
2022-07-17 17:59:27.101  INFO 20256 --- [main] c.txy.graduate.mapper.StudentMapperTest  : Started StudentMapperTest in 6.229 seconds (JVM running for 7.646)
2022-07-17 17:59:27.987  INFO 20256 --- [SpringApplicationShutdownHook] com.alibaba.druid.pool.DruidDataSource   : {dataSource-1} closing ...
2022-07-17 17:59:27.993  INFO 20256 --- [SpringApplicationShutdownHook] com.alibaba.druid.pool.DruidDataSource   : {dataSource-1} closed
2022-07-17 18:06:13.494  INFO 20559 --- [main] c.txy.graduate.mapper.StudentMapperTest  : Starting StudentMapperTest using Java 17 on manjaro with PID 20559 (started by flyme in /home/flyme/桌面/生产实习/internship_cd/Graduate)
2022-07-17 18:06:13.496  INFO 20559 --- [main] c.txy.graduate.mapper.StudentMapperTest  : The following 1 profile is active: "pro"
2022-07-17 18:06:14.413  INFO 20559 --- [main] .s.d.r.c.RepositoryConfigurationDelegate : Multiple Spring Data modules found, entering strict repository configuration mode!
2022-07-17 18:06:14.417  INFO 20559 --- [main] .s.d.r.c.RepositoryConfigurationDelegate : Bootstrapping Spring Data Redis repositories in DEFAULT mode.
2022-07-17 18:06:14.465  INFO 20559 --- [main] .s.d.r.c.RepositoryConfigurationDelegate : Finished Spring Data repository scanning in 27 ms. Found 0 Redis repository interfaces.
2022-07-17 18:06:15.417  INFO 20559 --- [main] c.a.d.s.b.a.DruidDataSourceAutoConfigure : Init DruidDataSource
2022-07-17 18:06:16.273  INFO 20559 --- [main] com.alibaba.druid.pool.DruidDataSource   : {dataSource-1} inited
2022-07-17 18:06:17.881  INFO 20559 --- [main] o.s.s.web.DefaultSecurityFilterChain     : Will secure any request with [org.springframework.security.web.session.DisableEncodeUrlFilter@6071631f, org.springframework.security.web.context.request.async.WebAsyncManagerIntegrationFilter@2ca132ad, org.springframework.security.web.context.SecurityContextPersistenceFilter@6a7aa675, org.springframework.security.web.header.HeaderWriterFilter@8315e4a, org.springframework.web.filter.CorsFilter@6706da3d, org.springframework.security.web.authentication.logout.LogoutFilter@32069394, com.txy.graduate.security.filter.CaptcheFilter@7438c3d5, org.springframework.security.web.authentication.UsernamePasswordAuthenticationFilter@df6f19b, com.txy.graduate.security.filter.JWTFilter@1fba3fd6, org.springframework.security.web.savedrequest.RequestCacheAwareFilter@4b511e61, org.springframework.security.web.servletapi.SecurityContextHolderAwareRequestFilter@50e8ed74, org.springframework.security.web.authentication.AnonymousAuthenticationFilter@3aab42d6, org.springframework.security.web.session.SessionManagementFilter@7c5ac0, org.springframework.security.web.access.ExceptionTranslationFilter@7e94de5f, org.springframework.security.web.access.intercept.FilterSecurityInterceptor@433b1597]
2022-07-17 18:06:19.128  INFO 20559 --- [main] c.txy.graduate.mapper.StudentMapperTest  : Started StudentMapperTest in 5.969 seconds (JVM running for 6.972)
2022-07-17 18:06:19.984  INFO 20559 --- [SpringApplicationShutdownHook] com.alibaba.druid.pool.DruidDataSource   : {dataSource-1} closing ...
2022-07-17 18:06:19.992  INFO 20559 --- [SpringApplicationShutdownHook] com.alibaba.druid.pool.DruidDataSource   : {dataSource-1} closed
2022-07-17 18:07:58.572  INFO 20662 --- [main] c.txy.graduate.mapper.StudentMapperTest  : Starting StudentMapperTest using Java 17 on manjaro with PID 20662 (started by flyme in /home/flyme/桌面/生产实习/internship_cd/Graduate)
2022-07-17 18:07:58.573  INFO 20662 --- [main] c.txy.graduate.mapper.StudentMapperTest  : The following 1 profile is active: "pro"
2022-07-17 18:07:59.285  INFO 20662 --- [main] .s.d.r.c.RepositoryConfigurationDelegate : Multiple Spring Data modules found, entering strict repository configuration mode!
2022-07-17 18:07:59.287  INFO 20662 --- [main] .s.d.r.c.RepositoryConfigurationDelegate : Bootstrapping Spring Data Redis repositories in DEFAULT mode.
2022-07-17 18:07:59.310  INFO 20662 --- [main] .s.d.r.c.RepositoryConfigurationDelegate : Finished Spring Data repository scanning in 12 ms. Found 0 Redis repository interfaces.
2022-07-17 18:07:59.901  INFO 20662 --- [main] c.a.d.s.b.a.DruidDataSourceAutoConfigure : Init DruidDataSource
2022-07-17 18:08:00.727  INFO 20662 --- [main] com.alibaba.druid.pool.DruidDataSource   : {dataSource-1} inited
2022-07-17 18:08:02.526  INFO 20662 --- [main] o.s.s.web.DefaultSecurityFilterChain     : Will secure any request with [org.springframework.security.web.session.DisableEncodeUrlFilter@67ecf7ed, org.springframework.security.web.context.request.async.WebAsyncManagerIntegrationFilter@69d021c1, org.springframework.security.web.context.SecurityContextPersistenceFilter@3a3bc0da, org.springframework.security.web.header.HeaderWriterFilter@4b511e61, org.springframework.web.filter.CorsFilter@6d5508a5, org.springframework.security.web.authentication.logout.LogoutFilter@5c7c75fb, com.txy.graduate.security.filter.CaptcheFilter@103bcc9f, org.springframework.security.web.authentication.UsernamePasswordAuthenticationFilter@3856d0cb, com.txy.graduate.security.filter.JWTFilter@106802ea, org.springframework.security.web.savedrequest.RequestCacheAwareFilter@215a0264, org.springframework.security.web.servletapi.SecurityContextHolderAwareRequestFilter@ab4d2ba, org.springframework.security.web.authentication.AnonymousAuthenticationFilter@785ef70f, org.springframework.security.web.session.SessionManagementFilter@5de335cf, org.springframework.security.web.access.ExceptionTranslationFilter@3cf70afa, org.springframework.security.web.access.intercept.FilterSecurityInterceptor@1fba3fd6]
2022-07-17 18:08:03.794  INFO 20662 --- [main] c.txy.graduate.mapper.StudentMapperTest  : Started StudentMapperTest in 5.58 seconds (JVM running for 6.642)
