2022-07-18 16:59:54.757  INFO 20599 --- [main] .s.d.r.c.RepositoryConfigurationDelegate : Multiple Spring Data modules found, entering strict repository configuration mode!
2022-07-18 16:59:54.761  INFO 20599 --- [main] .s.d.r.c.RepositoryConfigurationDelegate : Bootstrapping Spring Data Redis repositories in DEFAULT mode.
2022-07-18 16:59:54.791  INFO 20599 --- [main] .s.d.r.c.RepositoryConfigurationDelegate : Finished Spring Data repository scanning in 17 ms. Found 0 Redis repository interfaces.
2022-07-18 16:59:55.284  INFO 20599 --- [main] trationDelegate$BeanPostProcessorChecker : Bean 'spring.datasource.dynamic-com.baomidou.dynamic.datasource.spring.boot.autoconfigure.DynamicDataSourceProperties' of type [com.baomidou.dynamic.datasource.spring.boot.autoconfigure.DynamicDataSourceProperties] is not eligible for getting processed by all BeanPostProcessors (for example: not eligible for auto-proxying)
2022-07-18 16:59:55.290  INFO 20599 --- [main] trationDelegate$BeanPostProcessorChecker : Bean 'com.baomidou.dynamic.datasource.spring.boot.autoconfigure.DynamicDataSourceAutoConfiguration' of type [com.baomidou.dynamic.datasource.spring.boot.autoconfigure.DynamicDataSourceAutoConfiguration$$EnhancerBySpringCGLIB$$e0649c90] is not eligible for getting processed by all BeanPostProcessors (for example: not eligible for auto-proxying)
2022-07-18 16:59:55.312  INFO 20599 --- [main] trationDelegate$BeanPostProcessorChecker : Bean 'dsProcessor' of type [com.baomidou.dynamic.datasource.processor.DsHeaderProcessor] is not eligible for getting processed by all BeanPostProcessors (for example: not eligible for auto-proxying)
2022-07-18 16:59:56.057  INFO 20599 --- [main] com.alibaba.druid.pool.DruidDataSource   : {dataSource-1,master} inited
2022-07-18 16:59:56.125  INFO 20599 --- [main] com.alibaba.druid.pool.DruidDataSource   : {dataSource-2,slave_1} inited
2022-07-18 16:59:56.125  INFO 20599 --- [main] c.b.d.d.DynamicRoutingDataSource         : dynamic-datasource - add a datasource named [master] success
2022-07-18 16:59:56.126  INFO 20599 --- [main] c.b.d.d.DynamicRoutingDataSource         : dynamic-datasource - add a datasource named [slave_1] success
2022-07-18 16:59:56.127  INFO 20599 --- [main] c.b.d.d.DynamicRoutingDataSource         : dynamic-datasource initial loaded [2] datasource,primary datasource named [master]
2022-07-18 16:59:57.288  INFO 20599 --- [main] o.s.s.web.DefaultSecurityFilterChain     : Will secure any request with [org.springframework.security.web.session.DisableEncodeUrlFilter@3dcbbbc, org.springframework.security.web.context.request.async.WebAsyncManagerIntegrationFilter@4040ccae, org.springframework.security.web.context.SecurityContextPersistenceFilter@64508788, org.springframework.security.web.header.HeaderWriterFilter@1a77eb6, org.springframework.web.filter.CorsFilter@15bb8ed5, org.springframework.security.web.authentication.logout.LogoutFilter@649009d6, com.txy.graduate.security.filter.CaptcheFilter@18f8ebd4, org.springframework.security.web.authentication.UsernamePasswordAuthenticationFilter@3acc3ee, com.txy.graduate.security.filter.JWTFilter@7e1fb22c, org.springframework.security.web.savedrequest.RequestCacheAwareFilter@1174676f, org.springframework.security.web.servletapi.SecurityContextHolderAwareRequestFilter@1fcc3461, org.springframework.security.web.authentication.AnonymousAuthenticationFilter@38fc34fd, org.springframework.security.web.session.SessionManagementFilter@175bf9c9, org.springframework.security.web.access.ExceptionTranslationFilter@65b5b5ed, org.springframework.security.web.access.intercept.FilterSecurityInterceptor@7a47f0be]
2022-07-18 16:59:58.184  INFO 20599 --- [main] c.t.graduate.service.ProcessServiceTest  : Started ProcessServiceTest in 4.485 seconds (JVM running for 5.558)
2022-07-18 16:59:58.724  INFO 20599 --- [SpringApplicationShutdownHook] c.b.d.d.DynamicRoutingDataSource         : dynamic-datasource start closing ....
2022-07-18 16:59:58.727  INFO 20599 --- [SpringApplicationShutdownHook] com.alibaba.druid.pool.DruidDataSource   : {dataSource-1} closing ...
2022-07-18 16:59:58.731  INFO 20599 --- [SpringApplicationShutdownHook] com.alibaba.druid.pool.DruidDataSource   : {dataSource-1} closed
2022-07-18 16:59:58.731  INFO 20599 --- [SpringApplicationShutdownHook] com.alibaba.druid.pool.DruidDataSource   : {dataSource-2} closing ...
2022-07-18 16:59:58.734  INFO 20599 --- [SpringApplicationShutdownHook] com.alibaba.druid.pool.DruidDataSource   : {dataSource-2} closed
2022-07-18 16:59:58.734  INFO 20599 --- [SpringApplicationShutdownHook] c.b.d.d.DynamicRoutingDataSource         : dynamic-datasource all closed success,bye
2022-07-18 17:00:32.639  INFO 20708 --- [main] c.t.graduate.service.ProcessServiceTest  : Starting ProcessServiceTest using Java 17 on manjaro with PID 20708 (started by flyme in /home/flyme/桌面/生产实习/internship_cd/Graduate)
2022-07-18 17:00:32.640  INFO 20708 --- [main] c.t.graduate.service.ProcessServiceTest  : The following 1 profile is active: "pro"
2022-07-18 17:00:33.754  INFO 20708 --- [main] .s.d.r.c.RepositoryConfigurationDelegate : Multiple Spring Data modules found, entering strict repository configuration mode!
2022-07-18 17:00:33.758  INFO 20708 --- [main] .s.d.r.c.RepositoryConfigurationDelegate : Bootstrapping Spring Data Redis repositories in DEFAULT mode.
2022-07-18 17:00:33.798  INFO 20708 --- [main] .s.d.r.c.RepositoryConfigurationDelegate : Finished Spring Data repository scanning in 24 ms. Found 0 Redis repository interfaces.
2022-07-18 17:00:34.553  INFO 20708 --- [main] trationDelegate$BeanPostProcessorChecker : Bean 'spring.datasource.dynamic-com.baomidou.dynamic.datasource.spring.boot.autoconfigure.DynamicDataSourceProperties' of type [com.baomidou.dynamic.datasource.spring.boot.autoconfigure.DynamicDataSourceProperties] is not eligible for getting processed by all BeanPostProcessors (for example: not eligible for auto-proxying)
2022-07-18 17:00:34.560  INFO 20708 --- [main] trationDelegate$BeanPostProcessorChecker : Bean 'com.baomidou.dynamic.datasource.spring.boot.autoconfigure.DynamicDataSourceAutoConfiguration' of type [com.baomidou.dynamic.datasource.spring.boot.autoconfigure.DynamicDataSourceAutoConfiguration$$EnhancerBySpringCGLIB$$6de60169] is not eligible for getting processed by all BeanPostProcessors (for example: not eligible for auto-proxying)
2022-07-18 17:00:34.584  INFO 20708 --- [main] trationDelegate$BeanPostProcessorChecker : Bean 'dsProcessor' of type [com.baomidou.dynamic.datasource.processor.DsHeaderProcessor] is not eligible for getting processed by all BeanPostProcessors (for example: not eligible for auto-proxying)
2022-07-18 17:00:35.497  INFO 20708 --- [main] com.alibaba.druid.pool.DruidDataSource   : {dataSource-1,master} inited
2022-07-18 17:00:35.579  INFO 20708 --- [main] com.alibaba.druid.pool.DruidDataSource   : {dataSource-2,slave_1} inited
2022-07-18 17:00:35.672  INFO 20708 --- [main] com.alibaba.druid.pool.DruidDataSource   : {dataSource-3,slave_2} inited
2022-07-18 17:00:35.672  INFO 20708 --- [main] c.b.d.d.DynamicRoutingDataSource         : dynamic-datasource - add a datasource named [slave_2] success
2022-07-18 17:00:35.674  INFO 20708 --- [main] c.b.d.d.DynamicRoutingDataSource         : dynamic-datasource - add a datasource named [master] success
2022-07-18 17:00:35.674  INFO 20708 --- [main] c.b.d.d.DynamicRoutingDataSource         : dynamic-datasource - add a datasource named [slave_1] success
2022-07-18 17:00:35.674  INFO 20708 --- [main] c.b.d.d.DynamicRoutingDataSource         : dynamic-datasource initial loaded [3] datasource,primary datasource named [master]
2022-07-18 17:00:37.218  INFO 20708 --- [main] o.s.s.web.DefaultSecurityFilterChain     : Will secure any request with [org.springframework.security.web.session.DisableEncodeUrlFilter@7a47f0be, org.springframework.security.web.context.request.async.WebAsyncManagerIntegrationFilter@2d8087da, org.springframework.security.web.context.SecurityContextPersistenceFilter@52d9f36b, org.springframework.security.web.header.HeaderWriterFilter@6212ea52, org.springframework.web.filter.CorsFilter@4f7ef948, org.springframework.security.web.authentication.logout.LogoutFilter@4ede8888, com.txy.graduate.security.filter.CaptcheFilter@6fdaef04, org.springframework.security.web.authentication.UsernamePasswordAuthenticationFilter@11120583, com.txy.graduate.security.filter.JWTFilter@2a5d2041, org.springframework.security.web.savedrequest.RequestCacheAwareFilter@2db3675a, org.springframework.security.web.servletapi.SecurityContextHolderAwareRequestFilter@30b1c5d5, org.springframework.security.web.authentication.AnonymousAuthenticationFilter@3cacc87, org.springframework.security.web.session.SessionManagementFilter@795eddda, org.springframework.security.web.access.ExceptionTranslationFilter@7ca0166c, org.springframework.security.web.access.intercept.FilterSecurityInterceptor@47ae6c18]
2022-07-18 17:00:38.485  INFO 20708 --- [main] c.t.graduate.service.ProcessServiceTest  : Started ProcessServiceTest in 6.31 seconds (JVM running for 7.462)
2022-07-18 17:00:39.114  INFO 20708 --- [SpringApplicationShutdownHook] c.b.d.d.DynamicRoutingDataSource         : dynamic-datasource start closing ....
2022-07-18 17:00:39.118  INFO 20708 --- [SpringApplicationShutdownHook] com.alibaba.druid.pool.DruidDataSource   : {dataSource-3} closing ...
2022-07-18 17:00:39.124  INFO 20708 --- [SpringApplicationShutdownHook] com.alibaba.druid.pool.DruidDataSource   : {dataSource-3} closed
2022-07-18 17:00:39.125  INFO 20708 --- [SpringApplicationShutdownHook] com.alibaba.druid.pool.DruidDataSource   : {dataSource-1} closing ...
2022-07-18 17:00:39.128  INFO 20708 --- [SpringApplicationShutdownHook] com.alibaba.druid.pool.DruidDataSource   : {dataSource-1} closed
2022-07-18 17:00:39.129  INFO 20708 --- [SpringApplicationShutdownHook] com.alibaba.druid.pool.DruidDataSource   : {dataSource-2} closing ...
2022-07-18 17:00:39.132  INFO 20708 --- [SpringApplicationShutdownHook] com.alibaba.druid.pool.DruidDataSource   : {dataSource-2} closed
2022-07-18 17:00:39.133  INFO 20708 --- [SpringApplicationShutdownHook] c.b.d.d.DynamicRoutingDataSource         : dynamic-datasource all closed success,bye
2022-07-18 20:32:18.942  INFO 23769 --- [main] com.txy.graduate.util.FileUtilTest       : Starting FileUtilTest using Java 17 on manjaro with PID 23769 (started by flyme in /home/flyme/桌面/生产实习/internship_cd/Graduate)
2022-07-18 20:32:18.944  INFO 23769 --- [main] com.txy.graduate.util.FileUtilTest       : The following 1 profile is active: "pro"
2022-07-18 20:32:20.006  INFO 23769 --- [main] .s.d.r.c.RepositoryConfigurationDelegate : Multiple Spring Data modules found, entering strict repository configuration mode!
2022-07-18 20:32:20.008  INFO 23769 --- [main] .s.d.r.c.RepositoryConfigurationDelegate : Bootstrapping Spring Data Redis repositories in DEFAULT mode.
2022-07-18 20:32:20.043  INFO 23769 --- [main] .s.d.r.c.RepositoryConfigurationDelegate : Finished Spring Data repository scanning in 20 ms. Found 0 Redis repository interfaces.
2022-07-18 20:32:20.748  INFO 23769 --- [main] trationDelegate$BeanPostProcessorChecker : Bean 'spring.datasource.dynamic-com.baomidou.dynamic.datasource.spring.boot.autoconfigure.DynamicDataSourceProperties' of type [com.baomidou.dynamic.datasource.spring.boot.autoconfigure.DynamicDataSourceProperties] is not eligible for getting processed by all BeanPostProcessors (for example: not eligible for auto-proxying)
2022-07-18 20:32:20.755  INFO 23769 --- [main] trationDelegate$BeanPostProcessorChecker : Bean 'com.baomidou.dynamic.datasource.spring.boot.autoconfigure.DynamicDataSourceAutoConfiguration' of type [com.baomidou.dynamic.datasource.spring.boot.autoconfigure.DynamicDataSourceAutoConfiguration$$EnhancerBySpringCGLIB$$ea9b40d] is not eligible for getting processed by all BeanPostProcessors (for example: not eligible for auto-proxying)
2022-07-18 20:32:20.779  INFO 23769 --- [main] trationDelegate$BeanPostProcessorChecker : Bean 'dsProcessor' of type [com.baomidou.dynamic.datasource.processor.DsHeaderProcessor] is not eligible for getting processed by all BeanPostProcessors (for example: not eligible for auto-proxying)
2022-07-18 20:32:21.665  INFO 23769 --- [main] com.alibaba.druid.pool.DruidDataSource   : {dataSource-1,master} inited
2022-07-18 20:32:21.748  INFO 23769 --- [main] com.alibaba.druid.pool.DruidDataSource   : {dataSource-2,slave_1} inited
2022-07-18 20:32:21.821  INFO 23769 --- [main] com.alibaba.druid.pool.DruidDataSource   : {dataSource-3,slave_2} inited
2022-07-18 20:32:21.822  INFO 23769 --- [main] c.b.d.d.DynamicRoutingDataSource         : dynamic-datasource - add a datasource named [slave_2] success
2022-07-18 20:32:21.824  INFO 23769 --- [main] c.b.d.d.DynamicRoutingDataSource         : dynamic-datasource - add a datasource named [master] success
2022-07-18 20:32:21.824  INFO 23769 --- [main] c.b.d.d.DynamicRoutingDataSource         : dynamic-datasource - add a datasource named [slave_1] success
2022-07-18 20:32:21.825  INFO 23769 --- [main] c.b.d.d.DynamicRoutingDataSource         : dynamic-datasource initial loaded [3] datasource,primary datasource named [master]
2022-07-18 20:32:23.348  INFO 23769 --- [main] o.s.s.web.DefaultSecurityFilterChain     : Will secure any request with [org.springframework.security.web.session.DisableEncodeUrlFilter@40b01718, org.springframework.security.web.context.request.async.WebAsyncManagerIntegrationFilter@6d4c18b8, org.springframework.security.web.context.SecurityContextPersistenceFilter@df432ec, org.springframework.security.web.header.HeaderWriterFilter@1f293cb7, org.springframework.web.filter.CorsFilter@663622b1, org.springframework.security.web.authentication.logout.LogoutFilter@41492479, com.txy.graduate.security.filter.CaptcheFilter@1be52113, org.springframework.security.web.authentication.UsernamePasswordAuthenticationFilter@3e12c5de, com.txy.graduate.security.filter.JWTFilter@5badeda0, org.springframework.security.web.savedrequest.RequestCacheAwareFilter@28295554, org.springframework.security.web.servletapi.SecurityContextHolderAwareRequestFilter@219edc05, org.springframework.security.web.authentication.AnonymousAuthenticationFilter@56a9a7b5, org.springframework.security.web.session.SessionManagementFilter@32c6d164, org.springframework.security.web.access.ExceptionTranslationFilter@5d8e4fa8, org.springframework.security.web.access.intercept.FilterSecurityInterceptor@30eb55c9]
2022-07-18 20:32:24.557  INFO 23769 --- [main] com.txy.graduate.util.FileUtilTest       : Started FileUtilTest in 6.135 seconds (JVM running for 7.707)
2022-07-18 20:32:25.132  INFO 23769 --- [SpringApplicationShutdownHook] c.b.d.d.DynamicRoutingDataSource         : dynamic-datasource start closing ....
2022-07-18 20:32:25.136  INFO 23769 --- [SpringApplicationShutdownHook] com.alibaba.druid.pool.DruidDataSource   : {dataSource-3} closing ...
2022-07-18 20:32:25.140  INFO 23769 --- [SpringApplicationShutdownHook] com.alibaba.druid.pool.DruidDataSource   : {dataSource-3} closed
2022-07-18 20:32:25.141  INFO 23769 --- [SpringApplicationShutdownHook] com.alibaba.druid.pool.DruidDataSource   : {dataSource-1} closing ...
2022-07-18 20:32:25.143  INFO 23769 --- [SpringApplicationShutdownHook] com.alibaba.druid.pool.DruidDataSource   : {dataSource-1} closed
2022-07-18 20:32:25.143  INFO 23769 --- [SpringApplicationShutdownHook] com.alibaba.druid.pool.DruidDataSource   : {dataSource-2} closing ...
2022-07-18 20:32:25.145  INFO 23769 --- [SpringApplicationShutdownHook] com.alibaba.druid.pool.DruidDataSource   : {dataSource-2} closed
2022-07-18 20:32:25.146  INFO 23769 --- [SpringApplicationShutdownHook] c.b.d.d.DynamicRoutingDataSource         : dynamic-datasource all closed success,bye
2022-07-18 20:33:24.351  INFO 23876 --- [main] com.txy.graduate.util.FileUtilTest       : Starting FileUtilTest using Java 17 on manjaro with PID 23876 (started by flyme in /home/flyme/桌面/生产实习/internship_cd/Graduate)
2022-07-18 20:33:24.352  INFO 23876 --- [main] com.txy.graduate.util.FileUtilTest       : The following 1 profile is active: "pro"
2022-07-18 20:33:25.086  INFO 23876 --- [main] .s.d.r.c.RepositoryConfigurationDelegate : Multiple Spring Data modules found, entering strict repository configuration mode!
2022-07-18 20:33:25.088  INFO 23876 --- [main] .s.d.r.c.RepositoryConfigurationDelegate : Bootstrapping Spring Data Redis repositories in DEFAULT mode.
2022-07-18 20:33:25.113  INFO 23876 --- [main] .s.d.r.c.RepositoryConfigurationDelegate : Finished Spring Data repository scanning in 14 ms. Found 0 Redis repository interfaces.
2022-07-18 20:33:25.718  INFO 23876 --- [main] trationDelegate$BeanPostProcessorChecker : Bean 'spring.datasource.dynamic-com.baomidou.dynamic.datasource.spring.boot.autoconfigure.DynamicDataSourceProperties' of type [com.baomidou.dynamic.datasource.spring.boot.autoconfigure.DynamicDataSourceProperties] is not eligible for getting processed by all BeanPostProcessors (for example: not eligible for auto-proxying)
2022-07-18 20:33:25.727  INFO 23876 --- [main] trationDelegate$BeanPostProcessorChecker : Bean 'com.baomidou.dynamic.datasource.spring.boot.autoconfigure.DynamicDataSourceAutoConfiguration' of type [com.baomidou.dynamic.datasource.spring.boot.autoconfigure.DynamicDataSourceAutoConfiguration$$EnhancerBySpringCGLIB$$a32c4399] is not eligible for getting processed by all BeanPostProcessors (for example: not eligible for auto-proxying)
2022-07-18 20:33:25.756  INFO 23876 --- [main] trationDelegate$BeanPostProcessorChecker : Bean 'dsProcessor' of type [com.baomidou.dynamic.datasource.processor.DsHeaderProcessor] is not eligible for getting processed by all BeanPostProcessors (for example: not eligible for auto-proxying)
2022-07-18 20:33:26.756  INFO 23876 --- [main] com.alibaba.druid.pool.DruidDataSource   : {dataSource-1,master} inited
2022-07-18 20:33:26.867  INFO 23876 --- [main] com.alibaba.druid.pool.DruidDataSource   : {dataSource-2,slave_1} inited
2022-07-18 20:33:26.935  INFO 23876 --- [main] com.alibaba.druid.pool.DruidDataSource   : {dataSource-3,slave_2} inited
2022-07-18 20:33:26.935  INFO 23876 --- [main] c.b.d.d.DynamicRoutingDataSource         : dynamic-datasource - add a datasource named [slave_2] success
2022-07-18 20:33:26.937  INFO 23876 --- [main] c.b.d.d.DynamicRoutingDataSource         : dynamic-datasource - add a datasource named [master] success
2022-07-18 20:33:26.937  INFO 23876 --- [main] c.b.d.d.DynamicRoutingDataSource         : dynamic-datasource - add a datasource named [slave_1] success
2022-07-18 20:33:26.937  INFO 23876 --- [main] c.b.d.d.DynamicRoutingDataSource         : dynamic-datasource initial loaded [3] datasource,primary datasource named [master]
2022-07-18 20:33:28.308  INFO 23876 --- [main] o.s.s.web.DefaultSecurityFilterChain     : Will secure any request with [org.springframework.security.web.session.DisableEncodeUrlFilter@1c79d093, org.springframework.security.web.context.request.async.WebAsyncManagerIntegrationFilter@746fd19b, org.springframework.security.web.context.SecurityContextPersistenceFilter@62f37bfd, org.springframework.security.web.header.HeaderWriterFilter@6144e499, org.springframework.web.filter.CorsFilter@54caeadc, org.springframework.security.web.authentication.logout.LogoutFilter@13a9cdae, com.txy.graduate.security.filter.CaptcheFilter@61d7bb61, org.springframework.security.web.authentication.UsernamePasswordAuthenticationFilter@49f6c25e, com.txy.graduate.security.filter.JWTFilter@33f81280, org.springframework.security.web.savedrequest.RequestCacheAwareFilter@5c930fc3, org.springframework.security.web.servletapi.SecurityContextHolderAwareRequestFilter@70e1aa20, org.springframework.security.web.authentication.AnonymousAuthenticationFilter@3991fe6d, org.springframework.security.web.session.SessionManagementFilter@4e671ef, org.springframework.security.web.access.ExceptionTranslationFilter@32c6d164, org.springframework.security.web.access.intercept.FilterSecurityInterceptor@663622b1]
2022-07-18 20:33:29.498  INFO 23876 --- [main] com.txy.graduate.util.FileUtilTest       : Started FileUtilTest in 5.464 seconds (JVM running for 6.678)
2022-07-18 20:33:30.066  INFO 23876 --- [SpringApplicationShutdownHook] c.b.d.d.DynamicRoutingDataSource         : dynamic-datasource start closing ....
2022-07-18 20:33:30.069  INFO 23876 --- [SpringApplicationShutdownHook] com.alibaba.druid.pool.DruidDataSource   : {dataSource-3} closing ...
2022-07-18 20:33:30.074  INFO 23876 --- [SpringApplicationShutdownHook] com.alibaba.druid.pool.DruidDataSource   : {dataSource-3} closed
2022-07-18 20:33:30.075  INFO 23876 --- [SpringApplicationShutdownHook] com.alibaba.druid.pool.DruidDataSource   : {dataSource-1} closing ...
2022-07-18 20:33:30.078  INFO 23876 --- [SpringApplicationShutdownHook] com.alibaba.druid.pool.DruidDataSource   : {dataSource-1} closed
2022-07-18 20:33:30.078  INFO 23876 --- [SpringApplicationShutdownHook] com.alibaba.druid.pool.DruidDataSource   : {dataSource-2} closing ...
2022-07-18 20:33:30.082  INFO 23876 --- [SpringApplicationShutdownHook] com.alibaba.druid.pool.DruidDataSource   : {dataSource-2} closed
2022-07-18 20:33:30.082  INFO 23876 --- [SpringApplicationShutdownHook] c.b.d.d.DynamicRoutingDataSource         : dynamic-datasource all closed success,bye
2022-07-18 20:34:24.843  INFO 24108 --- [main] com.txy.graduate.util.FileUtilTest       : Starting FileUtilTest using Java 17 on manjaro with PID 24108 (started by flyme in /home/flyme/桌面/生产实习/internship_cd/Graduate)
2022-07-18 20:34:24.846  INFO 24108 --- [main] com.txy.graduate.util.FileUtilTest       : The following 1 profile is active: "dev"
2022-07-18 20:34:26.291  INFO 24108 --- [main] .s.d.r.c.RepositoryConfigurationDelegate : Multiple Spring Data modules found, entering strict repository configuration mode!
2022-07-18 20:34:26.294  INFO 24108 --- [main] .s.d.r.c.RepositoryConfigurationDelegate : Bootstrapping Spring Data Redis repositories in DEFAULT mode.
2022-07-18 20:34:26.328  INFO 24108 --- [main] .s.d.r.c.RepositoryConfigurationDelegate : Finished Spring Data repository scanning in 20 ms. Found 0 Redis repository interfaces.
2022-07-18 20:34:26.980  INFO 24108 --- [main] trationDelegate$BeanPostProcessorChecker : Bean 'spring.datasource.dynamic-com.baomidou.dynamic.datasource.spring.boot.autoconfigure.DynamicDataSourceProperties' of type [com.baomidou.dynamic.datasource.spring.boot.autoconfigure.DynamicDataSourceProperties] is not eligible for getting processed by all BeanPostProcessors (for example: not eligible for auto-proxying)
2022-07-18 20:34:26.986  INFO 24108 --- [main] trationDelegate$BeanPostProcessorChecker : Bean 'com.baomidou.dynamic.datasource.spring.boot.autoconfigure.DynamicDataSourceAutoConfiguration' of type [com.baomidou.dynamic.datasource.spring.boot.autoconfigure.DynamicDataSourceAutoConfiguration$$EnhancerBySpringCGLIB$$cae78bb8] is not eligible for getting processed by all BeanPostProcessors (for example: not eligible for auto-proxying)
2022-07-18 20:34:27.010  INFO 24108 --- [main] trationDelegate$BeanPostProcessorChecker : Bean 'dsProcessor' of type [com.baomidou.dynamic.datasource.processor.DsHeaderProcessor] is not eligible for getting processed by all BeanPostProcessors (for example: not eligible for auto-proxying)
2022-07-18 20:34:27.995  INFO 24108 --- [main] com.alibaba.druid.pool.DruidDataSource   : {dataSource-1,master} inited
2022-07-18 20:34:28.073  INFO 24108 --- [main] com.alibaba.druid.pool.DruidDataSource   : {dataSource-2,slave_1} inited
2022-07-18 20:34:28.146  INFO 24108 --- [main] com.alibaba.druid.pool.DruidDataSource   : {dataSource-3,slave_2} inited
2022-07-18 20:34:28.147  INFO 24108 --- [main] c.b.d.d.DynamicRoutingDataSource         : dynamic-datasource - add a datasource named [slave_2] success
2022-07-18 20:34:28.148  INFO 24108 --- [main] c.b.d.d.DynamicRoutingDataSource         : dynamic-datasource - add a datasource named [master] success
2022-07-18 20:34:28.148  INFO 24108 --- [main] c.b.d.d.DynamicRoutingDataSource         : dynamic-datasource - add a datasource named [slave_1] success
2022-07-18 20:34:28.148  INFO 24108 --- [main] c.b.d.d.DynamicRoutingDataSource         : dynamic-datasource initial loaded [3] datasource,primary datasource named [master]
2022-07-18 20:34:29.680  INFO 24108 --- [main] o.s.s.web.DefaultSecurityFilterChain     : Will secure any request with [org.springframework.security.web.session.DisableEncodeUrlFilter@45273d40, org.springframework.security.web.context.request.async.WebAsyncManagerIntegrationFilter@2a504ea7, org.springframework.security.web.context.SecurityContextPersistenceFilter@2d8087da, org.springframework.security.web.header.HeaderWriterFilter@47ae6c18, org.springframework.web.filter.CorsFilter@10f397d0, org.springframework.security.web.authentication.logout.LogoutFilter@3cc74fc4, com.txy.graduate.security.filter.CaptcheFilter@33a3e5db, org.springframework.security.web.authentication.UsernamePasswordAuthenticationFilter@25e796fe, com.txy.graduate.security.filter.JWTFilter@4f9213d2, org.springframework.security.web.savedrequest.RequestCacheAwareFilter@2a5d2041, org.springframework.security.web.servletapi.SecurityContextHolderAwareRequestFilter@15bb8ed5, org.springframework.security.web.authentication.AnonymousAuthenticationFilter@679f59f1, org.springframework.security.web.session.SessionManagementFilter@552cb0d5, org.springframework.security.web.access.ExceptionTranslationFilter@1c972ae6, org.springframework.security.web.access.intercept.FilterSecurityInterceptor@4bfe83d]
2022-07-18 20:34:30.821  INFO 24108 --- [main] com.txy.graduate.util.FileUtilTest       : Started FileUtilTest in 6.596 seconds (JVM running for 8.323)
2022-07-18 20:34:31.601  INFO 24108 --- [SpringApplicationShutdownHook] c.b.d.d.DynamicRoutingDataSource         : dynamic-datasource start closing ....
2022-07-18 20:34:31.603  INFO 24108 --- [SpringApplicationShutdownHook] com.alibaba.druid.pool.DruidDataSource   : {dataSource-3} closing ...
2022-07-18 20:34:31.607  INFO 24108 --- [SpringApplicationShutdownHook] com.alibaba.druid.pool.DruidDataSource   : {dataSource-3} closed
2022-07-18 20:34:31.607  INFO 24108 --- [SpringApplicationShutdownHook] com.alibaba.druid.pool.DruidDataSource   : {dataSource-1} closing ...
2022-07-18 20:34:31.609  INFO 24108 --- [SpringApplicationShutdownHook] com.alibaba.druid.pool.DruidDataSource   : {dataSource-1} closed
2022-07-18 20:34:31.609  INFO 24108 --- [SpringApplicationShutdownHook] com.alibaba.druid.pool.DruidDataSource   : {dataSource-2} closing ...
2022-07-18 20:34:31.611  INFO 24108 --- [SpringApplicationShutdownHook] com.alibaba.druid.pool.DruidDataSource   : {dataSource-2} closed
2022-07-18 20:34:31.611  INFO 24108 --- [SpringApplicationShutdownHook] c.b.d.d.DynamicRoutingDataSource         : dynamic-datasource all closed success,bye
2022-07-18 20:36:09.654  INFO 25471 --- [main] com.txy.graduate.util.FileUtilTest       : Starting FileUtilTest using Java 17 on manjaro with PID 25471 (started by flyme in /home/flyme/桌面/生产实习/internship_cd/Graduate)
2022-07-18 20:36:09.656  INFO 25471 --- [main] com.txy.graduate.util.FileUtilTest       : The following 1 profile is active: "dev"
2022-07-18 20:36:10.478  INFO 25471 --- [main] .s.d.r.c.RepositoryConfigurationDelegate : Multiple Spring Data modules found, entering strict repository configuration mode!
2022-07-18 20:36:10.480  INFO 25471 --- [main] .s.d.r.c.RepositoryConfigurationDelegate : Bootstrapping Spring Data Redis repositories in DEFAULT mode.
2022-07-18 20:36:10.511  INFO 25471 --- [main] .s.d.r.c.RepositoryConfigurationDelegate : Finished Spring Data repository scanning in 17 ms. Found 0 Redis repository interfaces.
2022-07-18 20:36:11.002  INFO 25471 --- [main] trationDelegate$BeanPostProcessorChecker : Bean 'spring.datasource.dynamic-com.baomidou.dynamic.datasource.spring.boot.autoconfigure.DynamicDataSourceProperties' of type [com.baomidou.dynamic.datasource.spring.boot.autoconfigure.DynamicDataSourceProperties] is not eligible for getting processed by all BeanPostProcessors (for example: not eligible for auto-proxying)
2022-07-18 20:36:11.007  INFO 25471 --- [main] trationDelegate$BeanPostProcessorChecker : Bean 'com.baomidou.dynamic.datasource.spring.boot.autoconfigure.DynamicDataSourceAutoConfiguration' of type [com.baomidou.dynamic.datasource.spring.boot.autoconfigure.DynamicDataSourceAutoConfiguration$$EnhancerBySpringCGLIB$$edfce14c] is not eligible for getting processed by all BeanPostProcessors (for example: not eligible for auto-proxying)
2022-07-18 20:36:11.028  INFO 25471 --- [main] trationDelegate$BeanPostProcessorChecker : Bean 'dsProcessor' of type [com.baomidou.dynamic.datasource.processor.DsHeaderProcessor] is not eligible for getting processed by all BeanPostProcessors (for example: not eligible for auto-proxying)
2022-07-18 20:36:11.776  INFO 25471 --- [main] com.alibaba.druid.pool.DruidDataSource   : {dataSource-1,master} inited
2022-07-18 20:36:11.840  INFO 25471 --- [main] com.alibaba.druid.pool.DruidDataSource   : {dataSource-2,slave_1} inited
2022-07-18 20:36:11.898  INFO 25471 --- [main] com.alibaba.druid.pool.DruidDataSource   : {dataSource-3,slave_2} inited
2022-07-18 20:36:11.898  INFO 25471 --- [main] c.b.d.d.DynamicRoutingDataSource         : dynamic-datasource - add a datasource named [slave_2] success
2022-07-18 20:36:11.899  INFO 25471 --- [main] c.b.d.d.DynamicRoutingDataSource         : dynamic-datasource - add a datasource named [master] success
2022-07-18 20:36:11.899  INFO 25471 --- [main] c.b.d.d.DynamicRoutingDataSource         : dynamic-datasource - add a datasource named [slave_1] success
2022-07-18 20:36:11.900  INFO 25471 --- [main] c.b.d.d.DynamicRoutingDataSource         : dynamic-datasource initial loaded [3] datasource,primary datasource named [master]
2022-07-18 20:36:12.970  INFO 25471 --- [main] o.s.s.web.DefaultSecurityFilterChain     : Will secure any request with [org.springframework.security.web.session.DisableEncodeUrlFilter@4c9cce17, org.springframework.security.web.context.request.async.WebAsyncManagerIntegrationFilter@73316a0a, org.springframework.security.web.context.SecurityContextPersistenceFilter@60ee7a51, org.springframework.security.web.header.HeaderWriterFilter@219edc05, org.springframework.web.filter.CorsFilter@63a7af06, org.springframework.security.web.authentication.logout.LogoutFilter@47ae6c18, com.txy.graduate.security.filter.CaptcheFilter@5f01fb5c, org.springframework.security.web.authentication.UsernamePasswordAuthenticationFilter@61d6c8c4, com.txy.graduate.security.filter.JWTFilter@75c77add, org.springframework.security.web.savedrequest.RequestCacheAwareFilter@1618c98a, org.springframework.security.web.servletapi.SecurityContextHolderAwareRequestFilter@25110bb9, org.springframework.security.web.authentication.AnonymousAuthenticationFilter@d5e3f55, org.springframework.security.web.session.SessionManagementFilter@b3a8455, org.springframework.security.web.access.ExceptionTranslationFilter@26f204a4, org.springframework.security.web.access.intercept.FilterSecurityInterceptor@15c1b543]
