2022-07-15 11:41:33.291  INFO 63498 --- [SpringApplicationShutdownHook] com.alibaba.druid.pool.DruidDataSource   : {dataSource-1} closing ...
2022-07-15 11:41:33.300  INFO 63498 --- [SpringApplicationShutdownHook] com.alibaba.druid.pool.DruidDataSource   : {dataSource-1} closed
2022-07-15 11:45:06.999  INFO 64067 --- [restartedMain] com.txy.graduate.GraduateApplication     : Starting GraduateApplication using Java 17 on manjaro with PID 64067 (/home/flyme/桌面/生产实习/internship_cd/Graduate/target/classes started by flyme in /home/flyme/桌面/生产实习/internship_cd/Graduate)
2022-07-15 11:45:07.000  INFO 64067 --- [restartedMain] com.txy.graduate.GraduateApplication     : No active profile set, falling back to 1 default profile: "default"
2022-07-15 11:45:07.041  INFO 64067 --- [restartedMain] o.s.b.devtools.restart.ChangeableUrls    : The Class-Path manifest attribute in /home/flyme/.m2/repository/com/sun/xml/bind/jaxb-impl/2.2.5-b10/jaxb-impl-2.2.5-b10.jar referenced one or more files that do not exist: file:/home/flyme/.m2/repository/com/sun/xml/bind/jaxb-impl/2.2.5-b10/jaxb-api.jar,file:/home/flyme/.m2/repository/com/sun/xml/bind/jaxb-impl/2.2.5-b10/activation.jar,file:/home/flyme/.m2/repository/com/sun/xml/bind/jaxb-impl/2.2.5-b10/jsr173_1.0_api.jar,file:/home/flyme/.m2/repository/com/sun/xml/bind/jaxb-impl/2.2.5-b10/jaxb1-impl.jar
2022-07-15 11:45:07.041  INFO 64067 --- [restartedMain] .e.DevToolsPropertyDefaultsPostProcessor : Devtools property defaults active! Set 'spring.devtools.add-properties' to 'false' to disable
2022-07-15 11:45:07.041  INFO 64067 --- [restartedMain] .e.DevToolsPropertyDefaultsPostProcessor : For additional web related logging consider setting the 'logging.level.web' property to 'DEBUG'
2022-07-15 11:45:07.554  INFO 64067 --- [restartedMain] .s.d.r.c.RepositoryConfigurationDelegate : Multiple Spring Data modules found, entering strict repository configuration mode!
2022-07-15 11:45:07.555  INFO 64067 --- [restartedMain] .s.d.r.c.RepositoryConfigurationDelegate : Bootstrapping Spring Data Redis repositories in DEFAULT mode.
2022-07-15 11:45:07.570  INFO 64067 --- [restartedMain] .s.d.r.c.RepositoryConfigurationDelegate : Finished Spring Data repository scanning in 8 ms. Found 0 Redis repository interfaces.
2022-07-15 11:45:07.971  INFO 64067 --- [restartedMain] o.s.b.w.embedded.tomcat.TomcatWebServer  : Tomcat initialized with port(s): 8080 (http)
2022-07-15 11:45:07.971  INFO 64067 --- [restartedMain] o.a.catalina.core.AprLifecycleListener   : Loaded Apache Tomcat Native library [1.2.34] using APR version [1.7.0].
2022-07-15 11:45:07.972  INFO 64067 --- [restartedMain] o.a.catalina.core.AprLifecycleListener   : APR capabilities: IPv6 [true], sendfile [true], accept filters [false], random [true], UDS [true].
2022-07-15 11:45:07.972  INFO 64067 --- [restartedMain] o.a.catalina.core.AprLifecycleListener   : APR/OpenSSL configuration: useAprConnector [false], useOpenSSL [true]
2022-07-15 11:45:07.974  INFO 64067 --- [restartedMain] o.a.catalina.core.AprLifecycleListener   : OpenSSL successfully initialized [OpenSSL 1.1.1q  5 Jul 2022]
2022-07-15 11:45:07.978  INFO 64067 --- [restartedMain] o.apache.catalina.core.StandardService   : Starting service [Tomcat]
2022-07-15 11:45:07.979  INFO 64067 --- [restartedMain] org.apache.catalina.core.StandardEngine  : Starting Servlet engine: [Apache Tomcat/9.0.63]
2022-07-15 11:45:08.014  INFO 64067 --- [restartedMain] o.a.c.c.C.[.[localhost].[/graduate]      : Initializing Spring embedded WebApplicationContext
2022-07-15 11:45:08.015  INFO 64067 --- [restartedMain] w.s.c.ServletWebServerApplicationContext : Root WebApplicationContext: initialization completed in 973 ms
2022-07-15 11:45:08.219  INFO 64067 --- [restartedMain] c.a.d.s.b.a.DruidDataSourceAutoConfigure : Init DruidDataSource
2022-07-15 11:45:08.547  INFO 64067 --- [restartedMain] com.alibaba.druid.pool.DruidDataSource   : {dataSource-1} inited
2022-07-15 11:45:09.010  INFO 64067 --- [restartedMain] o.s.s.web.DefaultSecurityFilterChain     : Will secure any request with [org.springframework.security.web.session.DisableEncodeUrlFilter@60590a12, org.springframework.security.web.context.request.async.WebAsyncManagerIntegrationFilter@6cc6c5b0, org.springframework.security.web.context.SecurityContextPersistenceFilter@6608ffe5, org.springframework.security.web.header.HeaderWriterFilter@8442b47, org.springframework.web.filter.CorsFilter@64c7d047, org.springframework.security.web.authentication.logout.LogoutFilter@117c76fe, com.txy.graduate.security.filter.CaptcheFilter@770274c6, org.springframework.security.web.authentication.UsernamePasswordAuthenticationFilter@691bc8c0, com.txy.graduate.security.filter.JWTFilter@4305dcde, org.springframework.security.web.savedrequest.RequestCacheAwareFilter@2b150d45, org.springframework.security.web.servletapi.SecurityContextHolderAwareRequestFilter@6b656a88, org.springframework.security.web.authentication.AnonymousAuthenticationFilter@3d6bfa97, org.springframework.security.web.session.SessionManagementFilter@fae9223, org.springframework.security.web.access.ExceptionTranslationFilter@5cf3df9a, org.springframework.security.web.access.intercept.FilterSecurityInterceptor@1848a413]
2022-07-15 11:45:09.385  INFO 64067 --- [restartedMain] o.s.b.d.a.OptionalLiveReloadServer       : LiveReload server is running on port 35729
2022-07-15 11:45:09.421  INFO 64067 --- [restartedMain] o.s.b.w.embedded.tomcat.TomcatWebServer  : Tomcat started on port(s): 8080 (http) with context path '/graduate'
2022-07-15 11:45:09.431  INFO 64067 --- [restartedMain] com.txy.graduate.GraduateApplication     : Started GraduateApplication in 2.731 seconds (JVM running for 3.268)
2022-07-15 11:45:42.929  INFO 64067 --- [Thread-5] com.alibaba.druid.pool.DruidDataSource   : {dataSource-1} closing ...
2022-07-15 11:45:42.936  INFO 64067 --- [Thread-5] com.alibaba.druid.pool.DruidDataSource   : {dataSource-1} closed
2022-07-15 11:45:47.794  INFO 64067 --- [restartedMain] com.txy.graduate.GraduateApplication     : Starting GraduateApplication using Java 17 on manjaro with PID 64067 (/home/flyme/桌面/生产实习/internship_cd/Graduate/target/classes started by flyme in /home/flyme/桌面/生产实习/internship_cd/Graduate)
2022-07-15 11:45:47.795  INFO 64067 --- [restartedMain] com.txy.graduate.GraduateApplication     : No active profile set, falling back to 1 default profile: "default"
2022-07-15 11:45:48.002  INFO 64067 --- [restartedMain] .s.d.r.c.RepositoryConfigurationDelegate : Multiple Spring Data modules found, entering strict repository configuration mode!
2022-07-15 11:45:48.003  INFO 64067 --- [restartedMain] .s.d.r.c.RepositoryConfigurationDelegate : Bootstrapping Spring Data Redis repositories in DEFAULT mode.
2022-07-15 11:45:48.004  INFO 64067 --- [restartedMain] .s.d.r.c.RepositoryConfigurationDelegate : Finished Spring Data repository scanning in 0 ms. Found 0 Redis repository interfaces.
2022-07-15 11:45:48.056  WARN 64067 --- [restartedMain] o.m.s.mapper.ClassPathMapperScanner      : No MyBatis mapper was found in '[com.txy.graduate]' package. Please check your configuration.
2022-07-15 11:45:48.172  INFO 64067 --- [restartedMain] o.s.b.w.embedded.tomcat.TomcatWebServer  : Tomcat initialized with port(s): 8080 (http)
2022-07-15 11:45:48.173  INFO 64067 --- [restartedMain] o.a.catalina.core.AprLifecycleListener   : Loaded Apache Tomcat Native library [1.2.34] using APR version [1.7.0].
2022-07-15 11:45:48.173  INFO 64067 --- [restartedMain] o.a.catalina.core.AprLifecycleListener   : APR capabilities: IPv6 [true], sendfile [true], accept filters [false], random [true], UDS [true].
2022-07-15 11:45:48.174  INFO 64067 --- [restartedMain] o.a.catalina.core.AprLifecycleListener   : APR/OpenSSL configuration: useAprConnector [false], useOpenSSL [true]
2022-07-15 11:45:48.174  INFO 64067 --- [restartedMain] o.a.catalina.core.AprLifecycleListener   : OpenSSL successfully initialized [OpenSSL 1.1.1q  5 Jul 2022]
2022-07-15 11:45:48.176  INFO 64067 --- [restartedMain] o.apache.catalina.core.StandardService   : Starting service [Tomcat]
2022-07-15 11:45:48.177  INFO 64067 --- [restartedMain] org.apache.catalina.core.StandardEngine  : Starting Servlet engine: [Apache Tomcat/9.0.63]
2022-07-15 11:45:48.194  INFO 64067 --- [restartedMain] o.a.c.c.C.[.[localhost].[/graduate]      : Initializing Spring embedded WebApplicationContext
2022-07-15 11:45:48.194  INFO 64067 --- [restartedMain] w.s.c.ServletWebServerApplicationContext : Root WebApplicationContext: initialization completed in 395 ms
2022-07-15 11:45:48.335  INFO 64067 --- [restartedMain] c.a.d.s.b.a.DruidDataSourceAutoConfigure : Init DruidDataSource
2022-07-15 11:45:48.473  INFO 64067 --- [restartedMain] com.alibaba.druid.pool.DruidDataSource   : {dataSource-2} inited
2022-07-15 11:45:48.511  WARN 64067 --- [restartedMain] ConfigServletWebServerApplicationContext : Exception encountered during context initialization - cancelling refresh attempt: org.springframework.beans.factory.BeanCreationException: Error creating bean with name 'sqlSessionFactory' defined in class path resource [com/baomidou/mybatisplus/autoconfigure/MybatisPlusAutoConfiguration.class]: Bean instantiation via factory method failed; nested exception is org.springframework.beans.BeanInstantiationException: Failed to instantiate [org.apache.ibatis.session.SqlSessionFactory]: Factory method 'sqlSessionFactory' threw exception; nested exception is org.springframework.core.NestedIOException: Failed to parse mapping resource: 'file [/home/flyme/桌面/生产实习/internship_cd/Graduate/target/classes/mapper/StudentMapper.xml]'; nested exception is org.apache.ibatis.builder.BuilderException: Error parsing Mapper XML. The XML location is 'file [/home/flyme/桌面/生产实习/internship_cd/Graduate/target/classes/mapper/StudentMapper.xml]'. Cause: org.apache.ibatis.builder.BuilderException: Error resolving class. Cause: org.apache.ibatis.type.TypeException: Could not resolve type alias 'com.txy.graduate.domain.po.Student'.  Cause: java.lang.ClassNotFoundException: Cannot find class: com.txy.graduate.domain.po.Student
2022-07-15 11:45:48.511  INFO 64067 --- [restartedMain] com.alibaba.druid.pool.DruidDataSource   : {dataSource-2} closing ...
2022-07-15 11:45:48.514  INFO 64067 --- [restartedMain] com.alibaba.druid.pool.DruidDataSource   : {dataSource-2} closed
2022-07-15 11:45:48.515  INFO 64067 --- [restartedMain] o.apache.catalina.core.StandardService   : Stopping service [Tomcat]
2022-07-15 11:45:48.522  INFO 64067 --- [restartedMain] ConditionEvaluationReportLoggingListener : 

Error starting ApplicationContext. To display the conditions report re-run your application with 'debug' enabled.
2022-07-15 11:45:48.529 ERROR 64067 --- [restartedMain] o.s.boot.SpringApplication               : Application run failed

org.springframework.beans.factory.BeanCreationException: Error creating bean with name 'sqlSessionFactory' defined in class path resource [com/baomidou/mybatisplus/autoconfigure/MybatisPlusAutoConfiguration.class]: Bean instantiation via factory method failed; nested exception is org.springframework.beans.BeanInstantiationException: Failed to instantiate [org.apache.ibatis.session.SqlSessionFactory]: Factory method 'sqlSessionFactory' threw exception; nested exception is org.springframework.core.NestedIOException: Failed to parse mapping resource: 'file [/home/flyme/桌面/生产实习/internship_cd/Graduate/target/classes/mapper/StudentMapper.xml]'; nested exception is org.apache.ibatis.builder.BuilderException: Error parsing Mapper XML. The XML location is 'file [/home/flyme/桌面/生产实习/internship_cd/Graduate/target/classes/mapper/StudentMapper.xml]'. Cause: org.apache.ibatis.builder.BuilderException: Error resolving class. Cause: org.apache.ibatis.type.TypeException: Could not resolve type alias 'com.txy.graduate.domain.po.Student'.  Cause: java.lang.ClassNotFoundException: Cannot find class: com.txy.graduate.domain.po.Student
	at org.springframework.beans.factory.support.ConstructorResolver.instantiate(ConstructorResolver.java:658) ~[spring-beans-5.3.20.jar:5.3.20]
	at org.springframework.beans.factory.support.ConstructorResolver.instantiateUsingFactoryMethod(ConstructorResolver.java:638) ~[spring-beans-5.3.20.jar:5.3.20]
	at org.springframework.beans.factory.support.AbstractAutowireCapableBeanFactory.instantiateUsingFactoryMethod(AbstractAutowireCapableBeanFactory.java:1352) ~[spring-beans-5.3.20.jar:5.3.20]
	at org.springframework.beans.factory.support.AbstractAutowireCapableBeanFactory.createBeanInstance(AbstractAutowireCapableBeanFactory.java:1195) ~[spring-beans-5.3.20.jar:5.3.20]
	at org.springframework.beans.factory.support.AbstractAutowireCapableBeanFactory.doCreateBean(AbstractAutowireCapableBeanFactory.java:582) ~[spring-beans-5.3.20.jar:5.3.20]
	at org.springframework.beans.factory.support.AbstractAutowireCapableBeanFactory.createBean(AbstractAutowireCapableBeanFactory.java:542) ~[spring-beans-5.3.20.jar:5.3.20]
	at org.springframework.beans.factory.support.AbstractBeanFactory.lambda$doGetBean$0(AbstractBeanFactory.java:335) ~[spring-beans-5.3.20.jar:5.3.20]
	at org.springframework.beans.factory.support.DefaultSingletonBeanRegistry.getSingleton(DefaultSingletonBeanRegistry.java:234) ~[spring-beans-5.3.20.jar:5.3.20]
	at org.springframework.beans.factory.support.AbstractBeanFactory.doGetBean(AbstractBeanFactory.java:333) ~[spring-beans-5.3.20.jar:5.3.20]
	at org.springframework.beans.factory.support.AbstractBeanFactory.getBean(AbstractBeanFactory.java:208) ~[spring-beans-5.3.20.jar:5.3.20]
	at org.springframework.beans.factory.support.DefaultListableBeanFactory.preInstantiateSingletons(DefaultListableBeanFactory.java:953) ~[spring-beans-5.3.20.jar:5.3.20]
	at org.springframework.context.support.AbstractApplicationContext.finishBeanFactoryInitialization(AbstractApplicationContext.java:918) ~[spring-context-5.3.20.jar:5.3.20]
	at org.springframework.context.support.AbstractApplicationContext.refresh(AbstractApplicationContext.java:583) ~[spring-context-5.3.20.jar:5.3.20]
	at org.springframework.boot.web.servlet.context.ServletWebServerApplicationContext.refresh(ServletWebServerApplicationContext.java:147) ~[spring-boot-2.7.0.jar:2.7.0]
	at org.springframework.boot.SpringApplication.refresh(SpringApplication.java:734) ~[spring-boot-2.7.0.jar:2.7.0]
	at org.springframework.boot.SpringApplication.refreshContext(SpringApplication.java:408) ~[spring-boot-2.7.0.jar:2.7.0]
	at org.springframework.boot.SpringApplication.run(SpringApplication.java:308) ~[spring-boot-2.7.0.jar:2.7.0]
	at org.springframework.boot.SpringApplication.run(SpringApplication.java:1306) ~[spring-boot-2.7.0.jar:2.7.0]
	at org.springframework.boot.SpringApplication.run(SpringApplication.java:1295) ~[spring-boot-2.7.0.jar:2.7.0]
	at com.txy.graduate.GraduateApplication.main(GraduateApplication.java:18) ~[classes/:na]
	at java.base/jdk.internal.reflect.NativeMethodAccessorImpl.invoke0(Native Method) ~[na:na]
	at java.base/jdk.internal.reflect.NativeMethodAccessorImpl.invoke(NativeMethodAccessorImpl.java:77) ~[na:na]
	at java.base/jdk.internal.reflect.DelegatingMethodAccessorImpl.invoke(DelegatingMethodAccessorImpl.java:43) ~[na:na]
	at java.base/java.lang.reflect.Method.invoke(Method.java:568) ~[na:na]
	at org.springframework.boot.devtools.restart.RestartLauncher.run(RestartLauncher.java:49) ~[spring-boot-devtools-2.7.0.jar:2.7.0]
Caused by: org.springframework.beans.BeanInstantiationException: Failed to instantiate [org.apache.ibatis.session.SqlSessionFactory]: Factory method 'sqlSessionFactory' threw exception; nested exception is org.springframework.core.NestedIOException: Failed to parse mapping resource: 'file [/home/flyme/桌面/生产实习/internship_cd/Graduate/target/classes/mapper/StudentMapper.xml]'; nested exception is org.apache.ibatis.builder.BuilderException: Error parsing Mapper XML. The XML location is 'file [/home/flyme/桌面/生产实习/internship_cd/Graduate/target/classes/mapper/StudentMapper.xml]'. Cause: org.apache.ibatis.builder.BuilderException: Error resolving class. Cause: org.apache.ibatis.type.TypeException: Could not resolve type alias 'com.txy.graduate.domain.po.Student'.  Cause: java.lang.ClassNotFoundException: Cannot find class: com.txy.graduate.domain.po.Student
	at org.springframework.beans.factory.support.SimpleInstantiationStrategy.instantiate(SimpleInstantiationStrategy.java:185) ~[spring-beans-5.3.20.jar:5.3.20]
	at org.springframework.beans.factory.support.ConstructorResolver.instantiate(ConstructorResolver.java:653) ~[spring-beans-5.3.20.jar:5.3.20]
	... 24 common frames omitted
Caused by: org.springframework.core.NestedIOException: Failed to parse mapping resource: 'file [/home/flyme/桌面/生产实习/internship_cd/Graduate/target/classes/mapper/StudentMapper.xml]'; nested exception is org.apache.ibatis.builder.BuilderException: Error parsing Mapper XML. The XML location is 'file [/home/flyme/桌面/生产实习/internship_cd/Graduate/target/classes/mapper/StudentMapper.xml]'. Cause: org.apache.ibatis.builder.BuilderException: Error resolving class. Cause: org.apache.ibatis.type.TypeException: Could not resolve type alias 'com.txy.graduate.domain.po.Student'.  Cause: java.lang.ClassNotFoundException: Cannot find class: com.txy.graduate.domain.po.Student
	at com.baomidou.mybatisplus.extension.spring.MybatisSqlSessionFactoryBean.buildSqlSessionFactory(MybatisSqlSessionFactoryBean.java:595) ~[mybatis-plus-extension-3.4.1.jar:3.4.1]
	at com.baomidou.mybatisplus.extension.spring.MybatisSqlSessionFactoryBean.afterPropertiesSet(MybatisSqlSessionFactoryBean.java:431) ~[mybatis-plus-extension-3.4.1.jar:3.4.1]
	at com.baomidou.mybatisplus.extension.spring.MybatisSqlSessionFactoryBean.getObject(MybatisSqlSessionFactoryBean.java:628) ~[mybatis-plus-extension-3.4.1.jar:3.4.1]
	at com.baomidou.mybatisplus.autoconfigure.MybatisPlusAutoConfiguration.sqlSessionFactory(MybatisPlusAutoConfiguration.java:218) ~[mybatis-plus-boot-starter-3.4.2.jar:3.4.2]
	at com.baomidou.mybatisplus.autoconfigure.MybatisPlusAutoConfiguration$$EnhancerBySpringCGLIB$$5dc984c4.CGLIB$sqlSessionFactory$0(<generated>) ~[mybatis-plus-boot-starter-3.4.2.jar:3.4.2]
	at com.baomidou.mybatisplus.autoconfigure.MybatisPlusAutoConfiguration$$EnhancerBySpringCGLIB$$5dc984c4$$FastClassBySpringCGLIB$$3114c036.invoke(<generated>) ~[mybatis-plus-boot-starter-3.4.2.jar:3.4.2]
	at org.springframework.cglib.proxy.MethodProxy.invokeSuper(MethodProxy.java:244) ~[spring-core-5.3.20.jar:5.3.20]
	at org.springframework.context.annotation.ConfigurationClassEnhancer$BeanMethodInterceptor.intercept(ConfigurationClassEnhancer.java:331) ~[spring-context-5.3.20.jar:5.3.20]
	at com.baomidou.mybatisplus.autoconfigure.MybatisPlusAutoConfiguration$$EnhancerBySpringCGLIB$$5dc984c4.sqlSessionFactory(<generated>) ~[mybatis-plus-boot-starter-3.4.2.jar:3.4.2]
	at java.base/jdk.internal.reflect.NativeMethodAccessorImpl.invoke0(Native Method) ~[na:na]
	at java.base/jdk.internal.reflect.NativeMethodAccessorImpl.invoke(NativeMethodAccessorImpl.java:77) ~[na:na]
	at java.base/jdk.internal.reflect.DelegatingMethodAccessorImpl.invoke(DelegatingMethodAccessorImpl.java:43) ~[na:na]
	at java.base/java.lang.reflect.Method.invoke(Method.java:568) ~[na:na]
	at org.springframework.beans.factory.support.SimpleInstantiationStrategy.instantiate(SimpleInstantiationStrategy.java:154) ~[spring-beans-5.3.20.jar:5.3.20]
	... 25 common frames omitted
Caused by: org.apache.ibatis.builder.BuilderException: Error parsing Mapper XML. The XML location is 'file [/home/flyme/桌面/生产实习/internship_cd/Graduate/target/classes/mapper/StudentMapper.xml]'. Cause: org.apache.ibatis.builder.BuilderException: Error resolving class. Cause: org.apache.ibatis.type.TypeException: Could not resolve type alias 'com.txy.graduate.domain.po.Student'.  Cause: java.lang.ClassNotFoundException: Cannot find class: com.txy.graduate.domain.po.Student
	at org.apache.ibatis.builder.xml.XMLMapperBuilder.configurationElement(XMLMapperBuilder.java:123) ~[mybatis-3.5.6.jar:3.5.6]
	at org.apache.ibatis.builder.xml.XMLMapperBuilder.parse(XMLMapperBuilder.java:95) ~[mybatis-3.5.6.jar:3.5.6]
	at com.baomidou.mybatisplus.extension.spring.MybatisSqlSessionFactoryBean.buildSqlSessionFactory(MybatisSqlSessionFactoryBean.java:593) ~[mybatis-plus-extension-3.4.1.jar:3.4.1]
	... 38 common frames omitted
Caused by: org.apache.ibatis.builder.BuilderException: Error resolving class. Cause: org.apache.ibatis.type.TypeException: Could not resolve type alias 'com.txy.graduate.domain.po.Student'.  Cause: java.lang.ClassNotFoundException: Cannot find class: com.txy.graduate.domain.po.Student
	at org.apache.ibatis.builder.BaseBuilder.resolveClass(BaseBuilder.java:118) ~[mybatis-3.5.6.jar:3.5.6]
	at org.apache.ibatis.builder.xml.XMLStatementBuilder.parseStatementNode(XMLStatementBuilder.java:102) ~[mybatis-3.5.6.jar:3.5.6]
	at org.apache.ibatis.builder.xml.XMLMapperBuilder.buildStatementFromContext(XMLMapperBuilder.java:138) ~[mybatis-3.5.6.jar:3.5.6]
	at org.apache.ibatis.builder.xml.XMLMapperBuilder.buildStatementFromContext(XMLMapperBuilder.java:131) ~[mybatis-3.5.6.jar:3.5.6]
	at org.apache.ibatis.builder.xml.XMLMapperBuilder.configurationElement(XMLMapperBuilder.java:121) ~[mybatis-3.5.6.jar:3.5.6]
	... 40 common frames omitted
Caused by: org.apache.ibatis.type.TypeException: Could not resolve type alias 'com.txy.graduate.domain.po.Student'.  Cause: java.lang.ClassNotFoundException: Cannot find class: com.txy.graduate.domain.po.Student
	at org.apache.ibatis.type.TypeAliasRegistry.resolveAlias(TypeAliasRegistry.java:120) ~[mybatis-3.5.6.jar:3.5.6]
	at org.apache.ibatis.builder.BaseBuilder.resolveAlias(BaseBuilder.java:149) ~[mybatis-3.5.6.jar:3.5.6]
	at org.apache.ibatis.builder.BaseBuilder.resolveClass(BaseBuilder.java:116) ~[mybatis-3.5.6.jar:3.5.6]
	... 44 common frames omitted
Caused by: java.lang.ClassNotFoundException: Cannot find class: com.txy.graduate.domain.po.Student
	at org.apache.ibatis.io.ClassLoaderWrapper.classForName(ClassLoaderWrapper.java:196) ~[mybatis-3.5.6.jar:3.5.6]
	at org.apache.ibatis.io.ClassLoaderWrapper.classForName(ClassLoaderWrapper.java:89) ~[mybatis-3.5.6.jar:3.5.6]
	at org.apache.ibatis.io.Resources.classForName(Resources.java:261) ~[mybatis-3.5.6.jar:3.5.6]
	at org.apache.ibatis.type.TypeAliasRegistry.resolveAlias(TypeAliasRegistry.java:116) ~[mybatis-3.5.6.jar:3.5.6]
	... 46 common frames omitted

2022-07-15 11:45:50.970  INFO 64067 --- [restartedMain] com.txy.graduate.GraduateApplication     : Starting GraduateApplication using Java 17 on manjaro with PID 64067 (/home/flyme/桌面/生产实习/internship_cd/Graduate/target/classes started by flyme in /home/flyme/桌面/生产实习/internship_cd/Graduate)
2022-07-15 11:45:50.970  INFO 64067 --- [restartedMain] com.txy.graduate.GraduateApplication     : No active profile set, falling back to 1 default profile: "default"
2022-07-15 11:45:51.191  INFO 64067 --- [restartedMain] .s.d.r.c.RepositoryConfigurationDelegate : Multiple Spring Data modules found, entering strict repository configuration mode!
2022-07-15 11:45:51.191  INFO 64067 --- [restartedMain] .s.d.r.c.RepositoryConfigurationDelegate : Bootstrapping Spring Data Redis repositories in DEFAULT mode.
2022-07-15 11:45:51.197  INFO 64067 --- [restartedMain] .s.d.r.c.RepositoryConfigurationDelegate : Finished Spring Data repository scanning in 5 ms. Found 0 Redis repository interfaces.
2022-07-15 11:45:51.301  INFO 64067 --- [restartedMain] o.s.b.w.embedded.tomcat.TomcatWebServer  : Tomcat initialized with port(s): 8080 (http)
2022-07-15 11:45:51.302  INFO 64067 --- [restartedMain] o.a.catalina.core.AprLifecycleListener   : Loaded Apache Tomcat Native library [1.2.34] using APR version [1.7.0].
2022-07-15 11:45:51.302  INFO 64067 --- [restartedMain] o.a.catalina.core.AprLifecycleListener   : APR capabilities: IPv6 [true], sendfile [true], accept filters [false], random [true], UDS [true].
2022-07-15 11:45:51.302  INFO 64067 --- [restartedMain] o.a.catalina.core.AprLifecycleListener   : APR/OpenSSL configuration: useAprConnector [false], useOpenSSL [true]
2022-07-15 11:45:51.302  INFO 64067 --- [restartedMain] o.a.catalina.core.AprLifecycleListener   : OpenSSL successfully initialized [OpenSSL 1.1.1q  5 Jul 2022]
2022-07-15 11:45:51.303  INFO 64067 --- [restartedMain] o.apache.catalina.core.StandardService   : Starting service [Tomcat]
2022-07-15 11:45:51.303  INFO 64067 --- [restartedMain] org.apache.catalina.core.StandardEngine  : Starting Servlet engine: [Apache Tomcat/9.0.63]
2022-07-15 11:45:51.308  INFO 64067 --- [restartedMain] o.a.c.c.C.[.[localhost].[/graduate]      : Initializing Spring embedded WebApplicationContext
2022-07-15 11:45:51.308  INFO 64067 --- [restartedMain] w.s.c.ServletWebServerApplicationContext : Root WebApplicationContext: initialization completed in 336 ms
2022-07-15 11:45:51.384  INFO 64067 --- [restartedMain] c.a.d.s.b.a.DruidDataSourceAutoConfigure : Init DruidDataSource
2022-07-15 11:45:51.474  INFO 64067 --- [restartedMain] com.alibaba.druid.pool.DruidDataSource   : {dataSource-3} inited
2022-07-15 11:45:51.753  INFO 64067 --- [restartedMain] o.s.s.web.DefaultSecurityFilterChain     : Will secure any request with [org.springframework.security.web.session.DisableEncodeUrlFilter@66d89b05, org.springframework.security.web.context.request.async.WebAsyncManagerIntegrationFilter@5bfd20cc, org.springframework.security.web.context.SecurityContextPersistenceFilter@437eede0, org.springframework.security.web.header.HeaderWriterFilter@e0456e9, org.springframework.web.filter.CorsFilter@53da7dc1, org.springframework.security.web.authentication.logout.LogoutFilter@198af2df, com.txy.graduate.security.filter.CaptcheFilter@50ee5d37, org.springframework.security.web.authentication.UsernamePasswordAuthenticationFilter@60736e5, com.txy.graduate.security.filter.JWTFilter@4eaf02eb, org.springframework.security.web.savedrequest.RequestCacheAwareFilter@7e3c25de, org.springframework.security.web.servletapi.SecurityContextHolderAwareRequestFilter@522387ee, org.springframework.security.web.authentication.AnonymousAuthenticationFilter@2bb56ed0, org.springframework.security.web.session.SessionManagementFilter@2adab528, org.springframework.security.web.access.ExceptionTranslationFilter@3b00cfee, org.springframework.security.web.access.intercept.FilterSecurityInterceptor@71c8bc80]
2022-07-15 11:45:51.943  INFO 64067 --- [restartedMain] o.s.b.d.a.OptionalLiveReloadServer       : LiveReload server is running on port 35729
2022-07-15 11:45:51.969  INFO 64067 --- [restartedMain] o.s.b.w.embedded.tomcat.TomcatWebServer  : Tomcat started on port(s): 8080 (http) with context path '/graduate'
2022-07-15 11:45:51.973  INFO 64067 --- [restartedMain] com.txy.graduate.GraduateApplication     : Started GraduateApplication in 1.034 seconds (JVM running for 45.811)
2022-07-15 11:45:51.975  INFO 64067 --- [restartedMain] .ConditionEvaluationDeltaLoggingListener : Condition evaluation unchanged
2022-07-15 11:45:52.256  INFO 64383 --- [main] c.txy.graduate.service.RoleServiceTest   : Starting RoleServiceTest using Java 17 on manjaro with PID 64383 (started by flyme in /home/flyme/桌面/生产实习/internship_cd/Graduate)
2022-07-15 11:45:52.257  INFO 64383 --- [main] c.txy.graduate.service.RoleServiceTest   : No active profile set, falling back to 1 default profile: "default"
2022-07-15 11:45:52.843  INFO 64383 --- [main] .s.d.r.c.RepositoryConfigurationDelegate : Multiple Spring Data modules found, entering strict repository configuration mode!
2022-07-15 11:45:52.845  INFO 64383 --- [main] .s.d.r.c.RepositoryConfigurationDelegate : Bootstrapping Spring Data Redis repositories in DEFAULT mode.
2022-07-15 11:45:52.866  INFO 64383 --- [main] .s.d.r.c.RepositoryConfigurationDelegate : Finished Spring Data repository scanning in 12 ms. Found 0 Redis repository interfaces.
2022-07-15 11:45:53.315  INFO 64383 --- [main] c.a.d.s.b.a.DruidDataSourceAutoConfigure : Init DruidDataSource
2022-07-15 11:45:53.814  INFO 64383 --- [main] com.alibaba.druid.pool.DruidDataSource   : {dataSource-1} inited
2022-07-15 11:45:54.770  INFO 64383 --- [main] o.s.s.web.DefaultSecurityFilterChain     : Will secure any request with [org.springframework.security.web.session.DisableEncodeUrlFilter@5a06eeef, org.springframework.security.web.context.request.async.WebAsyncManagerIntegrationFilter@1c0cf193, org.springframework.security.web.context.SecurityContextPersistenceFilter@2a6c751f, org.springframework.security.web.header.HeaderWriterFilter@301d84f6, org.springframework.web.filter.CorsFilter@3dd66ff5, org.springframework.security.web.authentication.logout.LogoutFilter@3d8bd881, com.txy.graduate.security.filter.CaptcheFilter@24258b54, org.springframework.security.web.authentication.UsernamePasswordAuthenticationFilter@4ff0706c, com.txy.graduate.security.filter.JWTFilter@493968a9, org.springframework.security.web.savedrequest.RequestCacheAwareFilter@5d5cd210, org.springframework.security.web.servletapi.SecurityContextHolderAwareRequestFilter@56e8a8a0, org.springframework.security.web.authentication.AnonymousAuthenticationFilter@32428874, org.springframework.security.web.session.SessionManagementFilter@4dad2363, org.springframework.security.web.access.ExceptionTranslationFilter@28f8ce2e, org.springframework.security.web.access.intercept.FilterSecurityInterceptor@603c2dee]
2022-07-15 11:45:55.607  INFO 64383 --- [main] c.txy.graduate.service.RoleServiceTest   : Started RoleServiceTest in 3.635 seconds (JVM running for 4.488)
2022-07-15 11:45:56.024  INFO 64383 --- [main] .b.t.c.SpringBootTestContextBootstrapper : Neither @ContextConfiguration nor @ContextHierarchy found for test class [com.txy.graduate.service.StudentServiceTest], using SpringBootContextLoader
2022-07-15 11:45:56.025  INFO 64383 --- [main] o.s.t.c.support.AbstractContextLoader    : Could not detect default resource locations for test class [com.txy.graduate.service.StudentServiceTest]: no resource found for suffixes {-context.xml, Context.groovy}.
2022-07-15 11:45:56.026  INFO 64383 --- [main] t.c.s.AnnotationConfigContextLoaderUtils : Could not detect default configuration classes for test class [com.txy.graduate.service.StudentServiceTest]: StudentServiceTest does not declare any static, non-private, non-final, nested classes annotated with @Configuration.
2022-07-15 11:45:56.028  INFO 64383 --- [main] .b.t.c.SpringBootTestContextBootstrapper : Found @SpringBootConfiguration com.txy.graduate.GraduateApplication for test class com.txy.graduate.service.StudentServiceTest
2022-07-15 11:45:56.030  INFO 64383 --- [main] .b.t.c.SpringBootTestContextBootstrapper : Loaded default TestExecutionListener class names from location [META-INF/spring.factories]: [org.springframework.boot.test.mock.mockito.MockitoTestExecutionListener, org.springframework.boot.test.mock.mockito.ResetMocksTestExecutionListener, org.springframework.boot.test.autoconfigure.restdocs.RestDocsTestExecutionListener, org.springframework.boot.test.autoconfigure.web.client.MockRestServiceServerResetTestExecutionListener, org.springframework.boot.test.autoconfigure.web.servlet.MockMvcPrintOnlyOnFailureTestExecutionListener, org.springframework.boot.test.autoconfigure.web.servlet.WebDriverTestExecutionListener, org.springframework.boot.test.autoconfigure.webservices.client.MockWebServiceServerTestExecutionListener, org.springframework.test.context.web.ServletTestExecutionListener, org.springframework.test.context.support.DirtiesContextBeforeModesTestExecutionListener, org.springframework.test.context.event.ApplicationEventsTestExecutionListener, org.springframework.test.context.support.DependencyInjectionTestExecutionListener, org.springframework.test.context.support.DirtiesContextTestExecutionListener, org.springframework.test.context.transaction.TransactionalTestExecutionListener, org.springframework.test.context.jdbc.SqlScriptsTestExecutionListener, org.springframework.test.context.event.EventPublishingTestExecutionListener, org.springframework.security.test.context.support.WithSecurityContextTestExecutionListener, org.springframework.security.test.context.support.ReactorContextTestExecutionListener]
2022-07-15 11:45:56.031  INFO 64383 --- [main] .b.t.c.SpringBootTestContextBootstrapper : Using TestExecutionListeners: [org.springframework.test.context.web.ServletTestExecutionListener@ab3b54, org.springframework.test.context.support.DirtiesContextBeforeModesTestExecutionListener@35d62807, org.springframework.test.context.event.ApplicationEventsTestExecutionListener@6fc03cf6, org.springframework.boot.test.mock.mockito.MockitoTestExecutionListener@6e70861, org.springframework.boot.test.autoconfigure.SpringBootDependencyInjectionTestExecutionListener@5fcff272, org.springframework.test.context.support.DirtiesContextTestExecutionListener@5b5d6f9c, org.springframework.test.context.transaction.TransactionalTestExecutionListener@3514df8d, org.springframework.test.context.jdbc.SqlScriptsTestExecutionListener@b0e6d4e, org.springframework.test.context.event.EventPublishingTestExecutionListener@2bf2523f, org.springframework.security.test.context.support.WithSecurityContextTestExecutionListener@1be3e952, org.springframework.security.test.context.support.ReactorContextTestExecutionListener@818a514, org.springframework.boot.test.mock.mockito.ResetMocksTestExecutionListener@7004cd44, org.springframework.boot.test.autoconfigure.restdocs.RestDocsTestExecutionListener@495e1ad1, org.springframework.boot.test.autoconfigure.web.client.MockRestServiceServerResetTestExecutionListener@4d73d3d1, org.springframework.boot.test.autoconfigure.web.servlet.MockMvcPrintOnlyOnFailureTestExecutionListener@eef6e, org.springframework.boot.test.autoconfigure.web.servlet.WebDriverTestExecutionListener@56b66cc6, org.springframework.boot.test.autoconfigure.webservices.client.MockWebServiceServerTestExecutionListener@6f076c53]
2022-07-15 13:10:33.121  INFO 64067 --- [SpringApplicationShutdownHook] com.alibaba.druid.pool.DruidDataSource   : {dataSource-3} closing ...
2022-07-15 13:10:33.123  INFO 64067 --- [SpringApplicationShutdownHook] com.alibaba.druid.pool.DruidDataSource   : {dataSource-3} closed
