2022-07-17 20:43:21.990  INFO 27438 --- [restartedMain] .s.d.r.c.RepositoryConfigurationDelegate : Multiple Spring Data modules found, entering strict repository configuration mode!
2022-07-17 20:43:21.993  INFO 27438 --- [restartedMain] .s.d.r.c.RepositoryConfigurationDelegate : Bootstrapping Spring Data Redis repositories in DEFAULT mode.
2022-07-17 20:43:22.021  INFO 27438 --- [restartedMain] .s.d.r.c.RepositoryConfigurationDelegate : Finished Spring Data repository scanning in 15 ms. Found 0 Redis repository interfaces.
2022-07-17 20:43:22.546  INFO 27438 --- [restartedMain] o.s.b.w.embedded.tomcat.TomcatWebServer  : Tomcat initialized with port(s): 8080 (http)
2022-07-17 20:43:22.547  INFO 27438 --- [restartedMain] o.a.catalina.core.AprLifecycleListener   : Loaded Apache Tomcat Native library [1.2.34] using APR version [1.7.0].
2022-07-17 20:43:22.548  INFO 27438 --- [restartedMain] o.a.catalina.core.AprLifecycleListener   : APR capabilities: IPv6 [true], sendfile [true], accept filters [false], random [true], UDS [true].
2022-07-17 20:43:22.548  INFO 27438 --- [restartedMain] o.a.catalina.core.AprLifecycleListener   : APR/OpenSSL configuration: useAprConnector [false], useOpenSSL [true]
2022-07-17 20:43:22.550  INFO 27438 --- [restartedMain] o.a.catalina.core.AprLifecycleListener   : OpenSSL successfully initialized [OpenSSL 1.1.1q  5 Jul 2022]
2022-07-17 20:43:22.557  INFO 27438 --- [restartedMain] o.apache.catalina.core.StandardService   : Starting service [Tomcat]
2022-07-17 20:43:22.557  INFO 27438 --- [restartedMain] org.apache.catalina.core.StandardEngine  : Starting Servlet engine: [Apache Tomcat/9.0.63]
2022-07-17 20:43:22.607  INFO 27438 --- [restartedMain] o.a.c.c.C.[.[localhost].[/graduate]      : Initializing Spring embedded WebApplicationContext
2022-07-17 20:43:22.607  INFO 27438 --- [restartedMain] w.s.c.ServletWebServerApplicationContext : Root WebApplicationContext: initialization completed in 1455 ms
2022-07-17 20:43:22.912  INFO 27438 --- [restartedMain] c.a.d.s.b.a.DruidDataSourceAutoConfigure : Init DruidDataSource
2022-07-17 20:43:23.318  INFO 27438 --- [restartedMain] com.alibaba.druid.pool.DruidDataSource   : {dataSource-1} inited
2022-07-17 20:43:23.901  INFO 27438 --- [restartedMain] o.s.s.web.DefaultSecurityFilterChain     : Will secure any request with [org.springframework.security.web.session.DisableEncodeUrlFilter@676ed1e4, org.springframework.security.web.context.request.async.WebAsyncManagerIntegrationFilter@1bd455c8, org.springframework.security.web.context.SecurityContextPersistenceFilter@1f1a0085, org.springframework.security.web.header.HeaderWriterFilter@5aba77ae, org.springframework.web.filter.CorsFilter@52585e20, org.springframework.security.web.authentication.logout.LogoutFilter@624782d9, com.txy.graduate.security.filter.CaptcheFilter@dc5553a, org.springframework.security.web.authentication.UsernamePasswordAuthenticationFilter@55cd5a6a, com.txy.graduate.security.filter.JWTFilter@5a76edae, org.springframework.security.web.savedrequest.RequestCacheAwareFilter@23692500, org.springframework.security.web.servletapi.SecurityContextHolderAwareRequestFilter@17fb15bf, org.springframework.security.web.authentication.AnonymousAuthenticationFilter@107e8f30, org.springframework.security.web.session.SessionManagementFilter@782ef9fc, org.springframework.security.web.access.ExceptionTranslationFilter@3bef37bd, org.springframework.security.web.access.intercept.FilterSecurityInterceptor@1ef4c404]
2022-07-17 20:43:24.347  INFO 27438 --- [restartedMain] o.s.b.d.a.OptionalLiveReloadServer       : LiveReload server is running on port 35729
2022-07-17 20:43:24.389  INFO 27438 --- [restartedMain] o.s.b.w.embedded.tomcat.TomcatWebServer  : Tomcat started on port(s): 8080 (http) with context path '/graduate'
2022-07-17 20:43:24.400  INFO 27438 --- [restartedMain] com.txy.graduate.GraduateApplication     : Started GraduateApplication in 3.838 seconds (JVM running for 4.876)
2022-07-17 20:43:37.399  INFO 27438 --- [http-nio-8080-exec-1] o.a.c.c.C.[.[localhost].[/graduate]      : Initializing Spring DispatcherServlet 'dispatcherServlet'
2022-07-17 20:43:37.399  INFO 27438 --- [http-nio-8080-exec-1] o.s.web.servlet.DispatcherServlet        : Initializing Servlet 'dispatcherServlet'
2022-07-17 20:43:37.400  INFO 27438 --- [http-nio-8080-exec-1] o.s.web.servlet.DispatcherServlet        : Completed initialization in 1 ms
2022-07-17 20:43:37.861  WARN 27438 --- [http-nio-8080-exec-1] .m.m.a.ExceptionHandlerExceptionResolver : Resolved [org.springframework.jdbc.BadSqlGrammarException: <EOL>### Error querying database.  Cause: java.sql.SQLSyntaxErrorException: Unknown column 'baseImgPath' in 'field list'<EOL>### The error may exist in com/txy/graduate/mapper/ProcessMapper.java (best guess)<EOL>### The error may involve defaultParameterMap<EOL>### The error occurred while setting parameters<EOL>### SQL: SELECT   id,title,content,address,start_time,end_time,phone,type,note,img,baseImgPath   FROM tb_process     WHERE (status = ?)<EOL>### Cause: java.sql.SQLSyntaxErrorException: Unknown column 'baseImgPath' in 'field list'<EOL>; bad SQL grammar []; nested exception is java.sql.SQLSyntaxErrorException: Unknown column 'baseImgPath' in 'field list']
2022-07-17 20:43:54.688  INFO 27438 --- [SpringApplicationShutdownHook] com.alibaba.druid.pool.DruidDataSource   : {dataSource-1} closing ...
2022-07-17 20:43:54.691  INFO 27438 --- [SpringApplicationShutdownHook] com.alibaba.druid.pool.DruidDataSource   : {dataSource-1} closed
2022-07-17 20:43:59.726  INFO 27616 --- [restartedMain] com.txy.graduate.GraduateApplication     : Starting GraduateApplication using Java 17 on manjaro with PID 27616 (/home/flyme/桌面/生产实习/internship_cd/Graduate/target/classes started by flyme in /home/flyme/桌面/生产实习/internship_cd/Graduate)
2022-07-17 20:43:59.728  INFO 27616 --- [restartedMain] com.txy.graduate.GraduateApplication     : The following 1 profile is active: "dev"
2022-07-17 20:43:59.816  INFO 27616 --- [restartedMain] o.s.b.devtools.restart.ChangeableUrls    : The Class-Path manifest attribute in /home/flyme/.m2/repository/com/sun/xml/bind/jaxb-impl/2.2.5-b10/jaxb-impl-2.2.5-b10.jar referenced one or more files that do not exist: file:/home/flyme/.m2/repository/com/sun/xml/bind/jaxb-impl/2.2.5-b10/jaxb-api.jar,file:/home/flyme/.m2/repository/com/sun/xml/bind/jaxb-impl/2.2.5-b10/activation.jar,file:/home/flyme/.m2/repository/com/sun/xml/bind/jaxb-impl/2.2.5-b10/jsr173_1.0_api.jar,file:/home/flyme/.m2/repository/com/sun/xml/bind/jaxb-impl/2.2.5-b10/jaxb1-impl.jar
2022-07-17 20:43:59.816  INFO 27616 --- [restartedMain] .e.DevToolsPropertyDefaultsPostProcessor : Devtools property defaults active! Set 'spring.devtools.add-properties' to 'false' to disable
2022-07-17 20:43:59.816  INFO 27616 --- [restartedMain] .e.DevToolsPropertyDefaultsPostProcessor : For additional web related logging consider setting the 'logging.level.web' property to 'DEBUG'
2022-07-17 20:44:00.510  INFO 27616 --- [restartedMain] .s.d.r.c.RepositoryConfigurationDelegate : Multiple Spring Data modules found, entering strict repository configuration mode!
2022-07-17 20:44:00.511  INFO 27616 --- [restartedMain] .s.d.r.c.RepositoryConfigurationDelegate : Bootstrapping Spring Data Redis repositories in DEFAULT mode.
2022-07-17 20:44:00.533  INFO 27616 --- [restartedMain] .s.d.r.c.RepositoryConfigurationDelegate : Finished Spring Data repository scanning in 13 ms. Found 0 Redis repository interfaces.
2022-07-17 20:44:01.035  INFO 27616 --- [restartedMain] o.s.b.w.embedded.tomcat.TomcatWebServer  : Tomcat initialized with port(s): 8080 (http)
2022-07-17 20:44:01.036  INFO 27616 --- [restartedMain] o.a.catalina.core.AprLifecycleListener   : Loaded Apache Tomcat Native library [1.2.34] using APR version [1.7.0].
2022-07-17 20:44:01.036  INFO 27616 --- [restartedMain] o.a.catalina.core.AprLifecycleListener   : APR capabilities: IPv6 [true], sendfile [true], accept filters [false], random [true], UDS [true].
2022-07-17 20:44:01.036  INFO 27616 --- [restartedMain] o.a.catalina.core.AprLifecycleListener   : APR/OpenSSL configuration: useAprConnector [false], useOpenSSL [true]
2022-07-17 20:44:01.038  INFO 27616 --- [restartedMain] o.a.catalina.core.AprLifecycleListener   : OpenSSL successfully initialized [OpenSSL 1.1.1q  5 Jul 2022]
2022-07-17 20:44:01.044  INFO 27616 --- [restartedMain] o.apache.catalina.core.StandardService   : Starting service [Tomcat]
2022-07-17 20:44:01.044  INFO 27616 --- [restartedMain] org.apache.catalina.core.StandardEngine  : Starting Servlet engine: [Apache Tomcat/9.0.63]
2022-07-17 20:44:01.088  INFO 27616 --- [restartedMain] o.a.c.c.C.[.[localhost].[/graduate]      : Initializing Spring embedded WebApplicationContext
2022-07-17 20:44:01.088  INFO 27616 --- [restartedMain] w.s.c.ServletWebServerApplicationContext : Root WebApplicationContext: initialization completed in 1271 ms
2022-07-17 20:44:01.411  INFO 27616 --- [restartedMain] c.a.d.s.b.a.DruidDataSourceAutoConfigure : Init DruidDataSource
2022-07-17 20:44:01.811  INFO 27616 --- [restartedMain] com.alibaba.druid.pool.DruidDataSource   : {dataSource-1} inited
2022-07-17 20:44:02.419  INFO 27616 --- [restartedMain] o.s.s.web.DefaultSecurityFilterChain     : Will secure any request with [org.springframework.security.web.session.DisableEncodeUrlFilter@7069ddfd, org.springframework.security.web.context.request.async.WebAsyncManagerIntegrationFilter@7c9ab8f7, org.springframework.security.web.context.SecurityContextPersistenceFilter@23385cf7, org.springframework.security.web.header.HeaderWriterFilter@518601db, org.springframework.web.filter.CorsFilter@12f9f536, org.springframework.security.web.authentication.logout.LogoutFilter@18b9e8cb, com.txy.graduate.security.filter.CaptcheFilter@2a816c2c, org.springframework.security.web.authentication.UsernamePasswordAuthenticationFilter@4a7a476c, com.txy.graduate.security.filter.JWTFilter@661e983b, org.springframework.security.web.savedrequest.RequestCacheAwareFilter@79190aee, org.springframework.security.web.servletapi.SecurityContextHolderAwareRequestFilter@7c8a1f0c, org.springframework.security.web.authentication.AnonymousAuthenticationFilter@5af01e80, org.springframework.security.web.session.SessionManagementFilter@3160484, org.springframework.security.web.access.ExceptionTranslationFilter@5bbb0589, org.springframework.security.web.access.intercept.FilterSecurityInterceptor@37b48003]
2022-07-17 20:44:02.874  INFO 27616 --- [restartedMain] o.s.b.d.a.OptionalLiveReloadServer       : LiveReload server is running on port 35729
2022-07-17 20:44:02.919  INFO 27616 --- [restartedMain] o.s.b.w.embedded.tomcat.TomcatWebServer  : Tomcat started on port(s): 8080 (http) with context path '/graduate'
2022-07-17 20:44:02.931  INFO 27616 --- [restartedMain] com.txy.graduate.GraduateApplication     : Started GraduateApplication in 3.835 seconds (JVM running for 5.175)
2022-07-17 20:44:06.354  INFO 27616 --- [http-nio-8080-exec-1] o.a.c.c.C.[.[localhost].[/graduate]      : Initializing Spring DispatcherServlet 'dispatcherServlet'
2022-07-17 20:44:06.354  INFO 27616 --- [http-nio-8080-exec-1] o.s.web.servlet.DispatcherServlet        : Initializing Servlet 'dispatcherServlet'
2022-07-17 20:44:06.356  INFO 27616 --- [http-nio-8080-exec-1] o.s.web.servlet.DispatcherServlet        : Completed initialization in 2 ms
2022-07-17 21:00:22.169  WARN 27616 --- [http-nio-8080-exec-1] .m.m.a.ExceptionHandlerExceptionResolver : Resolved [org.springframework.http.converter.HttpMessageNotReadableException: JSON parse error: Cannot deserialize value of type `java.util.Date` from String "2022-8-20": not a valid representation (error: Failed to parse Date value '2022-8-20': Cannot parse date "2022-8-20": while it seems to fit format 'yyyy-MM-dd', parsing fails (leniency? null)); nested exception is com.fasterxml.jackson.databind.exc.InvalidFormatException: Cannot deserialize value of type `java.util.Date` from String "2022-8-20": not a valid representation (error: Failed to parse Date value '2022-8-20': Cannot parse date "2022-8-20": while it seems to fit format 'yyyy-MM-dd', parsing fails (leniency? null))<EOL> at [Source: (org.springframework.util.StreamUtils$NonClosingInputStream); line: 7, column: 17] (through reference chain: com.txy.graduate.domain.po.Process["startTime"])]
2022-07-17 21:00:40.232  WARN 27616 --- [http-nio-8080-exec-2] .m.m.a.ExceptionHandlerExceptionResolver : Resolved [org.springframework.http.converter.HttpMessageNotReadableException: JSON parse error: Unrecognized character escape '8' (code 56); nested exception is com.fasterxml.jackson.databind.JsonMappingException: Unrecognized character escape '8' (code 56)<EOL> at [Source: (org.springframework.util.StreamUtils$NonClosingInputStream); line: 7, column: 24] (through reference chain: com.txy.graduate.domain.po.Process["startTime"])]
2022-07-17 21:01:00.653  WARN 27616 --- [http-nio-8080-exec-3] .m.m.a.ExceptionHandlerExceptionResolver : Resolved [org.springframework.http.converter.HttpMessageNotReadableException: JSON parse error: Cannot deserialize value of type `java.util.Date` from String "2022-8-20": not a valid representation (error: Failed to parse Date value '2022-8-20': Cannot parse date "2022-8-20": while it seems to fit format 'yyyy-MM-dd', parsing fails (leniency? null)); nested exception is com.fasterxml.jackson.databind.exc.InvalidFormatException: Cannot deserialize value of type `java.util.Date` from String "2022-8-20": not a valid representation (error: Failed to parse Date value '2022-8-20': Cannot parse date "2022-8-20": while it seems to fit format 'yyyy-MM-dd', parsing fails (leniency? null))<EOL> at [Source: (org.springframework.util.StreamUtils$NonClosingInputStream); line: 7, column: 17] (through reference chain: com.txy.graduate.domain.po.Process["startTime"])]
2022-07-17 21:01:15.740  WARN 27616 --- [http-nio-8080-exec-4] .m.m.a.ExceptionHandlerExceptionResolver : Resolved [org.springframework.http.converter.HttpMessageNotReadableException: JSON parse error: Cannot deserialize value of type `java.util.Date` from String "2022-8-20": not a valid representation (error: Failed to parse Date value '2022-8-20': Cannot parse date "2022-8-20": while it seems to fit format 'yyyy-MM-dd', parsing fails (leniency? null)); nested exception is com.fasterxml.jackson.databind.exc.InvalidFormatException: Cannot deserialize value of type `java.util.Date` from String "2022-8-20": not a valid representation (error: Failed to parse Date value '2022-8-20': Cannot parse date "2022-8-20": while it seems to fit format 'yyyy-MM-dd', parsing fails (leniency? null))<EOL> at [Source: (org.springframework.util.StreamUtils$NonClosingInputStream); line: 7, column: 17] (through reference chain: com.txy.graduate.domain.po.Process["startTime"])]
2022-07-17 21:01:49.726  WARN 27616 --- [http-nio-8080-exec-5] .m.m.a.ExceptionHandlerExceptionResolver : Resolved [org.springframework.http.converter.HttpMessageNotReadableException: JSON parse error: Cannot deserialize value of type `java.util.Date` from String "2022-8-20": not a valid representation (error: Failed to parse Date value '2022-8-20': Cannot parse date "2022-8-20": while it seems to fit format 'yyyy-MM-dd', parsing fails (leniency? null)); nested exception is com.fasterxml.jackson.databind.exc.InvalidFormatException: Cannot deserialize value of type `java.util.Date` from String "2022-8-20": not a valid representation (error: Failed to parse Date value '2022-8-20': Cannot parse date "2022-8-20": while it seems to fit format 'yyyy-MM-dd', parsing fails (leniency? null))<EOL> at [Source: (org.springframework.util.StreamUtils$NonClosingInputStream); line: 7, column: 17] (through reference chain: com.txy.graduate.domain.po.Process["startTime"])]
2022-07-17 21:02:05.614  WARN 27616 --- [http-nio-8080-exec-6] .m.m.a.ExceptionHandlerExceptionResolver : Resolved [org.springframework.http.converter.HttpMessageNotReadableException: JSON parse error: Cannot deserialize value of type `java.util.Date` from String "2022-8-20 20:30:32": not a valid representation (error: Failed to parse Date value '2022-8-20 20:30:32': Cannot parse date "2022-8-20 20:30:32": while it seems to fit format 'yyyy-MM-dd'T'HH:mm:ss.SSSX', parsing fails (leniency? null)); nested exception is com.fasterxml.jackson.databind.exc.InvalidFormatException: Cannot deserialize value of type `java.util.Date` from String "2022-8-20 20:30:32": not a valid representation (error: Failed to parse Date value '2022-8-20 20:30:32': Cannot parse date "2022-8-20 20:30:32": while it seems to fit format 'yyyy-MM-dd'T'HH:mm:ss.SSSX', parsing fails (leniency? null))<EOL> at [Source: (org.springframework.util.StreamUtils$NonClosingInputStream); line: 7, column: 17] (through reference chain: com.txy.graduate.domain.po.Process["startTime"])]
2022-07-17 21:03:33.274  WARN 27616 --- [http-nio-8080-exec-7] .m.m.a.ExceptionHandlerExceptionResolver : Resolved [org.springframework.http.converter.HttpMessageNotReadableException: JSON parse error: Cannot deserialize value of type `java.util.Date` from String "2022-08-20 20:30:32": not a valid representation (error: Failed to parse Date value '2022-08-20 20:30:32': Cannot parse date "2022-08-20 20:30:32": while it seems to fit format 'yyyy-MM-dd'T'HH:mm:ss.SSSX', parsing fails (leniency? null)); nested exception is com.fasterxml.jackson.databind.exc.InvalidFormatException: Cannot deserialize value of type `java.util.Date` from String "2022-08-20 20:30:32": not a valid representation (error: Failed to parse Date value '2022-08-20 20:30:32': Cannot parse date "2022-08-20 20:30:32": while it seems to fit format 'yyyy-MM-dd'T'HH:mm:ss.SSSX', parsing fails (leniency? null))<EOL> at [Source: (org.springframework.util.StreamUtils$NonClosingInputStream); line: 7, column: 17] (through reference chain: com.txy.graduate.domain.po.Process["startTime"])]
2022-07-17 21:04:01.839  WARN 27616 --- [http-nio-8080-exec-9] .m.m.a.ExceptionHandlerExceptionResolver : Resolved [java.lang.NullPointerException: Cannot invoke "java.util.List.stream()" because "imgPaths" is null]
2022-07-17 21:05:15.485  INFO 27616 --- [SpringApplicationShutdownHook] com.alibaba.druid.pool.DruidDataSource   : {dataSource-1} closing ...
2022-07-17 21:05:15.488  INFO 27616 --- [SpringApplicationShutdownHook] com.alibaba.druid.pool.DruidDataSource   : {dataSource-1} closed
2022-07-17 21:05:20.894  INFO 28491 --- [restartedMain] com.txy.graduate.GraduateApplication     : Starting GraduateApplication using Java 17 on manjaro with PID 28491 (/home/flyme/桌面/生产实习/internship_cd/Graduate/target/classes started by flyme in /home/flyme/桌面/生产实习/internship_cd/Graduate)
2022-07-17 21:05:20.896  INFO 28491 --- [restartedMain] com.txy.graduate.GraduateApplication     : The following 1 profile is active: "dev"
2022-07-17 21:05:20.971  INFO 28491 --- [restartedMain] o.s.b.devtools.restart.ChangeableUrls    : The Class-Path manifest attribute in /home/flyme/.m2/repository/com/sun/xml/bind/jaxb-impl/2.2.5-b10/jaxb-impl-2.2.5-b10.jar referenced one or more files that do not exist: file:/home/flyme/.m2/repository/com/sun/xml/bind/jaxb-impl/2.2.5-b10/jaxb-api.jar,file:/home/flyme/.m2/repository/com/sun/xml/bind/jaxb-impl/2.2.5-b10/activation.jar,file:/home/flyme/.m2/repository/com/sun/xml/bind/jaxb-impl/2.2.5-b10/jsr173_1.0_api.jar,file:/home/flyme/.m2/repository/com/sun/xml/bind/jaxb-impl/2.2.5-b10/jaxb1-impl.jar
2022-07-17 21:05:20.972  INFO 28491 --- [restartedMain] .e.DevToolsPropertyDefaultsPostProcessor : Devtools property defaults active! Set 'spring.devtools.add-properties' to 'false' to disable
2022-07-17 21:05:20.972  INFO 28491 --- [restartedMain] .e.DevToolsPropertyDefaultsPostProcessor : For additional web related logging consider setting the 'logging.level.web' property to 'DEBUG'
2022-07-17 21:05:21.739  INFO 28491 --- [restartedMain] .s.d.r.c.RepositoryConfigurationDelegate : Multiple Spring Data modules found, entering strict repository configuration mode!
2022-07-17 21:05:21.741  INFO 28491 --- [restartedMain] .s.d.r.c.RepositoryConfigurationDelegate : Bootstrapping Spring Data Redis repositories in DEFAULT mode.
2022-07-17 21:05:21.764  INFO 28491 --- [restartedMain] .s.d.r.c.RepositoryConfigurationDelegate : Finished Spring Data repository scanning in 14 ms. Found 0 Redis repository interfaces.
2022-07-17 21:05:22.314  INFO 28491 --- [restartedMain] o.s.b.w.embedded.tomcat.TomcatWebServer  : Tomcat initialized with port(s): 8080 (http)
2022-07-17 21:05:22.315  INFO 28491 --- [restartedMain] o.a.catalina.core.AprLifecycleListener   : Loaded Apache Tomcat Native library [1.2.34] using APR version [1.7.0].
2022-07-17 21:05:22.315  INFO 28491 --- [restartedMain] o.a.catalina.core.AprLifecycleListener   : APR capabilities: IPv6 [true], sendfile [true], accept filters [false], random [true], UDS [true].
2022-07-17 21:05:22.315  INFO 28491 --- [restartedMain] o.a.catalina.core.AprLifecycleListener   : APR/OpenSSL configuration: useAprConnector [false], useOpenSSL [true]
2022-07-17 21:05:22.318  INFO 28491 --- [restartedMain] o.a.catalina.core.AprLifecycleListener   : OpenSSL successfully initialized [OpenSSL 1.1.1q  5 Jul 2022]
2022-07-17 21:05:22.325  INFO 28491 --- [restartedMain] o.apache.catalina.core.StandardService   : Starting service [Tomcat]
2022-07-17 21:05:22.325  INFO 28491 --- [restartedMain] org.apache.catalina.core.StandardEngine  : Starting Servlet engine: [Apache Tomcat/9.0.63]
2022-07-17 21:05:22.374  INFO 28491 --- [restartedMain] o.a.c.c.C.[.[localhost].[/graduate]      : Initializing Spring embedded WebApplicationContext
2022-07-17 21:05:22.374  INFO 28491 --- [restartedMain] w.s.c.ServletWebServerApplicationContext : Root WebApplicationContext: initialization completed in 1401 ms
2022-07-17 21:05:22.674  INFO 28491 --- [restartedMain] c.a.d.s.b.a.DruidDataSourceAutoConfigure : Init DruidDataSource
2022-07-17 21:05:23.077  INFO 28491 --- [restartedMain] com.alibaba.druid.pool.DruidDataSource   : {dataSource-1} inited
2022-07-17 21:05:23.777  INFO 28491 --- [restartedMain] o.s.s.web.DefaultSecurityFilterChain     : Will secure any request with [org.springframework.security.web.session.DisableEncodeUrlFilter@5c337de8, org.springframework.security.web.context.request.async.WebAsyncManagerIntegrationFilter@2525d6fd, org.springframework.security.web.context.SecurityContextPersistenceFilter@5a040156, org.springframework.security.web.header.HeaderWriterFilter@1c466b01, org.springframework.web.filter.CorsFilter@6aae76cb, org.springframework.security.web.authentication.logout.LogoutFilter@1074fb83, com.txy.graduate.security.filter.CaptcheFilter@129909f3, org.springframework.security.web.authentication.UsernamePasswordAuthenticationFilter@69d9021d, com.txy.graduate.security.filter.JWTFilter@5789b087, org.springframework.security.web.savedrequest.RequestCacheAwareFilter@3bef060b, org.springframework.security.web.servletapi.SecurityContextHolderAwareRequestFilter@34747ed9, org.springframework.security.web.authentication.AnonymousAuthenticationFilter@18a1f481, org.springframework.security.web.session.SessionManagementFilter@117c76fe, org.springframework.security.web.access.ExceptionTranslationFilter@5a518aac, org.springframework.security.web.access.intercept.FilterSecurityInterceptor@4e25f7cf]
2022-07-17 21:05:24.312  INFO 28491 --- [restartedMain] o.s.b.d.a.OptionalLiveReloadServer       : LiveReload server is running on port 35729
2022-07-17 21:05:24.357  INFO 28491 --- [restartedMain] o.s.b.w.embedded.tomcat.TomcatWebServer  : Tomcat started on port(s): 8080 (http) with context path '/graduate'
2022-07-17 21:05:24.370  INFO 28491 --- [restartedMain] com.txy.graduate.GraduateApplication     : Started GraduateApplication in 3.929 seconds (JVM running for 4.86)
2022-07-17 21:05:58.426  INFO 28491 --- [http-nio-8080-exec-1] o.a.c.c.C.[.[localhost].[/graduate]      : Initializing Spring DispatcherServlet 'dispatcherServlet'
2022-07-17 21:05:58.427  INFO 28491 --- [http-nio-8080-exec-1] o.s.web.servlet.DispatcherServlet        : Initializing Servlet 'dispatcherServlet'
2022-07-17 21:05:58.428  INFO 28491 --- [http-nio-8080-exec-1] o.s.web.servlet.DispatcherServlet        : Completed initialization in 1 ms
2022-07-17 21:05:58.929  WARN 28491 --- [http-nio-8080-exec-1] .m.m.a.ExceptionHandlerExceptionResolver : Resolved [org.springframework.http.converter.HttpMessageNotReadableException: JSON parse error: Unexpected character ('"' (code 34)): was expecting comma to separate Object entries; nested exception is com.fasterxml.jackson.core.JsonParseException: Unexpected character ('"' (code 34)): was expecting comma to separate Object entries<EOL> at [Source: (org.springframework.util.StreamUtils$NonClosingInputStream); line: 9, column: 6]]
2022-07-17 21:13:53.535  WARN 28491 --- [http-nio-8080-exec-4] .w.s.m.s.DefaultHandlerExceptionResolver : Resolved [org.springframework.web.HttpRequestMethodNotSupportedException: Request method 'GET' not supported]
2022-07-17 21:14:01.457  WARN 28491 --- [http-nio-8080-exec-5] .w.s.m.s.DefaultHandlerExceptionResolver : Resolved [org.springframework.web.HttpRequestMethodNotSupportedException: Request method 'GET' not supported]
2022-07-17 21:14:09.212  WARN 28491 --- [http-nio-8080-exec-6] .m.m.a.ExceptionHandlerExceptionResolver : Resolved [java.lang.NullPointerException: Cannot invoke "java.util.List.contains(Object)" because "imgPaths" is null]
2022-07-17 21:15:55.269  INFO 28491 --- [SpringApplicationShutdownHook] com.alibaba.druid.pool.DruidDataSource   : {dataSource-1} closing ...
2022-07-17 21:15:55.271  INFO 28491 --- [SpringApplicationShutdownHook] com.alibaba.druid.pool.DruidDataSource   : {dataSource-1} closed
2022-07-17 21:15:59.304  INFO 28856 --- [restartedMain] com.txy.graduate.GraduateApplication     : Starting GraduateApplication using Java 17 on manjaro with PID 28856 (/home/flyme/桌面/生产实习/internship_cd/Graduate/target/classes started by flyme in /home/flyme/桌面/生产实习/internship_cd/Graduate)
2022-07-17 21:15:59.306  INFO 28856 --- [restartedMain] com.txy.graduate.GraduateApplication     : The following 1 profile is active: "dev"
2022-07-17 21:15:59.380  INFO 28856 --- [restartedMain] o.s.b.devtools.restart.ChangeableUrls    : The Class-Path manifest attribute in /home/flyme/.m2/repository/com/sun/xml/bind/jaxb-impl/2.2.5-b10/jaxb-impl-2.2.5-b10.jar referenced one or more files that do not exist: file:/home/flyme/.m2/repository/com/sun/xml/bind/jaxb-impl/2.2.5-b10/jaxb-api.jar,file:/home/flyme/.m2/repository/com/sun/xml/bind/jaxb-impl/2.2.5-b10/activation.jar,file:/home/flyme/.m2/repository/com/sun/xml/bind/jaxb-impl/2.2.5-b10/jsr173_1.0_api.jar,file:/home/flyme/.m2/repository/com/sun/xml/bind/jaxb-impl/2.2.5-b10/jaxb1-impl.jar
2022-07-17 21:15:59.380  INFO 28856 --- [restartedMain] .e.DevToolsPropertyDefaultsPostProcessor : Devtools property defaults active! Set 'spring.devtools.add-properties' to 'false' to disable
2022-07-17 21:15:59.380  INFO 28856 --- [restartedMain] .e.DevToolsPropertyDefaultsPostProcessor : For additional web related logging consider setting the 'logging.level.web' property to 'DEBUG'
2022-07-17 21:15:59.909  INFO 28856 --- [restartedMain] .s.d.r.c.RepositoryConfigurationDelegate : Multiple Spring Data modules found, entering strict repository configuration mode!
2022-07-17 21:15:59.910  INFO 28856 --- [restartedMain] .s.d.r.c.RepositoryConfigurationDelegate : Bootstrapping Spring Data Redis repositories in DEFAULT mode.
2022-07-17 21:15:59.927  INFO 28856 --- [restartedMain] .s.d.r.c.RepositoryConfigurationDelegate : Finished Spring Data repository scanning in 10 ms. Found 0 Redis repository interfaces.
2022-07-17 21:16:00.327  INFO 28856 --- [restartedMain] o.s.b.w.embedded.tomcat.TomcatWebServer  : Tomcat initialized with port(s): 8080 (http)
2022-07-17 21:16:00.328  INFO 28856 --- [restartedMain] o.a.catalina.core.AprLifecycleListener   : Loaded Apache Tomcat Native library [1.2.34] using APR version [1.7.0].
2022-07-17 21:16:00.329  INFO 28856 --- [restartedMain] o.a.catalina.core.AprLifecycleListener   : APR capabilities: IPv6 [true], sendfile [true], accept filters [false], random [true], UDS [true].
2022-07-17 21:16:00.329  INFO 28856 --- [restartedMain] o.a.catalina.core.AprLifecycleListener   : APR/OpenSSL configuration: useAprConnector [false], useOpenSSL [true]
2022-07-17 21:16:00.331  INFO 28856 --- [restartedMain] o.a.catalina.core.AprLifecycleListener   : OpenSSL successfully initialized [OpenSSL 1.1.1q  5 Jul 2022]
2022-07-17 21:16:00.336  INFO 28856 --- [restartedMain] o.apache.catalina.core.StandardService   : Starting service [Tomcat]
2022-07-17 21:16:00.337  INFO 28856 --- [restartedMain] org.apache.catalina.core.StandardEngine  : Starting Servlet engine: [Apache Tomcat/9.0.63]
2022-07-17 21:16:00.382  INFO 28856 --- [restartedMain] o.a.c.c.C.[.[localhost].[/graduate]      : Initializing Spring embedded WebApplicationContext
2022-07-17 21:16:00.382  INFO 28856 --- [restartedMain] w.s.c.ServletWebServerApplicationContext : Root WebApplicationContext: initialization completed in 1001 ms
2022-07-17 21:16:00.695  INFO 28856 --- [restartedMain] c.a.d.s.b.a.DruidDataSourceAutoConfigure : Init DruidDataSource
2022-07-17 21:16:01.083  INFO 28856 --- [restartedMain] com.alibaba.druid.pool.DruidDataSource   : {dataSource-1} inited
2022-07-17 21:16:01.601  INFO 28856 --- [restartedMain] o.s.s.web.DefaultSecurityFilterChain     : Will secure any request with [org.springframework.security.web.session.DisableEncodeUrlFilter@566b8fab, org.springframework.security.web.context.request.async.WebAsyncManagerIntegrationFilter@461369ef, org.springframework.security.web.context.SecurityContextPersistenceFilter@71b45f7b, org.springframework.security.web.header.HeaderWriterFilter@7d4f09e1, org.springframework.web.filter.CorsFilter@9af6696, org.springframework.security.web.authentication.logout.LogoutFilter@48d304dc, com.txy.graduate.security.filter.CaptcheFilter@5dc4c9e3, org.springframework.security.web.authentication.UsernamePasswordAuthenticationFilter@73c0ce20, com.txy.graduate.security.filter.JWTFilter@405305b5, org.springframework.security.web.savedrequest.RequestCacheAwareFilter@617bbb9, org.springframework.security.web.servletapi.SecurityContextHolderAwareRequestFilter@71873c8b, org.springframework.security.web.authentication.AnonymousAuthenticationFilter@cbb1043, org.springframework.security.web.session.SessionManagementFilter@226a86ed, org.springframework.security.web.access.ExceptionTranslationFilter@1045360e, org.springframework.security.web.access.intercept.FilterSecurityInterceptor@603e6fee]
2022-07-17 21:16:01.976  INFO 28856 --- [restartedMain] o.s.b.d.a.OptionalLiveReloadServer       : LiveReload server is running on port 35729
2022-07-17 21:16:02.010  INFO 28856 --- [restartedMain] o.s.b.w.embedded.tomcat.TomcatWebServer  : Tomcat started on port(s): 8080 (http) with context path '/graduate'
2022-07-17 21:16:02.020  INFO 28856 --- [restartedMain] com.txy.graduate.GraduateApplication     : Started GraduateApplication in 3.147 seconds (JVM running for 4.139)
