2022-07-15 09:46:07.510  INFO 49411 --- [restartedMain] o.s.b.w.embedded.tomcat.TomcatWebServer  : Tomcat initialized with port(s): 8080 (http)
2022-07-15 09:46:07.512  INFO 49411 --- [restartedMain] o.a.catalina.core.AprLifecycleListener   : Loaded Apache Tomcat Native library [1.2.34] using APR version [1.7.0].
2022-07-15 09:46:07.512  INFO 49411 --- [restartedMain] o.a.catalina.core.AprLifecycleListener   : APR capabilities: IPv6 [true], sendfile [true], accept filters [false], random [true], UDS [true].
2022-07-15 09:46:07.512  INFO 49411 --- [restartedMain] o.a.catalina.core.AprLifecycleListener   : APR/OpenSSL configuration: useAprConnector [false], useOpenSSL [true]
2022-07-15 09:46:07.515  INFO 49411 --- [restartedMain] o.a.catalina.core.AprLifecycleListener   : OpenSSL successfully initialized [OpenSSL 1.1.1q  5 Jul 2022]
2022-07-15 09:46:07.521  INFO 49411 --- [restartedMain] o.apache.catalina.core.StandardService   : Starting service [Tomcat]
2022-07-15 09:46:07.521  INFO 49411 --- [restartedMain] org.apache.catalina.core.StandardEngine  : Starting Servlet engine: [Apache Tomcat/9.0.63]
2022-07-15 09:46:07.559  INFO 49411 --- [restartedMain] o.a.c.c.C.[.[localhost].[/graduate]      : Initializing Spring embedded WebApplicationContext
2022-07-15 09:46:07.559  INFO 49411 --- [restartedMain] w.s.c.ServletWebServerApplicationContext : Root WebApplicationContext: initialization completed in 1112 ms
2022-07-15 09:46:07.783  INFO 49411 --- [restartedMain] c.a.d.s.b.a.DruidDataSourceAutoConfigure : Init DruidDataSource
2022-07-15 09:46:08.119  INFO 49411 --- [restartedMain] com.alibaba.druid.pool.DruidDataSource   : {dataSource-1} inited
2022-07-15 09:46:08.584  INFO 49411 --- [restartedMain] o.s.s.web.DefaultSecurityFilterChain     : Will secure any request with [org.springframework.security.web.session.DisableEncodeUrlFilter@3281fb59, org.springframework.security.web.context.request.async.WebAsyncManagerIntegrationFilter@782cc564, org.springframework.security.web.context.SecurityContextPersistenceFilter@64534ed3, org.springframework.security.web.header.HeaderWriterFilter@3a529aee, org.springframework.web.filter.CorsFilter@6f4bd6b1, org.springframework.security.web.authentication.logout.LogoutFilter@627b3956, com.txy.graduate.security.filter.CaptcheFilter@a7b1722, org.springframework.security.web.authentication.UsernamePasswordAuthenticationFilter@54ab8405, com.txy.graduate.security.filter.JWTFilter@aac2578, org.springframework.security.web.savedrequest.RequestCacheAwareFilter@466d07aa, org.springframework.security.web.servletapi.SecurityContextHolderAwareRequestFilter@19d9b1d9, org.springframework.security.web.authentication.AnonymousAuthenticationFilter@62fbae2b, org.springframework.security.web.session.SessionManagementFilter@fe7772, org.springframework.security.web.access.ExceptionTranslationFilter@1bcf12a7, org.springframework.security.web.access.intercept.FilterSecurityInterceptor@2126cc14]
2022-07-15 09:46:08.954  INFO 49411 --- [restartedMain] o.s.b.d.a.OptionalLiveReloadServer       : LiveReload server is running on port 35729
2022-07-15 09:46:08.989  INFO 49411 --- [restartedMain] o.s.b.w.embedded.tomcat.TomcatWebServer  : Tomcat started on port(s): 8080 (http) with context path '/graduate'
2022-07-15 09:46:08.999  INFO 49411 --- [restartedMain] com.txy.graduate.GraduateApplication     : Started GraduateApplication in 2.89 seconds (JVM running for 3.628)
2022-07-15 09:46:16.597  INFO 49411 --- [http-nio-8080-exec-2] o.a.c.c.C.[.[localhost].[/graduate]      : Initializing Spring DispatcherServlet 'dispatcherServlet'
2022-07-15 09:46:16.597  INFO 49411 --- [http-nio-8080-exec-2] o.s.web.servlet.DispatcherServlet        : Initializing Servlet 'dispatcherServlet'
2022-07-15 09:46:16.598  INFO 49411 --- [http-nio-8080-exec-2] o.s.web.servlet.DispatcherServlet        : Completed initialization in 1 ms
2022-07-15 10:23:01.516  WARN 49411 --- [http-nio-8080-exec-7] .m.m.a.ExceptionHandlerExceptionResolver : Resolved [org.springframework.security.access.AccessDeniedException: 不允许访问]
2022-07-15 10:51:30.973  INFO 49411 --- [SpringApplicationShutdownHook] com.alibaba.druid.pool.DruidDataSource   : {dataSource-1} closing ...
2022-07-15 10:51:30.979  INFO 49411 --- [SpringApplicationShutdownHook] com.alibaba.druid.pool.DruidDataSource   : {dataSource-1} closed
2022-07-15 11:37:36.899  INFO 62427 --- [restartedMain] com.txy.graduate.GraduateApplication     : Starting GraduateApplication using Java 17 on manjaro with PID 62427 (/home/flyme/桌面/生产实习/internship_cd/Graduate/target/classes started by flyme in /home/flyme/桌面/生产实习/internship_cd/Graduate)
2022-07-15 11:37:36.901  INFO 62427 --- [restartedMain] com.txy.graduate.GraduateApplication     : No active profile set, falling back to 1 default profile: "default"
2022-07-15 11:37:36.950  INFO 62427 --- [restartedMain] o.s.b.devtools.restart.ChangeableUrls    : The Class-Path manifest attribute in /home/flyme/.m2/repository/com/sun/xml/bind/jaxb-impl/2.2.5-b10/jaxb-impl-2.2.5-b10.jar referenced one or more files that do not exist: file:/home/flyme/.m2/repository/com/sun/xml/bind/jaxb-impl/2.2.5-b10/jaxb-api.jar,file:/home/flyme/.m2/repository/com/sun/xml/bind/jaxb-impl/2.2.5-b10/activation.jar,file:/home/flyme/.m2/repository/com/sun/xml/bind/jaxb-impl/2.2.5-b10/jsr173_1.0_api.jar,file:/home/flyme/.m2/repository/com/sun/xml/bind/jaxb-impl/2.2.5-b10/jaxb1-impl.jar
2022-07-15 11:37:36.950  INFO 62427 --- [restartedMain] .e.DevToolsPropertyDefaultsPostProcessor : Devtools property defaults active! Set 'spring.devtools.add-properties' to 'false' to disable
2022-07-15 11:37:36.950  INFO 62427 --- [restartedMain] .e.DevToolsPropertyDefaultsPostProcessor : For additional web related logging consider setting the 'logging.level.web' property to 'DEBUG'
2022-07-15 11:37:37.609  INFO 62427 --- [restartedMain] .s.d.r.c.RepositoryConfigurationDelegate : Multiple Spring Data modules found, entering strict repository configuration mode!
2022-07-15 11:37:37.610  INFO 62427 --- [restartedMain] .s.d.r.c.RepositoryConfigurationDelegate : Bootstrapping Spring Data Redis repositories in DEFAULT mode.
2022-07-15 11:37:37.629  INFO 62427 --- [restartedMain] .s.d.r.c.RepositoryConfigurationDelegate : Finished Spring Data repository scanning in 9 ms. Found 0 Redis repository interfaces.
2022-07-15 11:37:38.073  INFO 62427 --- [restartedMain] o.s.b.w.embedded.tomcat.TomcatWebServer  : Tomcat initialized with port(s): 8080 (http)
2022-07-15 11:37:38.074  INFO 62427 --- [restartedMain] o.a.catalina.core.AprLifecycleListener   : Loaded Apache Tomcat Native library [1.2.34] using APR version [1.7.0].
2022-07-15 11:37:38.074  INFO 62427 --- [restartedMain] o.a.catalina.core.AprLifecycleListener   : APR capabilities: IPv6 [true], sendfile [true], accept filters [false], random [true], UDS [true].
2022-07-15 11:37:38.075  INFO 62427 --- [restartedMain] o.a.catalina.core.AprLifecycleListener   : APR/OpenSSL configuration: useAprConnector [false], useOpenSSL [true]
2022-07-15 11:37:38.077  INFO 62427 --- [restartedMain] o.a.catalina.core.AprLifecycleListener   : OpenSSL successfully initialized [OpenSSL 1.1.1q  5 Jul 2022]
2022-07-15 11:37:38.082  INFO 62427 --- [restartedMain] o.apache.catalina.core.StandardService   : Starting service [Tomcat]
2022-07-15 11:37:38.082  INFO 62427 --- [restartedMain] org.apache.catalina.core.StandardEngine  : Starting Servlet engine: [Apache Tomcat/9.0.63]
2022-07-15 11:37:38.122  INFO 62427 --- [restartedMain] o.a.c.c.C.[.[localhost].[/graduate]      : Initializing Spring embedded WebApplicationContext
2022-07-15 11:37:38.122  INFO 62427 --- [restartedMain] w.s.c.ServletWebServerApplicationContext : Root WebApplicationContext: initialization completed in 1171 ms
2022-07-15 11:37:38.387  INFO 62427 --- [restartedMain] c.a.d.s.b.a.DruidDataSourceAutoConfigure : Init DruidDataSource
2022-07-15 11:37:38.795  INFO 62427 --- [restartedMain] com.alibaba.druid.pool.DruidDataSource   : {dataSource-1} inited
2022-07-15 11:37:39.379  INFO 62427 --- [restartedMain] o.s.s.web.DefaultSecurityFilterChain     : Will secure any request with [org.springframework.security.web.session.DisableEncodeUrlFilter@1197662a, org.springframework.security.web.context.request.async.WebAsyncManagerIntegrationFilter@7b3c103d, org.springframework.security.web.context.SecurityContextPersistenceFilter@a0cfa86, org.springframework.security.web.header.HeaderWriterFilter@474bb2c5, org.springframework.web.filter.CorsFilter@39710ecf, org.springframework.security.web.authentication.logout.LogoutFilter@7d1d9efe, com.txy.graduate.security.filter.CaptcheFilter@44664f8e, org.springframework.security.web.authentication.UsernamePasswordAuthenticationFilter@4de39b0a, com.txy.graduate.security.filter.JWTFilter@414b8a3c, org.springframework.security.web.savedrequest.RequestCacheAwareFilter@75865297, org.springframework.security.web.servletapi.SecurityContextHolderAwareRequestFilter@32df3309, org.springframework.security.web.authentication.AnonymousAuthenticationFilter@5a543cad, org.springframework.security.web.session.SessionManagementFilter@13facd28, org.springframework.security.web.access.ExceptionTranslationFilter@ba79de6, org.springframework.security.web.access.intercept.FilterSecurityInterceptor@5ffd9a6f]
2022-07-15 11:37:39.793  INFO 62427 --- [restartedMain] o.s.b.d.a.OptionalLiveReloadServer       : LiveReload server is running on port 35729
2022-07-15 11:37:39.827  INFO 62427 --- [restartedMain] o.s.b.w.embedded.tomcat.TomcatWebServer  : Tomcat started on port(s): 8080 (http) with context path '/graduate'
2022-07-15 11:37:39.836  INFO 62427 --- [restartedMain] com.txy.graduate.GraduateApplication     : Started GraduateApplication in 3.228 seconds (JVM running for 3.933)
2022-07-15 11:37:55.234  INFO 62427 --- [http-nio-8080-exec-2] o.a.c.c.C.[.[localhost].[/graduate]      : Initializing Spring DispatcherServlet 'dispatcherServlet'
2022-07-15 11:37:55.234  INFO 62427 --- [http-nio-8080-exec-2] o.s.web.servlet.DispatcherServlet        : Initializing Servlet 'dispatcherServlet'
2022-07-15 11:37:55.235  INFO 62427 --- [http-nio-8080-exec-2] o.s.web.servlet.DispatcherServlet        : Completed initialization in 1 ms
2022-07-15 11:38:16.397  INFO 62427 --- [SpringApplicationShutdownHook] com.alibaba.druid.pool.DruidDataSource   : {dataSource-1} closing ...
2022-07-15 11:38:16.401  INFO 62427 --- [SpringApplicationShutdownHook] com.alibaba.druid.pool.DruidDataSource   : {dataSource-1} closed
2022-07-15 11:38:19.366  INFO 62630 --- [restartedMain] com.txy.graduate.GraduateApplication     : Starting GraduateApplication using Java 17 on manjaro with PID 62630 (/home/flyme/桌面/生产实习/internship_cd/Graduate/target/classes started by flyme in /home/flyme/桌面/生产实习/internship_cd/Graduate)
2022-07-15 11:38:19.368  INFO 62630 --- [restartedMain] com.txy.graduate.GraduateApplication     : No active profile set, falling back to 1 default profile: "default"
2022-07-15 11:38:19.414  INFO 62630 --- [restartedMain] o.s.b.devtools.restart.ChangeableUrls    : The Class-Path manifest attribute in /home/flyme/.m2/repository/com/sun/xml/bind/jaxb-impl/2.2.5-b10/jaxb-impl-2.2.5-b10.jar referenced one or more files that do not exist: file:/home/flyme/.m2/repository/com/sun/xml/bind/jaxb-impl/2.2.5-b10/jaxb-api.jar,file:/home/flyme/.m2/repository/com/sun/xml/bind/jaxb-impl/2.2.5-b10/activation.jar,file:/home/flyme/.m2/repository/com/sun/xml/bind/jaxb-impl/2.2.5-b10/jsr173_1.0_api.jar,file:/home/flyme/.m2/repository/com/sun/xml/bind/jaxb-impl/2.2.5-b10/jaxb1-impl.jar
2022-07-15 11:38:19.414  INFO 62630 --- [restartedMain] .e.DevToolsPropertyDefaultsPostProcessor : Devtools property defaults active! Set 'spring.devtools.add-properties' to 'false' to disable
2022-07-15 11:38:19.414  INFO 62630 --- [restartedMain] .e.DevToolsPropertyDefaultsPostProcessor : For additional web related logging consider setting the 'logging.level.web' property to 'DEBUG'
2022-07-15 11:38:20.159  INFO 62630 --- [restartedMain] .s.d.r.c.RepositoryConfigurationDelegate : Multiple Spring Data modules found, entering strict repository configuration mode!
2022-07-15 11:38:20.160  INFO 62630 --- [restartedMain] .s.d.r.c.RepositoryConfigurationDelegate : Bootstrapping Spring Data Redis repositories in DEFAULT mode.
2022-07-15 11:38:20.178  INFO 62630 --- [restartedMain] .s.d.r.c.RepositoryConfigurationDelegate : Finished Spring Data repository scanning in 10 ms. Found 0 Redis repository interfaces.
2022-07-15 11:38:20.596  INFO 62630 --- [restartedMain] o.s.b.w.embedded.tomcat.TomcatWebServer  : Tomcat initialized with port(s): 8080 (http)
2022-07-15 11:38:20.597  INFO 62630 --- [restartedMain] o.a.catalina.core.AprLifecycleListener   : Loaded Apache Tomcat Native library [1.2.34] using APR version [1.7.0].
2022-07-15 11:38:20.597  INFO 62630 --- [restartedMain] o.a.catalina.core.AprLifecycleListener   : APR capabilities: IPv6 [true], sendfile [true], accept filters [false], random [true], UDS [true].
2022-07-15 11:38:20.598  INFO 62630 --- [restartedMain] o.a.catalina.core.AprLifecycleListener   : APR/OpenSSL configuration: useAprConnector [false], useOpenSSL [true]
2022-07-15 11:38:20.599  INFO 62630 --- [restartedMain] o.a.catalina.core.AprLifecycleListener   : OpenSSL successfully initialized [OpenSSL 1.1.1q  5 Jul 2022]
2022-07-15 11:38:20.604  INFO 62630 --- [restartedMain] o.apache.catalina.core.StandardService   : Starting service [Tomcat]
2022-07-15 11:38:20.605  INFO 62630 --- [restartedMain] org.apache.catalina.core.StandardEngine  : Starting Servlet engine: [Apache Tomcat/9.0.63]
2022-07-15 11:38:20.640  INFO 62630 --- [restartedMain] o.a.c.c.C.[.[localhost].[/graduate]      : Initializing Spring embedded WebApplicationContext
2022-07-15 11:38:20.641  INFO 62630 --- [restartedMain] w.s.c.ServletWebServerApplicationContext : Root WebApplicationContext: initialization completed in 1227 ms
2022-07-15 11:38:20.865  INFO 62630 --- [restartedMain] c.a.d.s.b.a.DruidDataSourceAutoConfigure : Init DruidDataSource
2022-07-15 11:38:21.200  INFO 62630 --- [restartedMain] com.alibaba.druid.pool.DruidDataSource   : {dataSource-1} inited
2022-07-15 11:38:21.684  INFO 62630 --- [restartedMain] o.s.s.web.DefaultSecurityFilterChain     : Will secure any request with [org.springframework.security.web.session.DisableEncodeUrlFilter@1e86e4db, org.springframework.security.web.context.request.async.WebAsyncManagerIntegrationFilter@233b6d02, org.springframework.security.web.context.SecurityContextPersistenceFilter@6aa7617c, org.springframework.security.web.header.HeaderWriterFilter@5e81a8c7, org.springframework.web.filter.CorsFilter@3f7dc53a, org.springframework.security.web.authentication.logout.LogoutFilter@402569c5, com.txy.graduate.security.filter.CaptcheFilter@7b7c3946, org.springframework.security.web.authentication.UsernamePasswordAuthenticationFilter@4bf55e1b, com.txy.graduate.security.filter.JWTFilter@4f058e55, org.springframework.security.web.savedrequest.RequestCacheAwareFilter@3cb57da6, org.springframework.security.web.servletapi.SecurityContextHolderAwareRequestFilter@acd8da8, org.springframework.security.web.authentication.AnonymousAuthenticationFilter@9993951, org.springframework.security.web.session.SessionManagementFilter@297dbb78, org.springframework.security.web.access.ExceptionTranslationFilter@440af167, org.springframework.security.web.access.intercept.FilterSecurityInterceptor@383166cf]
2022-07-15 11:38:22.093  INFO 62630 --- [restartedMain] o.s.b.d.a.OptionalLiveReloadServer       : LiveReload server is running on port 35729
2022-07-15 11:38:22.133  INFO 62630 --- [restartedMain] o.s.b.w.embedded.tomcat.TomcatWebServer  : Tomcat started on port(s): 8080 (http) with context path '/graduate'
2022-07-15 11:38:22.143  INFO 62630 --- [restartedMain] com.txy.graduate.GraduateApplication     : Started GraduateApplication in 3.228 seconds (JVM running for 4.17)
2022-07-15 11:38:39.010  INFO 62630 --- [http-nio-8080-exec-2] o.a.c.c.C.[.[localhost].[/graduate]      : Initializing Spring DispatcherServlet 'dispatcherServlet'
2022-07-15 11:38:39.011  INFO 62630 --- [http-nio-8080-exec-2] o.s.web.servlet.DispatcherServlet        : Initializing Servlet 'dispatcherServlet'
2022-07-15 11:38:39.013  INFO 62630 --- [http-nio-8080-exec-2] o.s.web.servlet.DispatcherServlet        : Completed initialization in 2 ms
2022-07-15 11:39:42.233  INFO 62630 --- [SpringApplicationShutdownHook] com.alibaba.druid.pool.DruidDataSource   : {dataSource-1} closing ...
2022-07-15 11:39:42.245  INFO 62630 --- [SpringApplicationShutdownHook] com.alibaba.druid.pool.DruidDataSource   : {dataSource-1} closed
2022-07-15 11:39:46.294  INFO 62864 --- [restartedMain] com.txy.graduate.GraduateApplication     : Starting GraduateApplication using Java 17 on manjaro with PID 62864 (/home/flyme/桌面/生产实习/internship_cd/Graduate/target/classes started by flyme in /home/flyme/桌面/生产实习/internship_cd/Graduate)
2022-07-15 11:39:46.296  INFO 62864 --- [restartedMain] com.txy.graduate.GraduateApplication     : No active profile set, falling back to 1 default profile: "default"
2022-07-15 11:39:46.342  INFO 62864 --- [restartedMain] o.s.b.devtools.restart.ChangeableUrls    : The Class-Path manifest attribute in /home/flyme/.m2/repository/com/sun/xml/bind/jaxb-impl/2.2.5-b10/jaxb-impl-2.2.5-b10.jar referenced one or more files that do not exist: file:/home/flyme/.m2/repository/com/sun/xml/bind/jaxb-impl/2.2.5-b10/jaxb-api.jar,file:/home/flyme/.m2/repository/com/sun/xml/bind/jaxb-impl/2.2.5-b10/activation.jar,file:/home/flyme/.m2/repository/com/sun/xml/bind/jaxb-impl/2.2.5-b10/jsr173_1.0_api.jar,file:/home/flyme/.m2/repository/com/sun/xml/bind/jaxb-impl/2.2.5-b10/jaxb1-impl.jar
2022-07-15 11:39:46.342  INFO 62864 --- [restartedMain] .e.DevToolsPropertyDefaultsPostProcessor : Devtools property defaults active! Set 'spring.devtools.add-properties' to 'false' to disable
2022-07-15 11:39:46.342  INFO 62864 --- [restartedMain] .e.DevToolsPropertyDefaultsPostProcessor : For additional web related logging consider setting the 'logging.level.web' property to 'DEBUG'
2022-07-15 11:39:46.873  INFO 62864 --- [restartedMain] .s.d.r.c.RepositoryConfigurationDelegate : Multiple Spring Data modules found, entering strict repository configuration mode!
2022-07-15 11:39:46.874  INFO 62864 --- [restartedMain] .s.d.r.c.RepositoryConfigurationDelegate : Bootstrapping Spring Data Redis repositories in DEFAULT mode.
2022-07-15 11:39:46.895  INFO 62864 --- [restartedMain] .s.d.r.c.RepositoryConfigurationDelegate : Finished Spring Data repository scanning in 12 ms. Found 0 Redis repository interfaces.
2022-07-15 11:39:47.303  INFO 62864 --- [restartedMain] o.s.b.w.embedded.tomcat.TomcatWebServer  : Tomcat initialized with port(s): 8080 (http)
2022-07-15 11:39:47.304  INFO 62864 --- [restartedMain] o.a.catalina.core.AprLifecycleListener   : Loaded Apache Tomcat Native library [1.2.34] using APR version [1.7.0].
2022-07-15 11:39:47.304  INFO 62864 --- [restartedMain] o.a.catalina.core.AprLifecycleListener   : APR capabilities: IPv6 [true], sendfile [true], accept filters [false], random [true], UDS [true].
2022-07-15 11:39:47.304  INFO 62864 --- [restartedMain] o.a.catalina.core.AprLifecycleListener   : APR/OpenSSL configuration: useAprConnector [false], useOpenSSL [true]
2022-07-15 11:39:47.306  INFO 62864 --- [restartedMain] o.a.catalina.core.AprLifecycleListener   : OpenSSL successfully initialized [OpenSSL 1.1.1q  5 Jul 2022]
2022-07-15 11:39:47.311  INFO 62864 --- [restartedMain] o.apache.catalina.core.StandardService   : Starting service [Tomcat]
2022-07-15 11:39:47.311  INFO 62864 --- [restartedMain] org.apache.catalina.core.StandardEngine  : Starting Servlet engine: [Apache Tomcat/9.0.63]
2022-07-15 11:39:47.344  INFO 62864 --- [restartedMain] o.a.c.c.C.[.[localhost].[/graduate]      : Initializing Spring embedded WebApplicationContext
2022-07-15 11:39:47.344  INFO 62864 --- [restartedMain] w.s.c.ServletWebServerApplicationContext : Root WebApplicationContext: initialization completed in 1001 ms
2022-07-15 11:39:47.559  INFO 62864 --- [restartedMain] c.a.d.s.b.a.DruidDataSourceAutoConfigure : Init DruidDataSource
2022-07-15 11:39:47.907  INFO 62864 --- [restartedMain] com.alibaba.druid.pool.DruidDataSource   : {dataSource-1} inited
2022-07-15 11:39:48.375  INFO 62864 --- [restartedMain] o.s.s.web.DefaultSecurityFilterChain     : Will secure any request with [org.springframework.security.web.session.DisableEncodeUrlFilter@6a8c684f, org.springframework.security.web.context.request.async.WebAsyncManagerIntegrationFilter@171afe80, org.springframework.security.web.context.SecurityContextPersistenceFilter@314739c6, org.springframework.security.web.header.HeaderWriterFilter@5d93ee86, org.springframework.web.filter.CorsFilter@363b5d4f, org.springframework.security.web.authentication.logout.LogoutFilter@52cf1f0d, com.txy.graduate.security.filter.CaptcheFilter@5253e43e, org.springframework.security.web.authentication.UsernamePasswordAuthenticationFilter@2ebf7be9, com.txy.graduate.security.filter.JWTFilter@2b04cb1, org.springframework.security.web.savedrequest.RequestCacheAwareFilter@100ac5ae, org.springframework.security.web.servletapi.SecurityContextHolderAwareRequestFilter@32fef386, org.springframework.security.web.authentication.AnonymousAuthenticationFilter@759aca9b, org.springframework.security.web.session.SessionManagementFilter@189e56b4, org.springframework.security.web.access.ExceptionTranslationFilter@2af8171, org.springframework.security.web.access.intercept.FilterSecurityInterceptor@17fb15bf]
2022-07-15 11:39:48.777  INFO 62864 --- [restartedMain] o.s.b.d.a.OptionalLiveReloadServer       : LiveReload server is running on port 35729
2022-07-15 11:39:48.818  INFO 62864 --- [restartedMain] o.s.b.w.embedded.tomcat.TomcatWebServer  : Tomcat started on port(s): 8080 (http) with context path '/graduate'
2022-07-15 11:39:48.828  INFO 62864 --- [restartedMain] com.txy.graduate.GraduateApplication     : Started GraduateApplication in 2.848 seconds (JVM running for 3.685)
2022-07-15 11:39:55.333  INFO 62864 --- [http-nio-8080-exec-2] o.a.c.c.C.[.[localhost].[/graduate]      : Initializing Spring DispatcherServlet 'dispatcherServlet'
2022-07-15 11:39:55.333  INFO 62864 --- [http-nio-8080-exec-2] o.s.web.servlet.DispatcherServlet        : Initializing Servlet 'dispatcherServlet'
2022-07-15 11:39:55.335  INFO 62864 --- [http-nio-8080-exec-2] o.s.web.servlet.DispatcherServlet        : Completed initialization in 2 ms
2022-07-15 11:40:08.860  INFO 62864 --- [SpringApplicationShutdownHook] com.alibaba.druid.pool.DruidDataSource   : {dataSource-1} closing ...
2022-07-15 11:40:08.864  INFO 62864 --- [SpringApplicationShutdownHook] com.alibaba.druid.pool.DruidDataSource   : {dataSource-1} closed
2022-07-15 11:40:11.645  INFO 63068 --- [restartedMain] com.txy.graduate.GraduateApplication     : Starting GraduateApplication using Java 17 on manjaro with PID 63068 (/home/flyme/桌面/生产实习/internship_cd/Graduate/target/classes started by flyme in /home/flyme/桌面/生产实习/internship_cd/Graduate)
2022-07-15 11:40:11.650  INFO 63068 --- [restartedMain] com.txy.graduate.GraduateApplication     : No active profile set, falling back to 1 default profile: "default"
2022-07-15 11:40:11.723  INFO 63068 --- [restartedMain] o.s.b.devtools.restart.ChangeableUrls    : The Class-Path manifest attribute in /home/flyme/.m2/repository/com/sun/xml/bind/jaxb-impl/2.2.5-b10/jaxb-impl-2.2.5-b10.jar referenced one or more files that do not exist: file:/home/flyme/.m2/repository/com/sun/xml/bind/jaxb-impl/2.2.5-b10/jaxb-api.jar,file:/home/flyme/.m2/repository/com/sun/xml/bind/jaxb-impl/2.2.5-b10/activation.jar,file:/home/flyme/.m2/repository/com/sun/xml/bind/jaxb-impl/2.2.5-b10/jsr173_1.0_api.jar,file:/home/flyme/.m2/repository/com/sun/xml/bind/jaxb-impl/2.2.5-b10/jaxb1-impl.jar
2022-07-15 11:40:11.724  INFO 63068 --- [restartedMain] .e.DevToolsPropertyDefaultsPostProcessor : Devtools property defaults active! Set 'spring.devtools.add-properties' to 'false' to disable
2022-07-15 11:40:11.724  INFO 63068 --- [restartedMain] .e.DevToolsPropertyDefaultsPostProcessor : For additional web related logging consider setting the 'logging.level.web' property to 'DEBUG'
2022-07-15 11:40:12.243  INFO 63068 --- [restartedMain] .s.d.r.c.RepositoryConfigurationDelegate : Multiple Spring Data modules found, entering strict repository configuration mode!
2022-07-15 11:40:12.244  INFO 63068 --- [restartedMain] .s.d.r.c.RepositoryConfigurationDelegate : Bootstrapping Spring Data Redis repositories in DEFAULT mode.
2022-07-15 11:40:12.261  INFO 63068 --- [restartedMain] .s.d.r.c.RepositoryConfigurationDelegate : Finished Spring Data repository scanning in 10 ms. Found 0 Redis repository interfaces.
2022-07-15 11:40:12.734  INFO 63068 --- [restartedMain] o.s.b.w.embedded.tomcat.TomcatWebServer  : Tomcat initialized with port(s): 8080 (http)
2022-07-15 11:40:12.735  INFO 63068 --- [restartedMain] o.a.catalina.core.AprLifecycleListener   : Loaded Apache Tomcat Native library [1.2.34] using APR version [1.7.0].
2022-07-15 11:40:12.735  INFO 63068 --- [restartedMain] o.a.catalina.core.AprLifecycleListener   : APR capabilities: IPv6 [true], sendfile [true], accept filters [false], random [true], UDS [true].
2022-07-15 11:40:12.735  INFO 63068 --- [restartedMain] o.a.catalina.core.AprLifecycleListener   : APR/OpenSSL configuration: useAprConnector [false], useOpenSSL [true]
2022-07-15 11:40:12.738  INFO 63068 --- [restartedMain] o.a.catalina.core.AprLifecycleListener   : OpenSSL successfully initialized [OpenSSL 1.1.1q  5 Jul 2022]
2022-07-15 11:40:12.745  INFO 63068 --- [restartedMain] o.apache.catalina.core.StandardService   : Starting service [Tomcat]
2022-07-15 11:40:12.745  INFO 63068 --- [restartedMain] org.apache.catalina.core.StandardEngine  : Starting Servlet engine: [Apache Tomcat/9.0.63]
2022-07-15 11:40:12.788  INFO 63068 --- [restartedMain] o.a.c.c.C.[.[localhost].[/graduate]      : Initializing Spring embedded WebApplicationContext
2022-07-15 11:40:12.788  INFO 63068 --- [restartedMain] w.s.c.ServletWebServerApplicationContext : Root WebApplicationContext: initialization completed in 1063 ms
2022-07-15 11:40:13.044  INFO 63068 --- [restartedMain] c.a.d.s.b.a.DruidDataSourceAutoConfigure : Init DruidDataSource
2022-07-15 11:40:13.383  INFO 63068 --- [restartedMain] com.alibaba.druid.pool.DruidDataSource   : {dataSource-1} inited
2022-07-15 11:40:13.990  INFO 63068 --- [restartedMain] o.s.s.web.DefaultSecurityFilterChain     : Will secure any request with [org.springframework.security.web.session.DisableEncodeUrlFilter@233b6d02, org.springframework.security.web.context.request.async.WebAsyncManagerIntegrationFilter@9993951, org.springframework.security.web.context.SecurityContextPersistenceFilter@440af167, org.springframework.security.web.header.HeaderWriterFilter@4cbd8ae7, org.springframework.web.filter.CorsFilter@441c3b1, org.springframework.security.web.authentication.logout.LogoutFilter@65e4f2a4, com.txy.graduate.security.filter.CaptcheFilter@56061c6f, org.springframework.security.web.authentication.UsernamePasswordAuthenticationFilter@3976a28c, com.txy.graduate.security.filter.JWTFilter@17483f5e, org.springframework.security.web.savedrequest.RequestCacheAwareFilter@5e81a8c7, org.springframework.security.web.servletapi.SecurityContextHolderAwareRequestFilter@3cb57da6, org.springframework.security.web.authentication.AnonymousAuthenticationFilter@5df67b66, org.springframework.security.web.session.SessionManagementFilter@ab0ccab, org.springframework.security.web.access.ExceptionTranslationFilter@220fed9d, org.springframework.security.web.access.intercept.FilterSecurityInterceptor@7333a055]
2022-07-15 11:40:14.364  INFO 63068 --- [restartedMain] o.s.b.d.a.OptionalLiveReloadServer       : LiveReload server is running on port 35729
2022-07-15 11:40:14.397  INFO 63068 --- [restartedMain] o.s.b.w.embedded.tomcat.TomcatWebServer  : Tomcat started on port(s): 8080 (http) with context path '/graduate'
2022-07-15 11:40:14.407  INFO 63068 --- [restartedMain] com.txy.graduate.GraduateApplication     : Started GraduateApplication in 3.236 seconds (JVM running for 4.19)
2022-07-15 11:40:20.641  INFO 63068 --- [http-nio-8080-exec-1] o.a.c.c.C.[.[localhost].[/graduate]      : Initializing Spring DispatcherServlet 'dispatcherServlet'
2022-07-15 11:40:20.641  INFO 63068 --- [http-nio-8080-exec-1] o.s.web.servlet.DispatcherServlet        : Initializing Servlet 'dispatcherServlet'
2022-07-15 11:40:20.643  INFO 63068 --- [http-nio-8080-exec-1] o.s.web.servlet.DispatcherServlet        : Completed initialization in 2 ms
2022-07-15 11:41:07.591  INFO 63068 --- [SpringApplicationShutdownHook] com.alibaba.druid.pool.DruidDataSource   : {dataSource-1} closing ...
2022-07-15 11:41:07.594  INFO 63068 --- [SpringApplicationShutdownHook] com.alibaba.druid.pool.DruidDataSource   : {dataSource-1} closed
2022-07-15 11:41:09.996  INFO 63290 --- [restartedMain] com.txy.graduate.GraduateApplication     : Starting GraduateApplication using Java 17 on manjaro with PID 63290 (/home/flyme/桌面/生产实习/internship_cd/Graduate/target/classes started by flyme in /home/flyme/桌面/生产实习/internship_cd/Graduate)
2022-07-15 11:41:09.998  INFO 63290 --- [restartedMain] com.txy.graduate.GraduateApplication     : No active profile set, falling back to 1 default profile: "default"
2022-07-15 11:41:10.051  INFO 63290 --- [restartedMain] o.s.b.devtools.restart.ChangeableUrls    : The Class-Path manifest attribute in /home/flyme/.m2/repository/com/sun/xml/bind/jaxb-impl/2.2.5-b10/jaxb-impl-2.2.5-b10.jar referenced one or more files that do not exist: file:/home/flyme/.m2/repository/com/sun/xml/bind/jaxb-impl/2.2.5-b10/jaxb-api.jar,file:/home/flyme/.m2/repository/com/sun/xml/bind/jaxb-impl/2.2.5-b10/activation.jar,file:/home/flyme/.m2/repository/com/sun/xml/bind/jaxb-impl/2.2.5-b10/jsr173_1.0_api.jar,file:/home/flyme/.m2/repository/com/sun/xml/bind/jaxb-impl/2.2.5-b10/jaxb1-impl.jar
2022-07-15 11:41:10.051  INFO 63290 --- [restartedMain] .e.DevToolsPropertyDefaultsPostProcessor : Devtools property defaults active! Set 'spring.devtools.add-properties' to 'false' to disable
2022-07-15 11:41:10.051  INFO 63290 --- [restartedMain] .e.DevToolsPropertyDefaultsPostProcessor : For additional web related logging consider setting the 'logging.level.web' property to 'DEBUG'
2022-07-15 11:41:10.618  INFO 63290 --- [restartedMain] .s.d.r.c.RepositoryConfigurationDelegate : Multiple Spring Data modules found, entering strict repository configuration mode!
2022-07-15 11:41:10.619  INFO 63290 --- [restartedMain] .s.d.r.c.RepositoryConfigurationDelegate : Bootstrapping Spring Data Redis repositories in DEFAULT mode.
2022-07-15 11:41:10.638  INFO 63290 --- [restartedMain] .s.d.r.c.RepositoryConfigurationDelegate : Finished Spring Data repository scanning in 11 ms. Found 0 Redis repository interfaces.
