2022-07-17 20:36:38.664  INFO 26482 --- [restartedMain] o.s.b.w.embedded.tomcat.TomcatWebServer  : Tomcat started on port(s): 8080 (http) with context path '/graduate'
2022-07-17 20:36:38.678  INFO 26482 --- [restartedMain] com.txy.graduate.GraduateApplication     : Started GraduateApplication in 3.692 seconds (JVM running for 4.686)
2022-07-17 20:36:41.894  INFO 26482 --- [http-nio-8080-exec-1] o.a.c.c.C.[.[localhost].[/graduate]      : Initializing Spring DispatcherServlet 'dispatcherServlet'
2022-07-17 20:36:41.894  INFO 26482 --- [http-nio-8080-exec-1] o.s.web.servlet.DispatcherServlet        : Initializing Servlet 'dispatcherServlet'
2022-07-17 20:36:41.895  INFO 26482 --- [http-nio-8080-exec-1] o.s.web.servlet.DispatcherServlet        : Completed initialization in 1 ms
2022-07-17 20:37:13.054  WARN 26482 --- [http-nio-8080-exec-2] .m.m.a.ExceptionHandlerExceptionResolver : Resolved [org.springframework.jdbc.BadSqlGrammarException: <EOL>### Error querying database.  Cause: java.sql.SQLSyntaxErrorException: Unknown column 'startTime' in 'field list'<EOL>### The error may exist in com/txy/graduate/mapper/ProcessMapper.java (best guess)<EOL>### The error may involve defaultParameterMap<EOL>### The error occurred while setting parameters<EOL>### SQL: SELECT   id,title,content,address,startTime,endTime,phone,note,img,baseImgPath   FROM tb_process     WHERE (id = ?)<EOL>### Cause: java.sql.SQLSyntaxErrorException: Unknown column 'startTime' in 'field list'<EOL>; bad SQL grammar []; nested exception is java.sql.SQLSyntaxErrorException: Unknown column 'startTime' in 'field list']
2022-07-17 20:37:44.939  INFO 26482 --- [SpringApplicationShutdownHook] com.alibaba.druid.pool.DruidDataSource   : {dataSource-1} closing ...
2022-07-17 20:37:44.941  INFO 26482 --- [SpringApplicationShutdownHook] com.alibaba.druid.pool.DruidDataSource   : {dataSource-1} closed
2022-07-17 20:37:49.188  INFO 26682 --- [restartedMain] com.txy.graduate.GraduateApplication     : Starting GraduateApplication using Java 17 on manjaro with PID 26682 (/home/flyme/桌面/生产实习/internship_cd/Graduate/target/classes started by flyme in /home/flyme/桌面/生产实习/internship_cd/Graduate)
2022-07-17 20:37:49.189  INFO 26682 --- [restartedMain] com.txy.graduate.GraduateApplication     : The following 1 profile is active: "dev"
2022-07-17 20:37:49.252  INFO 26682 --- [restartedMain] o.s.b.devtools.restart.ChangeableUrls    : The Class-Path manifest attribute in /home/flyme/.m2/repository/com/sun/xml/bind/jaxb-impl/2.2.5-b10/jaxb-impl-2.2.5-b10.jar referenced one or more files that do not exist: file:/home/flyme/.m2/repository/com/sun/xml/bind/jaxb-impl/2.2.5-b10/jaxb-api.jar,file:/home/flyme/.m2/repository/com/sun/xml/bind/jaxb-impl/2.2.5-b10/activation.jar,file:/home/flyme/.m2/repository/com/sun/xml/bind/jaxb-impl/2.2.5-b10/jsr173_1.0_api.jar,file:/home/flyme/.m2/repository/com/sun/xml/bind/jaxb-impl/2.2.5-b10/jaxb1-impl.jar
2022-07-17 20:37:49.252  INFO 26682 --- [restartedMain] .e.DevToolsPropertyDefaultsPostProcessor : Devtools property defaults active! Set 'spring.devtools.add-properties' to 'false' to disable
2022-07-17 20:37:49.252  INFO 26682 --- [restartedMain] .e.DevToolsPropertyDefaultsPostProcessor : For additional web related logging consider setting the 'logging.level.web' property to 'DEBUG'
2022-07-17 20:37:49.941  INFO 26682 --- [restartedMain] .s.d.r.c.RepositoryConfigurationDelegate : Multiple Spring Data modules found, entering strict repository configuration mode!
2022-07-17 20:37:49.943  INFO 26682 --- [restartedMain] .s.d.r.c.RepositoryConfigurationDelegate : Bootstrapping Spring Data Redis repositories in DEFAULT mode.
2022-07-17 20:37:49.964  INFO 26682 --- [restartedMain] .s.d.r.c.RepositoryConfigurationDelegate : Finished Spring Data repository scanning in 11 ms. Found 0 Redis repository interfaces.
2022-07-17 20:37:50.634  INFO 26682 --- [restartedMain] o.s.b.w.embedded.tomcat.TomcatWebServer  : Tomcat initialized with port(s): 8080 (http)
2022-07-17 20:37:50.635  INFO 26682 --- [restartedMain] o.a.catalina.core.AprLifecycleListener   : Loaded Apache Tomcat Native library [1.2.34] using APR version [1.7.0].
2022-07-17 20:37:50.636  INFO 26682 --- [restartedMain] o.a.catalina.core.AprLifecycleListener   : APR capabilities: IPv6 [true], sendfile [true], accept filters [false], random [true], UDS [true].
2022-07-17 20:37:50.636  INFO 26682 --- [restartedMain] o.a.catalina.core.AprLifecycleListener   : APR/OpenSSL configuration: useAprConnector [false], useOpenSSL [true]
2022-07-17 20:37:50.639  INFO 26682 --- [restartedMain] o.a.catalina.core.AprLifecycleListener   : OpenSSL successfully initialized [OpenSSL 1.1.1q  5 Jul 2022]
2022-07-17 20:37:50.647  INFO 26682 --- [restartedMain] o.apache.catalina.core.StandardService   : Starting service [Tomcat]
2022-07-17 20:37:50.647  INFO 26682 --- [restartedMain] org.apache.catalina.core.StandardEngine  : Starting Servlet engine: [Apache Tomcat/9.0.63]
2022-07-17 20:37:50.697  INFO 26682 --- [restartedMain] o.a.c.c.C.[.[localhost].[/graduate]      : Initializing Spring embedded WebApplicationContext
2022-07-17 20:37:50.698  INFO 26682 --- [restartedMain] w.s.c.ServletWebServerApplicationContext : Root WebApplicationContext: initialization completed in 1445 ms
2022-07-17 20:37:51.027  INFO 26682 --- [restartedMain] c.a.d.s.b.a.DruidDataSourceAutoConfigure : Init DruidDataSource
2022-07-17 20:37:51.509  INFO 26682 --- [restartedMain] com.alibaba.druid.pool.DruidDataSource   : {dataSource-1} inited
2022-07-17 20:37:52.265  INFO 26682 --- [restartedMain] o.s.s.web.DefaultSecurityFilterChain     : Will secure any request with [org.springframework.security.web.session.DisableEncodeUrlFilter@798aaf8d, org.springframework.security.web.context.request.async.WebAsyncManagerIntegrationFilter@535ef907, org.springframework.security.web.context.SecurityContextPersistenceFilter@3b9efd8f, org.springframework.security.web.header.HeaderWriterFilter@16215ff1, org.springframework.web.filter.CorsFilter@1f3f6116, org.springframework.security.web.authentication.logout.LogoutFilter@383166cf, com.txy.graduate.security.filter.CaptcheFilter@4d8ccb25, org.springframework.security.web.authentication.UsernamePasswordAuthenticationFilter@49e142a3, com.txy.graduate.security.filter.JWTFilter@3856363b, org.springframework.security.web.savedrequest.RequestCacheAwareFilter@2f280441, org.springframework.security.web.servletapi.SecurityContextHolderAwareRequestFilter@6452fb81, org.springframework.security.web.authentication.AnonymousAuthenticationFilter@25efbb4, org.springframework.security.web.session.SessionManagementFilter@693fd10, org.springframework.security.web.access.ExceptionTranslationFilter@71873c8b, org.springframework.security.web.access.intercept.FilterSecurityInterceptor@6028a3ad]
2022-07-17 20:37:52.865  INFO 26682 --- [restartedMain] o.s.b.d.a.OptionalLiveReloadServer       : LiveReload server is running on port 35729
2022-07-17 20:37:52.921  INFO 26682 --- [restartedMain] o.s.b.w.embedded.tomcat.TomcatWebServer  : Tomcat started on port(s): 8080 (http) with context path '/graduate'
2022-07-17 20:37:52.935  INFO 26682 --- [restartedMain] com.txy.graduate.GraduateApplication     : Started GraduateApplication in 4.255 seconds (JVM running for 5.356)
2022-07-17 20:38:11.086  INFO 26682 --- [SpringApplicationShutdownHook] com.alibaba.druid.pool.DruidDataSource   : {dataSource-1} closing ...
2022-07-17 20:38:11.090  INFO 26682 --- [SpringApplicationShutdownHook] com.alibaba.druid.pool.DruidDataSource   : {dataSource-1} closed
2022-07-17 20:38:16.461  INFO 26810 --- [restartedMain] com.txy.graduate.GraduateApplication     : Starting GraduateApplication using Java 17 on manjaro with PID 26810 (/home/flyme/桌面/生产实习/internship_cd/Graduate/target/classes started by flyme in /home/flyme/桌面/生产实习/internship_cd/Graduate)
2022-07-17 20:38:16.463  INFO 26810 --- [restartedMain] com.txy.graduate.GraduateApplication     : The following 1 profile is active: "dev"
2022-07-17 20:38:16.558  INFO 26810 --- [restartedMain] o.s.b.devtools.restart.ChangeableUrls    : The Class-Path manifest attribute in /home/flyme/.m2/repository/com/sun/xml/bind/jaxb-impl/2.2.5-b10/jaxb-impl-2.2.5-b10.jar referenced one or more files that do not exist: file:/home/flyme/.m2/repository/com/sun/xml/bind/jaxb-impl/2.2.5-b10/jaxb-api.jar,file:/home/flyme/.m2/repository/com/sun/xml/bind/jaxb-impl/2.2.5-b10/activation.jar,file:/home/flyme/.m2/repository/com/sun/xml/bind/jaxb-impl/2.2.5-b10/jsr173_1.0_api.jar,file:/home/flyme/.m2/repository/com/sun/xml/bind/jaxb-impl/2.2.5-b10/jaxb1-impl.jar
2022-07-17 20:38:16.558  INFO 26810 --- [restartedMain] .e.DevToolsPropertyDefaultsPostProcessor : Devtools property defaults active! Set 'spring.devtools.add-properties' to 'false' to disable
2022-07-17 20:38:16.559  INFO 26810 --- [restartedMain] .e.DevToolsPropertyDefaultsPostProcessor : For additional web related logging consider setting the 'logging.level.web' property to 'DEBUG'
2022-07-17 20:38:17.407  INFO 26810 --- [restartedMain] .s.d.r.c.RepositoryConfigurationDelegate : Multiple Spring Data modules found, entering strict repository configuration mode!
2022-07-17 20:38:17.409  INFO 26810 --- [restartedMain] .s.d.r.c.RepositoryConfigurationDelegate : Bootstrapping Spring Data Redis repositories in DEFAULT mode.
2022-07-17 20:38:17.431  INFO 26810 --- [restartedMain] .s.d.r.c.RepositoryConfigurationDelegate : Finished Spring Data repository scanning in 13 ms. Found 0 Redis repository interfaces.
2022-07-17 20:38:17.925  INFO 26810 --- [restartedMain] o.s.b.w.embedded.tomcat.TomcatWebServer  : Tomcat initialized with port(s): 8080 (http)
2022-07-17 20:38:17.926  INFO 26810 --- [restartedMain] o.a.catalina.core.AprLifecycleListener   : Loaded Apache Tomcat Native library [1.2.34] using APR version [1.7.0].
2022-07-17 20:38:17.926  INFO 26810 --- [restartedMain] o.a.catalina.core.AprLifecycleListener   : APR capabilities: IPv6 [true], sendfile [true], accept filters [false], random [true], UDS [true].
2022-07-17 20:38:17.926  INFO 26810 --- [restartedMain] o.a.catalina.core.AprLifecycleListener   : APR/OpenSSL configuration: useAprConnector [false], useOpenSSL [true]
2022-07-17 20:38:17.930  INFO 26810 --- [restartedMain] o.a.catalina.core.AprLifecycleListener   : OpenSSL successfully initialized [OpenSSL 1.1.1q  5 Jul 2022]
2022-07-17 20:38:17.941  INFO 26810 --- [restartedMain] o.apache.catalina.core.StandardService   : Starting service [Tomcat]
2022-07-17 20:38:17.942  INFO 26810 --- [restartedMain] org.apache.catalina.core.StandardEngine  : Starting Servlet engine: [Apache Tomcat/9.0.63]
2022-07-17 20:38:18.005  INFO 26810 --- [restartedMain] o.a.c.c.C.[.[localhost].[/graduate]      : Initializing Spring embedded WebApplicationContext
2022-07-17 20:38:18.005  INFO 26810 --- [restartedMain] w.s.c.ServletWebServerApplicationContext : Root WebApplicationContext: initialization completed in 1445 ms
2022-07-17 20:38:18.352  INFO 26810 --- [restartedMain] c.a.d.s.b.a.DruidDataSourceAutoConfigure : Init DruidDataSource
2022-07-17 20:38:18.804  INFO 26810 --- [restartedMain] com.alibaba.druid.pool.DruidDataSource   : {dataSource-1} inited
2022-07-17 20:38:19.425  INFO 26810 --- [restartedMain] o.s.s.web.DefaultSecurityFilterChain     : Will secure any request with [org.springframework.security.web.session.DisableEncodeUrlFilter@c92a666, org.springframework.security.web.context.request.async.WebAsyncManagerIntegrationFilter@41712edd, org.springframework.security.web.context.SecurityContextPersistenceFilter@6e29ccf8, org.springframework.security.web.header.HeaderWriterFilter@7d607e5b, org.springframework.web.filter.CorsFilter@611ead25, org.springframework.security.web.authentication.logout.LogoutFilter@78f37f58, com.txy.graduate.security.filter.CaptcheFilter@16b8b2e9, org.springframework.security.web.authentication.UsernamePasswordAuthenticationFilter@7bdd934e, com.txy.graduate.security.filter.JWTFilter@7e883a91, org.springframework.security.web.savedrequest.RequestCacheAwareFilter@65c0ac66, org.springframework.security.web.servletapi.SecurityContextHolderAwareRequestFilter@224ecac2, org.springframework.security.web.authentication.AnonymousAuthenticationFilter@60246304, org.springframework.security.web.session.SessionManagementFilter@326a6942, org.springframework.security.web.access.ExceptionTranslationFilter@4fa97eff, org.springframework.security.web.access.intercept.FilterSecurityInterceptor@42a7b874]
2022-07-17 20:38:19.885  INFO 26810 --- [restartedMain] o.s.b.d.a.OptionalLiveReloadServer       : LiveReload server is running on port 35729
2022-07-17 20:38:19.934  INFO 26810 --- [restartedMain] o.s.b.w.embedded.tomcat.TomcatWebServer  : Tomcat started on port(s): 8080 (http) with context path '/graduate'
2022-07-17 20:38:19.946  INFO 26810 --- [restartedMain] com.txy.graduate.GraduateApplication     : Started GraduateApplication in 4.166 seconds (JVM running for 5.543)
2022-07-17 20:38:38.929  INFO 26810 --- [SpringApplicationShutdownHook] com.alibaba.druid.pool.DruidDataSource   : {dataSource-1} closing ...
2022-07-17 20:38:38.934  INFO 26810 --- [SpringApplicationShutdownHook] com.alibaba.druid.pool.DruidDataSource   : {dataSource-1} closed
2022-07-17 20:38:44.253  INFO 26953 --- [restartedMain] com.txy.graduate.GraduateApplication     : Starting GraduateApplication using Java 17 on manjaro with PID 26953 (/home/flyme/桌面/生产实习/internship_cd/Graduate/target/classes started by flyme in /home/flyme/桌面/生产实习/internship_cd/Graduate)
2022-07-17 20:38:44.256  INFO 26953 --- [restartedMain] com.txy.graduate.GraduateApplication     : The following 1 profile is active: "dev"
2022-07-17 20:38:44.331  INFO 26953 --- [restartedMain] o.s.b.devtools.restart.ChangeableUrls    : The Class-Path manifest attribute in /home/flyme/.m2/repository/com/sun/xml/bind/jaxb-impl/2.2.5-b10/jaxb-impl-2.2.5-b10.jar referenced one or more files that do not exist: file:/home/flyme/.m2/repository/com/sun/xml/bind/jaxb-impl/2.2.5-b10/jaxb-api.jar,file:/home/flyme/.m2/repository/com/sun/xml/bind/jaxb-impl/2.2.5-b10/activation.jar,file:/home/flyme/.m2/repository/com/sun/xml/bind/jaxb-impl/2.2.5-b10/jsr173_1.0_api.jar,file:/home/flyme/.m2/repository/com/sun/xml/bind/jaxb-impl/2.2.5-b10/jaxb1-impl.jar
2022-07-17 20:38:44.331  INFO 26953 --- [restartedMain] .e.DevToolsPropertyDefaultsPostProcessor : Devtools property defaults active! Set 'spring.devtools.add-properties' to 'false' to disable
2022-07-17 20:38:44.332  INFO 26953 --- [restartedMain] .e.DevToolsPropertyDefaultsPostProcessor : For additional web related logging consider setting the 'logging.level.web' property to 'DEBUG'
2022-07-17 20:38:45.083  INFO 26953 --- [restartedMain] .s.d.r.c.RepositoryConfigurationDelegate : Multiple Spring Data modules found, entering strict repository configuration mode!
2022-07-17 20:38:45.084  INFO 26953 --- [restartedMain] .s.d.r.c.RepositoryConfigurationDelegate : Bootstrapping Spring Data Redis repositories in DEFAULT mode.
2022-07-17 20:38:45.108  INFO 26953 --- [restartedMain] .s.d.r.c.RepositoryConfigurationDelegate : Finished Spring Data repository scanning in 14 ms. Found 0 Redis repository interfaces.
2022-07-17 20:38:45.593  INFO 26953 --- [restartedMain] o.s.b.w.embedded.tomcat.TomcatWebServer  : Tomcat initialized with port(s): 8080 (http)
2022-07-17 20:38:45.594  INFO 26953 --- [restartedMain] o.a.catalina.core.AprLifecycleListener   : Loaded Apache Tomcat Native library [1.2.34] using APR version [1.7.0].
2022-07-17 20:38:45.594  INFO 26953 --- [restartedMain] o.a.catalina.core.AprLifecycleListener   : APR capabilities: IPv6 [true], sendfile [true], accept filters [false], random [true], UDS [true].
2022-07-17 20:38:45.594  INFO 26953 --- [restartedMain] o.a.catalina.core.AprLifecycleListener   : APR/OpenSSL configuration: useAprConnector [false], useOpenSSL [true]
2022-07-17 20:38:45.597  INFO 26953 --- [restartedMain] o.a.catalina.core.AprLifecycleListener   : OpenSSL successfully initialized [OpenSSL 1.1.1q  5 Jul 2022]
2022-07-17 20:38:45.603  INFO 26953 --- [restartedMain] o.apache.catalina.core.StandardService   : Starting service [Tomcat]
2022-07-17 20:38:45.603  INFO 26953 --- [restartedMain] org.apache.catalina.core.StandardEngine  : Starting Servlet engine: [Apache Tomcat/9.0.63]
2022-07-17 20:38:45.651  INFO 26953 --- [restartedMain] o.a.c.c.C.[.[localhost].[/graduate]      : Initializing Spring embedded WebApplicationContext
2022-07-17 20:38:45.651  INFO 26953 --- [restartedMain] w.s.c.ServletWebServerApplicationContext : Root WebApplicationContext: initialization completed in 1319 ms
2022-07-17 20:38:45.952  INFO 26953 --- [restartedMain] c.a.d.s.b.a.DruidDataSourceAutoConfigure : Init DruidDataSource
2022-07-17 20:38:46.330  INFO 26953 --- [restartedMain] com.alibaba.druid.pool.DruidDataSource   : {dataSource-1} inited
2022-07-17 20:38:46.875  INFO 26953 --- [restartedMain] o.s.s.web.DefaultSecurityFilterChain     : Will secure any request with [org.springframework.security.web.session.DisableEncodeUrlFilter@24273074, org.springframework.security.web.context.request.async.WebAsyncManagerIntegrationFilter@1119a5ac, org.springframework.security.web.context.SecurityContextPersistenceFilter@7656e2b3, org.springframework.security.web.header.HeaderWriterFilter@6dfea38c, org.springframework.web.filter.CorsFilter@294ba67e, org.springframework.security.web.authentication.logout.LogoutFilter@1d3a1d5b, com.txy.graduate.security.filter.CaptcheFilter@19cdac68, org.springframework.security.web.authentication.UsernamePasswordAuthenticationFilter@5b81531f, com.txy.graduate.security.filter.JWTFilter@677fac62, org.springframework.security.web.savedrequest.RequestCacheAwareFilter@5d2d9e9c, org.springframework.security.web.servletapi.SecurityContextHolderAwareRequestFilter@72733e42, org.springframework.security.web.authentication.AnonymousAuthenticationFilter@84e6ce1, org.springframework.security.web.session.SessionManagementFilter@eaaae0a, org.springframework.security.web.access.ExceptionTranslationFilter@60a09ea6, org.springframework.security.web.access.intercept.FilterSecurityInterceptor@30ac3665]
2022-07-17 20:38:47.308  INFO 26953 --- [restartedMain] o.s.b.d.a.OptionalLiveReloadServer       : LiveReload server is running on port 35729
2022-07-17 20:38:47.349  INFO 26953 --- [restartedMain] o.s.b.w.embedded.tomcat.TomcatWebServer  : Tomcat started on port(s): 8080 (http) with context path '/graduate'
2022-07-17 20:38:47.360  INFO 26953 --- [restartedMain] com.txy.graduate.GraduateApplication     : Started GraduateApplication in 3.642 seconds (JVM running for 4.86)
2022-07-17 20:42:28.566  INFO 26953 --- [SpringApplicationShutdownHook] com.alibaba.druid.pool.DruidDataSource   : {dataSource-1} closing ...
2022-07-17 20:42:28.570  INFO 26953 --- [SpringApplicationShutdownHook] com.alibaba.druid.pool.DruidDataSource   : {dataSource-1} closed
2022-07-17 20:42:34.049  INFO 27143 --- [restartedMain] com.txy.graduate.GraduateApplication     : Starting GraduateApplication using Java 17 on manjaro with PID 27143 (/home/flyme/桌面/生产实习/internship_cd/Graduate/target/classes started by flyme in /home/flyme/桌面/生产实习/internship_cd/Graduate)
2022-07-17 20:42:34.051  INFO 27143 --- [restartedMain] com.txy.graduate.GraduateApplication     : The following 1 profile is active: "dev"
2022-07-17 20:42:34.128  INFO 27143 --- [restartedMain] o.s.b.devtools.restart.ChangeableUrls    : The Class-Path manifest attribute in /home/flyme/.m2/repository/com/sun/xml/bind/jaxb-impl/2.2.5-b10/jaxb-impl-2.2.5-b10.jar referenced one or more files that do not exist: file:/home/flyme/.m2/repository/com/sun/xml/bind/jaxb-impl/2.2.5-b10/jaxb-api.jar,file:/home/flyme/.m2/repository/com/sun/xml/bind/jaxb-impl/2.2.5-b10/activation.jar,file:/home/flyme/.m2/repository/com/sun/xml/bind/jaxb-impl/2.2.5-b10/jsr173_1.0_api.jar,file:/home/flyme/.m2/repository/com/sun/xml/bind/jaxb-impl/2.2.5-b10/jaxb1-impl.jar
2022-07-17 20:42:34.129  INFO 27143 --- [restartedMain] .e.DevToolsPropertyDefaultsPostProcessor : Devtools property defaults active! Set 'spring.devtools.add-properties' to 'false' to disable
2022-07-17 20:42:34.129  INFO 27143 --- [restartedMain] .e.DevToolsPropertyDefaultsPostProcessor : For additional web related logging consider setting the 'logging.level.web' property to 'DEBUG'
2022-07-17 20:42:34.899  INFO 27143 --- [restartedMain] .s.d.r.c.RepositoryConfigurationDelegate : Multiple Spring Data modules found, entering strict repository configuration mode!
2022-07-17 20:42:34.900  INFO 27143 --- [restartedMain] .s.d.r.c.RepositoryConfigurationDelegate : Bootstrapping Spring Data Redis repositories in DEFAULT mode.
2022-07-17 20:42:34.925  INFO 27143 --- [restartedMain] .s.d.r.c.RepositoryConfigurationDelegate : Finished Spring Data repository scanning in 14 ms. Found 0 Redis repository interfaces.
2022-07-17 20:42:35.468  INFO 27143 --- [restartedMain] o.s.b.w.embedded.tomcat.TomcatWebServer  : Tomcat initialized with port(s): 8080 (http)
2022-07-17 20:42:35.469  INFO 27143 --- [restartedMain] o.a.catalina.core.AprLifecycleListener   : Loaded Apache Tomcat Native library [1.2.34] using APR version [1.7.0].
2022-07-17 20:42:35.469  INFO 27143 --- [restartedMain] o.a.catalina.core.AprLifecycleListener   : APR capabilities: IPv6 [true], sendfile [true], accept filters [false], random [true], UDS [true].
2022-07-17 20:42:35.470  INFO 27143 --- [restartedMain] o.a.catalina.core.AprLifecycleListener   : APR/OpenSSL configuration: useAprConnector [false], useOpenSSL [true]
2022-07-17 20:42:35.472  INFO 27143 --- [restartedMain] o.a.catalina.core.AprLifecycleListener   : OpenSSL successfully initialized [OpenSSL 1.1.1q  5 Jul 2022]
2022-07-17 20:42:35.479  INFO 27143 --- [restartedMain] o.apache.catalina.core.StandardService   : Starting service [Tomcat]
2022-07-17 20:42:35.479  INFO 27143 --- [restartedMain] org.apache.catalina.core.StandardEngine  : Starting Servlet engine: [Apache Tomcat/9.0.63]
2022-07-17 20:42:35.526  INFO 27143 --- [restartedMain] o.a.c.c.C.[.[localhost].[/graduate]      : Initializing Spring embedded WebApplicationContext
2022-07-17 20:42:35.526  INFO 27143 --- [restartedMain] w.s.c.ServletWebServerApplicationContext : Root WebApplicationContext: initialization completed in 1396 ms
2022-07-17 20:42:35.896  INFO 27143 --- [restartedMain] c.a.d.s.b.a.DruidDataSourceAutoConfigure : Init DruidDataSource
2022-07-17 20:42:36.322  INFO 27143 --- [restartedMain] com.alibaba.druid.pool.DruidDataSource   : {dataSource-1} inited
2022-07-17 20:42:36.922  INFO 27143 --- [restartedMain] o.s.s.web.DefaultSecurityFilterChain     : Will secure any request with [org.springframework.security.web.session.DisableEncodeUrlFilter@250eac86, org.springframework.security.web.context.request.async.WebAsyncManagerIntegrationFilter@7966494e, org.springframework.security.web.context.SecurityContextPersistenceFilter@25b24f58, org.springframework.security.web.header.HeaderWriterFilter@463ff375, org.springframework.web.filter.CorsFilter@74fe44a6, org.springframework.security.web.authentication.logout.LogoutFilter@4a4aa0b1, com.txy.graduate.security.filter.CaptcheFilter@5cf6927a, org.springframework.security.web.authentication.UsernamePasswordAuthenticationFilter@75673457, com.txy.graduate.security.filter.JWTFilter@4118295c, org.springframework.security.web.savedrequest.RequestCacheAwareFilter@7dac9f7, org.springframework.security.web.servletapi.SecurityContextHolderAwareRequestFilter@531fd2b, org.springframework.security.web.authentication.AnonymousAuthenticationFilter@2341be7, org.springframework.security.web.session.SessionManagementFilter@2dd7c88d, org.springframework.security.web.access.ExceptionTranslationFilter@eaaae0a, org.springframework.security.web.access.intercept.FilterSecurityInterceptor@7cd92a46]
2022-07-17 20:42:37.402  INFO 27143 --- [restartedMain] o.s.b.d.a.OptionalLiveReloadServer       : LiveReload server is running on port 35729
2022-07-17 20:42:37.445  INFO 27143 --- [restartedMain] o.s.b.w.embedded.tomcat.TomcatWebServer  : Tomcat started on port(s): 8080 (http) with context path '/graduate'
2022-07-17 20:42:37.457  INFO 27143 --- [restartedMain] com.txy.graduate.GraduateApplication     : Started GraduateApplication in 3.979 seconds (JVM running for 5.259)
2022-07-17 20:42:40.766  INFO 27143 --- [SpringApplicationShutdownHook] com.alibaba.druid.pool.DruidDataSource   : {dataSource-1} closing ...
2022-07-17 20:42:40.771  INFO 27143 --- [SpringApplicationShutdownHook] com.alibaba.druid.pool.DruidDataSource   : {dataSource-1} closed
2022-07-17 20:42:46.047  INFO 27288 --- [restartedMain] com.txy.graduate.GraduateApplication     : Starting GraduateApplication using Java 17 on manjaro with PID 27288 (/home/flyme/桌面/生产实习/internship_cd/Graduate/target/classes started by flyme in /home/flyme/桌面/生产实习/internship_cd/Graduate)
2022-07-17 20:42:46.049  INFO 27288 --- [restartedMain] com.txy.graduate.GraduateApplication     : The following 1 profile is active: "dev"
2022-07-17 20:42:46.131  INFO 27288 --- [restartedMain] o.s.b.devtools.restart.ChangeableUrls    : The Class-Path manifest attribute in /home/flyme/.m2/repository/com/sun/xml/bind/jaxb-impl/2.2.5-b10/jaxb-impl-2.2.5-b10.jar referenced one or more files that do not exist: file:/home/flyme/.m2/repository/com/sun/xml/bind/jaxb-impl/2.2.5-b10/jaxb-api.jar,file:/home/flyme/.m2/repository/com/sun/xml/bind/jaxb-impl/2.2.5-b10/activation.jar,file:/home/flyme/.m2/repository/com/sun/xml/bind/jaxb-impl/2.2.5-b10/jsr173_1.0_api.jar,file:/home/flyme/.m2/repository/com/sun/xml/bind/jaxb-impl/2.2.5-b10/jaxb1-impl.jar
2022-07-17 20:42:46.132  INFO 27288 --- [restartedMain] .e.DevToolsPropertyDefaultsPostProcessor : Devtools property defaults active! Set 'spring.devtools.add-properties' to 'false' to disable
2022-07-17 20:42:46.132  INFO 27288 --- [restartedMain] .e.DevToolsPropertyDefaultsPostProcessor : For additional web related logging consider setting the 'logging.level.web' property to 'DEBUG'
2022-07-17 20:42:46.893  INFO 27288 --- [restartedMain] .s.d.r.c.RepositoryConfigurationDelegate : Multiple Spring Data modules found, entering strict repository configuration mode!
2022-07-17 20:42:46.894  INFO 27288 --- [restartedMain] .s.d.r.c.RepositoryConfigurationDelegate : Bootstrapping Spring Data Redis repositories in DEFAULT mode.
2022-07-17 20:42:46.918  INFO 27288 --- [restartedMain] .s.d.r.c.RepositoryConfigurationDelegate : Finished Spring Data repository scanning in 13 ms. Found 0 Redis repository interfaces.
2022-07-17 20:42:47.393  INFO 27288 --- [restartedMain] o.s.b.w.embedded.tomcat.TomcatWebServer  : Tomcat initialized with port(s): 8080 (http)
2022-07-17 20:42:47.394  INFO 27288 --- [restartedMain] o.a.catalina.core.AprLifecycleListener   : Loaded Apache Tomcat Native library [1.2.34] using APR version [1.7.0].
2022-07-17 20:42:47.395  INFO 27288 --- [restartedMain] o.a.catalina.core.AprLifecycleListener   : APR capabilities: IPv6 [true], sendfile [true], accept filters [false], random [true], UDS [true].
2022-07-17 20:42:47.395  INFO 27288 --- [restartedMain] o.a.catalina.core.AprLifecycleListener   : APR/OpenSSL configuration: useAprConnector [false], useOpenSSL [true]
2022-07-17 20:42:47.397  INFO 27288 --- [restartedMain] o.a.catalina.core.AprLifecycleListener   : OpenSSL successfully initialized [OpenSSL 1.1.1q  5 Jul 2022]
2022-07-17 20:42:47.403  INFO 27288 --- [restartedMain] o.apache.catalina.core.StandardService   : Starting service [Tomcat]
2022-07-17 20:42:47.404  INFO 27288 --- [restartedMain] org.apache.catalina.core.StandardEngine  : Starting Servlet engine: [Apache Tomcat/9.0.63]
2022-07-17 20:42:47.450  INFO 27288 --- [restartedMain] o.a.c.c.C.[.[localhost].[/graduate]      : Initializing Spring embedded WebApplicationContext
2022-07-17 20:42:47.450  INFO 27288 --- [restartedMain] w.s.c.ServletWebServerApplicationContext : Root WebApplicationContext: initialization completed in 1317 ms
2022-07-17 20:42:47.743  INFO 27288 --- [restartedMain] c.a.d.s.b.a.DruidDataSourceAutoConfigure : Init DruidDataSource
2022-07-17 20:42:48.142  INFO 27288 --- [restartedMain] com.alibaba.druid.pool.DruidDataSource   : {dataSource-1} inited
2022-07-17 20:42:48.748  INFO 27288 --- [restartedMain] o.s.s.web.DefaultSecurityFilterChain     : Will secure any request with [org.springframework.security.web.session.DisableEncodeUrlFilter@212b4ee1, org.springframework.security.web.context.request.async.WebAsyncManagerIntegrationFilter@8be3c00, org.springframework.security.web.context.SecurityContextPersistenceFilter@3477f633, org.springframework.security.web.header.HeaderWriterFilter@27361677, org.springframework.web.filter.CorsFilter@72c2060a, org.springframework.security.web.authentication.logout.LogoutFilter@5df67b66, com.txy.graduate.security.filter.CaptcheFilter@624afde5, org.springframework.security.web.authentication.UsernamePasswordAuthenticationFilter@c54dcdf, com.txy.graduate.security.filter.JWTFilter@734bed87, org.springframework.security.web.savedrequest.RequestCacheAwareFilter@2f58ad89, org.springframework.security.web.servletapi.SecurityContextHolderAwareRequestFilter@2092814, org.springframework.security.web.authentication.AnonymousAuthenticationFilter@73c9feb7, org.springframework.security.web.session.SessionManagementFilter@4a249425, org.springframework.security.web.access.ExceptionTranslationFilter@2ed5940f, org.springframework.security.web.access.intercept.FilterSecurityInterceptor@62e220bf]
2022-07-17 20:42:49.215  INFO 27288 --- [restartedMain] o.s.b.d.a.OptionalLiveReloadServer       : LiveReload server is running on port 35729
2022-07-17 20:42:49.262  INFO 27288 --- [restartedMain] o.s.b.w.embedded.tomcat.TomcatWebServer  : Tomcat started on port(s): 8080 (http) with context path '/graduate'
2022-07-17 20:42:49.273  INFO 27288 --- [restartedMain] com.txy.graduate.GraduateApplication     : Started GraduateApplication in 3.688 seconds (JVM running for 4.526)
2022-07-17 20:43:15.954  INFO 27288 --- [SpringApplicationShutdownHook] com.alibaba.druid.pool.DruidDataSource   : {dataSource-1} closing ...
2022-07-17 20:43:15.958  INFO 27288 --- [SpringApplicationShutdownHook] com.alibaba.druid.pool.DruidDataSource   : {dataSource-1} closed
2022-07-17 20:43:21.046  INFO 27438 --- [restartedMain] com.txy.graduate.GraduateApplication     : Starting GraduateApplication using Java 17 on manjaro with PID 27438 (/home/flyme/桌面/生产实习/internship_cd/Graduate/target/classes started by flyme in /home/flyme/桌面/生产实习/internship_cd/Graduate)
2022-07-17 20:43:21.049  INFO 27438 --- [restartedMain] com.txy.graduate.GraduateApplication     : The following 1 profile is active: "dev"
2022-07-17 20:43:21.150  INFO 27438 --- [restartedMain] o.s.b.devtools.restart.ChangeableUrls    : The Class-Path manifest attribute in /home/flyme/.m2/repository/com/sun/xml/bind/jaxb-impl/2.2.5-b10/jaxb-impl-2.2.5-b10.jar referenced one or more files that do not exist: file:/home/flyme/.m2/repository/com/sun/xml/bind/jaxb-impl/2.2.5-b10/jaxb-api.jar,file:/home/flyme/.m2/repository/com/sun/xml/bind/jaxb-impl/2.2.5-b10/activation.jar,file:/home/flyme/.m2/repository/com/sun/xml/bind/jaxb-impl/2.2.5-b10/jsr173_1.0_api.jar,file:/home/flyme/.m2/repository/com/sun/xml/bind/jaxb-impl/2.2.5-b10/jaxb1-impl.jar
2022-07-17 20:43:21.151  INFO 27438 --- [restartedMain] .e.DevToolsPropertyDefaultsPostProcessor : Devtools property defaults active! Set 'spring.devtools.add-properties' to 'false' to disable
2022-07-17 20:43:21.151  INFO 27438 --- [restartedMain] .e.DevToolsPropertyDefaultsPostProcessor : For additional web related logging consider setting the 'logging.level.web' property to 'DEBUG'
