2022-07-18 21:49:39.212  INFO 39973 --- [main] com.alibaba.druid.pool.DruidDataSource   : {dataSource-2,slave_1} inited
2022-07-18 21:49:39.304  INFO 39973 --- [main] com.alibaba.druid.pool.DruidDataSource   : {dataSource-3,slave_2} inited
2022-07-18 21:49:39.305  INFO 39973 --- [main] c.b.d.d.DynamicRoutingDataSource         : dynamic-datasource - add a datasource named [slave_2] success
2022-07-18 21:49:39.306  INFO 39973 --- [main] c.b.d.d.DynamicRoutingDataSource         : dynamic-datasource - add a datasource named [master] success
2022-07-18 21:49:39.307  INFO 39973 --- [main] c.b.d.d.DynamicRoutingDataSource         : dynamic-datasource - add a datasource named [slave_1] success
2022-07-18 21:49:39.307  INFO 39973 --- [main] c.b.d.d.DynamicRoutingDataSource         : dynamic-datasource initial loaded [3] datasource,primary datasource named [master]
2022-07-18 21:49:41.077  INFO 39973 --- [main] o.s.s.web.DefaultSecurityFilterChain     : Will secure any request with [org.springframework.security.web.session.DisableEncodeUrlFilter@5e1a7d3, org.springframework.security.web.context.request.async.WebAsyncManagerIntegrationFilter@1eda309d, org.springframework.security.web.context.SecurityContextPersistenceFilter@18f8ebd4, org.springframework.security.web.header.HeaderWriterFilter@4f7ef948, org.springframework.web.filter.CorsFilter@248d2cec, org.springframework.security.web.authentication.logout.LogoutFilter@1ad1f167, com.txy.graduate.security.filter.CaptcheFilter@5d77be8e, org.springframework.security.web.authentication.UsernamePasswordAuthenticationFilter@2524d07a, com.txy.graduate.security.filter.JWTFilter@55a055cc, org.springframework.security.web.savedrequest.RequestCacheAwareFilter@7178d811, org.springframework.security.web.servletapi.SecurityContextHolderAwareRequestFilter@647af13d, org.springframework.security.web.authentication.AnonymousAuthenticationFilter@1ab1d93d, org.springframework.security.web.session.SessionManagementFilter@3cacc87, org.springframework.security.web.access.ExceptionTranslationFilter@552cb0d5, org.springframework.security.web.access.intercept.FilterSecurityInterceptor@10f397d0]
2022-07-18 21:49:42.588  INFO 39973 --- [main] com.txy.graduate.util.FileUtilTest       : Started FileUtilTest in 6.656 seconds (JVM running for 8.174)
2022-07-18 21:49:43.852  INFO 39973 --- [SpringApplicationShutdownHook] c.b.d.d.DynamicRoutingDataSource         : dynamic-datasource start closing ....
2022-07-18 21:49:43.855  INFO 39973 --- [SpringApplicationShutdownHook] com.alibaba.druid.pool.DruidDataSource   : {dataSource-3} closing ...
2022-07-18 21:49:43.860  INFO 39973 --- [SpringApplicationShutdownHook] com.alibaba.druid.pool.DruidDataSource   : {dataSource-3} closed
2022-07-18 21:49:43.861  INFO 39973 --- [SpringApplicationShutdownHook] com.alibaba.druid.pool.DruidDataSource   : {dataSource-1} closing ...
2022-07-18 21:49:43.863  INFO 39973 --- [SpringApplicationShutdownHook] com.alibaba.druid.pool.DruidDataSource   : {dataSource-1} closed
2022-07-18 21:49:43.864  INFO 39973 --- [SpringApplicationShutdownHook] com.alibaba.druid.pool.DruidDataSource   : {dataSource-2} closing ...
2022-07-18 21:49:43.867  INFO 39973 --- [SpringApplicationShutdownHook] com.alibaba.druid.pool.DruidDataSource   : {dataSource-2} closed
2022-07-18 21:49:43.867  INFO 39973 --- [SpringApplicationShutdownHook] c.b.d.d.DynamicRoutingDataSource         : dynamic-datasource all closed success,bye
2022-07-18 21:50:13.092  INFO 40185 --- [main] com.txy.graduate.util.FileUtilTest       : Starting FileUtilTest using Java 17 on manjaro with PID 40185 (started by flyme in /home/flyme/桌面/生产实习/internship_cd/Graduate)
2022-07-18 21:50:13.093  INFO 40185 --- [main] com.txy.graduate.util.FileUtilTest       : The following 1 profile is active: "dev"
2022-07-18 21:50:13.915  INFO 40185 --- [main] .s.d.r.c.RepositoryConfigurationDelegate : Multiple Spring Data modules found, entering strict repository configuration mode!
2022-07-18 21:50:13.918  INFO 40185 --- [main] .s.d.r.c.RepositoryConfigurationDelegate : Bootstrapping Spring Data Redis repositories in DEFAULT mode.
2022-07-18 21:50:13.955  INFO 40185 --- [main] .s.d.r.c.RepositoryConfigurationDelegate : Finished Spring Data repository scanning in 25 ms. Found 0 Redis repository interfaces.
2022-07-18 21:50:14.581  INFO 40185 --- [main] trationDelegate$BeanPostProcessorChecker : Bean 'spring.datasource.dynamic-com.baomidou.dynamic.datasource.spring.boot.autoconfigure.DynamicDataSourceProperties' of type [com.baomidou.dynamic.datasource.spring.boot.autoconfigure.DynamicDataSourceProperties] is not eligible for getting processed by all BeanPostProcessors (for example: not eligible for auto-proxying)
2022-07-18 21:50:14.586  INFO 40185 --- [main] trationDelegate$BeanPostProcessorChecker : Bean 'com.baomidou.dynamic.datasource.spring.boot.autoconfigure.DynamicDataSourceAutoConfiguration' of type [com.baomidou.dynamic.datasource.spring.boot.autoconfigure.DynamicDataSourceAutoConfiguration$$EnhancerBySpringCGLIB$$52c18d40] is not eligible for getting processed by all BeanPostProcessors (for example: not eligible for auto-proxying)
2022-07-18 21:50:14.606  INFO 40185 --- [main] trationDelegate$BeanPostProcessorChecker : Bean 'dsProcessor' of type [com.baomidou.dynamic.datasource.processor.DsHeaderProcessor] is not eligible for getting processed by all BeanPostProcessors (for example: not eligible for auto-proxying)
2022-07-18 21:50:15.555  INFO 40185 --- [main] com.alibaba.druid.pool.DruidDataSource   : {dataSource-1,master} inited
2022-07-18 21:50:15.656  INFO 40185 --- [main] com.alibaba.druid.pool.DruidDataSource   : {dataSource-2,slave_1} inited
2022-07-18 21:50:15.743  INFO 40185 --- [main] com.alibaba.druid.pool.DruidDataSource   : {dataSource-3,slave_2} inited
2022-07-18 21:50:15.744  INFO 40185 --- [main] c.b.d.d.DynamicRoutingDataSource         : dynamic-datasource - add a datasource named [slave_2] success
2022-07-18 21:50:15.747  INFO 40185 --- [main] c.b.d.d.DynamicRoutingDataSource         : dynamic-datasource - add a datasource named [master] success
2022-07-18 21:50:15.748  INFO 40185 --- [main] c.b.d.d.DynamicRoutingDataSource         : dynamic-datasource - add a datasource named [slave_1] success
2022-07-18 21:50:15.749  INFO 40185 --- [main] c.b.d.d.DynamicRoutingDataSource         : dynamic-datasource initial loaded [3] datasource,primary datasource named [master]
2022-07-18 21:50:17.506  INFO 40185 --- [main] o.s.s.web.DefaultSecurityFilterChain     : Will secure any request with [org.springframework.security.web.session.DisableEncodeUrlFilter@4bfe83d, org.springframework.security.web.context.request.async.WebAsyncManagerIntegrationFilter@5906ebfb, org.springframework.security.web.context.SecurityContextPersistenceFilter@3835b281, org.springframework.security.web.header.HeaderWriterFilter@13a9cdae, org.springframework.web.filter.CorsFilter@10fc1a22, org.springframework.security.web.authentication.logout.LogoutFilter@29a1ec65, com.txy.graduate.security.filter.CaptcheFilter@1b841e7d, org.springframework.security.web.authentication.UsernamePasswordAuthenticationFilter@3e61cffd, com.txy.graduate.security.filter.JWTFilter@6081f330, org.springframework.security.web.savedrequest.RequestCacheAwareFilter@61d6c8c4, org.springframework.security.web.servletapi.SecurityContextHolderAwareRequestFilter@4f7ef948, org.springframework.security.web.authentication.AnonymousAuthenticationFilter@eb695e8, org.springframework.security.web.session.SessionManagementFilter@146fa9c0, org.springframework.security.web.access.ExceptionTranslationFilter@36f05595, org.springframework.security.web.access.intercept.FilterSecurityInterceptor@2ba318c2]
2022-07-18 21:50:18.904  INFO 40185 --- [main] com.txy.graduate.util.FileUtilTest       : Started FileUtilTest in 6.22 seconds (JVM running for 7.384)
2022-07-18 21:50:20.204  INFO 40185 --- [SpringApplicationShutdownHook] c.b.d.d.DynamicRoutingDataSource         : dynamic-datasource start closing ....
2022-07-18 21:50:20.207  INFO 40185 --- [SpringApplicationShutdownHook] com.alibaba.druid.pool.DruidDataSource   : {dataSource-3} closing ...
2022-07-18 21:50:20.213  INFO 40185 --- [SpringApplicationShutdownHook] com.alibaba.druid.pool.DruidDataSource   : {dataSource-3} closed
2022-07-18 21:50:20.214  INFO 40185 --- [SpringApplicationShutdownHook] com.alibaba.druid.pool.DruidDataSource   : {dataSource-1} closing ...
2022-07-18 21:50:20.217  INFO 40185 --- [SpringApplicationShutdownHook] com.alibaba.druid.pool.DruidDataSource   : {dataSource-1} closed
2022-07-18 21:50:20.218  INFO 40185 --- [SpringApplicationShutdownHook] com.alibaba.druid.pool.DruidDataSource   : {dataSource-2} closing ...
2022-07-18 21:50:20.222  INFO 40185 --- [SpringApplicationShutdownHook] com.alibaba.druid.pool.DruidDataSource   : {dataSource-2} closed
2022-07-18 21:50:20.222  INFO 40185 --- [SpringApplicationShutdownHook] c.b.d.d.DynamicRoutingDataSource         : dynamic-datasource all closed success,bye
2022-07-18 21:51:59.727  INFO 40311 --- [main] com.txy.graduate.util.FileUtilTest       : Starting FileUtilTest using Java 17 on manjaro with PID 40311 (started by flyme in /home/flyme/桌面/生产实习/internship_cd/Graduate)
2022-07-18 21:51:59.729  INFO 40311 --- [main] com.txy.graduate.util.FileUtilTest       : The following 1 profile is active: "dev"
2022-07-18 21:52:01.276  INFO 40311 --- [main] .s.d.r.c.RepositoryConfigurationDelegate : Multiple Spring Data modules found, entering strict repository configuration mode!
2022-07-18 21:52:01.281  INFO 40311 --- [main] .s.d.r.c.RepositoryConfigurationDelegate : Bootstrapping Spring Data Redis repositories in DEFAULT mode.
2022-07-18 21:52:01.330  INFO 40311 --- [main] .s.d.r.c.RepositoryConfigurationDelegate : Finished Spring Data repository scanning in 26 ms. Found 0 Redis repository interfaces.
2022-07-18 21:52:02.305  INFO 40311 --- [main] trationDelegate$BeanPostProcessorChecker : Bean 'spring.datasource.dynamic-com.baomidou.dynamic.datasource.spring.boot.autoconfigure.DynamicDataSourceProperties' of type [com.baomidou.dynamic.datasource.spring.boot.autoconfigure.DynamicDataSourceProperties] is not eligible for getting processed by all BeanPostProcessors (for example: not eligible for auto-proxying)
2022-07-18 21:52:02.314  INFO 40311 --- [main] trationDelegate$BeanPostProcessorChecker : Bean 'com.baomidou.dynamic.datasource.spring.boot.autoconfigure.DynamicDataSourceAutoConfiguration' of type [com.baomidou.dynamic.datasource.spring.boot.autoconfigure.DynamicDataSourceAutoConfiguration$$EnhancerBySpringCGLIB$$fe75bc59] is not eligible for getting processed by all BeanPostProcessors (for example: not eligible for auto-proxying)
2022-07-18 21:52:02.362  INFO 40311 --- [main] trationDelegate$BeanPostProcessorChecker : Bean 'dsProcessor' of type [com.baomidou.dynamic.datasource.processor.DsHeaderProcessor] is not eligible for getting processed by all BeanPostProcessors (for example: not eligible for auto-proxying)
2022-07-18 21:52:03.936  INFO 40311 --- [main] com.alibaba.druid.pool.DruidDataSource   : {dataSource-1,master} inited
2022-07-18 21:52:04.077  INFO 40311 --- [main] com.alibaba.druid.pool.DruidDataSource   : {dataSource-2,slave_1} inited
2022-07-18 21:52:04.196  INFO 40311 --- [main] com.alibaba.druid.pool.DruidDataSource   : {dataSource-3,slave_2} inited
2022-07-18 21:52:04.197  INFO 40311 --- [main] c.b.d.d.DynamicRoutingDataSource         : dynamic-datasource - add a datasource named [slave_2] success
2022-07-18 21:52:04.199  INFO 40311 --- [main] c.b.d.d.DynamicRoutingDataSource         : dynamic-datasource - add a datasource named [master] success
2022-07-18 21:52:04.200  INFO 40311 --- [main] c.b.d.d.DynamicRoutingDataSource         : dynamic-datasource - add a datasource named [slave_1] success
2022-07-18 21:52:04.200  INFO 40311 --- [main] c.b.d.d.DynamicRoutingDataSource         : dynamic-datasource initial loaded [3] datasource,primary datasource named [master]
2022-07-18 21:52:06.072  INFO 40311 --- [main] o.s.s.web.DefaultSecurityFilterChain     : Will secure any request with [org.springframework.security.web.session.DisableEncodeUrlFilter@47ffa248, org.springframework.security.web.context.request.async.WebAsyncManagerIntegrationFilter@18ac25e6, org.springframework.security.web.context.SecurityContextPersistenceFilter@3bc6c10f, org.springframework.security.web.header.HeaderWriterFilter@74e2cfc5, org.springframework.web.filter.CorsFilter@5e1a7d3, org.springframework.security.web.authentication.logout.LogoutFilter@4822ab4d, com.txy.graduate.security.filter.CaptcheFilter@1eda309d, org.springframework.security.web.authentication.UsernamePasswordAuthenticationFilter@3d2b13b1, com.txy.graduate.security.filter.JWTFilter@248d2cec, org.springframework.security.web.savedrequest.RequestCacheAwareFilter@15bb8ed5, org.springframework.security.web.servletapi.SecurityContextHolderAwareRequestFilter@2e013ba1, org.springframework.security.web.authentication.AnonymousAuthenticationFilter@5d77be8e, org.springframework.security.web.session.SessionManagementFilter@2d8087da, org.springframework.security.web.access.ExceptionTranslationFilter@2e66f1bd, org.springframework.security.web.access.intercept.FilterSecurityInterceptor@45273d40]
2022-07-18 21:52:07.422  INFO 40311 --- [main] com.txy.graduate.util.FileUtilTest       : Started FileUtilTest in 8.286 seconds (JVM running for 10.102)
2022-07-18 21:52:08.988  INFO 40311 --- [SpringApplicationShutdownHook] c.b.d.d.DynamicRoutingDataSource         : dynamic-datasource start closing ....
2022-07-18 21:52:08.991  INFO 40311 --- [SpringApplicationShutdownHook] com.alibaba.druid.pool.DruidDataSource   : {dataSource-3} closing ...
2022-07-18 21:52:08.996  INFO 40311 --- [SpringApplicationShutdownHook] com.alibaba.druid.pool.DruidDataSource   : {dataSource-3} closed
2022-07-18 21:52:08.996  INFO 40311 --- [SpringApplicationShutdownHook] com.alibaba.druid.pool.DruidDataSource   : {dataSource-1} closing ...
2022-07-18 21:52:08.999  INFO 40311 --- [SpringApplicationShutdownHook] com.alibaba.druid.pool.DruidDataSource   : {dataSource-1} closed
2022-07-18 21:52:08.999  INFO 40311 --- [SpringApplicationShutdownHook] com.alibaba.druid.pool.DruidDataSource   : {dataSource-2} closing ...
2022-07-18 21:52:09.004  INFO 40311 --- [SpringApplicationShutdownHook] com.alibaba.druid.pool.DruidDataSource   : {dataSource-2} closed
2022-07-18 21:52:09.004  INFO 40311 --- [SpringApplicationShutdownHook] c.b.d.d.DynamicRoutingDataSource         : dynamic-datasource all closed success,bye
2022-07-18 21:54:36.496  INFO 42534 --- [main] com.txy.graduate.util.FileUtilTest       : Starting FileUtilTest using Java 17 on manjaro with PID 42534 (started by flyme in /home/flyme/桌面/生产实习/internship_cd/Graduate)
2022-07-18 21:54:36.498  INFO 42534 --- [main] com.txy.graduate.util.FileUtilTest       : The following 1 profile is active: "dev"
2022-07-18 21:54:37.814  INFO 42534 --- [main] .s.d.r.c.RepositoryConfigurationDelegate : Multiple Spring Data modules found, entering strict repository configuration mode!
2022-07-18 21:54:37.817  INFO 42534 --- [main] .s.d.r.c.RepositoryConfigurationDelegate : Bootstrapping Spring Data Redis repositories in DEFAULT mode.
2022-07-18 21:54:37.859  INFO 42534 --- [main] .s.d.r.c.RepositoryConfigurationDelegate : Finished Spring Data repository scanning in 24 ms. Found 0 Redis repository interfaces.
2022-07-18 21:54:38.625  INFO 42534 --- [main] trationDelegate$BeanPostProcessorChecker : Bean 'spring.datasource.dynamic-com.baomidou.dynamic.datasource.spring.boot.autoconfigure.DynamicDataSourceProperties' of type [com.baomidou.dynamic.datasource.spring.boot.autoconfigure.DynamicDataSourceProperties] is not eligible for getting processed by all BeanPostProcessors (for example: not eligible for auto-proxying)
2022-07-18 21:54:38.632  INFO 42534 --- [main] trationDelegate$BeanPostProcessorChecker : Bean 'com.baomidou.dynamic.datasource.spring.boot.autoconfigure.DynamicDataSourceAutoConfiguration' of type [com.baomidou.dynamic.datasource.spring.boot.autoconfigure.DynamicDataSourceAutoConfiguration$$EnhancerBySpringCGLIB$$88d02fe2] is not eligible for getting processed by all BeanPostProcessors (for example: not eligible for auto-proxying)
2022-07-18 21:54:38.660  INFO 42534 --- [main] trationDelegate$BeanPostProcessorChecker : Bean 'dsProcessor' of type [com.baomidou.dynamic.datasource.processor.DsHeaderProcessor] is not eligible for getting processed by all BeanPostProcessors (for example: not eligible for auto-proxying)
2022-07-18 21:54:39.737  INFO 42534 --- [main] com.alibaba.druid.pool.DruidDataSource   : {dataSource-1,master} inited
2022-07-18 21:54:39.830  INFO 42534 --- [main] com.alibaba.druid.pool.DruidDataSource   : {dataSource-2,slave_1} inited
2022-07-18 21:54:39.910  INFO 42534 --- [main] com.alibaba.druid.pool.DruidDataSource   : {dataSource-3,slave_2} inited
2022-07-18 21:54:39.911  INFO 42534 --- [main] c.b.d.d.DynamicRoutingDataSource         : dynamic-datasource - add a datasource named [slave_2] success
2022-07-18 21:54:39.913  INFO 42534 --- [main] c.b.d.d.DynamicRoutingDataSource         : dynamic-datasource - add a datasource named [master] success
2022-07-18 21:54:39.913  INFO 42534 --- [main] c.b.d.d.DynamicRoutingDataSource         : dynamic-datasource - add a datasource named [slave_1] success
2022-07-18 21:54:39.913  INFO 42534 --- [main] c.b.d.d.DynamicRoutingDataSource         : dynamic-datasource initial loaded [3] datasource,primary datasource named [master]
2022-07-18 21:54:41.524  INFO 42534 --- [main] o.s.s.web.DefaultSecurityFilterChain     : Will secure any request with [org.springframework.security.web.session.DisableEncodeUrlFilter@37d81587, org.springframework.security.web.context.request.async.WebAsyncManagerIntegrationFilter@7f3e9acc, org.springframework.security.web.context.SecurityContextPersistenceFilter@625db0e0, org.springframework.security.web.header.HeaderWriterFilter@7178d811, org.springframework.web.filter.CorsFilter@47d4e28a, org.springframework.security.web.authentication.logout.LogoutFilter@1dd247b, com.txy.graduate.security.filter.CaptcheFilter@177068db, org.springframework.security.web.authentication.UsernamePasswordAuthenticationFilter@746fd19b, com.txy.graduate.security.filter.JWTFilter@60f3239f, org.springframework.security.web.savedrequest.RequestCacheAwareFilter@185a7dd0, org.springframework.security.web.servletapi.SecurityContextHolderAwareRequestFilter@4822ab4d, org.springframework.security.web.authentication.AnonymousAuthenticationFilter@6b103db7, org.springframework.security.web.session.SessionManagementFilter@740ee00f, org.springframework.security.web.access.ExceptionTranslationFilter@3dcbbbc, org.springframework.security.web.access.intercept.FilterSecurityInterceptor@74c04377]
2022-07-18 21:54:42.937  INFO 42534 --- [main] com.txy.graduate.util.FileUtilTest       : Started FileUtilTest in 7.006 seconds (JVM running for 8.425)
2022-07-18 21:54:44.416  INFO 42534 --- [SpringApplicationShutdownHook] c.b.d.d.DynamicRoutingDataSource         : dynamic-datasource start closing ....
2022-07-18 21:54:44.421  INFO 42534 --- [SpringApplicationShutdownHook] com.alibaba.druid.pool.DruidDataSource   : {dataSource-3} closing ...
2022-07-18 21:54:44.427  INFO 42534 --- [SpringApplicationShutdownHook] com.alibaba.druid.pool.DruidDataSource   : {dataSource-3} closed
2022-07-18 21:54:44.427  INFO 42534 --- [SpringApplicationShutdownHook] com.alibaba.druid.pool.DruidDataSource   : {dataSource-1} closing ...
2022-07-18 21:54:44.431  INFO 42534 --- [SpringApplicationShutdownHook] com.alibaba.druid.pool.DruidDataSource   : {dataSource-1} closed
2022-07-18 21:54:44.432  INFO 42534 --- [SpringApplicationShutdownHook] com.alibaba.druid.pool.DruidDataSource   : {dataSource-2} closing ...
2022-07-18 21:54:44.435  INFO 42534 --- [SpringApplicationShutdownHook] com.alibaba.druid.pool.DruidDataSource   : {dataSource-2} closed
2022-07-18 21:54:44.436  INFO 42534 --- [SpringApplicationShutdownHook] c.b.d.d.DynamicRoutingDataSource         : dynamic-datasource all closed success,bye
2022-07-18 22:01:25.220  INFO 43888 --- [main] com.txy.graduate.util.FileUtilTest       : Starting FileUtilTest using Java 17 on manjaro with PID 43888 (started by flyme in /home/flyme/桌面/生产实习/internship_cd/Graduate)
2022-07-18 22:01:25.221  INFO 43888 --- [main] com.txy.graduate.util.FileUtilTest       : The following 1 profile is active: "dev"
2022-07-18 22:01:26.323  INFO 43888 --- [main] .s.d.r.c.RepositoryConfigurationDelegate : Multiple Spring Data modules found, entering strict repository configuration mode!
2022-07-18 22:01:26.326  INFO 43888 --- [main] .s.d.r.c.RepositoryConfigurationDelegate : Bootstrapping Spring Data Redis repositories in DEFAULT mode.
2022-07-18 22:01:26.366  INFO 43888 --- [main] .s.d.r.c.RepositoryConfigurationDelegate : Finished Spring Data repository scanning in 24 ms. Found 0 Redis repository interfaces.
2022-07-18 22:01:27.112  INFO 43888 --- [main] trationDelegate$BeanPostProcessorChecker : Bean 'spring.datasource.dynamic-com.baomidou.dynamic.datasource.spring.boot.autoconfigure.DynamicDataSourceProperties' of type [com.baomidou.dynamic.datasource.spring.boot.autoconfigure.DynamicDataSourceProperties] is not eligible for getting processed by all BeanPostProcessors (for example: not eligible for auto-proxying)
2022-07-18 22:01:27.121  INFO 43888 --- [main] trationDelegate$BeanPostProcessorChecker : Bean 'com.baomidou.dynamic.datasource.spring.boot.autoconfigure.DynamicDataSourceAutoConfiguration' of type [com.baomidou.dynamic.datasource.spring.boot.autoconfigure.DynamicDataSourceAutoConfiguration$$EnhancerBySpringCGLIB$$214e8f8e] is not eligible for getting processed by all BeanPostProcessors (for example: not eligible for auto-proxying)
2022-07-18 22:01:27.150  INFO 43888 --- [main] trationDelegate$BeanPostProcessorChecker : Bean 'dsProcessor' of type [com.baomidou.dynamic.datasource.processor.DsHeaderProcessor] is not eligible for getting processed by all BeanPostProcessors (for example: not eligible for auto-proxying)
2022-07-18 22:01:28.287  INFO 43888 --- [main] com.alibaba.druid.pool.DruidDataSource   : {dataSource-1,master} inited
2022-07-18 22:01:28.399  INFO 43888 --- [main] com.alibaba.druid.pool.DruidDataSource   : {dataSource-2,slave_1} inited
2022-07-18 22:01:28.516  INFO 43888 --- [main] com.alibaba.druid.pool.DruidDataSource   : {dataSource-3,slave_2} inited
2022-07-18 22:01:28.517  INFO 43888 --- [main] c.b.d.d.DynamicRoutingDataSource         : dynamic-datasource - add a datasource named [slave_2] success
2022-07-18 22:01:28.519  INFO 43888 --- [main] c.b.d.d.DynamicRoutingDataSource         : dynamic-datasource - add a datasource named [master] success
2022-07-18 22:01:28.520  INFO 43888 --- [main] c.b.d.d.DynamicRoutingDataSource         : dynamic-datasource - add a datasource named [slave_1] success
2022-07-18 22:01:28.520  INFO 43888 --- [main] c.b.d.d.DynamicRoutingDataSource         : dynamic-datasource initial loaded [3] datasource,primary datasource named [master]
2022-07-18 22:01:30.242  INFO 43888 --- [main] o.s.s.web.DefaultSecurityFilterChain     : Will secure any request with [org.springframework.security.web.session.DisableEncodeUrlFilter@4cfe9594, org.springframework.security.web.context.request.async.WebAsyncManagerIntegrationFilter@60861e5d, org.springframework.security.web.context.SecurityContextPersistenceFilter@3e61cffd, org.springframework.security.web.header.HeaderWriterFilter@740ee00f, org.springframework.web.filter.CorsFilter@37d81587, org.springframework.security.web.authentication.logout.LogoutFilter@5badeda0, com.txy.graduate.security.filter.CaptcheFilter@7f3e9acc, org.springframework.security.web.authentication.UsernamePasswordAuthenticationFilter@7f64bd7, com.txy.graduate.security.filter.JWTFilter@47d4e28a, org.springframework.security.web.savedrequest.RequestCacheAwareFilter@3cc74fc4, org.springframework.security.web.servletapi.SecurityContextHolderAwareRequestFilter@62c53685, org.springframework.security.web.authentication.AnonymousAuthenticationFilter@177068db, org.springframework.security.web.session.SessionManagementFilter@2aac6fa7, org.springframework.security.web.access.ExceptionTranslationFilter@18f8ebd4, org.springframework.security.web.access.intercept.FilterSecurityInterceptor@37753b69]
2022-07-18 22:01:31.707  INFO 43888 --- [main] com.txy.graduate.util.FileUtilTest       : Started FileUtilTest in 7.031 seconds (JVM running for 8.647)
2022-07-18 22:01:32.929  INFO 43888 --- [SpringApplicationShutdownHook] c.b.d.d.DynamicRoutingDataSource         : dynamic-datasource start closing ....
2022-07-18 22:01:32.932  INFO 43888 --- [SpringApplicationShutdownHook] com.alibaba.druid.pool.DruidDataSource   : {dataSource-3} closing ...
2022-07-18 22:01:32.938  INFO 43888 --- [SpringApplicationShutdownHook] com.alibaba.druid.pool.DruidDataSource   : {dataSource-3} closed
2022-07-18 22:01:32.939  INFO 43888 --- [SpringApplicationShutdownHook] com.alibaba.druid.pool.DruidDataSource   : {dataSource-1} closing ...
2022-07-18 22:01:32.945  INFO 43888 --- [SpringApplicationShutdownHook] com.alibaba.druid.pool.DruidDataSource   : {dataSource-1} closed
2022-07-18 22:01:32.946  INFO 43888 --- [SpringApplicationShutdownHook] com.alibaba.druid.pool.DruidDataSource   : {dataSource-2} closing ...
2022-07-18 22:01:32.951  INFO 43888 --- [SpringApplicationShutdownHook] com.alibaba.druid.pool.DruidDataSource   : {dataSource-2} closed
2022-07-18 22:01:32.952  INFO 43888 --- [SpringApplicationShutdownHook] c.b.d.d.DynamicRoutingDataSource         : dynamic-datasource all closed success,bye
2022-07-18 22:04:25.915  INFO 44517 --- [main] com.txy.graduate.util.FileUtilTest       : Starting FileUtilTest using Java 17 on manjaro with PID 44517 (started by flyme in /home/flyme/桌面/生产实习/internship_cd/Graduate)
2022-07-18 22:04:25.917  INFO 44517 --- [main] com.txy.graduate.util.FileUtilTest       : The following 1 profile is active: "dev"
2022-07-18 22:04:26.850  INFO 44517 --- [main] .s.d.r.c.RepositoryConfigurationDelegate : Multiple Spring Data modules found, entering strict repository configuration mode!
2022-07-18 22:04:26.853  INFO 44517 --- [main] .s.d.r.c.RepositoryConfigurationDelegate : Bootstrapping Spring Data Redis repositories in DEFAULT mode.
2022-07-18 22:04:26.880  INFO 44517 --- [main] .s.d.r.c.RepositoryConfigurationDelegate : Finished Spring Data repository scanning in 15 ms. Found 0 Redis repository interfaces.
2022-07-18 22:04:27.446  INFO 44517 --- [main] trationDelegate$BeanPostProcessorChecker : Bean 'spring.datasource.dynamic-com.baomidou.dynamic.datasource.spring.boot.autoconfigure.DynamicDataSourceProperties' of type [com.baomidou.dynamic.datasource.spring.boot.autoconfigure.DynamicDataSourceProperties] is not eligible for getting processed by all BeanPostProcessors (for example: not eligible for auto-proxying)
2022-07-18 22:04:27.452  INFO 44517 --- [main] trationDelegate$BeanPostProcessorChecker : Bean 'com.baomidou.dynamic.datasource.spring.boot.autoconfigure.DynamicDataSourceAutoConfiguration' of type [com.baomidou.dynamic.datasource.spring.boot.autoconfigure.DynamicDataSourceAutoConfiguration$$EnhancerBySpringCGLIB$$52c18d40] is not eligible for getting processed by all BeanPostProcessors (for example: not eligible for auto-proxying)
2022-07-18 22:04:27.472  INFO 44517 --- [main] trationDelegate$BeanPostProcessorChecker : Bean 'dsProcessor' of type [com.baomidou.dynamic.datasource.processor.DsHeaderProcessor] is not eligible for getting processed by all BeanPostProcessors (for example: not eligible for auto-proxying)
2022-07-18 22:04:28.328  INFO 44517 --- [main] com.alibaba.druid.pool.DruidDataSource   : {dataSource-1,master} inited
2022-07-18 22:04:28.396  INFO 44517 --- [main] com.alibaba.druid.pool.DruidDataSource   : {dataSource-2,slave_1} inited
2022-07-18 22:04:28.458  INFO 44517 --- [main] com.alibaba.druid.pool.DruidDataSource   : {dataSource-3,slave_2} inited
2022-07-18 22:04:28.459  INFO 44517 --- [main] c.b.d.d.DynamicRoutingDataSource         : dynamic-datasource - add a datasource named [slave_2] success
2022-07-18 22:04:28.460  INFO 44517 --- [main] c.b.d.d.DynamicRoutingDataSource         : dynamic-datasource - add a datasource named [master] success
2022-07-18 22:04:28.460  INFO 44517 --- [main] c.b.d.d.DynamicRoutingDataSource         : dynamic-datasource - add a datasource named [slave_1] success
2022-07-18 22:04:28.460  INFO 44517 --- [main] c.b.d.d.DynamicRoutingDataSource         : dynamic-datasource initial loaded [3] datasource,primary datasource named [master]
2022-07-18 22:04:30.127  INFO 44517 --- [main] o.s.s.web.DefaultSecurityFilterChain     : Will secure any request with [org.springframework.security.web.session.DisableEncodeUrlFilter@4f9213d2, org.springframework.security.web.context.request.async.WebAsyncManagerIntegrationFilter@679f59f1, org.springframework.security.web.context.SecurityContextPersistenceFilter@3cacc87, org.springframework.security.web.header.HeaderWriterFilter@61d6c8c4, org.springframework.web.filter.CorsFilter@6b5e1fc5, org.springframework.security.web.authentication.logout.LogoutFilter@25e796fe, com.txy.graduate.security.filter.CaptcheFilter@47ffa248, org.springframework.security.web.authentication.UsernamePasswordAuthenticationFilter@516b84d1, com.txy.graduate.security.filter.JWTFilter@18ac25e6, org.springframework.security.web.savedrequest.RequestCacheAwareFilter@4040ccae, org.springframework.security.web.servletapi.SecurityContextHolderAwareRequestFilter@7178d811, org.springframework.security.web.authentication.AnonymousAuthenticationFilter@5e1a7d3, org.springframework.security.web.session.SessionManagementFilter@7a47f0be, org.springframework.security.web.access.ExceptionTranslationFilter@6c13019c, org.springframework.security.web.access.intercept.FilterSecurityInterceptor@6081f330]
2022-07-18 22:04:31.507  INFO 44517 --- [main] com.txy.graduate.util.FileUtilTest       : Started FileUtilTest in 5.918 seconds (JVM running for 7.142)
2022-07-18 22:04:32.802  INFO 44517 --- [SpringApplicationShutdownHook] c.b.d.d.DynamicRoutingDataSource         : dynamic-datasource start closing ....
2022-07-18 22:04:32.805  INFO 44517 --- [SpringApplicationShutdownHook] com.alibaba.druid.pool.DruidDataSource   : {dataSource-3} closing ...
2022-07-18 22:04:32.812  INFO 44517 --- [SpringApplicationShutdownHook] com.alibaba.druid.pool.DruidDataSource   : {dataSource-3} closed
2022-07-18 22:04:32.812  INFO 44517 --- [SpringApplicationShutdownHook] com.alibaba.druid.pool.DruidDataSource   : {dataSource-1} closing ...
2022-07-18 22:04:32.815  INFO 44517 --- [SpringApplicationShutdownHook] com.alibaba.druid.pool.DruidDataSource   : {dataSource-1} closed
2022-07-18 22:04:32.816  INFO 44517 --- [SpringApplicationShutdownHook] com.alibaba.druid.pool.DruidDataSource   : {dataSource-2} closing ...
