2022-07-17 18:33:37.648  INFO 22075 --- [SpringApplicationShutdownHook] com.alibaba.druid.pool.DruidDataSource   : {dataSource-1} closing ...
2022-07-17 18:33:37.658  INFO 22075 --- [SpringApplicationShutdownHook] com.alibaba.druid.pool.DruidDataSource   : {dataSource-1} closed
2022-07-17 19:28:18.207  INFO 22716 --- [main] c.t.graduate.service.StudentServiceTest  : Starting StudentServiceTest using Java 17 on manjaro with PID 22716 (started by flyme in /home/flyme/桌面/生产实习/internship_cd/Graduate)
2022-07-17 19:28:18.209  INFO 22716 --- [main] c.t.graduate.service.StudentServiceTest  : The following 1 profile is active: "pro"
2022-07-17 19:28:19.378  INFO 22716 --- [main] .s.d.r.c.RepositoryConfigurationDelegate : Multiple Spring Data modules found, entering strict repository configuration mode!
2022-07-17 19:28:19.381  INFO 22716 --- [main] .s.d.r.c.RepositoryConfigurationDelegate : Bootstrapping Spring Data Redis repositories in DEFAULT mode.
2022-07-17 19:28:19.423  INFO 22716 --- [main] .s.d.r.c.RepositoryConfigurationDelegate : Finished Spring Data repository scanning in 23 ms. Found 0 Redis repository interfaces.
2022-07-17 19:28:20.259  INFO 22716 --- [main] c.a.d.s.b.a.DruidDataSourceAutoConfigure : Init DruidDataSource
2022-07-17 19:28:21.111  INFO 22716 --- [main] com.alibaba.druid.pool.DruidDataSource   : {dataSource-1} inited
2022-07-17 19:28:22.618  INFO 22716 --- [main] o.s.s.web.DefaultSecurityFilterChain     : Will secure any request with [org.springframework.security.web.session.DisableEncodeUrlFilter@301d84f6, org.springframework.security.web.context.request.async.WebAsyncManagerIntegrationFilter@6f80cf5, org.springframework.security.web.context.SecurityContextPersistenceFilter@1d654b5f, org.springframework.security.web.header.HeaderWriterFilter@166ddfb7, org.springframework.web.filter.CorsFilter@674ed201, org.springframework.security.web.authentication.logout.LogoutFilter@74eab077, com.txy.graduate.security.filter.CaptcheFilter@4dad2363, org.springframework.security.web.authentication.UsernamePasswordAuthenticationFilter@c677d7e, com.txy.graduate.security.filter.JWTFilter@114b2414, org.springframework.security.web.savedrequest.RequestCacheAwareFilter@7e94de5f, org.springframework.security.web.servletapi.SecurityContextHolderAwareRequestFilter@2a510e0e, org.springframework.security.web.authentication.AnonymousAuthenticationFilter@57920d6c, org.springframework.security.web.session.SessionManagementFilter@51f4439e, org.springframework.security.web.access.ExceptionTranslationFilter@5e055ce1, org.springframework.security.web.access.intercept.FilterSecurityInterceptor@18887028]
2022-07-17 19:28:24.024  INFO 22716 --- [main] c.t.graduate.service.StudentServiceTest  : Started StudentServiceTest in 6.39 seconds (JVM running for 8.061)
2022-07-17 19:28:24.678  INFO 22716 --- [SpringApplicationShutdownHook] com.alibaba.druid.pool.DruidDataSource   : {dataSource-1} closing ...
2022-07-17 19:28:24.683  INFO 22716 --- [SpringApplicationShutdownHook] com.alibaba.druid.pool.DruidDataSource   : {dataSource-1} closed
2022-07-17 19:30:00.619  INFO 22851 --- [main] c.t.graduate.service.StudentServiceTest  : Starting StudentServiceTest using Java 17 on manjaro with PID 22851 (started by flyme in /home/flyme/桌面/生产实习/internship_cd/Graduate)
2022-07-17 19:30:00.621  INFO 22851 --- [main] c.t.graduate.service.StudentServiceTest  : The following 1 profile is active: "pro"
2022-07-17 19:30:01.881  INFO 22851 --- [main] .s.d.r.c.RepositoryConfigurationDelegate : Multiple Spring Data modules found, entering strict repository configuration mode!
2022-07-17 19:30:01.884  INFO 22851 --- [main] .s.d.r.c.RepositoryConfigurationDelegate : Bootstrapping Spring Data Redis repositories in DEFAULT mode.
2022-07-17 19:30:01.921  INFO 22851 --- [main] .s.d.r.c.RepositoryConfigurationDelegate : Finished Spring Data repository scanning in 19 ms. Found 0 Redis repository interfaces.
2022-07-17 19:30:02.824  INFO 22851 --- [main] c.a.d.s.b.a.DruidDataSourceAutoConfigure : Init DruidDataSource
2022-07-17 19:30:03.698  INFO 22851 --- [main] com.alibaba.druid.pool.DruidDataSource   : {dataSource-1} inited
2022-07-17 19:30:05.431  INFO 22851 --- [main] o.s.s.web.DefaultSecurityFilterChain     : Will secure any request with [org.springframework.security.web.session.DisableEncodeUrlFilter@6071631f, org.springframework.security.web.context.request.async.WebAsyncManagerIntegrationFilter@2ca132ad, org.springframework.security.web.context.SecurityContextPersistenceFilter@6a7aa675, org.springframework.security.web.header.HeaderWriterFilter@8315e4a, org.springframework.web.filter.CorsFilter@6706da3d, org.springframework.security.web.authentication.logout.LogoutFilter@32069394, com.txy.graduate.security.filter.CaptcheFilter@7438c3d5, org.springframework.security.web.authentication.UsernamePasswordAuthenticationFilter@df6f19b, com.txy.graduate.security.filter.JWTFilter@1fba3fd6, org.springframework.security.web.savedrequest.RequestCacheAwareFilter@4b511e61, org.springframework.security.web.servletapi.SecurityContextHolderAwareRequestFilter@50e8ed74, org.springframework.security.web.authentication.AnonymousAuthenticationFilter@3aab42d6, org.springframework.security.web.session.SessionManagementFilter@7c5ac0, org.springframework.security.web.access.ExceptionTranslationFilter@7e94de5f, org.springframework.security.web.access.intercept.FilterSecurityInterceptor@433b1597]
2022-07-17 19:30:06.734  INFO 22851 --- [main] c.t.graduate.service.StudentServiceTest  : Started StudentServiceTest in 6.78 seconds (JVM running for 8.495)
2022-07-17 19:30:07.428  INFO 22851 --- [SpringApplicationShutdownHook] com.alibaba.druid.pool.DruidDataSource   : {dataSource-1} closing ...
2022-07-17 19:30:07.435  INFO 22851 --- [SpringApplicationShutdownHook] com.alibaba.druid.pool.DruidDataSource   : {dataSource-1} closed
2022-07-17 19:31:07.371  INFO 22959 --- [main] c.t.graduate.service.StudentServiceTest  : Starting StudentServiceTest using Java 17 on manjaro with PID 22959 (started by flyme in /home/flyme/桌面/生产实习/internship_cd/Graduate)
2022-07-17 19:31:07.372  INFO 22959 --- [main] c.t.graduate.service.StudentServiceTest  : The following 1 profile is active: "pro"
2022-07-17 19:31:08.145  INFO 22959 --- [main] .s.d.r.c.RepositoryConfigurationDelegate : Multiple Spring Data modules found, entering strict repository configuration mode!
2022-07-17 19:31:08.147  INFO 22959 --- [main] .s.d.r.c.RepositoryConfigurationDelegate : Bootstrapping Spring Data Redis repositories in DEFAULT mode.
2022-07-17 19:31:08.176  INFO 22959 --- [main] .s.d.r.c.RepositoryConfigurationDelegate : Finished Spring Data repository scanning in 16 ms. Found 0 Redis repository interfaces.
2022-07-17 19:31:08.806  INFO 22959 --- [main] c.a.d.s.b.a.DruidDataSourceAutoConfigure : Init DruidDataSource
2022-07-17 19:31:09.414  INFO 22959 --- [main] com.alibaba.druid.pool.DruidDataSource   : {dataSource-1} inited
2022-07-17 19:31:10.797  INFO 22959 --- [main] o.s.s.web.DefaultSecurityFilterChain     : Will secure any request with [org.springframework.security.web.session.DisableEncodeUrlFilter@56e8a8a0, org.springframework.security.web.context.request.async.WebAsyncManagerIntegrationFilter@6071631f, org.springframework.security.web.context.SecurityContextPersistenceFilter@495e8a3, org.springframework.security.web.header.HeaderWriterFilter@2a510e0e, org.springframework.web.filter.CorsFilter@2ca132ad, org.springframework.security.web.authentication.logout.LogoutFilter@351c6341, com.txy.graduate.security.filter.CaptcheFilter@6706da3d, org.springframework.security.web.authentication.UsernamePasswordAuthenticationFilter@bea5941, com.txy.graduate.security.filter.JWTFilter@7438c3d5, org.springframework.security.web.savedrequest.RequestCacheAwareFilter@602a3237, org.springframework.security.web.servletapi.SecurityContextHolderAwareRequestFilter@1e029a04, org.springframework.security.web.authentication.AnonymousAuthenticationFilter@1fba3fd6, org.springframework.security.web.session.SessionManagementFilter@22ff11ef, org.springframework.security.web.access.ExceptionTranslationFilter@1b36d248, org.springframework.security.web.access.intercept.FilterSecurityInterceptor@6dd2e453]
2022-07-17 19:31:12.131  INFO 22959 --- [main] c.t.graduate.service.StudentServiceTest  : Started StudentServiceTest in 5.124 seconds (JVM running for 6.165)
2022-07-17 19:31:12.685  INFO 22959 --- [SpringApplicationShutdownHook] com.alibaba.druid.pool.DruidDataSource   : {dataSource-1} closing ...
2022-07-17 19:31:12.697  INFO 22959 --- [SpringApplicationShutdownHook] com.alibaba.druid.pool.DruidDataSource   : {dataSource-1} closed
2022-07-17 19:38:55.335  INFO 23373 --- [main] c.t.graduate.service.StudentServiceTest  : Starting StudentServiceTest using Java 17 on manjaro with PID 23373 (started by flyme in /home/flyme/桌面/生产实习/internship_cd/Graduate)
2022-07-17 19:38:55.337  INFO 23373 --- [main] c.t.graduate.service.StudentServiceTest  : The following 1 profile is active: "pro"
2022-07-17 19:38:56.297  INFO 23373 --- [main] .s.d.r.c.RepositoryConfigurationDelegate : Multiple Spring Data modules found, entering strict repository configuration mode!
2022-07-17 19:38:56.300  INFO 23373 --- [main] .s.d.r.c.RepositoryConfigurationDelegate : Bootstrapping Spring Data Redis repositories in DEFAULT mode.
2022-07-17 19:38:56.331  INFO 23373 --- [main] .s.d.r.c.RepositoryConfigurationDelegate : Finished Spring Data repository scanning in 17 ms. Found 0 Redis repository interfaces.
2022-07-17 19:38:57.048  INFO 23373 --- [main] c.a.d.s.b.a.DruidDataSourceAutoConfigure : Init DruidDataSource
2022-07-17 19:38:57.850  INFO 23373 --- [main] com.alibaba.druid.pool.DruidDataSource   : {dataSource-1} inited
2022-07-17 19:38:59.358  INFO 23373 --- [main] o.s.s.web.DefaultSecurityFilterChain     : Will secure any request with [org.springframework.security.web.session.DisableEncodeUrlFilter@6071631f, org.springframework.security.web.context.request.async.WebAsyncManagerIntegrationFilter@2ca132ad, org.springframework.security.web.context.SecurityContextPersistenceFilter@6a7aa675, org.springframework.security.web.header.HeaderWriterFilter@8315e4a, org.springframework.web.filter.CorsFilter@6706da3d, org.springframework.security.web.authentication.logout.LogoutFilter@32069394, com.txy.graduate.security.filter.CaptcheFilter@7438c3d5, org.springframework.security.web.authentication.UsernamePasswordAuthenticationFilter@df6f19b, com.txy.graduate.security.filter.JWTFilter@1fba3fd6, org.springframework.security.web.savedrequest.RequestCacheAwareFilter@4b511e61, org.springframework.security.web.servletapi.SecurityContextHolderAwareRequestFilter@50e8ed74, org.springframework.security.web.authentication.AnonymousAuthenticationFilter@3aab42d6, org.springframework.security.web.session.SessionManagementFilter@7c5ac0, org.springframework.security.web.access.ExceptionTranslationFilter@7e94de5f, org.springframework.security.web.access.intercept.FilterSecurityInterceptor@433b1597]
2022-07-17 19:39:00.442  INFO 23373 --- [main] c.t.graduate.service.StudentServiceTest  : Started StudentServiceTest in 5.598 seconds (JVM running for 6.983)
2022-07-17 19:39:00.958  INFO 23373 --- [SpringApplicationShutdownHook] com.alibaba.druid.pool.DruidDataSource   : {dataSource-1} closing ...
2022-07-17 19:39:00.964  INFO 23373 --- [SpringApplicationShutdownHook] com.alibaba.druid.pool.DruidDataSource   : {dataSource-1} closed
2022-07-17 19:45:39.209  INFO 23761 --- [restartedMain] com.txy.graduate.GraduateApplication     : Starting GraduateApplication using Java 17 on manjaro with PID 23761 (/home/flyme/桌面/生产实习/internship_cd/Graduate/target/classes started by flyme in /home/flyme/桌面/生产实习/internship_cd/Graduate)
2022-07-17 19:45:39.211  INFO 23761 --- [restartedMain] com.txy.graduate.GraduateApplication     : The following 1 profile is active: "pro"
2022-07-17 19:45:39.263  INFO 23761 --- [restartedMain] o.s.b.devtools.restart.ChangeableUrls    : The Class-Path manifest attribute in /home/flyme/.m2/repository/com/sun/xml/bind/jaxb-impl/2.2.5-b10/jaxb-impl-2.2.5-b10.jar referenced one or more files that do not exist: file:/home/flyme/.m2/repository/com/sun/xml/bind/jaxb-impl/2.2.5-b10/jaxb-api.jar,file:/home/flyme/.m2/repository/com/sun/xml/bind/jaxb-impl/2.2.5-b10/activation.jar,file:/home/flyme/.m2/repository/com/sun/xml/bind/jaxb-impl/2.2.5-b10/jsr173_1.0_api.jar,file:/home/flyme/.m2/repository/com/sun/xml/bind/jaxb-impl/2.2.5-b10/jaxb1-impl.jar
2022-07-17 19:45:39.263  INFO 23761 --- [restartedMain] .e.DevToolsPropertyDefaultsPostProcessor : Devtools property defaults active! Set 'spring.devtools.add-properties' to 'false' to disable
2022-07-17 19:45:39.263  INFO 23761 --- [restartedMain] .e.DevToolsPropertyDefaultsPostProcessor : For additional web related logging consider setting the 'logging.level.web' property to 'DEBUG'
2022-07-17 19:45:39.920  INFO 23761 --- [restartedMain] .s.d.r.c.RepositoryConfigurationDelegate : Multiple Spring Data modules found, entering strict repository configuration mode!
2022-07-17 19:45:39.922  INFO 23761 --- [restartedMain] .s.d.r.c.RepositoryConfigurationDelegate : Bootstrapping Spring Data Redis repositories in DEFAULT mode.
2022-07-17 19:45:39.948  INFO 23761 --- [restartedMain] .s.d.r.c.RepositoryConfigurationDelegate : Finished Spring Data repository scanning in 14 ms. Found 0 Redis repository interfaces.
2022-07-17 19:45:40.678  INFO 23761 --- [restartedMain] o.s.b.w.embedded.tomcat.TomcatWebServer  : Tomcat initialized with port(s): 8000 (http)
2022-07-17 19:45:40.680  INFO 23761 --- [restartedMain] o.a.catalina.core.AprLifecycleListener   : Loaded Apache Tomcat Native library [1.2.34] using APR version [1.7.0].
2022-07-17 19:45:40.680  INFO 23761 --- [restartedMain] o.a.catalina.core.AprLifecycleListener   : APR capabilities: IPv6 [true], sendfile [true], accept filters [false], random [true], UDS [true].
2022-07-17 19:45:40.681  INFO 23761 --- [restartedMain] o.a.catalina.core.AprLifecycleListener   : APR/OpenSSL configuration: useAprConnector [false], useOpenSSL [true]
2022-07-17 19:45:40.690  INFO 23761 --- [restartedMain] o.a.catalina.core.AprLifecycleListener   : OpenSSL successfully initialized [OpenSSL 1.1.1q  5 Jul 2022]
2022-07-17 19:45:40.703  INFO 23761 --- [restartedMain] o.apache.catalina.core.StandardService   : Starting service [Tomcat]
2022-07-17 19:45:40.704  INFO 23761 --- [restartedMain] org.apache.catalina.core.StandardEngine  : Starting Servlet engine: [Apache Tomcat/9.0.63]
2022-07-17 19:45:40.802  INFO 23761 --- [restartedMain] o.a.c.c.C.[Tomcat].[localhost].[/]       : Initializing Spring embedded WebApplicationContext
2022-07-17 19:45:40.805  INFO 23761 --- [restartedMain] w.s.c.ServletWebServerApplicationContext : Root WebApplicationContext: initialization completed in 1541 ms
2022-07-17 19:45:41.575  INFO 23761 --- [restartedMain] c.a.d.s.b.a.DruidDataSourceAutoConfigure : Init DruidDataSource
2022-07-17 19:45:42.201  INFO 23761 --- [restartedMain] com.alibaba.druid.pool.DruidDataSource   : {dataSource-1} inited
2022-07-17 19:45:42.964  INFO 23761 --- [restartedMain] o.s.s.web.DefaultSecurityFilterChain     : Will secure any request with [org.springframework.security.web.session.DisableEncodeUrlFilter@35ba7b80, org.springframework.security.web.context.request.async.WebAsyncManagerIntegrationFilter@3acb63e9, org.springframework.security.web.context.SecurityContextPersistenceFilter@417822dd, org.springframework.security.web.header.HeaderWriterFilter@c1e6da6, org.springframework.web.filter.CorsFilter@7150444, org.springframework.security.web.authentication.logout.LogoutFilter@3435058e, com.txy.graduate.security.filter.CaptcheFilter@60eda47e, org.springframework.security.web.authentication.UsernamePasswordAuthenticationFilter@572f4eb2, com.txy.graduate.security.filter.JWTFilter@32138246, org.springframework.security.web.savedrequest.RequestCacheAwareFilter@2064c23f, org.springframework.security.web.servletapi.SecurityContextHolderAwareRequestFilter@22b231f, org.springframework.security.web.authentication.AnonymousAuthenticationFilter@38770967, org.springframework.security.web.session.SessionManagementFilter@52cf1f0d, org.springframework.security.web.access.ExceptionTranslationFilter@1d4c468d, org.springframework.security.web.access.intercept.FilterSecurityInterceptor@6cc6c5b0]
2022-07-17 19:45:43.457  INFO 23761 --- [restartedMain] o.s.b.d.a.OptionalLiveReloadServer       : LiveReload server is running on port 35729
2022-07-17 19:45:43.503  INFO 23761 --- [restartedMain] o.s.b.w.embedded.tomcat.TomcatWebServer  : Tomcat started on port(s): 8000 (http) with context path ''
2022-07-17 19:45:43.514  INFO 23761 --- [restartedMain] com.txy.graduate.GraduateApplication     : Started GraduateApplication in 4.632 seconds (JVM running for 5.297)
2022-07-17 19:49:34.669  INFO 23761 --- [http-nio-8000-exec-1] o.a.c.c.C.[Tomcat].[localhost].[/]       : Initializing Spring DispatcherServlet 'dispatcherServlet'
2022-07-17 19:49:34.669  INFO 23761 --- [http-nio-8000-exec-1] o.s.web.servlet.DispatcherServlet        : Initializing Servlet 'dispatcherServlet'
2022-07-17 19:49:34.670  INFO 23761 --- [http-nio-8000-exec-1] o.s.web.servlet.DispatcherServlet        : Completed initialization in 1 ms
2022-07-17 19:56:07.503  WARN 23761 --- [http-nio-8000-exec-7] .w.s.m.s.DefaultHandlerExceptionResolver : Resolved [org.springframework.web.HttpRequestMethodNotSupportedException: Request method 'GET' not supported]
2022-07-17 19:56:16.857  WARN 23761 --- [http-nio-8000-exec-8] .m.m.a.ExceptionHandlerExceptionResolver : Resolved [java.lang.NullPointerException: Cannot invoke "java.lang.Integer.intValue()" because the return value of "java.util.Map.get(Object)" is null]
2022-07-17 19:56:55.399  WARN 23761 --- [http-nio-8000-exec-9] .m.m.a.ExceptionHandlerExceptionResolver : Resolved [java.lang.NullPointerException: Cannot invoke "java.lang.Integer.intValue()" because the return value of "java.util.Map.get(Object)" is null]
2022-07-17 19:57:04.910  INFO 23761 --- [SpringApplicationShutdownHook] com.alibaba.druid.pool.DruidDataSource   : {dataSource-1} closing ...
2022-07-17 19:57:04.913  INFO 23761 --- [SpringApplicationShutdownHook] com.alibaba.druid.pool.DruidDataSource   : {dataSource-1} closed
2022-07-17 19:57:07.747  INFO 24209 --- [restartedMain] com.txy.graduate.GraduateApplication     : Starting GraduateApplication using Java 17 on manjaro with PID 24209 (/home/flyme/桌面/生产实习/internship_cd/Graduate/target/classes started by flyme in /home/flyme/桌面/生产实习/internship_cd/Graduate)
2022-07-17 19:57:07.749  INFO 24209 --- [restartedMain] com.txy.graduate.GraduateApplication     : The following 1 profile is active: "pro"
2022-07-17 19:57:07.786  INFO 24209 --- [restartedMain] o.s.b.devtools.restart.ChangeableUrls    : The Class-Path manifest attribute in /home/flyme/.m2/repository/com/sun/xml/bind/jaxb-impl/2.2.5-b10/jaxb-impl-2.2.5-b10.jar referenced one or more files that do not exist: file:/home/flyme/.m2/repository/com/sun/xml/bind/jaxb-impl/2.2.5-b10/jaxb-api.jar,file:/home/flyme/.m2/repository/com/sun/xml/bind/jaxb-impl/2.2.5-b10/activation.jar,file:/home/flyme/.m2/repository/com/sun/xml/bind/jaxb-impl/2.2.5-b10/jsr173_1.0_api.jar,file:/home/flyme/.m2/repository/com/sun/xml/bind/jaxb-impl/2.2.5-b10/jaxb1-impl.jar
2022-07-17 19:57:07.786  INFO 24209 --- [restartedMain] .e.DevToolsPropertyDefaultsPostProcessor : Devtools property defaults active! Set 'spring.devtools.add-properties' to 'false' to disable
2022-07-17 19:57:07.786  INFO 24209 --- [restartedMain] .e.DevToolsPropertyDefaultsPostProcessor : For additional web related logging consider setting the 'logging.level.web' property to 'DEBUG'
2022-07-17 19:57:08.277  INFO 24209 --- [restartedMain] .s.d.r.c.RepositoryConfigurationDelegate : Multiple Spring Data modules found, entering strict repository configuration mode!
2022-07-17 19:57:08.278  INFO 24209 --- [restartedMain] .s.d.r.c.RepositoryConfigurationDelegate : Bootstrapping Spring Data Redis repositories in DEFAULT mode.
2022-07-17 19:57:08.298  INFO 24209 --- [restartedMain] .s.d.r.c.RepositoryConfigurationDelegate : Finished Spring Data repository scanning in 10 ms. Found 0 Redis repository interfaces.
2022-07-17 19:57:08.691  INFO 24209 --- [restartedMain] o.s.b.w.embedded.tomcat.TomcatWebServer  : Tomcat initialized with port(s): 8000 (http)
2022-07-17 19:57:08.692  INFO 24209 --- [restartedMain] o.a.catalina.core.AprLifecycleListener   : Loaded Apache Tomcat Native library [1.2.34] using APR version [1.7.0].
2022-07-17 19:57:08.692  INFO 24209 --- [restartedMain] o.a.catalina.core.AprLifecycleListener   : APR capabilities: IPv6 [true], sendfile [true], accept filters [false], random [true], UDS [true].
2022-07-17 19:57:08.692  INFO 24209 --- [restartedMain] o.a.catalina.core.AprLifecycleListener   : APR/OpenSSL configuration: useAprConnector [false], useOpenSSL [true]
2022-07-17 19:57:08.694  INFO 24209 --- [restartedMain] o.a.catalina.core.AprLifecycleListener   : OpenSSL successfully initialized [OpenSSL 1.1.1q  5 Jul 2022]
2022-07-17 19:57:08.699  INFO 24209 --- [restartedMain] o.apache.catalina.core.StandardService   : Starting service [Tomcat]
2022-07-17 19:57:08.700  INFO 24209 --- [restartedMain] org.apache.catalina.core.StandardEngine  : Starting Servlet engine: [Apache Tomcat/9.0.63]
2022-07-17 19:57:08.739  INFO 24209 --- [restartedMain] o.a.c.c.C.[Tomcat].[localhost].[/]       : Initializing Spring embedded WebApplicationContext
2022-07-17 19:57:08.739  INFO 24209 --- [restartedMain] w.s.c.ServletWebServerApplicationContext : Root WebApplicationContext: initialization completed in 953 ms
2022-07-17 19:57:08.959  INFO 24209 --- [restartedMain] c.a.d.s.b.a.DruidDataSourceAutoConfigure : Init DruidDataSource
2022-07-17 19:57:09.308  INFO 24209 --- [restartedMain] com.alibaba.druid.pool.DruidDataSource   : {dataSource-1} inited
2022-07-17 19:57:09.855  INFO 24209 --- [restartedMain] o.s.s.web.DefaultSecurityFilterChain     : Will secure any request with [org.springframework.security.web.session.DisableEncodeUrlFilter@bc2e8f7, org.springframework.security.web.context.request.async.WebAsyncManagerIntegrationFilter@1cd010f2, org.springframework.security.web.context.SecurityContextPersistenceFilter@3435058e, org.springframework.security.web.header.HeaderWriterFilter@5a040156, org.springframework.web.filter.CorsFilter@3cab4c82, org.springframework.security.web.authentication.logout.LogoutFilter@7b3c103d, com.txy.graduate.security.filter.CaptcheFilter@2aa27fb3, org.springframework.security.web.authentication.UsernamePasswordAuthenticationFilter@3d77820d, com.txy.graduate.security.filter.JWTFilter@5524a911, org.springframework.security.web.savedrequest.RequestCacheAwareFilter@572f4eb2, org.springframework.security.web.servletapi.SecurityContextHolderAwareRequestFilter@3bef37bd, org.springframework.security.web.authentication.AnonymousAuthenticationFilter@5eba96c7, org.springframework.security.web.session.SessionManagementFilter@3bef060b, org.springframework.security.web.access.ExceptionTranslationFilter@46aabd77, org.springframework.security.web.access.intercept.FilterSecurityInterceptor@87b7d7]
2022-07-17 19:57:10.236  INFO 24209 --- [restartedMain] o.s.b.d.a.OptionalLiveReloadServer       : LiveReload server is running on port 35729
2022-07-17 19:57:10.282  INFO 24209 --- [restartedMain] o.s.b.w.embedded.tomcat.TomcatWebServer  : Tomcat started on port(s): 8000 (http) with context path ''
2022-07-17 19:57:10.294  INFO 24209 --- [restartedMain] com.txy.graduate.GraduateApplication     : Started GraduateApplication in 3.02 seconds (JVM running for 3.755)
2022-07-17 19:57:31.759  INFO 24209 --- [http-nio-8000-exec-1] o.a.c.c.C.[Tomcat].[localhost].[/]       : Initializing Spring DispatcherServlet 'dispatcherServlet'
2022-07-17 19:57:31.760  INFO 24209 --- [http-nio-8000-exec-1] o.s.web.servlet.DispatcherServlet        : Initializing Servlet 'dispatcherServlet'
2022-07-17 19:57:31.762  INFO 24209 --- [http-nio-8000-exec-1] o.s.web.servlet.DispatcherServlet        : Completed initialization in 2 ms
2022-07-17 19:57:32.211  WARN 24209 --- [http-nio-8000-exec-1] .m.m.a.ExceptionHandlerExceptionResolver : Resolved [java.lang.NullPointerException: Cannot invoke "java.lang.Integer.intValue()" because the return value of "java.util.Map.get(Object)" is null]
2022-07-17 19:58:00.580  WARN 24209 --- [http-nio-8000-exec-2] .m.m.a.ExceptionHandlerExceptionResolver : Resolved [java.lang.NullPointerException: Cannot invoke "java.lang.Integer.intValue()" because the return value of "java.util.Map.get(Object)" is null]
2022-07-17 19:58:10.929  INFO 24209 --- [SpringApplicationShutdownHook] com.alibaba.druid.pool.DruidDataSource   : {dataSource-1} closing ...
2022-07-17 19:58:10.932  INFO 24209 --- [SpringApplicationShutdownHook] com.alibaba.druid.pool.DruidDataSource   : {dataSource-1} closed
2022-07-17 19:58:20.201  INFO 24431 --- [restartedMain] com.txy.graduate.GraduateApplication     : Starting GraduateApplication using Java 17 on manjaro with PID 24431 (/home/flyme/桌面/生产实习/internship_cd/Graduate/target/classes started by flyme in /home/flyme/桌面/生产实习/internship_cd/Graduate)
2022-07-17 19:58:20.202  INFO 24431 --- [restartedMain] com.txy.graduate.GraduateApplication     : The following 1 profile is active: "dev"
2022-07-17 19:58:20.251  INFO 24431 --- [restartedMain] o.s.b.devtools.restart.ChangeableUrls    : The Class-Path manifest attribute in /home/flyme/.m2/repository/com/sun/xml/bind/jaxb-impl/2.2.5-b10/jaxb-impl-2.2.5-b10.jar referenced one or more files that do not exist: file:/home/flyme/.m2/repository/com/sun/xml/bind/jaxb-impl/2.2.5-b10/jaxb-api.jar,file:/home/flyme/.m2/repository/com/sun/xml/bind/jaxb-impl/2.2.5-b10/activation.jar,file:/home/flyme/.m2/repository/com/sun/xml/bind/jaxb-impl/2.2.5-b10/jsr173_1.0_api.jar,file:/home/flyme/.m2/repository/com/sun/xml/bind/jaxb-impl/2.2.5-b10/jaxb1-impl.jar
2022-07-17 19:58:20.251  INFO 24431 --- [restartedMain] .e.DevToolsPropertyDefaultsPostProcessor : Devtools property defaults active! Set 'spring.devtools.add-properties' to 'false' to disable
2022-07-17 19:58:20.251  INFO 24431 --- [restartedMain] .e.DevToolsPropertyDefaultsPostProcessor : For additional web related logging consider setting the 'logging.level.web' property to 'DEBUG'
2022-07-17 19:58:20.765  INFO 24431 --- [restartedMain] .s.d.r.c.RepositoryConfigurationDelegate : Multiple Spring Data modules found, entering strict repository configuration mode!
2022-07-17 19:58:20.766  INFO 24431 --- [restartedMain] .s.d.r.c.RepositoryConfigurationDelegate : Bootstrapping Spring Data Redis repositories in DEFAULT mode.
2022-07-17 19:58:20.784  INFO 24431 --- [restartedMain] .s.d.r.c.RepositoryConfigurationDelegate : Finished Spring Data repository scanning in 11 ms. Found 0 Redis repository interfaces.
2022-07-17 19:58:21.191  INFO 24431 --- [restartedMain] o.s.b.w.embedded.tomcat.TomcatWebServer  : Tomcat initialized with port(s): 8080 (http)
2022-07-17 19:58:21.192  INFO 24431 --- [restartedMain] o.a.catalina.core.AprLifecycleListener   : Loaded Apache Tomcat Native library [1.2.34] using APR version [1.7.0].
2022-07-17 19:58:21.192  INFO 24431 --- [restartedMain] o.a.catalina.core.AprLifecycleListener   : APR capabilities: IPv6 [true], sendfile [true], accept filters [false], random [true], UDS [true].
2022-07-17 19:58:21.192  INFO 24431 --- [restartedMain] o.a.catalina.core.AprLifecycleListener   : APR/OpenSSL configuration: useAprConnector [false], useOpenSSL [true]
2022-07-17 19:58:21.194  INFO 24431 --- [restartedMain] o.a.catalina.core.AprLifecycleListener   : OpenSSL successfully initialized [OpenSSL 1.1.1q  5 Jul 2022]
2022-07-17 19:58:21.201  INFO 24431 --- [restartedMain] o.apache.catalina.core.StandardService   : Starting service [Tomcat]
2022-07-17 19:58:21.201  INFO 24431 --- [restartedMain] org.apache.catalina.core.StandardEngine  : Starting Servlet engine: [Apache Tomcat/9.0.63]
2022-07-17 19:58:21.238  INFO 24431 --- [restartedMain] o.a.c.c.C.[.[localhost].[/graduate]      : Initializing Spring embedded WebApplicationContext
2022-07-17 19:58:21.238  INFO 24431 --- [restartedMain] w.s.c.ServletWebServerApplicationContext : Root WebApplicationContext: initialization completed in 987 ms
2022-07-17 19:58:21.511  INFO 24431 --- [restartedMain] c.a.d.s.b.a.DruidDataSourceAutoConfigure : Init DruidDataSource
2022-07-17 19:58:21.865  INFO 24431 --- [restartedMain] com.alibaba.druid.pool.DruidDataSource   : {dataSource-1} inited
2022-07-17 19:58:22.355  INFO 24431 --- [restartedMain] o.s.s.web.DefaultSecurityFilterChain     : Will secure any request with [org.springframework.security.web.session.DisableEncodeUrlFilter@798aaf8d, org.springframework.security.web.context.request.async.WebAsyncManagerIntegrationFilter@535ef907, org.springframework.security.web.context.SecurityContextPersistenceFilter@3b9efd8f, org.springframework.security.web.header.HeaderWriterFilter@16215ff1, org.springframework.web.filter.CorsFilter@1f3f6116, org.springframework.security.web.authentication.logout.LogoutFilter@383166cf, com.txy.graduate.security.filter.CaptcheFilter@4d8ccb25, org.springframework.security.web.authentication.UsernamePasswordAuthenticationFilter@49e142a3, com.txy.graduate.security.filter.JWTFilter@3856363b, org.springframework.security.web.savedrequest.RequestCacheAwareFilter@2f280441, org.springframework.security.web.servletapi.SecurityContextHolderAwareRequestFilter@6452fb81, org.springframework.security.web.authentication.AnonymousAuthenticationFilter@25efbb4, org.springframework.security.web.session.SessionManagementFilter@693fd10, org.springframework.security.web.access.ExceptionTranslationFilter@71873c8b, org.springframework.security.web.access.intercept.FilterSecurityInterceptor@6028a3ad]
2022-07-17 19:58:22.722  INFO 24431 --- [restartedMain] o.s.b.d.a.OptionalLiveReloadServer       : LiveReload server is running on port 35729
2022-07-17 19:58:22.764  INFO 24431 --- [restartedMain] o.s.b.w.embedded.tomcat.TomcatWebServer  : Tomcat started on port(s): 8080 (http) with context path '/graduate'
2022-07-17 19:58:22.774  INFO 24431 --- [restartedMain] com.txy.graduate.GraduateApplication     : Started GraduateApplication in 2.879 seconds (JVM running for 3.318)
2022-07-17 20:00:29.139  INFO 24431 --- [http-nio-8080-exec-3] o.a.c.c.C.[.[localhost].[/graduate]      : Initializing Spring DispatcherServlet 'dispatcherServlet'
2022-07-17 20:00:29.139  INFO 24431 --- [http-nio-8080-exec-3] o.s.web.servlet.DispatcherServlet        : Initializing Servlet 'dispatcherServlet'
2022-07-17 20:00:29.140  INFO 24431 --- [http-nio-8080-exec-3] o.s.web.servlet.DispatcherServlet        : Completed initialization in 1 ms
2022-07-17 20:00:29.585  WARN 24431 --- [http-nio-8080-exec-3] .m.m.a.ExceptionHandlerExceptionResolver : Resolved [java.lang.NullPointerException: Cannot invoke "java.lang.Integer.intValue()" because the return value of "java.util.Map.get(Object)" is null]
