2022-07-17 20:05:49.529  INFO 25023 --- [main] .s.d.r.c.RepositoryConfigurationDelegate : Multiple Spring Data modules found, entering strict repository configuration mode!
2022-07-17 20:05:49.538  INFO 25023 --- [main] .s.d.r.c.RepositoryConfigurationDelegate : Bootstrapping Spring Data Redis repositories in DEFAULT mode.
2022-07-17 20:05:49.588  INFO 25023 --- [main] .s.d.r.c.RepositoryConfigurationDelegate : Finished Spring Data repository scanning in 27 ms. Found 0 Redis repository interfaces.
2022-07-17 20:05:51.128  INFO 25023 --- [main] c.a.d.s.b.a.DruidDataSourceAutoConfigure : Init DruidDataSource
2022-07-17 20:05:52.407  INFO 25023 --- [main] com.alibaba.druid.pool.DruidDataSource   : {dataSource-1} inited
2022-07-17 20:05:53.927  INFO 25023 --- [main] o.s.s.web.DefaultSecurityFilterChain     : Will secure any request with [org.springframework.security.web.session.DisableEncodeUrlFilter@5d8fd077, org.springframework.security.web.context.request.async.WebAsyncManagerIntegrationFilter@4544ab46, org.springframework.security.web.context.SecurityContextPersistenceFilter@bea5941, org.springframework.security.web.header.HeaderWriterFilter@65ff4b8c, org.springframework.web.filter.CorsFilter@2052f095, org.springframework.security.web.authentication.logout.LogoutFilter@50ac1249, com.txy.graduate.security.filter.CaptcheFilter@76d1f6ea, org.springframework.security.web.authentication.UsernamePasswordAuthenticationFilter@99223ac, com.txy.graduate.security.filter.JWTFilter@55fe9c2f, org.springframework.security.web.savedrequest.RequestCacheAwareFilter@614cbec4, org.springframework.security.web.servletapi.SecurityContextHolderAwareRequestFilter@5c7c75fb, org.springframework.security.web.authentication.AnonymousAuthenticationFilter@3580134d, org.springframework.security.web.session.SessionManagementFilter@2aa0feb2, org.springframework.security.web.access.ExceptionTranslationFilter@45832b85, org.springframework.security.web.access.intercept.FilterSecurityInterceptor@6968bb65]
2022-07-17 20:05:55.203  INFO 25023 --- [main] c.t.graduate.service.StudentServiceTest  : Started StudentServiceTest in 7.665 seconds (JVM running for 10.795)
2022-07-17 20:05:55.937  INFO 25023 --- [SpringApplicationShutdownHook] com.alibaba.druid.pool.DruidDataSource   : {dataSource-1} closing ...
2022-07-17 20:05:55.944  INFO 25023 --- [SpringApplicationShutdownHook] com.alibaba.druid.pool.DruidDataSource   : {dataSource-1} closed
2022-07-17 20:06:35.078  INFO 25164 --- [restartedMain] com.txy.graduate.GraduateApplication     : Starting GraduateApplication using Java 17 on manjaro with PID 25164 (/home/flyme/桌面/生产实习/internship_cd/Graduate/target/classes started by flyme in /home/flyme/桌面/生产实习/internship_cd/Graduate)
2022-07-17 20:06:35.080  INFO 25164 --- [restartedMain] com.txy.graduate.GraduateApplication     : The following 1 profile is active: "dev"
2022-07-17 20:06:35.131  INFO 25164 --- [restartedMain] o.s.b.devtools.restart.ChangeableUrls    : The Class-Path manifest attribute in /home/flyme/.m2/repository/com/sun/xml/bind/jaxb-impl/2.2.5-b10/jaxb-impl-2.2.5-b10.jar referenced one or more files that do not exist: file:/home/flyme/.m2/repository/com/sun/xml/bind/jaxb-impl/2.2.5-b10/jaxb-api.jar,file:/home/flyme/.m2/repository/com/sun/xml/bind/jaxb-impl/2.2.5-b10/activation.jar,file:/home/flyme/.m2/repository/com/sun/xml/bind/jaxb-impl/2.2.5-b10/jsr173_1.0_api.jar,file:/home/flyme/.m2/repository/com/sun/xml/bind/jaxb-impl/2.2.5-b10/jaxb1-impl.jar
2022-07-17 20:06:35.131  INFO 25164 --- [restartedMain] .e.DevToolsPropertyDefaultsPostProcessor : Devtools property defaults active! Set 'spring.devtools.add-properties' to 'false' to disable
2022-07-17 20:06:35.131  INFO 25164 --- [restartedMain] .e.DevToolsPropertyDefaultsPostProcessor : For additional web related logging consider setting the 'logging.level.web' property to 'DEBUG'
2022-07-17 20:06:35.930  INFO 25164 --- [restartedMain] .s.d.r.c.RepositoryConfigurationDelegate : Multiple Spring Data modules found, entering strict repository configuration mode!
2022-07-17 20:06:35.932  INFO 25164 --- [restartedMain] .s.d.r.c.RepositoryConfigurationDelegate : Bootstrapping Spring Data Redis repositories in DEFAULT mode.
2022-07-17 20:06:35.954  INFO 25164 --- [restartedMain] .s.d.r.c.RepositoryConfigurationDelegate : Finished Spring Data repository scanning in 12 ms. Found 0 Redis repository interfaces.
2022-07-17 20:06:36.432  INFO 25164 --- [restartedMain] o.s.b.w.embedded.tomcat.TomcatWebServer  : Tomcat initialized with port(s): 8080 (http)
2022-07-17 20:06:36.433  INFO 25164 --- [restartedMain] o.a.catalina.core.AprLifecycleListener   : Loaded Apache Tomcat Native library [1.2.34] using APR version [1.7.0].
2022-07-17 20:06:36.433  INFO 25164 --- [restartedMain] o.a.catalina.core.AprLifecycleListener   : APR capabilities: IPv6 [true], sendfile [true], accept filters [false], random [true], UDS [true].
2022-07-17 20:06:36.433  INFO 25164 --- [restartedMain] o.a.catalina.core.AprLifecycleListener   : APR/OpenSSL configuration: useAprConnector [false], useOpenSSL [true]
2022-07-17 20:06:36.435  INFO 25164 --- [restartedMain] o.a.catalina.core.AprLifecycleListener   : OpenSSL successfully initialized [OpenSSL 1.1.1q  5 Jul 2022]
2022-07-17 20:06:36.441  INFO 25164 --- [restartedMain] o.apache.catalina.core.StandardService   : Starting service [Tomcat]
2022-07-17 20:06:36.441  INFO 25164 --- [restartedMain] org.apache.catalina.core.StandardEngine  : Starting Servlet engine: [Apache Tomcat/9.0.63]
2022-07-17 20:06:36.484  INFO 25164 --- [restartedMain] o.a.c.c.C.[.[localhost].[/graduate]      : Initializing Spring embedded WebApplicationContext
2022-07-17 20:06:36.484  INFO 25164 --- [restartedMain] w.s.c.ServletWebServerApplicationContext : Root WebApplicationContext: initialization completed in 1352 ms
2022-07-17 20:06:36.773  INFO 25164 --- [restartedMain] c.a.d.s.b.a.DruidDataSourceAutoConfigure : Init DruidDataSource
2022-07-17 20:06:37.216  INFO 25164 --- [restartedMain] com.alibaba.druid.pool.DruidDataSource   : {dataSource-1} inited
2022-07-17 20:06:38.059  INFO 25164 --- [restartedMain] o.s.s.web.DefaultSecurityFilterChain     : Will secure any request with [org.springframework.security.web.session.DisableEncodeUrlFilter@76f135e2, org.springframework.security.web.context.request.async.WebAsyncManagerIntegrationFilter@3968806e, org.springframework.security.web.context.SecurityContextPersistenceFilter@6644f704, org.springframework.security.web.header.HeaderWriterFilter@75865297, org.springframework.web.filter.CorsFilter@54a7fc6c, org.springframework.security.web.authentication.logout.LogoutFilter@1d4c468d, com.txy.graduate.security.filter.CaptcheFilter@3d1e4afd, org.springframework.security.web.authentication.UsernamePasswordAuthenticationFilter@c1e6da6, com.txy.graduate.security.filter.JWTFilter@414b8a3c, org.springframework.security.web.savedrequest.RequestCacheAwareFilter@32df3309, org.springframework.security.web.servletapi.SecurityContextHolderAwareRequestFilter@54ce0108, org.springframework.security.web.authentication.AnonymousAuthenticationFilter@5f47a4bc, org.springframework.security.web.session.SessionManagementFilter@2af8171, org.springframework.security.web.access.ExceptionTranslationFilter@a0cfa86, org.springframework.security.web.access.intercept.FilterSecurityInterceptor@1197662a]
2022-07-17 20:06:38.796  INFO 25164 --- [restartedMain] o.s.b.d.a.OptionalLiveReloadServer       : LiveReload server is running on port 35729
2022-07-17 20:06:38.860  INFO 25164 --- [restartedMain] o.s.b.w.embedded.tomcat.TomcatWebServer  : Tomcat started on port(s): 8080 (http) with context path '/graduate'
2022-07-17 20:06:38.877  INFO 25164 --- [restartedMain] com.txy.graduate.GraduateApplication     : Started GraduateApplication in 4.305 seconds (JVM running for 5.405)
2022-07-17 20:07:09.160  INFO 25164 --- [SpringApplicationShutdownHook] com.alibaba.druid.pool.DruidDataSource   : {dataSource-1} closing ...
2022-07-17 20:07:09.164  INFO 25164 --- [SpringApplicationShutdownHook] com.alibaba.druid.pool.DruidDataSource   : {dataSource-1} closed
2022-07-17 20:07:14.310  INFO 25302 --- [restartedMain] com.txy.graduate.GraduateApplication     : Starting GraduateApplication using Java 17 on manjaro with PID 25302 (/home/flyme/桌面/生产实习/internship_cd/Graduate/target/classes started by flyme in /home/flyme/桌面/生产实习/internship_cd/Graduate)
2022-07-17 20:07:14.312  INFO 25302 --- [restartedMain] com.txy.graduate.GraduateApplication     : The following 1 profile is active: "dev"
2022-07-17 20:07:14.422  INFO 25302 --- [restartedMain] o.s.b.devtools.restart.ChangeableUrls    : The Class-Path manifest attribute in /home/flyme/.m2/repository/com/sun/xml/bind/jaxb-impl/2.2.5-b10/jaxb-impl-2.2.5-b10.jar referenced one or more files that do not exist: file:/home/flyme/.m2/repository/com/sun/xml/bind/jaxb-impl/2.2.5-b10/jaxb-api.jar,file:/home/flyme/.m2/repository/com/sun/xml/bind/jaxb-impl/2.2.5-b10/activation.jar,file:/home/flyme/.m2/repository/com/sun/xml/bind/jaxb-impl/2.2.5-b10/jsr173_1.0_api.jar,file:/home/flyme/.m2/repository/com/sun/xml/bind/jaxb-impl/2.2.5-b10/jaxb1-impl.jar
2022-07-17 20:07:14.423  INFO 25302 --- [restartedMain] .e.DevToolsPropertyDefaultsPostProcessor : Devtools property defaults active! Set 'spring.devtools.add-properties' to 'false' to disable
2022-07-17 20:07:14.423  INFO 25302 --- [restartedMain] .e.DevToolsPropertyDefaultsPostProcessor : For additional web related logging consider setting the 'logging.level.web' property to 'DEBUG'
2022-07-17 20:07:15.263  INFO 25302 --- [restartedMain] .s.d.r.c.RepositoryConfigurationDelegate : Multiple Spring Data modules found, entering strict repository configuration mode!
2022-07-17 20:07:15.264  INFO 25302 --- [restartedMain] .s.d.r.c.RepositoryConfigurationDelegate : Bootstrapping Spring Data Redis repositories in DEFAULT mode.
2022-07-17 20:07:15.289  INFO 25302 --- [restartedMain] .s.d.r.c.RepositoryConfigurationDelegate : Finished Spring Data repository scanning in 14 ms. Found 0 Redis repository interfaces.
2022-07-17 20:07:15.780  INFO 25302 --- [restartedMain] o.s.b.w.embedded.tomcat.TomcatWebServer  : Tomcat initialized with port(s): 8080 (http)
2022-07-17 20:07:15.781  INFO 25302 --- [restartedMain] o.a.catalina.core.AprLifecycleListener   : Loaded Apache Tomcat Native library [1.2.34] using APR version [1.7.0].
2022-07-17 20:07:15.782  INFO 25302 --- [restartedMain] o.a.catalina.core.AprLifecycleListener   : APR capabilities: IPv6 [true], sendfile [true], accept filters [false], random [true], UDS [true].
2022-07-17 20:07:15.782  INFO 25302 --- [restartedMain] o.a.catalina.core.AprLifecycleListener   : APR/OpenSSL configuration: useAprConnector [false], useOpenSSL [true]
2022-07-17 20:07:15.784  INFO 25302 --- [restartedMain] o.a.catalina.core.AprLifecycleListener   : OpenSSL successfully initialized [OpenSSL 1.1.1q  5 Jul 2022]
2022-07-17 20:07:15.791  INFO 25302 --- [restartedMain] o.apache.catalina.core.StandardService   : Starting service [Tomcat]
2022-07-17 20:07:15.792  INFO 25302 --- [restartedMain] org.apache.catalina.core.StandardEngine  : Starting Servlet engine: [Apache Tomcat/9.0.63]
2022-07-17 20:07:15.843  INFO 25302 --- [restartedMain] o.a.c.c.C.[.[localhost].[/graduate]      : Initializing Spring embedded WebApplicationContext
2022-07-17 20:07:15.844  INFO 25302 --- [restartedMain] w.s.c.ServletWebServerApplicationContext : Root WebApplicationContext: initialization completed in 1421 ms
2022-07-17 20:07:16.194  INFO 25302 --- [restartedMain] c.a.d.s.b.a.DruidDataSourceAutoConfigure : Init DruidDataSource
2022-07-17 20:07:16.586  INFO 25302 --- [restartedMain] com.alibaba.druid.pool.DruidDataSource   : {dataSource-1} inited
2022-07-17 20:07:17.269  INFO 25302 --- [restartedMain] o.s.s.web.DefaultSecurityFilterChain     : Will secure any request with [org.springframework.security.web.session.DisableEncodeUrlFilter@402a6628, org.springframework.security.web.context.request.async.WebAsyncManagerIntegrationFilter@1405748c, org.springframework.security.web.context.SecurityContextPersistenceFilter@1e641f7c, org.springframework.security.web.header.HeaderWriterFilter@3e9f4193, org.springframework.web.filter.CorsFilter@1517bda1, org.springframework.security.web.authentication.logout.LogoutFilter@363602d0, com.txy.graduate.security.filter.CaptcheFilter@ce6faa9, org.springframework.security.web.authentication.UsernamePasswordAuthenticationFilter@d7e8613, com.txy.graduate.security.filter.JWTFilter@62cf519c, org.springframework.security.web.savedrequest.RequestCacheAwareFilter@13c9b221, org.springframework.security.web.servletapi.SecurityContextHolderAwareRequestFilter@19da382b, org.springframework.security.web.authentication.AnonymousAuthenticationFilter@193df88c, org.springframework.security.web.session.SessionManagementFilter@5c24be6c, org.springframework.security.web.access.ExceptionTranslationFilter@3feaa606, org.springframework.security.web.access.intercept.FilterSecurityInterceptor@2bf58034]
2022-07-17 20:07:17.749  INFO 25302 --- [restartedMain] o.s.b.d.a.OptionalLiveReloadServer       : LiveReload server is running on port 35729
2022-07-17 20:07:17.797  INFO 25302 --- [restartedMain] o.s.b.w.embedded.tomcat.TomcatWebServer  : Tomcat started on port(s): 8080 (http) with context path '/graduate'
2022-07-17 20:07:17.809  INFO 25302 --- [restartedMain] com.txy.graduate.GraduateApplication     : Started GraduateApplication in 3.964 seconds (JVM running for 5.094)
2022-07-17 20:07:23.177  INFO 25302 --- [http-nio-8080-exec-1] o.a.c.c.C.[.[localhost].[/graduate]      : Initializing Spring DispatcherServlet 'dispatcherServlet'
2022-07-17 20:07:23.177  INFO 25302 --- [http-nio-8080-exec-1] o.s.web.servlet.DispatcherServlet        : Initializing Servlet 'dispatcherServlet'
2022-07-17 20:07:23.179  INFO 25302 --- [http-nio-8080-exec-1] o.s.web.servlet.DispatcherServlet        : Completed initialization in 2 ms
2022-07-17 20:23:14.536  INFO 25302 --- [SpringApplicationShutdownHook] com.alibaba.druid.pool.DruidDataSource   : {dataSource-1} closing ...
2022-07-17 20:23:14.539  INFO 25302 --- [SpringApplicationShutdownHook] com.alibaba.druid.pool.DruidDataSource   : {dataSource-1} closed
2022-07-17 20:24:07.130  INFO 25889 --- [restartedMain] com.txy.graduate.GraduateApplication     : Starting GraduateApplication using Java 17 on manjaro with PID 25889 (/home/flyme/桌面/生产实习/internship_cd/Graduate/target/classes started by flyme in /home/flyme/桌面/生产实习/internship_cd/Graduate)
2022-07-17 20:24:07.132  INFO 25889 --- [restartedMain] com.txy.graduate.GraduateApplication     : The following 1 profile is active: "dev"
2022-07-17 20:24:07.178  INFO 25889 --- [restartedMain] o.s.b.devtools.restart.ChangeableUrls    : The Class-Path manifest attribute in /home/flyme/.m2/repository/com/sun/xml/bind/jaxb-impl/2.2.5-b10/jaxb-impl-2.2.5-b10.jar referenced one or more files that do not exist: file:/home/flyme/.m2/repository/com/sun/xml/bind/jaxb-impl/2.2.5-b10/jaxb-api.jar,file:/home/flyme/.m2/repository/com/sun/xml/bind/jaxb-impl/2.2.5-b10/activation.jar,file:/home/flyme/.m2/repository/com/sun/xml/bind/jaxb-impl/2.2.5-b10/jsr173_1.0_api.jar,file:/home/flyme/.m2/repository/com/sun/xml/bind/jaxb-impl/2.2.5-b10/jaxb1-impl.jar
2022-07-17 20:24:07.178  INFO 25889 --- [restartedMain] .e.DevToolsPropertyDefaultsPostProcessor : Devtools property defaults active! Set 'spring.devtools.add-properties' to 'false' to disable
2022-07-17 20:24:07.178  INFO 25889 --- [restartedMain] .e.DevToolsPropertyDefaultsPostProcessor : For additional web related logging consider setting the 'logging.level.web' property to 'DEBUG'
2022-07-17 20:24:07.695  INFO 25889 --- [restartedMain] .s.d.r.c.RepositoryConfigurationDelegate : Multiple Spring Data modules found, entering strict repository configuration mode!
2022-07-17 20:24:07.696  INFO 25889 --- [restartedMain] .s.d.r.c.RepositoryConfigurationDelegate : Bootstrapping Spring Data Redis repositories in DEFAULT mode.
2022-07-17 20:24:07.715  INFO 25889 --- [restartedMain] .s.d.r.c.RepositoryConfigurationDelegate : Finished Spring Data repository scanning in 11 ms. Found 0 Redis repository interfaces.
2022-07-17 20:24:08.111  INFO 25889 --- [restartedMain] o.s.b.w.embedded.tomcat.TomcatWebServer  : Tomcat initialized with port(s): 8080 (http)
2022-07-17 20:24:08.111  INFO 25889 --- [restartedMain] o.a.catalina.core.AprLifecycleListener   : Loaded Apache Tomcat Native library [1.2.34] using APR version [1.7.0].
2022-07-17 20:24:08.112  INFO 25889 --- [restartedMain] o.a.catalina.core.AprLifecycleListener   : APR capabilities: IPv6 [true], sendfile [true], accept filters [false], random [true], UDS [true].
2022-07-17 20:24:08.112  INFO 25889 --- [restartedMain] o.a.catalina.core.AprLifecycleListener   : APR/OpenSSL configuration: useAprConnector [false], useOpenSSL [true]
2022-07-17 20:24:08.114  INFO 25889 --- [restartedMain] o.a.catalina.core.AprLifecycleListener   : OpenSSL successfully initialized [OpenSSL 1.1.1q  5 Jul 2022]
2022-07-17 20:24:08.119  INFO 25889 --- [restartedMain] o.apache.catalina.core.StandardService   : Starting service [Tomcat]
2022-07-17 20:24:08.119  INFO 25889 --- [restartedMain] org.apache.catalina.core.StandardEngine  : Starting Servlet engine: [Apache Tomcat/9.0.63]
2022-07-17 20:24:08.154  INFO 25889 --- [restartedMain] o.a.c.c.C.[.[localhost].[/graduate]      : Initializing Spring embedded WebApplicationContext
2022-07-17 20:24:08.154  INFO 25889 --- [restartedMain] w.s.c.ServletWebServerApplicationContext : Root WebApplicationContext: initialization completed in 976 ms
2022-07-17 20:24:08.412  INFO 25889 --- [restartedMain] c.a.d.s.b.a.DruidDataSourceAutoConfigure : Init DruidDataSource
2022-07-17 20:24:08.749  INFO 25889 --- [restartedMain] com.alibaba.druid.pool.DruidDataSource   : {dataSource-1} inited
2022-07-17 20:24:09.240  INFO 25889 --- [restartedMain] o.s.s.web.DefaultSecurityFilterChain     : Will secure any request with [org.springframework.security.web.session.DisableEncodeUrlFilter@5eba96c7, org.springframework.security.web.context.request.async.WebAsyncManagerIntegrationFilter@49acb13, org.springframework.security.web.context.SecurityContextPersistenceFilter@572f4eb2, org.springframework.security.web.header.HeaderWriterFilter@3bef060b, org.springframework.web.filter.CorsFilter@2070b252, org.springframework.security.web.authentication.logout.LogoutFilter@3d77820d, com.txy.graduate.security.filter.CaptcheFilter@33ca7aa, org.springframework.security.web.authentication.UsernamePasswordAuthenticationFilter@cdd5285, com.txy.graduate.security.filter.JWTFilter@5a76edae, org.springframework.security.web.savedrequest.RequestCacheAwareFilter@34747ed9, org.springframework.security.web.servletapi.SecurityContextHolderAwareRequestFilter@5aba77ae, org.springframework.security.web.authentication.AnonymousAuthenticationFilter@18031e27, org.springframework.security.web.session.SessionManagementFilter@76712a09, org.springframework.security.web.access.ExceptionTranslationFilter@5a040156, org.springframework.security.web.access.intercept.FilterSecurityInterceptor@5c337de8]
2022-07-17 20:24:09.631  INFO 25889 --- [restartedMain] o.s.b.d.a.OptionalLiveReloadServer       : LiveReload server is running on port 35729
2022-07-17 20:24:09.669  INFO 25889 --- [restartedMain] o.s.b.w.embedded.tomcat.TomcatWebServer  : Tomcat started on port(s): 8080 (http) with context path '/graduate'
2022-07-17 20:24:09.679  INFO 25889 --- [restartedMain] com.txy.graduate.GraduateApplication     : Started GraduateApplication in 2.857 seconds (JVM running for 3.403)
2022-07-17 20:24:15.136  INFO 25889 --- [http-nio-8080-exec-1] o.a.c.c.C.[.[localhost].[/graduate]      : Initializing Spring DispatcherServlet 'dispatcherServlet'
2022-07-17 20:24:15.137  INFO 25889 --- [http-nio-8080-exec-1] o.s.web.servlet.DispatcherServlet        : Initializing Servlet 'dispatcherServlet'
2022-07-17 20:24:15.138  INFO 25889 --- [http-nio-8080-exec-1] o.s.web.servlet.DispatcherServlet        : Completed initialization in 1 ms
2022-07-17 20:34:29.974  INFO 25889 --- [SpringApplicationShutdownHook] com.alibaba.druid.pool.DruidDataSource   : {dataSource-1} closing ...
2022-07-17 20:34:29.977  INFO 25889 --- [SpringApplicationShutdownHook] com.alibaba.druid.pool.DruidDataSource   : {dataSource-1} closed
2022-07-17 20:34:34.802  INFO 26302 --- [restartedMain] com.txy.graduate.GraduateApplication     : Starting GraduateApplication using Java 17 on manjaro with PID 26302 (/home/flyme/桌面/生产实习/internship_cd/Graduate/target/classes started by flyme in /home/flyme/桌面/生产实习/internship_cd/Graduate)
2022-07-17 20:34:34.838  INFO 26302 --- [restartedMain] com.txy.graduate.GraduateApplication     : The following 1 profile is active: "dev"
2022-07-17 20:34:35.041  INFO 26302 --- [restartedMain] o.s.b.devtools.restart.ChangeableUrls    : The Class-Path manifest attribute in /home/flyme/.m2/repository/com/sun/xml/bind/jaxb-impl/2.2.5-b10/jaxb-impl-2.2.5-b10.jar referenced one or more files that do not exist: file:/home/flyme/.m2/repository/com/sun/xml/bind/jaxb-impl/2.2.5-b10/jaxb-api.jar,file:/home/flyme/.m2/repository/com/sun/xml/bind/jaxb-impl/2.2.5-b10/activation.jar,file:/home/flyme/.m2/repository/com/sun/xml/bind/jaxb-impl/2.2.5-b10/jsr173_1.0_api.jar,file:/home/flyme/.m2/repository/com/sun/xml/bind/jaxb-impl/2.2.5-b10/jaxb1-impl.jar
2022-07-17 20:34:35.042  INFO 26302 --- [restartedMain] .e.DevToolsPropertyDefaultsPostProcessor : Devtools property defaults active! Set 'spring.devtools.add-properties' to 'false' to disable
2022-07-17 20:34:35.042  INFO 26302 --- [restartedMain] .e.DevToolsPropertyDefaultsPostProcessor : For additional web related logging consider setting the 'logging.level.web' property to 'DEBUG'
2022-07-17 20:34:35.831  INFO 26302 --- [restartedMain] .s.d.r.c.RepositoryConfigurationDelegate : Multiple Spring Data modules found, entering strict repository configuration mode!
2022-07-17 20:34:35.833  INFO 26302 --- [restartedMain] .s.d.r.c.RepositoryConfigurationDelegate : Bootstrapping Spring Data Redis repositories in DEFAULT mode.
2022-07-17 20:34:35.857  INFO 26302 --- [restartedMain] .s.d.r.c.RepositoryConfigurationDelegate : Finished Spring Data repository scanning in 14 ms. Found 0 Redis repository interfaces.
2022-07-17 20:34:36.367  INFO 26302 --- [restartedMain] o.s.b.w.embedded.tomcat.TomcatWebServer  : Tomcat initialized with port(s): 8080 (http)
2022-07-17 20:34:36.368  INFO 26302 --- [restartedMain] o.a.catalina.core.AprLifecycleListener   : Loaded Apache Tomcat Native library [1.2.34] using APR version [1.7.0].
2022-07-17 20:34:36.368  INFO 26302 --- [restartedMain] o.a.catalina.core.AprLifecycleListener   : APR capabilities: IPv6 [true], sendfile [true], accept filters [false], random [true], UDS [true].
2022-07-17 20:34:36.368  INFO 26302 --- [restartedMain] o.a.catalina.core.AprLifecycleListener   : APR/OpenSSL configuration: useAprConnector [false], useOpenSSL [true]
2022-07-17 20:34:36.370  INFO 26302 --- [restartedMain] o.a.catalina.core.AprLifecycleListener   : OpenSSL successfully initialized [OpenSSL 1.1.1q  5 Jul 2022]
2022-07-17 20:34:36.376  INFO 26302 --- [restartedMain] o.apache.catalina.core.StandardService   : Starting service [Tomcat]
2022-07-17 20:34:36.377  INFO 26302 --- [restartedMain] org.apache.catalina.core.StandardEngine  : Starting Servlet engine: [Apache Tomcat/9.0.63]
2022-07-17 20:34:36.424  INFO 26302 --- [restartedMain] o.a.c.c.C.[.[localhost].[/graduate]      : Initializing Spring embedded WebApplicationContext
2022-07-17 20:34:36.425  INFO 26302 --- [restartedMain] w.s.c.ServletWebServerApplicationContext : Root WebApplicationContext: initialization completed in 1382 ms
2022-07-17 20:34:36.730  INFO 26302 --- [restartedMain] c.a.d.s.b.a.DruidDataSourceAutoConfigure : Init DruidDataSource
2022-07-17 20:34:37.157  INFO 26302 --- [restartedMain] com.alibaba.druid.pool.DruidDataSource   : {dataSource-1} inited
2022-07-17 20:34:38.633  INFO 26302 --- [restartedMain] o.s.s.web.DefaultSecurityFilterChain     : Will secure any request with [org.springframework.security.web.session.DisableEncodeUrlFilter@33b13856, org.springframework.security.web.context.request.async.WebAsyncManagerIntegrationFilter@4a165c1c, org.springframework.security.web.context.SecurityContextPersistenceFilter@57e876d9, org.springframework.security.web.header.HeaderWriterFilter@6452fb81, org.springframework.web.filter.CorsFilter@290579e6, org.springframework.security.web.authentication.logout.LogoutFilter@22845010, com.txy.graduate.security.filter.CaptcheFilter@40cb7260, org.springframework.security.web.authentication.UsernamePasswordAuthenticationFilter@3094db2, com.txy.graduate.security.filter.JWTFilter@27cdc3eb, org.springframework.security.web.savedrequest.RequestCacheAwareFilter@15f1cf5, org.springframework.security.web.servletapi.SecurityContextHolderAwareRequestFilter@7333a055, org.springframework.security.web.authentication.AnonymousAuthenticationFilter@76963faf, org.springframework.security.web.session.SessionManagementFilter@5a1cc924, org.springframework.security.web.access.ExceptionTranslationFilter@4a249425, org.springframework.security.web.access.intercept.FilterSecurityInterceptor@6c68aa9e]
2022-07-17 20:34:39.223  INFO 26302 --- [restartedMain] o.s.b.d.a.OptionalLiveReloadServer       : LiveReload server is running on port 35729
2022-07-17 20:34:39.270  INFO 26302 --- [restartedMain] o.s.b.w.embedded.tomcat.TomcatWebServer  : Tomcat started on port(s): 8080 (http) with context path '/graduate'
2022-07-17 20:34:39.285  INFO 26302 --- [restartedMain] com.txy.graduate.GraduateApplication     : Started GraduateApplication in 5.119 seconds (JVM running for 5.979)
2022-07-17 20:36:31.011  INFO 26302 --- [SpringApplicationShutdownHook] com.alibaba.druid.pool.DruidDataSource   : {dataSource-1} closing ...
2022-07-17 20:36:31.015  INFO 26302 --- [SpringApplicationShutdownHook] com.alibaba.druid.pool.DruidDataSource   : {dataSource-1} closed
2022-07-17 20:36:35.438  INFO 26482 --- [restartedMain] com.txy.graduate.GraduateApplication     : Starting GraduateApplication using Java 17 on manjaro with PID 26482 (/home/flyme/桌面/生产实习/internship_cd/Graduate/target/classes started by flyme in /home/flyme/桌面/生产实习/internship_cd/Graduate)
2022-07-17 20:36:35.440  INFO 26482 --- [restartedMain] com.txy.graduate.GraduateApplication     : The following 1 profile is active: "dev"
2022-07-17 20:36:35.501  INFO 26482 --- [restartedMain] o.s.b.devtools.restart.ChangeableUrls    : The Class-Path manifest attribute in /home/flyme/.m2/repository/com/sun/xml/bind/jaxb-impl/2.2.5-b10/jaxb-impl-2.2.5-b10.jar referenced one or more files that do not exist: file:/home/flyme/.m2/repository/com/sun/xml/bind/jaxb-impl/2.2.5-b10/jaxb-api.jar,file:/home/flyme/.m2/repository/com/sun/xml/bind/jaxb-impl/2.2.5-b10/activation.jar,file:/home/flyme/.m2/repository/com/sun/xml/bind/jaxb-impl/2.2.5-b10/jsr173_1.0_api.jar,file:/home/flyme/.m2/repository/com/sun/xml/bind/jaxb-impl/2.2.5-b10/jaxb1-impl.jar
2022-07-17 20:36:35.501  INFO 26482 --- [restartedMain] .e.DevToolsPropertyDefaultsPostProcessor : Devtools property defaults active! Set 'spring.devtools.add-properties' to 'false' to disable
2022-07-17 20:36:35.501  INFO 26482 --- [restartedMain] .e.DevToolsPropertyDefaultsPostProcessor : For additional web related logging consider setting the 'logging.level.web' property to 'DEBUG'
2022-07-17 20:36:36.259  INFO 26482 --- [restartedMain] .s.d.r.c.RepositoryConfigurationDelegate : Multiple Spring Data modules found, entering strict repository configuration mode!
2022-07-17 20:36:36.261  INFO 26482 --- [restartedMain] .s.d.r.c.RepositoryConfigurationDelegate : Bootstrapping Spring Data Redis repositories in DEFAULT mode.
2022-07-17 20:36:36.285  INFO 26482 --- [restartedMain] .s.d.r.c.RepositoryConfigurationDelegate : Finished Spring Data repository scanning in 14 ms. Found 0 Redis repository interfaces.
2022-07-17 20:36:36.835  INFO 26482 --- [restartedMain] o.s.b.w.embedded.tomcat.TomcatWebServer  : Tomcat initialized with port(s): 8080 (http)
2022-07-17 20:36:36.836  INFO 26482 --- [restartedMain] o.a.catalina.core.AprLifecycleListener   : Loaded Apache Tomcat Native library [1.2.34] using APR version [1.7.0].
2022-07-17 20:36:36.837  INFO 26482 --- [restartedMain] o.a.catalina.core.AprLifecycleListener   : APR capabilities: IPv6 [true], sendfile [true], accept filters [false], random [true], UDS [true].
2022-07-17 20:36:36.837  INFO 26482 --- [restartedMain] o.a.catalina.core.AprLifecycleListener   : APR/OpenSSL configuration: useAprConnector [false], useOpenSSL [true]
2022-07-17 20:36:36.840  INFO 26482 --- [restartedMain] o.a.catalina.core.AprLifecycleListener   : OpenSSL successfully initialized [OpenSSL 1.1.1q  5 Jul 2022]
2022-07-17 20:36:36.846  INFO 26482 --- [restartedMain] o.apache.catalina.core.StandardService   : Starting service [Tomcat]
2022-07-17 20:36:36.846  INFO 26482 --- [restartedMain] org.apache.catalina.core.StandardEngine  : Starting Servlet engine: [Apache Tomcat/9.0.63]
2022-07-17 20:36:36.897  INFO 26482 --- [restartedMain] o.a.c.c.C.[.[localhost].[/graduate]      : Initializing Spring embedded WebApplicationContext
2022-07-17 20:36:36.898  INFO 26482 --- [restartedMain] w.s.c.ServletWebServerApplicationContext : Root WebApplicationContext: initialization completed in 1396 ms
2022-07-17 20:36:37.235  INFO 26482 --- [restartedMain] c.a.d.s.b.a.DruidDataSourceAutoConfigure : Init DruidDataSource
2022-07-17 20:36:37.636  INFO 26482 --- [restartedMain] com.alibaba.druid.pool.DruidDataSource   : {dataSource-1} inited
2022-07-17 20:36:38.190  INFO 26482 --- [restartedMain] o.s.s.web.DefaultSecurityFilterChain     : Will secure any request with [org.springframework.security.web.session.DisableEncodeUrlFilter@212b4ee1, org.springframework.security.web.context.request.async.WebAsyncManagerIntegrationFilter@8be3c00, org.springframework.security.web.context.SecurityContextPersistenceFilter@3477f633, org.springframework.security.web.header.HeaderWriterFilter@27361677, org.springframework.web.filter.CorsFilter@72c2060a, org.springframework.security.web.authentication.logout.LogoutFilter@5df67b66, com.txy.graduate.security.filter.CaptcheFilter@624afde5, org.springframework.security.web.authentication.UsernamePasswordAuthenticationFilter@c54dcdf, com.txy.graduate.security.filter.JWTFilter@734bed87, org.springframework.security.web.savedrequest.RequestCacheAwareFilter@2f58ad89, org.springframework.security.web.servletapi.SecurityContextHolderAwareRequestFilter@2092814, org.springframework.security.web.authentication.AnonymousAuthenticationFilter@73c9feb7, org.springframework.security.web.session.SessionManagementFilter@4a249425, org.springframework.security.web.access.ExceptionTranslationFilter@2ed5940f, org.springframework.security.web.access.intercept.FilterSecurityInterceptor@62e220bf]
2022-07-17 20:36:38.622  INFO 26482 --- [restartedMain] o.s.b.d.a.OptionalLiveReloadServer       : LiveReload server is running on port 35729
