2022-07-17 18:08:04.470  INFO 20662 --- [SpringApplicationShutdownHook] com.alibaba.druid.pool.DruidDataSource   : {dataSource-1} closing ...
2022-07-17 18:08:04.480  INFO 20662 --- [SpringApplicationShutdownHook] com.alibaba.druid.pool.DruidDataSource   : {dataSource-1} closed
2022-07-17 18:10:38.781  INFO 20819 --- [main] c.txy.graduate.mapper.StudentMapperTest  : Starting StudentMapperTest using Java 17 on manjaro with PID 20819 (started by flyme in /home/flyme/桌面/生产实习/internship_cd/Graduate)
2022-07-17 18:10:38.782  INFO 20819 --- [main] c.txy.graduate.mapper.StudentMapperTest  : The following 1 profile is active: "pro"
2022-07-17 18:10:39.545  INFO 20819 --- [main] .s.d.r.c.RepositoryConfigurationDelegate : Multiple Spring Data modules found, entering strict repository configuration mode!
2022-07-17 18:10:39.547  INFO 20819 --- [main] .s.d.r.c.RepositoryConfigurationDelegate : Bootstrapping Spring Data Redis repositories in DEFAULT mode.
2022-07-17 18:10:39.583  INFO 20819 --- [main] .s.d.r.c.RepositoryConfigurationDelegate : Finished Spring Data repository scanning in 20 ms. Found 0 Redis repository interfaces.
2022-07-17 18:10:40.217  INFO 20819 --- [main] c.a.d.s.b.a.DruidDataSourceAutoConfigure : Init DruidDataSource
2022-07-17 18:10:40.790  INFO 20819 --- [main] com.alibaba.druid.pool.DruidDataSource   : {dataSource-1} inited
2022-07-17 18:10:42.164  INFO 20819 --- [main] o.s.s.web.DefaultSecurityFilterChain     : Will secure any request with [org.springframework.security.web.session.DisableEncodeUrlFilter@4e20a985, org.springframework.security.web.context.request.async.WebAsyncManagerIntegrationFilter@56e8a8a0, org.springframework.security.web.context.SecurityContextPersistenceFilter@66dd04e2, org.springframework.security.web.header.HeaderWriterFilter@74badf19, org.springframework.web.filter.CorsFilter@6071631f, org.springframework.security.web.authentication.logout.LogoutFilter@2aa0feb2, com.txy.graduate.security.filter.CaptcheFilter@2ca132ad, org.springframework.security.web.authentication.UsernamePasswordAuthenticationFilter@5dba3fdc, com.txy.graduate.security.filter.JWTFilter@6706da3d, org.springframework.security.web.savedrequest.RequestCacheAwareFilter@6eded11a, org.springframework.security.web.servletapi.SecurityContextHolderAwareRequestFilter@5de335cf, org.springframework.security.web.authentication.AnonymousAuthenticationFilter@7438c3d5, org.springframework.security.web.session.SessionManagementFilter@2a510e0e, org.springframework.security.web.access.ExceptionTranslationFilter@51468039, org.springframework.security.web.access.intercept.FilterSecurityInterceptor@2a6c751f]
2022-07-17 18:10:43.513  INFO 20819 --- [main] c.txy.graduate.mapper.StudentMapperTest  : Started StudentMapperTest in 5.077 seconds (JVM running for 6.1)
2022-07-17 18:10:44.157  INFO 20819 --- [SpringApplicationShutdownHook] com.alibaba.druid.pool.DruidDataSource   : {dataSource-1} closing ...
2022-07-17 18:10:44.164  INFO 20819 --- [SpringApplicationShutdownHook] com.alibaba.druid.pool.DruidDataSource   : {dataSource-1} closed
2022-07-17 18:12:21.675  INFO 20948 --- [main] c.txy.graduate.mapper.StudentMapperTest  : Starting StudentMapperTest using Java 17 on manjaro with PID 20948 (started by flyme in /home/flyme/桌面/生产实习/internship_cd/Graduate)
2022-07-17 18:12:21.676  INFO 20948 --- [main] c.txy.graduate.mapper.StudentMapperTest  : The following 1 profile is active: "pro"
2022-07-17 18:12:22.511  INFO 20948 --- [main] .s.d.r.c.RepositoryConfigurationDelegate : Multiple Spring Data modules found, entering strict repository configuration mode!
2022-07-17 18:12:22.514  INFO 20948 --- [main] .s.d.r.c.RepositoryConfigurationDelegate : Bootstrapping Spring Data Redis repositories in DEFAULT mode.
2022-07-17 18:12:22.549  INFO 20948 --- [main] .s.d.r.c.RepositoryConfigurationDelegate : Finished Spring Data repository scanning in 20 ms. Found 0 Redis repository interfaces.
2022-07-17 18:12:23.177  INFO 20948 --- [main] c.a.d.s.b.a.DruidDataSourceAutoConfigure : Init DruidDataSource
2022-07-17 18:12:23.839  INFO 20948 --- [main] com.alibaba.druid.pool.DruidDataSource   : {dataSource-1} inited
2022-07-17 18:12:25.025  INFO 20948 --- [main] o.s.s.web.DefaultSecurityFilterChain     : Will secure any request with [org.springframework.security.web.session.DisableEncodeUrlFilter@62cf86d6, org.springframework.security.web.context.request.async.WebAsyncManagerIntegrationFilter@2a6c751f, org.springframework.security.web.context.SecurityContextPersistenceFilter@18dbc1b, org.springframework.security.web.header.HeaderWriterFilter@51468039, org.springframework.web.filter.CorsFilter@6dd2e453, org.springframework.security.web.authentication.logout.LogoutFilter@103478b8, com.txy.graduate.security.filter.CaptcheFilter@433b1597, org.springframework.security.web.authentication.UsernamePasswordAuthenticationFilter@39f68aec, com.txy.graduate.security.filter.JWTFilter@5d5cd210, org.springframework.security.web.savedrequest.RequestCacheAwareFilter@4efe014f, org.springframework.security.web.servletapi.SecurityContextHolderAwareRequestFilter@66dd04e2, org.springframework.security.web.authentication.AnonymousAuthenticationFilter@14d18029, org.springframework.security.web.session.SessionManagementFilter@1b36d248, org.springframework.security.web.access.ExceptionTranslationFilter@5da3f32a, org.springframework.security.web.access.intercept.FilterSecurityInterceptor@301d84f6]
2022-07-17 18:12:26.105  INFO 20948 --- [main] c.txy.graduate.mapper.StudentMapperTest  : Started StudentMapperTest in 4.743 seconds (JVM running for 5.885)
2022-07-17 18:12:26.580  INFO 20948 --- [SpringApplicationShutdownHook] com.alibaba.druid.pool.DruidDataSource   : {dataSource-1} closing ...
2022-07-17 18:12:26.584  INFO 20948 --- [SpringApplicationShutdownHook] com.alibaba.druid.pool.DruidDataSource   : {dataSource-1} closed
2022-07-17 18:13:25.659  INFO 21047 --- [main] c.txy.graduate.mapper.StudentMapperTest  : Starting StudentMapperTest using Java 17 on manjaro with PID 21047 (started by flyme in /home/flyme/桌面/生产实习/internship_cd/Graduate)
2022-07-17 18:13:25.661  INFO 21047 --- [main] c.txy.graduate.mapper.StudentMapperTest  : The following 1 profile is active: "pro"
2022-07-17 18:13:26.484  INFO 21047 --- [main] .s.d.r.c.RepositoryConfigurationDelegate : Multiple Spring Data modules found, entering strict repository configuration mode!
2022-07-17 18:13:26.486  INFO 21047 --- [main] .s.d.r.c.RepositoryConfigurationDelegate : Bootstrapping Spring Data Redis repositories in DEFAULT mode.
2022-07-17 18:13:26.518  INFO 21047 --- [main] .s.d.r.c.RepositoryConfigurationDelegate : Finished Spring Data repository scanning in 18 ms. Found 0 Redis repository interfaces.
2022-07-17 18:13:27.104  INFO 21047 --- [main] c.a.d.s.b.a.DruidDataSourceAutoConfigure : Init DruidDataSource
2022-07-17 18:13:27.796  INFO 21047 --- [main] com.alibaba.druid.pool.DruidDataSource   : {dataSource-1} inited
2022-07-17 18:13:29.716  INFO 21047 --- [main] o.s.s.web.DefaultSecurityFilterChain     : Will secure any request with [org.springframework.security.web.session.DisableEncodeUrlFilter@14d18029, org.springframework.security.web.context.request.async.WebAsyncManagerIntegrationFilter@6edb1e9c, org.springframework.security.web.context.SecurityContextPersistenceFilter@7c5ac0, org.springframework.security.web.header.HeaderWriterFilter@499c4d61, org.springframework.web.filter.CorsFilter@75d7297d, org.springframework.security.web.authentication.logout.LogoutFilter@65ff4b8c, com.txy.graduate.security.filter.CaptcheFilter@4e20a985, org.springframework.security.web.authentication.UsernamePasswordAuthenticationFilter@351c6341, com.txy.graduate.security.filter.JWTFilter@56e8a8a0, org.springframework.security.web.savedrequest.RequestCacheAwareFilter@66dd04e2, org.springframework.security.web.servletapi.SecurityContextHolderAwareRequestFilter@4b511e61, org.springframework.security.web.authentication.AnonymousAuthenticationFilter@6071631f, org.springframework.security.web.session.SessionManagementFilter@18dbc1b, org.springframework.security.web.access.ExceptionTranslationFilter@225ddf5f, org.springframework.security.web.access.intercept.FilterSecurityInterceptor@57920d6c]
2022-07-17 18:13:31.157  INFO 21047 --- [main] c.txy.graduate.mapper.StudentMapperTest  : Started StudentMapperTest in 5.878 seconds (JVM running for 7.029)
2022-07-17 18:13:31.761  INFO 21047 --- [SpringApplicationShutdownHook] com.alibaba.druid.pool.DruidDataSource   : {dataSource-1} closing ...
2022-07-17 18:13:31.768  INFO 21047 --- [SpringApplicationShutdownHook] com.alibaba.druid.pool.DruidDataSource   : {dataSource-1} closed
2022-07-17 18:15:06.445  INFO 21162 --- [main] c.txy.graduate.mapper.StudentMapperTest  : Starting StudentMapperTest using Java 17 on manjaro with PID 21162 (started by flyme in /home/flyme/桌面/生产实习/internship_cd/Graduate)
2022-07-17 18:15:06.446  INFO 21162 --- [main] c.txy.graduate.mapper.StudentMapperTest  : The following 1 profile is active: "pro"
2022-07-17 18:15:07.431  INFO 21162 --- [main] .s.d.r.c.RepositoryConfigurationDelegate : Multiple Spring Data modules found, entering strict repository configuration mode!
2022-07-17 18:15:07.434  INFO 21162 --- [main] .s.d.r.c.RepositoryConfigurationDelegate : Bootstrapping Spring Data Redis repositories in DEFAULT mode.
2022-07-17 18:15:07.469  INFO 21162 --- [main] .s.d.r.c.RepositoryConfigurationDelegate : Finished Spring Data repository scanning in 19 ms. Found 0 Redis repository interfaces.
2022-07-17 18:15:08.259  INFO 21162 --- [main] c.a.d.s.b.a.DruidDataSourceAutoConfigure : Init DruidDataSource
2022-07-17 18:15:09.183  INFO 21162 --- [main] com.alibaba.druid.pool.DruidDataSource   : {dataSource-1} inited
2022-07-17 18:15:11.338  INFO 21162 --- [main] o.s.s.web.DefaultSecurityFilterChain     : Will secure any request with [org.springframework.security.web.session.DisableEncodeUrlFilter@6071631f, org.springframework.security.web.context.request.async.WebAsyncManagerIntegrationFilter@2ca132ad, org.springframework.security.web.context.SecurityContextPersistenceFilter@6a7aa675, org.springframework.security.web.header.HeaderWriterFilter@8315e4a, org.springframework.web.filter.CorsFilter@6706da3d, org.springframework.security.web.authentication.logout.LogoutFilter@32069394, com.txy.graduate.security.filter.CaptcheFilter@7438c3d5, org.springframework.security.web.authentication.UsernamePasswordAuthenticationFilter@df6f19b, com.txy.graduate.security.filter.JWTFilter@1fba3fd6, org.springframework.security.web.savedrequest.RequestCacheAwareFilter@4b511e61, org.springframework.security.web.servletapi.SecurityContextHolderAwareRequestFilter@50e8ed74, org.springframework.security.web.authentication.AnonymousAuthenticationFilter@3aab42d6, org.springframework.security.web.session.SessionManagementFilter@7c5ac0, org.springframework.security.web.access.ExceptionTranslationFilter@7e94de5f, org.springframework.security.web.access.intercept.FilterSecurityInterceptor@433b1597]
2022-07-17 18:15:12.706  INFO 21162 --- [main] c.txy.graduate.mapper.StudentMapperTest  : Started StudentMapperTest in 6.637 seconds (JVM running for 7.676)
2022-07-17 18:15:13.518  INFO 21162 --- [SpringApplicationShutdownHook] com.alibaba.druid.pool.DruidDataSource   : {dataSource-1} closing ...
2022-07-17 18:15:13.525  INFO 21162 --- [SpringApplicationShutdownHook] com.alibaba.druid.pool.DruidDataSource   : {dataSource-1} closed
2022-07-17 18:16:28.868  INFO 21268 --- [main] c.txy.graduate.mapper.StudentMapperTest  : Starting StudentMapperTest using Java 17 on manjaro with PID 21268 (started by flyme in /home/flyme/桌面/生产实习/internship_cd/Graduate)
2022-07-17 18:16:28.870  INFO 21268 --- [main] c.txy.graduate.mapper.StudentMapperTest  : The following 1 profile is active: "pro"
2022-07-17 18:16:29.705  INFO 21268 --- [main] .s.d.r.c.RepositoryConfigurationDelegate : Multiple Spring Data modules found, entering strict repository configuration mode!
2022-07-17 18:16:29.707  INFO 21268 --- [main] .s.d.r.c.RepositoryConfigurationDelegate : Bootstrapping Spring Data Redis repositories in DEFAULT mode.
2022-07-17 18:16:29.736  INFO 21268 --- [main] .s.d.r.c.RepositoryConfigurationDelegate : Finished Spring Data repository scanning in 16 ms. Found 0 Redis repository interfaces.
2022-07-17 18:16:30.308  INFO 21268 --- [main] c.a.d.s.b.a.DruidDataSourceAutoConfigure : Init DruidDataSource
2022-07-17 18:16:30.920  INFO 21268 --- [main] com.alibaba.druid.pool.DruidDataSource   : {dataSource-1} inited
2022-07-17 18:16:32.213  INFO 21268 --- [main] o.s.s.web.DefaultSecurityFilterChain     : Will secure any request with [org.springframework.security.web.session.DisableEncodeUrlFilter@106802ea, org.springframework.security.web.context.request.async.WebAsyncManagerIntegrationFilter@785ef70f, org.springframework.security.web.context.SecurityContextPersistenceFilter@45832b85, org.springframework.security.web.header.HeaderWriterFilter@1e029a04, org.springframework.web.filter.CorsFilter@3d8bd881, org.springframework.security.web.authentication.logout.LogoutFilter@3856d0cb, com.txy.graduate.security.filter.CaptcheFilter@731ab49b, org.springframework.security.web.authentication.UsernamePasswordAuthenticationFilter@515c732d, com.txy.graduate.security.filter.JWTFilter@23358740, org.springframework.security.web.savedrequest.RequestCacheAwareFilter@56b704ea, org.springframework.security.web.servletapi.SecurityContextHolderAwareRequestFilter@278cb145, org.springframework.security.web.authentication.AnonymousAuthenticationFilter@2cdcfaa6, org.springframework.security.web.session.SessionManagementFilter@3063be68, org.springframework.security.web.access.ExceptionTranslationFilter@6eded11a, org.springframework.security.web.access.intercept.FilterSecurityInterceptor@17332039]
2022-07-17 18:16:33.436  INFO 21268 --- [main] c.txy.graduate.mapper.StudentMapperTest  : Started StudentMapperTest in 4.889 seconds (JVM running for 5.925)
2022-07-17 18:16:34.097  INFO 21268 --- [SpringApplicationShutdownHook] com.alibaba.druid.pool.DruidDataSource   : {dataSource-1} closing ...
2022-07-17 18:16:34.102  INFO 21268 --- [SpringApplicationShutdownHook] com.alibaba.druid.pool.DruidDataSource   : {dataSource-1} closed
2022-07-17 18:17:23.653  INFO 21369 --- [main] c.txy.graduate.mapper.StudentMapperTest  : Starting StudentMapperTest using Java 17 on manjaro with PID 21369 (started by flyme in /home/flyme/桌面/生产实习/internship_cd/Graduate)
2022-07-17 18:17:23.654  INFO 21369 --- [main] c.txy.graduate.mapper.StudentMapperTest  : The following 1 profile is active: "pro"
2022-07-17 18:17:24.303  INFO 21369 --- [main] .s.d.r.c.RepositoryConfigurationDelegate : Multiple Spring Data modules found, entering strict repository configuration mode!
2022-07-17 18:17:24.305  INFO 21369 --- [main] .s.d.r.c.RepositoryConfigurationDelegate : Bootstrapping Spring Data Redis repositories in DEFAULT mode.
2022-07-17 18:17:24.327  INFO 21369 --- [main] .s.d.r.c.RepositoryConfigurationDelegate : Finished Spring Data repository scanning in 12 ms. Found 0 Redis repository interfaces.
2022-07-17 18:17:24.854  INFO 21369 --- [main] c.a.d.s.b.a.DruidDataSourceAutoConfigure : Init DruidDataSource
2022-07-17 18:17:25.426  INFO 21369 --- [main] com.alibaba.druid.pool.DruidDataSource   : {dataSource-1} inited
2022-07-17 18:17:26.607  INFO 21369 --- [main] o.s.s.web.DefaultSecurityFilterChain     : Will secure any request with [org.springframework.security.web.session.DisableEncodeUrlFilter@7438c3d5, org.springframework.security.web.context.request.async.WebAsyncManagerIntegrationFilter@1fba3fd6, org.springframework.security.web.context.SecurityContextPersistenceFilter@4b511e61, org.springframework.security.web.header.HeaderWriterFilter@7c5ac0, org.springframework.web.filter.CorsFilter@3aab42d6, org.springframework.security.web.authentication.logout.LogoutFilter@bea5941, com.txy.graduate.security.filter.CaptcheFilter@6badb08c, org.springframework.security.web.authentication.UsernamePasswordAuthenticationFilter@3835d3fd, com.txy.graduate.security.filter.JWTFilter@5939f047, org.springframework.security.web.savedrequest.RequestCacheAwareFilter@5de335cf, org.springframework.security.web.servletapi.SecurityContextHolderAwareRequestFilter@3a3bc0da, org.springframework.security.web.authentication.AnonymousAuthenticationFilter@17332039, org.springframework.security.web.session.SessionManagementFilter@66dd04e2, org.springframework.security.web.access.ExceptionTranslationFilter@59b3f754, org.springframework.security.web.access.intercept.FilterSecurityInterceptor@6edb1e9c]
2022-07-17 18:17:27.958  INFO 21369 --- [main] c.txy.graduate.mapper.StudentMapperTest  : Started StudentMapperTest in 4.599 seconds (JVM running for 5.613)
2022-07-17 18:17:28.507  INFO 21369 --- [SpringApplicationShutdownHook] com.alibaba.druid.pool.DruidDataSource   : {dataSource-1} closing ...
2022-07-17 18:17:28.512  INFO 21369 --- [SpringApplicationShutdownHook] com.alibaba.druid.pool.DruidDataSource   : {dataSource-1} closed
2022-07-17 18:18:29.670  INFO 21474 --- [main] c.txy.graduate.mapper.StudentMapperTest  : Starting StudentMapperTest using Java 17 on manjaro with PID 21474 (started by flyme in /home/flyme/桌面/生产实习/internship_cd/Graduate)
2022-07-17 18:18:29.671  INFO 21474 --- [main] c.txy.graduate.mapper.StudentMapperTest  : The following 1 profile is active: "pro"
2022-07-17 18:18:30.560  INFO 21474 --- [main] .s.d.r.c.RepositoryConfigurationDelegate : Multiple Spring Data modules found, entering strict repository configuration mode!
2022-07-17 18:18:30.563  INFO 21474 --- [main] .s.d.r.c.RepositoryConfigurationDelegate : Bootstrapping Spring Data Redis repositories in DEFAULT mode.
2022-07-17 18:18:30.596  INFO 21474 --- [main] .s.d.r.c.RepositoryConfigurationDelegate : Finished Spring Data repository scanning in 17 ms. Found 0 Redis repository interfaces.
2022-07-17 18:18:31.393  INFO 21474 --- [main] c.a.d.s.b.a.DruidDataSourceAutoConfigure : Init DruidDataSource
2022-07-17 18:18:32.206  INFO 21474 --- [main] com.alibaba.druid.pool.DruidDataSource   : {dataSource-1} inited
2022-07-17 18:18:33.855  INFO 21474 --- [main] o.s.s.web.DefaultSecurityFilterChain     : Will secure any request with [org.springframework.security.web.session.DisableEncodeUrlFilter@6071631f, org.springframework.security.web.context.request.async.WebAsyncManagerIntegrationFilter@2ca132ad, org.springframework.security.web.context.SecurityContextPersistenceFilter@6a7aa675, org.springframework.security.web.header.HeaderWriterFilter@8315e4a, org.springframework.web.filter.CorsFilter@6706da3d, org.springframework.security.web.authentication.logout.LogoutFilter@32069394, com.txy.graduate.security.filter.CaptcheFilter@7438c3d5, org.springframework.security.web.authentication.UsernamePasswordAuthenticationFilter@df6f19b, com.txy.graduate.security.filter.JWTFilter@1fba3fd6, org.springframework.security.web.savedrequest.RequestCacheAwareFilter@4b511e61, org.springframework.security.web.servletapi.SecurityContextHolderAwareRequestFilter@50e8ed74, org.springframework.security.web.authentication.AnonymousAuthenticationFilter@3aab42d6, org.springframework.security.web.session.SessionManagementFilter@7c5ac0, org.springframework.security.web.access.ExceptionTranslationFilter@7e94de5f, org.springframework.security.web.access.intercept.FilterSecurityInterceptor@433b1597]
2022-07-17 18:18:35.191  INFO 21474 --- [main] c.txy.graduate.mapper.StudentMapperTest  : Started StudentMapperTest in 5.856 seconds (JVM running for 6.932)
2022-07-17 18:18:35.888  INFO 21474 --- [SpringApplicationShutdownHook] com.alibaba.druid.pool.DruidDataSource   : {dataSource-1} closing ...
2022-07-17 18:18:35.895  INFO 21474 --- [SpringApplicationShutdownHook] com.alibaba.druid.pool.DruidDataSource   : {dataSource-1} closed
2022-07-17 18:19:22.971  INFO 21594 --- [main] c.txy.graduate.mapper.StudentMapperTest  : Starting StudentMapperTest using Java 17 on manjaro with PID 21594 (started by flyme in /home/flyme/桌面/生产实习/internship_cd/Graduate)
2022-07-17 18:19:22.973  INFO 21594 --- [main] c.txy.graduate.mapper.StudentMapperTest  : The following 1 profile is active: "pro"
2022-07-17 18:19:23.735  INFO 21594 --- [main] .s.d.r.c.RepositoryConfigurationDelegate : Multiple Spring Data modules found, entering strict repository configuration mode!
2022-07-17 18:19:23.738  INFO 21594 --- [main] .s.d.r.c.RepositoryConfigurationDelegate : Bootstrapping Spring Data Redis repositories in DEFAULT mode.
2022-07-17 18:19:23.763  INFO 21594 --- [main] .s.d.r.c.RepositoryConfigurationDelegate : Finished Spring Data repository scanning in 13 ms. Found 0 Redis repository interfaces.
2022-07-17 18:19:24.362  INFO 21594 --- [main] c.a.d.s.b.a.DruidDataSourceAutoConfigure : Init DruidDataSource
2022-07-17 18:19:24.948  INFO 21594 --- [main] com.alibaba.druid.pool.DruidDataSource   : {dataSource-1} inited
2022-07-17 18:19:26.332  INFO 21594 --- [main] o.s.s.web.DefaultSecurityFilterChain     : Will secure any request with [org.springframework.security.web.session.DisableEncodeUrlFilter@4e20a985, org.springframework.security.web.context.request.async.WebAsyncManagerIntegrationFilter@56e8a8a0, org.springframework.security.web.context.SecurityContextPersistenceFilter@66dd04e2, org.springframework.security.web.header.HeaderWriterFilter@74badf19, org.springframework.web.filter.CorsFilter@6071631f, org.springframework.security.web.authentication.logout.LogoutFilter@2aa0feb2, com.txy.graduate.security.filter.CaptcheFilter@2ca132ad, org.springframework.security.web.authentication.UsernamePasswordAuthenticationFilter@5dba3fdc, com.txy.graduate.security.filter.JWTFilter@6706da3d, org.springframework.security.web.savedrequest.RequestCacheAwareFilter@6eded11a, org.springframework.security.web.servletapi.SecurityContextHolderAwareRequestFilter@5de335cf, org.springframework.security.web.authentication.AnonymousAuthenticationFilter@7438c3d5, org.springframework.security.web.session.SessionManagementFilter@2a510e0e, org.springframework.security.web.access.ExceptionTranslationFilter@51468039, org.springframework.security.web.access.intercept.FilterSecurityInterceptor@2a6c751f]
2022-07-17 18:19:27.590  INFO 21594 --- [main] c.txy.graduate.mapper.StudentMapperTest  : Started StudentMapperTest in 4.979 seconds (JVM running for 6.102)
2022-07-17 18:19:28.183  INFO 21594 --- [SpringApplicationShutdownHook] com.alibaba.druid.pool.DruidDataSource   : {dataSource-1} closing ...
2022-07-17 18:19:28.189  INFO 21594 --- [SpringApplicationShutdownHook] com.alibaba.druid.pool.DruidDataSource   : {dataSource-1} closed
2022-07-17 18:20:09.898  INFO 21685 --- [main] c.t.graduate.service.StudentServiceTest  : Starting StudentServiceTest using Java 17 on manjaro with PID 21685 (started by flyme in /home/flyme/桌面/生产实习/internship_cd/Graduate)
2022-07-17 18:20:09.899  INFO 21685 --- [main] c.t.graduate.service.StudentServiceTest  : The following 1 profile is active: "pro"
2022-07-17 18:20:10.829  INFO 21685 --- [main] .s.d.r.c.RepositoryConfigurationDelegate : Multiple Spring Data modules found, entering strict repository configuration mode!
2022-07-17 18:20:10.832  INFO 21685 --- [main] .s.d.r.c.RepositoryConfigurationDelegate : Bootstrapping Spring Data Redis repositories in DEFAULT mode.
2022-07-17 18:20:10.877  INFO 21685 --- [main] .s.d.r.c.RepositoryConfigurationDelegate : Finished Spring Data repository scanning in 26 ms. Found 0 Redis repository interfaces.
2022-07-17 18:20:11.658  INFO 21685 --- [main] c.a.d.s.b.a.DruidDataSourceAutoConfigure : Init DruidDataSource
2022-07-17 18:20:12.520  INFO 21685 --- [main] com.alibaba.druid.pool.DruidDataSource   : {dataSource-1} inited
2022-07-17 18:20:14.142  INFO 21685 --- [main] o.s.s.web.DefaultSecurityFilterChain     : Will secure any request with [org.springframework.security.web.session.DisableEncodeUrlFilter@62cf86d6, org.springframework.security.web.context.request.async.WebAsyncManagerIntegrationFilter@2a6c751f, org.springframework.security.web.context.SecurityContextPersistenceFilter@18dbc1b, org.springframework.security.web.header.HeaderWriterFilter@51468039, org.springframework.web.filter.CorsFilter@6dd2e453, org.springframework.security.web.authentication.logout.LogoutFilter@103478b8, com.txy.graduate.security.filter.CaptcheFilter@433b1597, org.springframework.security.web.authentication.UsernamePasswordAuthenticationFilter@39f68aec, com.txy.graduate.security.filter.JWTFilter@5d5cd210, org.springframework.security.web.savedrequest.RequestCacheAwareFilter@4efe014f, org.springframework.security.web.servletapi.SecurityContextHolderAwareRequestFilter@66dd04e2, org.springframework.security.web.authentication.AnonymousAuthenticationFilter@14d18029, org.springframework.security.web.session.SessionManagementFilter@1b36d248, org.springframework.security.web.access.ExceptionTranslationFilter@5da3f32a, org.springframework.security.web.access.intercept.FilterSecurityInterceptor@301d84f6]
2022-07-17 18:20:15.608  INFO 21685 --- [main] c.t.graduate.service.StudentServiceTest  : Started StudentServiceTest in 6.025 seconds (JVM running for 7.118)
2022-07-17 18:20:16.262  INFO 21685 --- [SpringApplicationShutdownHook] com.alibaba.druid.pool.DruidDataSource   : {dataSource-1} closing ...
2022-07-17 18:20:16.267  INFO 21685 --- [SpringApplicationShutdownHook] com.alibaba.druid.pool.DruidDataSource   : {dataSource-1} closed
2022-07-17 18:28:53.818  INFO 21920 --- [main] c.t.graduate.service.StudentServiceTest  : Starting StudentServiceTest using Java 17 on manjaro with PID 21920 (started by flyme in /home/flyme/桌面/生产实习/internship_cd/Graduate)
2022-07-17 18:28:53.819  INFO 21920 --- [main] c.t.graduate.service.StudentServiceTest  : The following 1 profile is active: "pro"
2022-07-17 18:28:54.466  INFO 21920 --- [main] .s.d.r.c.RepositoryConfigurationDelegate : Multiple Spring Data modules found, entering strict repository configuration mode!
2022-07-17 18:28:54.467  INFO 21920 --- [main] .s.d.r.c.RepositoryConfigurationDelegate : Bootstrapping Spring Data Redis repositories in DEFAULT mode.
2022-07-17 18:28:54.490  INFO 21920 --- [main] .s.d.r.c.RepositoryConfigurationDelegate : Finished Spring Data repository scanning in 12 ms. Found 0 Redis repository interfaces.
2022-07-17 18:28:54.993  INFO 21920 --- [main] c.a.d.s.b.a.DruidDataSourceAutoConfigure : Init DruidDataSource
2022-07-17 18:28:55.528  INFO 21920 --- [main] com.alibaba.druid.pool.DruidDataSource   : {dataSource-1} inited
2022-07-17 18:28:56.614  INFO 21920 --- [main] o.s.s.web.DefaultSecurityFilterChain     : Will secure any request with [org.springframework.security.web.session.DisableEncodeUrlFilter@62cf86d6, org.springframework.security.web.context.request.async.WebAsyncManagerIntegrationFilter@2a6c751f, org.springframework.security.web.context.SecurityContextPersistenceFilter@18dbc1b, org.springframework.security.web.header.HeaderWriterFilter@51468039, org.springframework.web.filter.CorsFilter@6dd2e453, org.springframework.security.web.authentication.logout.LogoutFilter@103478b8, com.txy.graduate.security.filter.CaptcheFilter@433b1597, org.springframework.security.web.authentication.UsernamePasswordAuthenticationFilter@39f68aec, com.txy.graduate.security.filter.JWTFilter@5d5cd210, org.springframework.security.web.savedrequest.RequestCacheAwareFilter@4efe014f, org.springframework.security.web.servletapi.SecurityContextHolderAwareRequestFilter@66dd04e2, org.springframework.security.web.authentication.AnonymousAuthenticationFilter@14d18029, org.springframework.security.web.session.SessionManagementFilter@1b36d248, org.springframework.security.web.access.ExceptionTranslationFilter@5da3f32a, org.springframework.security.web.access.intercept.FilterSecurityInterceptor@301d84f6]
2022-07-17 18:28:57.541  INFO 21920 --- [main] c.t.graduate.service.StudentServiceTest  : Started StudentServiceTest in 4.007 seconds (JVM running for 4.99)
2022-07-17 18:28:58.053  INFO 21920 --- [SpringApplicationShutdownHook] com.alibaba.druid.pool.DruidDataSource   : {dataSource-1} closing ...
2022-07-17 18:28:58.059  INFO 21920 --- [SpringApplicationShutdownHook] com.alibaba.druid.pool.DruidDataSource   : {dataSource-1} closed
2022-07-17 18:33:31.246  INFO 22075 --- [main] c.t.graduate.service.StudentServiceTest  : Starting StudentServiceTest using Java 17 on manjaro with PID 22075 (started by flyme in /home/flyme/桌面/生产实习/internship_cd/Graduate)
2022-07-17 18:33:31.247  INFO 22075 --- [main] c.t.graduate.service.StudentServiceTest  : The following 1 profile is active: "pro"
2022-07-17 18:33:32.154  INFO 22075 --- [main] .s.d.r.c.RepositoryConfigurationDelegate : Multiple Spring Data modules found, entering strict repository configuration mode!
2022-07-17 18:33:32.157  INFO 22075 --- [main] .s.d.r.c.RepositoryConfigurationDelegate : Bootstrapping Spring Data Redis repositories in DEFAULT mode.
2022-07-17 18:33:32.190  INFO 22075 --- [main] .s.d.r.c.RepositoryConfigurationDelegate : Finished Spring Data repository scanning in 18 ms. Found 0 Redis repository interfaces.
2022-07-17 18:33:33.072  INFO 22075 --- [main] c.a.d.s.b.a.DruidDataSourceAutoConfigure : Init DruidDataSource
2022-07-17 18:33:33.948  INFO 22075 --- [main] com.alibaba.druid.pool.DruidDataSource   : {dataSource-1} inited
2022-07-17 18:33:35.612  INFO 22075 --- [main] o.s.s.web.DefaultSecurityFilterChain     : Will secure any request with [org.springframework.security.web.session.DisableEncodeUrlFilter@301d84f6, org.springframework.security.web.context.request.async.WebAsyncManagerIntegrationFilter@6f80cf5, org.springframework.security.web.context.SecurityContextPersistenceFilter@1d654b5f, org.springframework.security.web.header.HeaderWriterFilter@166ddfb7, org.springframework.web.filter.CorsFilter@674ed201, org.springframework.security.web.authentication.logout.LogoutFilter@74eab077, com.txy.graduate.security.filter.CaptcheFilter@4dad2363, org.springframework.security.web.authentication.UsernamePasswordAuthenticationFilter@c677d7e, com.txy.graduate.security.filter.JWTFilter@114b2414, org.springframework.security.web.savedrequest.RequestCacheAwareFilter@7e94de5f, org.springframework.security.web.servletapi.SecurityContextHolderAwareRequestFilter@2a510e0e, org.springframework.security.web.authentication.AnonymousAuthenticationFilter@57920d6c, org.springframework.security.web.session.SessionManagementFilter@51f4439e, org.springframework.security.web.access.ExceptionTranslationFilter@5e055ce1, org.springframework.security.web.access.intercept.FilterSecurityInterceptor@18887028]
2022-07-17 18:33:36.888  INFO 22075 --- [main] c.t.graduate.service.StudentServiceTest  : Started StudentServiceTest in 6.002 seconds (JVM running for 7.056)
