2022-07-18 21:25:21.880  INFO 35291 --- [SpringApplicationShutdownHook] com.alibaba.druid.pool.DruidDataSource   : {dataSource-3} closed
2022-07-18 21:25:21.883  INFO 35291 --- [SpringApplicationShutdownHook] com.alibaba.druid.pool.DruidDataSource   : {dataSource-1} closing ...
2022-07-18 21:25:21.887  INFO 35291 --- [SpringApplicationShutdownHook] com.alibaba.druid.pool.DruidDataSource   : {dataSource-1} closed
2022-07-18 21:25:21.888  INFO 35291 --- [SpringApplicationShutdownHook] com.alibaba.druid.pool.DruidDataSource   : {dataSource-2} closing ...
2022-07-18 21:25:21.891  INFO 35291 --- [SpringApplicationShutdownHook] com.alibaba.druid.pool.DruidDataSource   : {dataSource-2} closed
2022-07-18 21:25:21.892  INFO 35291 --- [SpringApplicationShutdownHook] c.b.d.d.DynamicRoutingDataSource         : dynamic-datasource all closed success,bye
2022-07-18 21:26:14.846  INFO 35902 --- [main] com.txy.graduate.util.FileUtilTest       : Starting FileUtilTest using Java 17 on manjaro with PID 35902 (started by flyme in /home/flyme/桌面/生产实习/internship_cd/Graduate)
2022-07-18 21:26:14.848  INFO 35902 --- [main] com.txy.graduate.util.FileUtilTest       : The following 1 profile is active: "dev"
2022-07-18 21:26:16.096  INFO 35902 --- [main] .s.d.r.c.RepositoryConfigurationDelegate : Multiple Spring Data modules found, entering strict repository configuration mode!
2022-07-18 21:26:16.099  INFO 35902 --- [main] .s.d.r.c.RepositoryConfigurationDelegate : Bootstrapping Spring Data Redis repositories in DEFAULT mode.
2022-07-18 21:26:16.148  INFO 35902 --- [main] .s.d.r.c.RepositoryConfigurationDelegate : Finished Spring Data repository scanning in 24 ms. Found 0 Redis repository interfaces.
2022-07-18 21:26:16.920  INFO 35902 --- [main] trationDelegate$BeanPostProcessorChecker : Bean 'spring.datasource.dynamic-com.baomidou.dynamic.datasource.spring.boot.autoconfigure.DynamicDataSourceProperties' of type [com.baomidou.dynamic.datasource.spring.boot.autoconfigure.DynamicDataSourceProperties] is not eligible for getting processed by all BeanPostProcessors (for example: not eligible for auto-proxying)
2022-07-18 21:26:16.934  INFO 35902 --- [main] trationDelegate$BeanPostProcessorChecker : Bean 'com.baomidou.dynamic.datasource.spring.boot.autoconfigure.DynamicDataSourceAutoConfiguration' of type [com.baomidou.dynamic.datasource.spring.boot.autoconfigure.DynamicDataSourceAutoConfiguration$$EnhancerBySpringCGLIB$$ee34a785] is not eligible for getting processed by all BeanPostProcessors (for example: not eligible for auto-proxying)
2022-07-18 21:26:16.965  INFO 35902 --- [main] trationDelegate$BeanPostProcessorChecker : Bean 'dsProcessor' of type [com.baomidou.dynamic.datasource.processor.DsHeaderProcessor] is not eligible for getting processed by all BeanPostProcessors (for example: not eligible for auto-proxying)
2022-07-18 21:26:18.172  INFO 35902 --- [main] com.alibaba.druid.pool.DruidDataSource   : {dataSource-1,master} inited
2022-07-18 21:26:18.278  INFO 35902 --- [main] com.alibaba.druid.pool.DruidDataSource   : {dataSource-2,slave_1} inited
2022-07-18 21:26:18.376  INFO 35902 --- [main] com.alibaba.druid.pool.DruidDataSource   : {dataSource-3,slave_2} inited
2022-07-18 21:26:18.376  INFO 35902 --- [main] c.b.d.d.DynamicRoutingDataSource         : dynamic-datasource - add a datasource named [slave_2] success
2022-07-18 21:26:18.378  INFO 35902 --- [main] c.b.d.d.DynamicRoutingDataSource         : dynamic-datasource - add a datasource named [master] success
2022-07-18 21:26:18.378  INFO 35902 --- [main] c.b.d.d.DynamicRoutingDataSource         : dynamic-datasource - add a datasource named [slave_1] success
2022-07-18 21:26:18.379  INFO 35902 --- [main] c.b.d.d.DynamicRoutingDataSource         : dynamic-datasource initial loaded [3] datasource,primary datasource named [master]
2022-07-18 21:26:20.046  INFO 35902 --- [main] o.s.s.web.DefaultSecurityFilterChain     : Will secure any request with [org.springframework.security.web.session.DisableEncodeUrlFilter@1b841e7d, org.springframework.security.web.context.request.async.WebAsyncManagerIntegrationFilter@6081f330, org.springframework.security.web.context.SecurityContextPersistenceFilter@61d6c8c4, org.springframework.security.web.header.HeaderWriterFilter@146fa9c0, org.springframework.web.filter.CorsFilter@eb695e8, org.springframework.security.web.authentication.logout.LogoutFilter@1805ca5c, com.txy.graduate.security.filter.CaptcheFilter@7eebb316, org.springframework.security.web.authentication.UsernamePasswordAuthenticationFilter@3cc74fc4, com.txy.graduate.security.filter.JWTFilter@45273d40, org.springframework.security.web.savedrequest.RequestCacheAwareFilter@7a47f0be, org.springframework.security.web.servletapi.SecurityContextHolderAwareRequestFilter@3cacc87, org.springframework.security.web.authentication.AnonymousAuthenticationFilter@2a504ea7, org.springframework.security.web.session.SessionManagementFilter@2e66f1bd, org.springframework.security.web.access.ExceptionTranslationFilter@1f521c69, org.springframework.security.web.access.intercept.FilterSecurityInterceptor@240f2efd]
2022-07-18 21:26:21.442  INFO 35902 --- [main] com.txy.graduate.util.FileUtilTest       : Started FileUtilTest in 7.086 seconds (JVM running for 8.665)
2022-07-18 21:26:22.668  INFO 35902 --- [SpringApplicationShutdownHook] c.b.d.d.DynamicRoutingDataSource         : dynamic-datasource start closing ....
2022-07-18 21:26:22.672  INFO 35902 --- [SpringApplicationShutdownHook] com.alibaba.druid.pool.DruidDataSource   : {dataSource-3} closing ...
2022-07-18 21:26:22.680  INFO 35902 --- [SpringApplicationShutdownHook] com.alibaba.druid.pool.DruidDataSource   : {dataSource-3} closed
2022-07-18 21:26:22.681  INFO 35902 --- [SpringApplicationShutdownHook] com.alibaba.druid.pool.DruidDataSource   : {dataSource-1} closing ...
2022-07-18 21:26:22.685  INFO 35902 --- [SpringApplicationShutdownHook] com.alibaba.druid.pool.DruidDataSource   : {dataSource-1} closed
2022-07-18 21:26:22.686  INFO 35902 --- [SpringApplicationShutdownHook] com.alibaba.druid.pool.DruidDataSource   : {dataSource-2} closing ...
2022-07-18 21:26:22.690  INFO 35902 --- [SpringApplicationShutdownHook] com.alibaba.druid.pool.DruidDataSource   : {dataSource-2} closed
2022-07-18 21:26:22.690  INFO 35902 --- [SpringApplicationShutdownHook] c.b.d.d.DynamicRoutingDataSource         : dynamic-datasource all closed success,bye
2022-07-18 21:26:54.259  INFO 36996 --- [main] com.txy.graduate.util.FileUtilTest       : Starting FileUtilTest using Java 17 on manjaro with PID 36996 (started by flyme in /home/flyme/桌面/生产实习/internship_cd/Graduate)
2022-07-18 21:26:54.261  INFO 36996 --- [main] com.txy.graduate.util.FileUtilTest       : The following 1 profile is active: "dev"
2022-07-18 21:26:55.233  INFO 36996 --- [main] .s.d.r.c.RepositoryConfigurationDelegate : Multiple Spring Data modules found, entering strict repository configuration mode!
2022-07-18 21:26:55.236  INFO 36996 --- [main] .s.d.r.c.RepositoryConfigurationDelegate : Bootstrapping Spring Data Redis repositories in DEFAULT mode.
2022-07-18 21:26:55.281  INFO 36996 --- [main] .s.d.r.c.RepositoryConfigurationDelegate : Finished Spring Data repository scanning in 22 ms. Found 0 Redis repository interfaces.
2022-07-18 21:26:55.928  INFO 36996 --- [main] trationDelegate$BeanPostProcessorChecker : Bean 'spring.datasource.dynamic-com.baomidou.dynamic.datasource.spring.boot.autoconfigure.DynamicDataSourceProperties' of type [com.baomidou.dynamic.datasource.spring.boot.autoconfigure.DynamicDataSourceProperties] is not eligible for getting processed by all BeanPostProcessors (for example: not eligible for auto-proxying)
2022-07-18 21:26:55.936  INFO 36996 --- [main] trationDelegate$BeanPostProcessorChecker : Bean 'com.baomidou.dynamic.datasource.spring.boot.autoconfigure.DynamicDataSourceAutoConfiguration' of type [com.baomidou.dynamic.datasource.spring.boot.autoconfigure.DynamicDataSourceAutoConfiguration$$EnhancerBySpringCGLIB$$e9c2a43e] is not eligible for getting processed by all BeanPostProcessors (for example: not eligible for auto-proxying)
2022-07-18 21:26:55.975  INFO 36996 --- [main] trationDelegate$BeanPostProcessorChecker : Bean 'dsProcessor' of type [com.baomidou.dynamic.datasource.processor.DsHeaderProcessor] is not eligible for getting processed by all BeanPostProcessors (for example: not eligible for auto-proxying)
2022-07-18 21:26:57.200  INFO 36996 --- [main] com.alibaba.druid.pool.DruidDataSource   : {dataSource-1,master} inited
2022-07-18 21:26:57.301  INFO 36996 --- [main] com.alibaba.druid.pool.DruidDataSource   : {dataSource-2,slave_1} inited
2022-07-18 21:26:57.385  INFO 36996 --- [main] com.alibaba.druid.pool.DruidDataSource   : {dataSource-3,slave_2} inited
2022-07-18 21:26:57.386  INFO 36996 --- [main] c.b.d.d.DynamicRoutingDataSource         : dynamic-datasource - add a datasource named [slave_2] success
2022-07-18 21:26:57.387  INFO 36996 --- [main] c.b.d.d.DynamicRoutingDataSource         : dynamic-datasource - add a datasource named [master] success
2022-07-18 21:26:57.387  INFO 36996 --- [main] c.b.d.d.DynamicRoutingDataSource         : dynamic-datasource - add a datasource named [slave_1] success
2022-07-18 21:26:57.388  INFO 36996 --- [main] c.b.d.d.DynamicRoutingDataSource         : dynamic-datasource initial loaded [3] datasource,primary datasource named [master]
2022-07-18 21:26:59.332  INFO 36996 --- [main] o.s.s.web.DefaultSecurityFilterChain     : Will secure any request with [org.springframework.security.web.session.DisableEncodeUrlFilter@204c5ddf, org.springframework.security.web.context.request.async.WebAsyncManagerIntegrationFilter@240f2efd, org.springframework.security.web.context.SecurityContextPersistenceFilter@146fa9c0, org.springframework.security.web.header.HeaderWriterFilter@3e12c5de, org.springframework.web.filter.CorsFilter@175957b6, org.springframework.security.web.authentication.logout.LogoutFilter@2d8c729f, com.txy.graduate.security.filter.CaptcheFilter@1b7a4930, org.springframework.security.web.authentication.UsernamePasswordAuthenticationFilter@2aac6fa7, com.txy.graduate.security.filter.JWTFilter@591a4d25, org.springframework.security.web.savedrequest.RequestCacheAwareFilter@2e66f1bd, org.springframework.security.web.servletapi.SecurityContextHolderAwareRequestFilter@61d6c8c4, org.springframework.security.web.authentication.AnonymousAuthenticationFilter@4bfe83d, org.springframework.security.web.session.SessionManagementFilter@2b3abeeb, org.springframework.security.web.access.ExceptionTranslationFilter@e67d3b7, org.springframework.security.web.access.intercept.FilterSecurityInterceptor@3d4b45b]
2022-07-18 21:27:00.819  INFO 36996 --- [main] com.txy.graduate.util.FileUtilTest       : Started FileUtilTest in 6.942 seconds (JVM running for 8.441)
2022-07-18 21:27:01.759  INFO 36996 --- [SpringApplicationShutdownHook] c.b.d.d.DynamicRoutingDataSource         : dynamic-datasource start closing ....
2022-07-18 21:27:01.761  INFO 36996 --- [SpringApplicationShutdownHook] com.alibaba.druid.pool.DruidDataSource   : {dataSource-3} closing ...
2022-07-18 21:27:01.767  INFO 36996 --- [SpringApplicationShutdownHook] com.alibaba.druid.pool.DruidDataSource   : {dataSource-3} closed
2022-07-18 21:27:01.767  INFO 36996 --- [SpringApplicationShutdownHook] com.alibaba.druid.pool.DruidDataSource   : {dataSource-1} closing ...
2022-07-18 21:27:01.770  INFO 36996 --- [SpringApplicationShutdownHook] com.alibaba.druid.pool.DruidDataSource   : {dataSource-1} closed
2022-07-18 21:27:01.770  INFO 36996 --- [SpringApplicationShutdownHook] com.alibaba.druid.pool.DruidDataSource   : {dataSource-2} closing ...
2022-07-18 21:27:01.773  INFO 36996 --- [SpringApplicationShutdownHook] com.alibaba.druid.pool.DruidDataSource   : {dataSource-2} closed
2022-07-18 21:27:01.773  INFO 36996 --- [SpringApplicationShutdownHook] c.b.d.d.DynamicRoutingDataSource         : dynamic-datasource all closed success,bye
2022-07-18 21:27:52.474  INFO 37108 --- [main] com.txy.graduate.util.FileUtilTest       : Starting FileUtilTest using Java 17 on manjaro with PID 37108 (started by flyme in /home/flyme/桌面/生产实习/internship_cd/Graduate)
2022-07-18 21:27:52.477  INFO 37108 --- [main] com.txy.graduate.util.FileUtilTest       : The following 1 profile is active: "dev"
2022-07-18 21:27:53.594  INFO 37108 --- [main] .s.d.r.c.RepositoryConfigurationDelegate : Multiple Spring Data modules found, entering strict repository configuration mode!
2022-07-18 21:27:53.597  INFO 37108 --- [main] .s.d.r.c.RepositoryConfigurationDelegate : Bootstrapping Spring Data Redis repositories in DEFAULT mode.
2022-07-18 21:27:53.640  INFO 37108 --- [main] .s.d.r.c.RepositoryConfigurationDelegate : Finished Spring Data repository scanning in 21 ms. Found 0 Redis repository interfaces.
2022-07-18 21:27:54.525  INFO 37108 --- [main] trationDelegate$BeanPostProcessorChecker : Bean 'spring.datasource.dynamic-com.baomidou.dynamic.datasource.spring.boot.autoconfigure.DynamicDataSourceProperties' of type [com.baomidou.dynamic.datasource.spring.boot.autoconfigure.DynamicDataSourceProperties] is not eligible for getting processed by all BeanPostProcessors (for example: not eligible for auto-proxying)
2022-07-18 21:27:54.540  INFO 37108 --- [main] trationDelegate$BeanPostProcessorChecker : Bean 'com.baomidou.dynamic.datasource.spring.boot.autoconfigure.DynamicDataSourceAutoConfiguration' of type [com.baomidou.dynamic.datasource.spring.boot.autoconfigure.DynamicDataSourceAutoConfiguration$$EnhancerBySpringCGLIB$$483b85b4] is not eligible for getting processed by all BeanPostProcessors (for example: not eligible for auto-proxying)
2022-07-18 21:27:54.580  INFO 37108 --- [main] trationDelegate$BeanPostProcessorChecker : Bean 'dsProcessor' of type [com.baomidou.dynamic.datasource.processor.DsHeaderProcessor] is not eligible for getting processed by all BeanPostProcessors (for example: not eligible for auto-proxying)
2022-07-18 21:27:56.001  INFO 37108 --- [main] com.alibaba.druid.pool.DruidDataSource   : {dataSource-1,master} inited
2022-07-18 21:27:56.136  INFO 37108 --- [main] com.alibaba.druid.pool.DruidDataSource   : {dataSource-2,slave_1} inited
2022-07-18 21:27:56.225  INFO 37108 --- [main] com.alibaba.druid.pool.DruidDataSource   : {dataSource-3,slave_2} inited
2022-07-18 21:27:56.225  INFO 37108 --- [main] c.b.d.d.DynamicRoutingDataSource         : dynamic-datasource - add a datasource named [slave_2] success
2022-07-18 21:27:56.227  INFO 37108 --- [main] c.b.d.d.DynamicRoutingDataSource         : dynamic-datasource - add a datasource named [master] success
2022-07-18 21:27:56.227  INFO 37108 --- [main] c.b.d.d.DynamicRoutingDataSource         : dynamic-datasource - add a datasource named [slave_1] success
2022-07-18 21:27:56.227  INFO 37108 --- [main] c.b.d.d.DynamicRoutingDataSource         : dynamic-datasource initial loaded [3] datasource,primary datasource named [master]
2022-07-18 21:27:58.321  INFO 37108 --- [main] o.s.s.web.DefaultSecurityFilterChain     : Will secure any request with [org.springframework.security.web.session.DisableEncodeUrlFilter@204c5ddf, org.springframework.security.web.context.request.async.WebAsyncManagerIntegrationFilter@240f2efd, org.springframework.security.web.context.SecurityContextPersistenceFilter@146fa9c0, org.springframework.security.web.header.HeaderWriterFilter@3e12c5de, org.springframework.web.filter.CorsFilter@175957b6, org.springframework.security.web.authentication.logout.LogoutFilter@2d8c729f, com.txy.graduate.security.filter.CaptcheFilter@1b7a4930, org.springframework.security.web.authentication.UsernamePasswordAuthenticationFilter@2aac6fa7, com.txy.graduate.security.filter.JWTFilter@591a4d25, org.springframework.security.web.savedrequest.RequestCacheAwareFilter@2e66f1bd, org.springframework.security.web.servletapi.SecurityContextHolderAwareRequestFilter@61d6c8c4, org.springframework.security.web.authentication.AnonymousAuthenticationFilter@4bfe83d, org.springframework.security.web.session.SessionManagementFilter@2b3abeeb, org.springframework.security.web.access.ExceptionTranslationFilter@25110bb9, org.springframework.security.web.access.intercept.FilterSecurityInterceptor@3d4b45b]
2022-07-18 21:27:59.996  INFO 37108 --- [main] com.txy.graduate.util.FileUtilTest       : Started FileUtilTest in 8.009 seconds (JVM running for 9.733)
2022-07-18 21:28:01.181  INFO 37108 --- [SpringApplicationShutdownHook] c.b.d.d.DynamicRoutingDataSource         : dynamic-datasource start closing ....
2022-07-18 21:28:01.184  INFO 37108 --- [SpringApplicationShutdownHook] com.alibaba.druid.pool.DruidDataSource   : {dataSource-3} closing ...
2022-07-18 21:28:01.190  INFO 37108 --- [SpringApplicationShutdownHook] com.alibaba.druid.pool.DruidDataSource   : {dataSource-3} closed
2022-07-18 21:28:01.190  INFO 37108 --- [SpringApplicationShutdownHook] com.alibaba.druid.pool.DruidDataSource   : {dataSource-1} closing ...
2022-07-18 21:28:01.193  INFO 37108 --- [SpringApplicationShutdownHook] com.alibaba.druid.pool.DruidDataSource   : {dataSource-1} closed
2022-07-18 21:28:01.193  INFO 37108 --- [SpringApplicationShutdownHook] com.alibaba.druid.pool.DruidDataSource   : {dataSource-2} closing ...
2022-07-18 21:28:01.196  INFO 37108 --- [SpringApplicationShutdownHook] com.alibaba.druid.pool.DruidDataSource   : {dataSource-2} closed
2022-07-18 21:28:01.196  INFO 37108 --- [SpringApplicationShutdownHook] c.b.d.d.DynamicRoutingDataSource         : dynamic-datasource all closed success,bye
2022-07-18 21:42:04.018  INFO 38559 --- [main] com.txy.graduate.util.FileUtilTest       : Starting FileUtilTest using Java 17 on manjaro with PID 38559 (started by flyme in /home/flyme/桌面/生产实习/internship_cd/Graduate)
2022-07-18 21:42:04.020  INFO 38559 --- [main] com.txy.graduate.util.FileUtilTest       : The following 1 profile is active: "dev"
2022-07-18 21:42:05.287  INFO 38559 --- [main] .s.d.r.c.RepositoryConfigurationDelegate : Multiple Spring Data modules found, entering strict repository configuration mode!
2022-07-18 21:42:05.290  INFO 38559 --- [main] .s.d.r.c.RepositoryConfigurationDelegate : Bootstrapping Spring Data Redis repositories in DEFAULT mode.
2022-07-18 21:42:05.331  INFO 38559 --- [main] .s.d.r.c.RepositoryConfigurationDelegate : Finished Spring Data repository scanning in 20 ms. Found 0 Redis repository interfaces.
2022-07-18 21:42:06.081  INFO 38559 --- [main] trationDelegate$BeanPostProcessorChecker : Bean 'spring.datasource.dynamic-com.baomidou.dynamic.datasource.spring.boot.autoconfigure.DynamicDataSourceProperties' of type [com.baomidou.dynamic.datasource.spring.boot.autoconfigure.DynamicDataSourceProperties] is not eligible for getting processed by all BeanPostProcessors (for example: not eligible for auto-proxying)
2022-07-18 21:42:06.095  INFO 38559 --- [main] trationDelegate$BeanPostProcessorChecker : Bean 'com.baomidou.dynamic.datasource.spring.boot.autoconfigure.DynamicDataSourceAutoConfiguration' of type [com.baomidou.dynamic.datasource.spring.boot.autoconfigure.DynamicDataSourceAutoConfiguration$$EnhancerBySpringCGLIB$$8eeccfe8] is not eligible for getting processed by all BeanPostProcessors (for example: not eligible for auto-proxying)
2022-07-18 21:42:06.130  INFO 38559 --- [main] trationDelegate$BeanPostProcessorChecker : Bean 'dsProcessor' of type [com.baomidou.dynamic.datasource.processor.DsHeaderProcessor] is not eligible for getting processed by all BeanPostProcessors (for example: not eligible for auto-proxying)
2022-07-18 21:42:07.522  INFO 38559 --- [main] com.alibaba.druid.pool.DruidDataSource   : {dataSource-1,master} inited
2022-07-18 21:42:07.664  INFO 38559 --- [main] com.alibaba.druid.pool.DruidDataSource   : {dataSource-2,slave_1} inited
2022-07-18 21:42:07.755  INFO 38559 --- [main] com.alibaba.druid.pool.DruidDataSource   : {dataSource-3,slave_2} inited
2022-07-18 21:42:07.756  INFO 38559 --- [main] c.b.d.d.DynamicRoutingDataSource         : dynamic-datasource - add a datasource named [slave_2] success
2022-07-18 21:42:07.758  INFO 38559 --- [main] c.b.d.d.DynamicRoutingDataSource         : dynamic-datasource - add a datasource named [master] success
2022-07-18 21:42:07.758  INFO 38559 --- [main] c.b.d.d.DynamicRoutingDataSource         : dynamic-datasource - add a datasource named [slave_1] success
2022-07-18 21:42:07.759  INFO 38559 --- [main] c.b.d.d.DynamicRoutingDataSource         : dynamic-datasource initial loaded [3] datasource,primary datasource named [master]
2022-07-18 21:42:09.606  INFO 38559 --- [main] o.s.s.web.DefaultSecurityFilterChain     : Will secure any request with [org.springframework.security.web.session.DisableEncodeUrlFilter@2a504ea7, org.springframework.security.web.context.request.async.WebAsyncManagerIntegrationFilter@10f397d0, org.springframework.security.web.context.SecurityContextPersistenceFilter@4f7ef948, org.springframework.security.web.header.HeaderWriterFilter@3835b281, org.springframework.web.filter.CorsFilter@33a3e5db, org.springframework.security.web.authentication.logout.LogoutFilter@c697186, com.txy.graduate.security.filter.CaptcheFilter@4f9213d2, org.springframework.security.web.authentication.UsernamePasswordAuthenticationFilter@62c53685, com.txy.graduate.security.filter.JWTFilter@679f59f1, org.springframework.security.web.savedrequest.RequestCacheAwareFilter@3cacc87, org.springframework.security.web.servletapi.SecurityContextHolderAwareRequestFilter@18f8ebd4, org.springframework.security.web.authentication.AnonymousAuthenticationFilter@6b5e1fc5, org.springframework.security.web.session.SessionManagementFilter@61d6c8c4, org.springframework.security.web.access.ExceptionTranslationFilter@62a41279, org.springframework.security.web.access.intercept.FilterSecurityInterceptor@5906ebfb]
2022-07-18 21:42:11.203  INFO 38559 --- [main] com.txy.graduate.util.FileUtilTest       : Started FileUtilTest in 7.664 seconds (JVM running for 9.388)
2022-07-18 21:42:12.233  INFO 38559 --- [SpringApplicationShutdownHook] c.b.d.d.DynamicRoutingDataSource         : dynamic-datasource start closing ....
2022-07-18 21:42:12.236  INFO 38559 --- [SpringApplicationShutdownHook] com.alibaba.druid.pool.DruidDataSource   : {dataSource-3} closing ...
2022-07-18 21:42:12.241  INFO 38559 --- [SpringApplicationShutdownHook] com.alibaba.druid.pool.DruidDataSource   : {dataSource-3} closed
2022-07-18 21:42:12.241  INFO 38559 --- [SpringApplicationShutdownHook] com.alibaba.druid.pool.DruidDataSource   : {dataSource-1} closing ...
2022-07-18 21:42:12.245  INFO 38559 --- [SpringApplicationShutdownHook] com.alibaba.druid.pool.DruidDataSource   : {dataSource-1} closed
2022-07-18 21:42:12.245  INFO 38559 --- [SpringApplicationShutdownHook] com.alibaba.druid.pool.DruidDataSource   : {dataSource-2} closing ...
2022-07-18 21:42:12.249  INFO 38559 --- [SpringApplicationShutdownHook] com.alibaba.druid.pool.DruidDataSource   : {dataSource-2} closed
2022-07-18 21:42:12.250  INFO 38559 --- [SpringApplicationShutdownHook] c.b.d.d.DynamicRoutingDataSource         : dynamic-datasource all closed success,bye
2022-07-18 21:45:26.389  INFO 39250 --- [main] com.txy.graduate.util.FileUtilTest       : Starting FileUtilTest using Java 17 on manjaro with PID 39250 (started by flyme in /home/flyme/桌面/生产实习/internship_cd/Graduate)
2022-07-18 21:45:26.391  INFO 39250 --- [main] com.txy.graduate.util.FileUtilTest       : The following 1 profile is active: "dev"
2022-07-18 21:45:27.674  INFO 39250 --- [main] .s.d.r.c.RepositoryConfigurationDelegate : Multiple Spring Data modules found, entering strict repository configuration mode!
2022-07-18 21:45:27.677  INFO 39250 --- [main] .s.d.r.c.RepositoryConfigurationDelegate : Bootstrapping Spring Data Redis repositories in DEFAULT mode.
2022-07-18 21:45:27.735  INFO 39250 --- [main] .s.d.r.c.RepositoryConfigurationDelegate : Finished Spring Data repository scanning in 29 ms. Found 0 Redis repository interfaces.
2022-07-18 21:45:28.523  INFO 39250 --- [main] trationDelegate$BeanPostProcessorChecker : Bean 'spring.datasource.dynamic-com.baomidou.dynamic.datasource.spring.boot.autoconfigure.DynamicDataSourceProperties' of type [com.baomidou.dynamic.datasource.spring.boot.autoconfigure.DynamicDataSourceProperties] is not eligible for getting processed by all BeanPostProcessors (for example: not eligible for auto-proxying)
2022-07-18 21:45:28.530  INFO 39250 --- [main] trationDelegate$BeanPostProcessorChecker : Bean 'com.baomidou.dynamic.datasource.spring.boot.autoconfigure.DynamicDataSourceAutoConfiguration' of type [com.baomidou.dynamic.datasource.spring.boot.autoconfigure.DynamicDataSourceAutoConfiguration$$EnhancerBySpringCGLIB$$bbc44bc9] is not eligible for getting processed by all BeanPostProcessors (for example: not eligible for auto-proxying)
2022-07-18 21:45:28.564  INFO 39250 --- [main] trationDelegate$BeanPostProcessorChecker : Bean 'dsProcessor' of type [com.baomidou.dynamic.datasource.processor.DsHeaderProcessor] is not eligible for getting processed by all BeanPostProcessors (for example: not eligible for auto-proxying)
2022-07-18 21:45:29.812  INFO 39250 --- [main] com.alibaba.druid.pool.DruidDataSource   : {dataSource-1,master} inited
2022-07-18 21:45:29.941  INFO 39250 --- [main] com.alibaba.druid.pool.DruidDataSource   : {dataSource-2,slave_1} inited
2022-07-18 21:45:30.049  INFO 39250 --- [main] com.alibaba.druid.pool.DruidDataSource   : {dataSource-3,slave_2} inited
2022-07-18 21:45:30.049  INFO 39250 --- [main] c.b.d.d.DynamicRoutingDataSource         : dynamic-datasource - add a datasource named [slave_2] success
2022-07-18 21:45:30.051  INFO 39250 --- [main] c.b.d.d.DynamicRoutingDataSource         : dynamic-datasource - add a datasource named [master] success
2022-07-18 21:45:30.051  INFO 39250 --- [main] c.b.d.d.DynamicRoutingDataSource         : dynamic-datasource - add a datasource named [slave_1] success
2022-07-18 21:45:30.051  INFO 39250 --- [main] c.b.d.d.DynamicRoutingDataSource         : dynamic-datasource initial loaded [3] datasource,primary datasource named [master]
2022-07-18 21:45:31.966  INFO 39250 --- [main] o.s.s.web.DefaultSecurityFilterChain     : Will secure any request with [org.springframework.security.web.session.DisableEncodeUrlFilter@eb695e8, org.springframework.security.web.context.request.async.WebAsyncManagerIntegrationFilter@7eebb316, org.springframework.security.web.context.SecurityContextPersistenceFilter@4a5d5b38, org.springframework.security.web.header.HeaderWriterFilter@6c13019c, org.springframework.web.filter.CorsFilter@45273d40, org.springframework.security.web.authentication.logout.LogoutFilter@3134b261, com.txy.graduate.security.filter.CaptcheFilter@2a504ea7, org.springframework.security.web.authentication.UsernamePasswordAuthenticationFilter@185a7dd0, com.txy.graduate.security.filter.JWTFilter@10f397d0, org.springframework.security.web.savedrequest.RequestCacheAwareFilter@4f7ef948, org.springframework.security.web.servletapi.SecurityContextHolderAwareRequestFilter@3dcbbbc, org.springframework.security.web.authentication.AnonymousAuthenticationFilter@33a3e5db, org.springframework.security.web.session.SessionManagementFilter@3835b281, org.springframework.security.web.access.ExceptionTranslationFilter@3aeb267, org.springframework.security.web.access.intercept.FilterSecurityInterceptor@1b7a4930]
2022-07-18 21:45:33.443  INFO 39250 --- [main] com.txy.graduate.util.FileUtilTest       : Started FileUtilTest in 7.552 seconds (JVM running for 9.151)
2022-07-18 21:45:34.515  INFO 39250 --- [SpringApplicationShutdownHook] c.b.d.d.DynamicRoutingDataSource         : dynamic-datasource start closing ....
2022-07-18 21:45:34.517  INFO 39250 --- [SpringApplicationShutdownHook] com.alibaba.druid.pool.DruidDataSource   : {dataSource-3} closing ...
2022-07-18 21:45:34.522  INFO 39250 --- [SpringApplicationShutdownHook] com.alibaba.druid.pool.DruidDataSource   : {dataSource-3} closed
2022-07-18 21:45:34.522  INFO 39250 --- [SpringApplicationShutdownHook] com.alibaba.druid.pool.DruidDataSource   : {dataSource-1} closing ...
2022-07-18 21:45:34.525  INFO 39250 --- [SpringApplicationShutdownHook] com.alibaba.druid.pool.DruidDataSource   : {dataSource-1} closed
2022-07-18 21:45:34.526  INFO 39250 --- [SpringApplicationShutdownHook] com.alibaba.druid.pool.DruidDataSource   : {dataSource-2} closing ...
2022-07-18 21:45:34.529  INFO 39250 --- [SpringApplicationShutdownHook] com.alibaba.druid.pool.DruidDataSource   : {dataSource-2} closed
2022-07-18 21:45:34.529  INFO 39250 --- [SpringApplicationShutdownHook] c.b.d.d.DynamicRoutingDataSource         : dynamic-datasource all closed success,bye
2022-07-18 21:49:36.272  INFO 39973 --- [main] com.txy.graduate.util.FileUtilTest       : Starting FileUtilTest using Java 17 on manjaro with PID 39973 (started by flyme in /home/flyme/桌面/生产实习/internship_cd/Graduate)
2022-07-18 21:49:36.273  INFO 39973 --- [main] com.txy.graduate.util.FileUtilTest       : The following 1 profile is active: "dev"
2022-07-18 21:49:37.156  INFO 39973 --- [main] .s.d.r.c.RepositoryConfigurationDelegate : Multiple Spring Data modules found, entering strict repository configuration mode!
2022-07-18 21:49:37.158  INFO 39973 --- [main] .s.d.r.c.RepositoryConfigurationDelegate : Bootstrapping Spring Data Redis repositories in DEFAULT mode.
2022-07-18 21:49:37.186  INFO 39973 --- [main] .s.d.r.c.RepositoryConfigurationDelegate : Finished Spring Data repository scanning in 16 ms. Found 0 Redis repository interfaces.
2022-07-18 21:49:37.843  INFO 39973 --- [main] trationDelegate$BeanPostProcessorChecker : Bean 'spring.datasource.dynamic-com.baomidou.dynamic.datasource.spring.boot.autoconfigure.DynamicDataSourceProperties' of type [com.baomidou.dynamic.datasource.spring.boot.autoconfigure.DynamicDataSourceProperties] is not eligible for getting processed by all BeanPostProcessors (for example: not eligible for auto-proxying)
2022-07-18 21:49:37.853  INFO 39973 --- [main] trationDelegate$BeanPostProcessorChecker : Bean 'com.baomidou.dynamic.datasource.spring.boot.autoconfigure.DynamicDataSourceAutoConfiguration' of type [com.baomidou.dynamic.datasource.spring.boot.autoconfigure.DynamicDataSourceAutoConfiguration$$EnhancerBySpringCGLIB$$1718b34e] is not eligible for getting processed by all BeanPostProcessors (for example: not eligible for auto-proxying)
2022-07-18 21:49:37.880  INFO 39973 --- [main] trationDelegate$BeanPostProcessorChecker : Bean 'dsProcessor' of type [com.baomidou.dynamic.datasource.processor.DsHeaderProcessor] is not eligible for getting processed by all BeanPostProcessors (for example: not eligible for auto-proxying)
2022-07-18 21:49:39.102  INFO 39973 --- [main] com.alibaba.druid.pool.DruidDataSource   : {dataSource-1,master} inited
