2022-07-18 16:59:54.757  INFO 20599 --- [main] .s.d.r.c.RepositoryConfigurationDelegate : Multiple Spring Data modules found, entering strict repository configuration mode!
2022-07-18 16:59:54.761  INFO 20599 --- [main] .s.d.r.c.RepositoryConfigurationDelegate : Bootstrapping Spring Data Redis repositories in DEFAULT mode.
2022-07-18 16:59:54.791  INFO 20599 --- [main] .s.d.r.c.RepositoryConfigurationDelegate : Finished Spring Data repository scanning in 17 ms. Found 0 Redis repository interfaces.
2022-07-18 16:59:55.284  INFO 20599 --- [main] trationDelegate$BeanPostProcessorChecker : Bean 'spring.datasource.dynamic-com.baomidou.dynamic.datasource.spring.boot.autoconfigure.DynamicDataSourceProperties' of type [com.baomidou.dynamic.datasource.spring.boot.autoconfigure.DynamicDataSourceProperties] is not eligible for getting processed by all BeanPostProcessors (for example: not eligible for auto-proxying)
2022-07-18 16:59:55.290  INFO 20599 --- [main] trationDelegate$BeanPostProcessorChecker : Bean 'com.baomidou.dynamic.datasource.spring.boot.autoconfigure.DynamicDataSourceAutoConfiguration' of type [com.baomidou.dynamic.datasource.spring.boot.autoconfigure.DynamicDataSourceAutoConfiguration$$EnhancerBySpringCGLIB$$e0649c90] is not eligible for getting processed by all BeanPostProcessors (for example: not eligible for auto-proxying)
2022-07-18 16:59:55.312  INFO 20599 --- [main] trationDelegate$BeanPostProcessorChecker : Bean 'dsProcessor' of type [com.baomidou.dynamic.datasource.processor.DsHeaderProcessor] is not eligible for getting processed by all BeanPostProcessors (for example: not eligible for auto-proxying)
2022-07-18 16:59:56.057  INFO 20599 --- [main] com.alibaba.druid.pool.DruidDataSource   : {dataSource-1,master} inited
2022-07-18 16:59:56.125  INFO 20599 --- [main] com.alibaba.druid.pool.DruidDataSource   : {dataSource-2,slave_1} inited
2022-07-18 16:59:56.125  INFO 20599 --- [main] c.b.d.d.DynamicRoutingDataSource         : dynamic-datasource - add a datasource named [master] success
2022-07-18 16:59:56.126  INFO 20599 --- [main] c.b.d.d.DynamicRoutingDataSource         : dynamic-datasource - add a datasource named [slave_1] success
2022-07-18 16:59:56.127  INFO 20599 --- [main] c.b.d.d.DynamicRoutingDataSource         : dynamic-datasource initial loaded [2] datasource,primary datasource named [master]
2022-07-18 16:59:57.288  INFO 20599 --- [main] o.s.s.web.DefaultSecurityFilterChain     : Will secure any request with [org.springframework.security.web.session.DisableEncodeUrlFilter@3dcbbbc, org.springframework.security.web.context.request.async.WebAsyncManagerIntegrationFilter@4040ccae, org.springframework.security.web.context.SecurityContextPersistenceFilter@64508788, org.springframework.security.web.header.HeaderWriterFilter@1a77eb6, org.springframework.web.filter.CorsFilter@15bb8ed5, org.springframework.security.web.authentication.logout.LogoutFilter@649009d6, com.txy.graduate.security.filter.CaptcheFilter@18f8ebd4, org.springframework.security.web.authentication.UsernamePasswordAuthenticationFilter@3acc3ee, com.txy.graduate.security.filter.JWTFilter@7e1fb22c, org.springframework.security.web.savedrequest.RequestCacheAwareFilter@1174676f, org.springframework.security.web.servletapi.SecurityContextHolderAwareRequestFilter@1fcc3461, org.springframework.security.web.authentication.AnonymousAuthenticationFilter@38fc34fd, org.springframework.security.web.session.SessionManagementFilter@175bf9c9, org.springframework.security.web.access.ExceptionTranslationFilter@65b5b5ed, org.springframework.security.web.access.intercept.FilterSecurityInterceptor@7a47f0be]
2022-07-18 16:59:58.184  INFO 20599 --- [main] c.t.graduate.service.ProcessServiceTest  : Started ProcessServiceTest in 4.485 seconds (JVM running for 5.558)
2022-07-18 16:59:58.724  INFO 20599 --- [SpringApplicationShutdownHook] c.b.d.d.DynamicRoutingDataSource         : dynamic-datasource start closing ....
2022-07-18 16:59:58.727  INFO 20599 --- [SpringApplicationShutdownHook] com.alibaba.druid.pool.DruidDataSource   : {dataSource-1} closing ...
2022-07-18 16:59:58.731  INFO 20599 --- [SpringApplicationShutdownHook] com.alibaba.druid.pool.DruidDataSource   : {dataSource-1} closed
2022-07-18 16:59:58.731  INFO 20599 --- [SpringApplicationShutdownHook] com.alibaba.druid.pool.DruidDataSource   : {dataSource-2} closing ...
2022-07-18 16:59:58.734  INFO 20599 --- [SpringApplicationShutdownHook] com.alibaba.druid.pool.DruidDataSource   : {dataSource-2} closed
2022-07-18 16:59:58.734  INFO 20599 --- [SpringApplicationShutdownHook] c.b.d.d.DynamicRoutingDataSource         : dynamic-datasource all closed success,bye
2022-07-18 17:00:32.639  INFO 20708 --- [main] c.t.graduate.service.ProcessServiceTest  : Starting ProcessServiceTest using Java 17 on manjaro with PID 20708 (started by flyme in /home/flyme/桌面/生产实习/internship_cd/Graduate)
2022-07-18 17:00:32.640  INFO 20708 --- [main] c.t.graduate.service.ProcessServiceTest  : The following 1 profile is active: "pro"
2022-07-18 17:00:33.754  INFO 20708 --- [main] .s.d.r.c.RepositoryConfigurationDelegate : Multiple Spring Data modules found, entering strict repository configuration mode!
2022-07-18 17:00:33.758  INFO 20708 --- [main] .s.d.r.c.RepositoryConfigurationDelegate : Bootstrapping Spring Data Redis repositories in DEFAULT mode.
2022-07-18 17:00:33.798  INFO 20708 --- [main] .s.d.r.c.RepositoryConfigurationDelegate : Finished Spring Data repository scanning in 24 ms. Found 0 Redis repository interfaces.
2022-07-18 17:00:34.553  INFO 20708 --- [main] trationDelegate$BeanPostProcessorChecker : Bean 'spring.datasource.dynamic-com.baomidou.dynamic.datasource.spring.boot.autoconfigure.DynamicDataSourceProperties' of type [com.baomidou.dynamic.datasource.spring.boot.autoconfigure.DynamicDataSourceProperties] is not eligible for getting processed by all BeanPostProcessors (for example: not eligible for auto-proxying)
2022-07-18 17:00:34.560  INFO 20708 --- [main] trationDelegate$BeanPostProcessorChecker : Bean 'com.baomidou.dynamic.datasource.spring.boot.autoconfigure.DynamicDataSourceAutoConfiguration' of type [com.baomidou.dynamic.datasource.spring.boot.autoconfigure.DynamicDataSourceAutoConfiguration$$EnhancerBySpringCGLIB$$6de60169] is not eligible for getting processed by all BeanPostProcessors (for example: not eligible for auto-proxying)
2022-07-18 17:00:34.584  INFO 20708 --- [main] trationDelegate$BeanPostProcessorChecker : Bean 'dsProcessor' of type [com.baomidou.dynamic.datasource.processor.DsHeaderProcessor] is not eligible for getting processed by all BeanPostProcessors (for example: not eligible for auto-proxying)
2022-07-18 17:00:35.497  INFO 20708 --- [main] com.alibaba.druid.pool.DruidDataSource   : {dataSource-1,master} inited
2022-07-18 17:00:35.579  INFO 20708 --- [main] com.alibaba.druid.pool.DruidDataSource   : {dataSource-2,slave_1} inited
2022-07-18 17:00:35.672  INFO 20708 --- [main] com.alibaba.druid.pool.DruidDataSource   : {dataSource-3,slave_2} inited
2022-07-18 17:00:35.672  INFO 20708 --- [main] c.b.d.d.DynamicRoutingDataSource         : dynamic-datasource - add a datasource named [slave_2] success
2022-07-18 17:00:35.674  INFO 20708 --- [main] c.b.d.d.DynamicRoutingDataSource         : dynamic-datasource - add a datasource named [master] success
2022-07-18 17:00:35.674  INFO 20708 --- [main] c.b.d.d.DynamicRoutingDataSource         : dynamic-datasource - add a datasource named [slave_1] success
2022-07-18 17:00:35.674  INFO 20708 --- [main] c.b.d.d.DynamicRoutingDataSource         : dynamic-datasource initial loaded [3] datasource,primary datasource named [master]
2022-07-18 17:00:37.218  INFO 20708 --- [main] o.s.s.web.DefaultSecurityFilterChain     : Will secure any request with [org.springframework.security.web.session.DisableEncodeUrlFilter@7a47f0be, org.springframework.security.web.context.request.async.WebAsyncManagerIntegrationFilter@2d8087da, org.springframework.security.web.context.SecurityContextPersistenceFilter@52d9f36b, org.springframework.security.web.header.HeaderWriterFilter@6212ea52, org.springframework.web.filter.CorsFilter@4f7ef948, org.springframework.security.web.authentication.logout.LogoutFilter@4ede8888, com.txy.graduate.security.filter.CaptcheFilter@6fdaef04, org.springframework.security.web.authentication.UsernamePasswordAuthenticationFilter@11120583, com.txy.graduate.security.filter.JWTFilter@2a5d2041, org.springframework.security.web.savedrequest.RequestCacheAwareFilter@2db3675a, org.springframework.security.web.servletapi.SecurityContextHolderAwareRequestFilter@30b1c5d5, org.springframework.security.web.authentication.AnonymousAuthenticationFilter@3cacc87, org.springframework.security.web.session.SessionManagementFilter@795eddda, org.springframework.security.web.access.ExceptionTranslationFilter@7ca0166c, org.springframework.security.web.access.intercept.FilterSecurityInterceptor@47ae6c18]
2022-07-18 17:00:38.485  INFO 20708 --- [main] c.t.graduate.service.ProcessServiceTest  : Started ProcessServiceTest in 6.31 seconds (JVM running for 7.462)
2022-07-18 17:00:39.114  INFO 20708 --- [SpringApplicationShutdownHook] c.b.d.d.DynamicRoutingDataSource         : dynamic-datasource start closing ....
2022-07-18 17:00:39.118  INFO 20708 --- [SpringApplicationShutdownHook] com.alibaba.druid.pool.DruidDataSource   : {dataSource-3} closing ...
2022-07-18 17:00:39.124  INFO 20708 --- [SpringApplicationShutdownHook] com.alibaba.druid.pool.DruidDataSource   : {dataSource-3} closed
2022-07-18 17:00:39.125  INFO 20708 --- [SpringApplicationShutdownHook] com.alibaba.druid.pool.DruidDataSource   : {dataSource-1} closing ...
2022-07-18 17:00:39.128  INFO 20708 --- [SpringApplicationShutdownHook] com.alibaba.druid.pool.DruidDataSource   : {dataSource-1} closed
2022-07-18 17:00:39.129  INFO 20708 --- [SpringApplicationShutdownHook] com.alibaba.druid.pool.DruidDataSource   : {dataSource-2} closing ...
2022-07-18 17:00:39.132  INFO 20708 --- [SpringApplicationShutdownHook] com.alibaba.druid.pool.DruidDataSource   : {dataSource-2} closed
2022-07-18 17:00:39.133  INFO 20708 --- [SpringApplicationShutdownHook] c.b.d.d.DynamicRoutingDataSource         : dynamic-datasource all closed success,bye
