 2022-07-11 13:38:01 | 执行耗时 6 ms 
 SQL 语句：INSERT INTO sys_role ( name, code, status ) VALUES ( 'test', 'test', 1 );

 2022-07-11 13:39:19 | 执行耗时 5 ms 
 SQL 语句：UPDATE sys_role SET remark='测试role Controller' WHERE id=9;

 2022-07-11 13:43:33 | 执行耗时 1 ms 
 SQL 语句：delete from levelSchool.sys_user_role where role_id = 9;

 2022-07-11 13:43:33 | 执行耗时 1 ms 
 SQL 语句：delete from levelSchool.sys_role_menu where role_id=9;

 2022-07-11 13:43:33 | 执行耗时 0 ms 
 SQL 语句：DELETE FROM sys_role WHERE id=9;

 2022-07-11 13:52:55 | 执行耗时 6 ms 
 SQL 语句：insert into levelSchool.sys_user_role(user_id, role_id) values (3,6);

 2022-07-11 13:55:02 | 执行耗时 7 ms 
 SQL 语句：update levelSchool.sys_user_role set user_id=NULL,role_id=8 where id=16;

 2022-07-11 14:01:46 | 执行耗时 7 ms 
 SQL 语句：update levelSchool.sys_user_role set role_id=8 where id=16;

 2022-07-11 14:06:25 | 执行耗时 8 ms 
 SQL 语句：insert into levelSchool.sys_role_menu(role_id, menu_id) values(8,NULL);

 2022-07-11 14:06:43 | 执行耗时 6 ms 
 SQL 语句：insert into levelSchool.sys_role_menu(role_id, menu_id) values(8,1);

 2022-07-11 14:09:27 | 执行耗时 6 ms 
 SQL 语句：update levelSchool.sys_role_menu set role_id = 8, menu_id = 2 where id=105;

 2022-07-11 14:10:51 | 执行耗时 6 ms 
 SQL 语句：delete from levelSchool.sys_role_menu where menu_id=1;

 2022-07-11 15:04:53 | 执行耗时 5 ms 
 SQL 语句：INSERT INTO sys_role ( name, code, status ) VALUES ( 'test', 'test', 1 );

 2022-07-11 15:09:56 | 执行耗时 8 ms 
 SQL 语句：INSERT INTO sys_role ( name, code, status ) VALUES ( 'test', 'test', 1 );

 2022-07-11 15:10:34 | 执行耗时 6 ms 
 SQL 语句：INSERT INTO sys_role ( name, code, status ) VALUES ( 'test', 'test', 1 );

 2022-07-11 15:12:55 | 执行耗时 59 ms 
 SQL 语句：INSERT INTO sys_role ( name, code, status ) VALUES ( 'test', 'test', 1 );

 2022-07-11 15:15:49 | 执行耗时 6 ms 
 SQL 语句：INSERT INTO sys_role ( name, code, status ) VALUES ( 'test', 'test', 1 );

 2022-07-11 15:16:20 | 执行耗时 10 ms 
 SQL 语句：INSERT INTO sys_role ( name, code, status ) VALUES ( 'test', 'test', 1 );

 2022-07-11 15:16:32 | 执行耗时 6 ms 
 SQL 语句：INSERT INTO sys_role ( name, code, status ) VALUES ( 'test', 'test', 1 );

